   8.1584e+00   1.2888e+01   0.0000e+00   3.2924e-03   5.4490e+02   2.0800e-02   8.8400e-03   3.4425e+03   1.4631e+03
   8.1984e+00   1.2928e+01   0.0000e+00   5.7623e-03   9.3544e+02   2.0400e-02   2.7300e-03   3.3117e+03   4.4318e+02
   8.2384e+00   1.2968e+01   0.0000e+00   1.1007e-02   1.7529e+03   2.6000e-02   6.7600e-03   4.1406e+03   1.0766e+03
   8.2784e+00   1.3008e+01   0.0000e+00   2.3324e-02   3.6444e+03   6.1400e-02   7.0200e-03   9.5939e+03   1.0969e+03
   8.3184e+00   1.3048e+01   0.0000e+00   5.3184e-02   8.1547e+03   8.5800e-02   6.8900e-03   1.3156e+04   1.0564e+03
   8.3664e+00   1.3096e+01   0.0000e+00   1.2997e-01   1.9486e+04   1.1600e-01   4.5500e-03   1.7391e+04   6.8216e+02
   8.4064e+00   1.3136e+01   0.0000e+00   6.7063e-02   9.8696e+03   1.0100e-01   8.5800e-03   1.4864e+04   1.2627e+03
   8.4464e+00   1.3176e+01   0.0000e+00   3.3718e-02   4.8717e+03   6.0000e-02   5.9800e-03   8.6690e+03   8.6401e+02
   8.4784e+00   1.3208e+01   0.0000e+00   2.6686e-02   3.7997e+03   3.8400e-02   5.9800e-03   5.4676e+03   8.5147e+02
   8.5263e+00   1.3256e+01   0.0000e+00   3.0163e-02   4.2023e+03   3.4200e-02   7.0200e-03   4.7647e+03   9.7802e+02
   8.5663e+00   1.3296e+01   0.0000e+00   2.5141e-02   3.4402e+03   2.9000e-02   2.2100e-03   3.9682e+03   3.0241e+02
   8.5823e+00   1.3312e+01   0.0000e+00   2.1184e-02   2.8780e+03   2.2600e-02   2.2600e-03   3.0704e+03   3.0704e+02
   8.5903e+00   1.3320e+01   0.0000e+00   1.9456e-02   2.6338e+03   1.9600e-02   1.9600e-03   2.6533e+03   2.6533e+02
   8.6143e+00   1.3344e+01   0.0000e+00   1.5539e-02   2.0812e+03   1.7800e-02   1.7800e-03   2.3841e+03   2.3841e+02
   8.6303e+00   1.3360e+01   0.0000e+00   1.3813e-02   1.8370e+03   1.6700e-02   1.6700e-03   2.2209e+03   2.2209e+02
   8.6703e+00   1.3400e+01   0.0000e+00   1.1527e-02   1.5061e+03   1.5100e-02   1.5100e-03   1.9730e+03   1.9730e+02
   8.6783e+00   1.3408e+01   0.0000e+00   1.1332e-02   1.4755e+03   1.1300e-02   1.1300e-03   1.4713e+03   1.4713e+02
   8.7023e+00   1.3432e+01   0.0000e+00   1.1217e-02   1.4452e+03   8.4600e-03   8.4600e-04   1.0900e+03   1.0900e+02
   8.7503e+00   1.3480e+01   0.0000e+00   1.3432e-02   1.6949e+03   9.7600e-03   9.7600e-04   1.2316e+03   1.2316e+02
   8.7743e+00   1.3504e+01   0.0000e+00   1.4338e-02   1.7906e+03   2.1100e-02   2.0800e-03   2.6350e+03   2.5976e+02
   8.8063e+00   1.3536e+01   0.0000e+00   2.8739e-02   3.5400e+03   4.3000e-02   2.0800e-03   5.2966e+03   2.5621e+02
   8.8223e+00   1.3552e+01   0.0000e+00   2.0787e-02   2.5431e+03   3.5200e-02   2.2100e-03   4.3063e+03   2.7037e+02
   8.8383e+00   1.3568e+01   0.0000e+00   1.0886e-02   1.3228e+03   2.3900e-02   2.0800e-03   2.9040e+03   2.5273e+02
   8.8463e+00   1.3576e+01   0.0000e+00   6.9185e-03   8.3778e+02   1.7200e-02   1.4300e-03   2.0828e+03   1.7316e+02


   8.1584e+00   1.2888e+01   3.6270e+01   1.3082e-04   2.1652e+01   2.8800e-03   1.0000e-03   4.7665e+02   1.6550e+02
   8.1584e+00   1.2888e+01   5.4930e+01   1.9200e-04   3.1777e+01   1.5400e-03   1.7000e-04   2.5488e+02   2.8136e+01
   8.1584e+00   1.2888e+01   6.4670e+01   2.8062e-04   4.6444e+01   1.8700e-03   1.0000e-03   3.0949e+02   1.6550e+02
   8.1584e+00   1.2888e+01   8.2020e+01   3.6761e-04   6.0842e+01   1.7500e-03   1.7000e-04   2.8963e+02   2.8136e+01
   8.1584e+00   1.2888e+01   9.0870e+01   3.4129e-04   5.6485e+01   1.4200e-03   1.0000e-03   2.3502e+02   1.6550e+02
   8.1584e+00   1.2888e+01   1.0620e+02   2.1640e-04   3.5815e+01   8.0100e-04   1.3000e-04   1.3257e+02   2.1516e+01
   8.1584e+00   1.2888e+01   1.3289e+02   1.5214e-04   2.5180e+01   7.2800e-04   1.0000e-03   1.2049e+02   1.6550e+02
   8.1584e+00   1.2888e+01   1.3950e+02   2.2359e-04   3.7006e+01   8.9000e-04   1.4000e-04   1.4730e+02   2.3171e+01
   8.1584e+00   1.2888e+01   1.4339e+02   2.8190e-04   4.6656e+01   8.1300e-04   1.5000e-04   1.3456e+02   2.4826e+01
   8.1584e+00   1.2888e+01   1.4839e+02   3.7039e-04   6.1301e+01   1.3000e-03   1.0000e-03   2.1516e+02   1.6550e+02
   8.1584e+00   1.2888e+01   1.4910e+02   3.8387e-04   6.3532e+01   1.0400e-03   1.0000e-03   1.7213e+02   1.6550e+02
   8.1584e+00   1.2888e+01   1.5689e+02   5.3768e-04   8.8989e+01   1.6400e-03   1.9000e-04   2.7143e+02   3.1446e+01
   8.1584e+00   1.2888e+01   1.6110e+02   6.1811e-04   1.0230e+02   1.7500e-03   1.0000e-03   2.8963e+02   1.6550e+02
   8.1584e+00   1.2888e+01   1.6840e+02   7.3467e-04   1.2159e+02   1.9600e-03   2.0000e-04   3.2439e+02   3.3101e+01


   8.1984e+00   1.2928e+01   3.6180e+01   2.1968e-04   3.5663e+01   1.8600e-03   4.2000e-04   3.0195e+02   6.8181e+01
   8.1984e+00   1.2928e+01   5.4800e+01   3.3751e-04   5.4791e+01   1.5600e-03   1.7000e-04   2.5325e+02   2.7597e+01
   8.1984e+00   1.2928e+01   6.4530e+01   4.9984e-04   8.1142e+01   2.3600e-03   4.2000e-04   3.8311e+02   6.8181e+01
   8.1984e+00   1.2928e+01   8.1830e+01   6.7417e-04   1.0944e+02   2.1900e-03   1.9000e-04   3.5552e+02   3.0844e+01
   8.1984e+00   1.2928e+01   9.0670e+01   6.3816e-04   1.0360e+02   2.3600e-03   4.2000e-04   3.8311e+02   6.8181e+01
   8.1984e+00   1.2928e+01   1.0600e+02   4.1822e-04   6.7892e+01   1.1800e-03   1.6000e-04   1.9156e+02   2.5974e+01
   8.1984e+00   1.2928e+01   1.3270e+02   2.4025e-04   3.9001e+01   6.9400e-04   4.2000e-04   1.1266e+02   6.8181e+01
   8.1984e+00   1.2928e+01   1.3930e+02   3.4310e-04   5.5697e+01   7.2800e-04   1.3000e-04   1.1818e+02   2.1104e+01
   8.1984e+00   1.2928e+01   1.4320e+02   4.3255e-04   7.0219e+01   1.5700e-03   2.2000e-04   2.5487e+02   3.5714e+01
   8.1984e+00   1.2928e+01   1.4820e+02   5.7167e-04   9.2803e+01   1.2800e-03   4.2000e-04   2.0779e+02   6.8181e+01
   8.1984e+00   1.2928e+01   1.4889e+02   5.9251e-04   9.6186e+01   9.2800e-04   4.2000e-04   1.5065e+02   6.8181e+01
   8.1984e+00   1.2928e+01   1.5680e+02   8.4422e-04   1.3705e+02   1.3000e-03   1.7000e-04   2.1104e+02   2.7597e+01
   8.1984e+00   1.2928e+01   1.6100e+02   9.7512e-04   1.5830e+02   1.7800e-03   4.2000e-04   2.8896e+02   6.8181e+01
   8.1984e+00   1.2928e+01   1.6830e+02   1.1668e-03   1.8941e+02   1.8200e-03   2.0000e-04   2.9545e+02   3.2467e+01


   8.2384e+00   1.2968e+01   3.6110e+01   3.7525e-04   5.9759e+01   4.8900e-03   1.2000e-03   7.7875e+02   1.9110e+02
   8.2384e+00   1.2968e+01   5.4680e+01   6.3715e-04   1.0147e+02   2.4300e-03   3.0000e-04   3.8699e+02   4.7776e+01
   8.2384e+00   1.2968e+01   6.4390e+01   9.7265e-04   1.5490e+02   2.3600e-03   1.2000e-03   3.7584e+02   1.9110e+02
   8.2384e+00   1.2968e+01   8.1660e+01   1.3723e-03   2.1854e+02   1.8800e-03   2.5000e-04   2.9940e+02   3.9813e+01
   8.2384e+00   1.2968e+01   1.0580e+02   9.0903e-04   1.4477e+02   9.3400e-04   2.0000e-04   1.4874e+02   3.1851e+01
   8.2384e+00   1.2968e+01   1.3250e+02   3.9774e-04   6.3341e+01   9.6600e-04   1.2000e-03   1.5384e+02   1.9110e+02
   8.2384e+00   1.2968e+01   1.3910e+02   5.3858e-04   8.5770e+01   6.5900e-04   1.7000e-04   1.0495e+02   2.7073e+01
   8.2384e+00   1.2968e+01   1.4300e+02   6.7758e-04   1.0791e+02   5.7900e-04   1.6000e-04   9.2208e+01   2.5481e+01
   8.2384e+00   1.2968e+01   1.4810e+02   9.0986e-04   1.4490e+02   8.3100e-04   1.2000e-03   1.3234e+02   1.9110e+02
   8.2384e+00   1.2968e+01   1.4880e+02   9.4525e-04   1.5053e+02   8.3500e-04   1.2000e-03   1.3298e+02   1.9110e+02
   8.2384e+00   1.2968e+01   1.5660e+02   1.3690e-03   2.1802e+02   8.5600e-04   1.9000e-04   1.3632e+02   3.0258e+01
   8.2384e+00   1.2968e+01   1.6089e+02   1.6020e-03   2.5512e+02   9.4100e-04   1.2000e-03   1.4986e+02   1.9110e+02
   8.2384e+00   1.2968e+01   1.6820e+02   1.9402e-03   3.0898e+02   8.3000e-04   2.8000e-04   1.3218e+02   4.4591e+01


   8.2784e+00   1.3008e+01   3.6030e+01   6.0015e-04   9.3774e+01   4.4500e-03   4.7000e-04   6.9532e+02   7.3438e+01
   8.2784e+00   1.3008e+01   5.4570e+01   1.2609e-03   1.9701e+02   3.8800e-03   3.8000e-04   6.0626e+02   5.9376e+01
   8.2784e+00   1.3008e+01   6.4250e+01   2.0779e-03   3.2468e+02   5.4300e-03   4.7000e-04   8.4845e+02   7.3438e+01
   8.2784e+00   1.3008e+01   8.1490e+01   3.1816e-03   4.9714e+02   8.2700e-03   5.3000e-04   1.2922e+03   8.2814e+01
   8.2784e+00   1.3008e+01   9.0290e+01   3.1930e-03   4.9891e+02   8.2800e-03   4.7000e-04   1.2938e+03   7.3438e+01
   8.2784e+00   1.3008e+01   1.0560e+02   2.2805e-03   3.5633e+02   4.3600e-03   4.4000e-04   6.8126e+02   6.8751e+01
   8.2784e+00   1.3008e+01   1.3230e+02   6.5157e-04   1.0181e+02   1.7200e-04   4.7000e-04   2.6875e+01   7.3438e+01
   8.2784e+00   1.3008e+01   1.3900e+02   8.0133e-04   1.2521e+02   4.3700e-04   1.9000e-04   6.8282e+01   2.9688e+01
   8.2784e+00   1.3008e+01   1.4280e+02   1.0100e-03   1.5782e+02   8.8500e-04   2.7000e-04   1.3828e+02   4.2188e+01
   8.2784e+00   1.3008e+01   1.4789e+02   1.4079e-03   2.1999e+02   1.5500e-03   4.7000e-04   2.4219e+02   7.3438e+01
   8.2784e+00   1.3008e+01   1.4860e+02   1.4723e-03   2.3004e+02   1.5000e-03   4.7000e-04   2.3438e+02   7.3438e+01
   8.2784e+00   1.3008e+01   1.5650e+02   2.2743e-03   3.5536e+02   2.3300e-03   3.1000e-04   3.6407e+02   4.8438e+01
   8.2784e+00   1.3008e+01   1.6080e+02   2.7269e-03   4.2609e+02   4.0600e-03   4.7000e-04   6.3438e+02   7.3438e+01
   8.2784e+00   1.3008e+01   1.6810e+02   3.3949e-03   5.3046e+02   5.9100e-03   6.4000e-04   9.2345e+02   1.0000e+02


   8.3184e+00   1.3048e+01   3.5960e+01   8.6011e-04   1.3188e+02   2.8700e-03   6.2000e-04   4.4006e+02   9.5065e+01
   8.3184e+00   1.3048e+01   5.4450e+01   2.1001e-03   3.2200e+02   3.1200e-03   3.4000e-04   4.7839e+02   5.2132e+01
   8.3184e+00   1.3048e+01   6.4120e+01   4.3017e-03   6.5959e+02   7.5900e-03   6.2000e-04   1.1638e+03   9.5065e+01
   8.3184e+00   1.3048e+01   8.1330e+01   7.8857e-03   1.2091e+03   1.2300e-02   6.5000e-04   1.8860e+03   9.9665e+01
   8.3184e+00   1.3048e+01   9.0120e+01   8.3154e-03   1.2750e+03   1.2400e-02   6.2000e-04   1.9013e+03   9.5065e+01
   8.3184e+00   1.3048e+01   1.0540e+02   6.1451e-03   9.4223e+02   5.6500e-03   5.0000e-04   8.6632e+02   7.6665e+01
   8.3184e+00   1.3048e+01   1.3210e+02   7.5794e-04   1.1621e+02   5.4700e-04   6.2000e-04   8.3872e+01   9.5065e+01
   8.3184e+00   1.3048e+01   1.3880e+02   8.7686e-04   1.3445e+02   8.2500e-04   1.9000e-04   1.2650e+02   2.9133e+01
   8.3184e+00   1.3048e+01   1.4260e+02   1.3118e-03   2.0115e+02   4.3500e-03   6.2000e-04   6.6699e+02   9.5065e+01
   8.3184e+00   1.3048e+01   1.4780e+02   2.2844e-03   3.5026e+02   5.0800e-03   6.2000e-04   7.7892e+02   9.5065e+01
   8.3184e+00   1.3048e+01   1.4850e+02   2.4433e-03   3.7464e+02   4.5500e-03   6.2000e-04   6.9765e+02   9.5065e+01
   8.3184e+00   1.3048e+01   1.5639e+02   4.5281e-03   6.9429e+02   8.5600e-03   6.0000e-04   1.3125e+03   9.1998e+01
   8.3184e+00   1.3048e+01   1.6070e+02   5.7494e-03   8.8156e+02   1.1400e-02   6.2000e-04   1.7480e+03   9.5065e+01
   8.3184e+00   1.3048e+01   1.6810e+02   7.6025e-03   1.1657e+03   1.4600e-02   8.7000e-04   2.2386e+03   1.3340e+02


   8.3584e+00   1.3088e+01   3.5880e+01   4.7889e-03   7.2066e+02   1.0500e-03   1.5000e-04   1.5801e+02   2.2573e+01
   8.3584e+00   1.3088e+01   5.4340e+01   1.9008e-03   2.8605e+02   3.2400e-03   3.5000e-04   4.8757e+02   5.2670e+01
   8.3584e+00   1.3088e+01   6.3990e+01   5.7536e-03   8.6583e+02   7.9900e-03   1.5000e-04   1.2024e+03   2.2573e+01
   8.3584e+00   1.3088e+01   8.1170e+01   1.5140e-02   2.2783e+03   1.7000e-02   7.6000e-04   2.5582e+03   1.1437e+02
   8.3584e+00   1.3088e+01   8.9940e+01   1.7276e-02   2.5997e+03   1.6900e-02   1.5000e-04   2.5432e+03   2.2573e+01
   8.3584e+00   1.3088e+01   1.0520e+02   1.3011e-02   1.9579e+03   7.0300e-03   5.6000e-04   1.0579e+03   8.4272e+01
   8.3584e+00   1.3088e+01   1.3189e+02   7.4771e-04   1.1252e+02   7.8600e-04   1.5000e-04   1.1828e+02   2.2573e+01
   8.3584e+00   1.3088e+01   1.3860e+02   2.7228e-03   4.0974e+02   3.2400e-03   3.7000e-04   4.8757e+02   5.5680e+01
   8.3584e+00   1.3088e+01   1.4250e+02   5.2193e-03   7.8543e+02   6.9400e-03   5.5000e-04   1.0444e+03   8.2767e+01
   8.3584e+00   1.3088e+01   1.4760e+02   9.7930e-03   1.4737e+03   1.0900e-02   1.5000e-04   1.6403e+03   2.2573e+01
   8.3584e+00   1.3088e+01   1.4830e+02   1.0518e-02   1.5827e+03   9.9700e-03   1.5000e-04   1.5003e+03   2.2573e+01
   8.3584e+00   1.3088e+01   1.5630e+02   1.9807e-02   2.9806e+03   1.8400e-02   8.7000e-04   2.7689e+03   1.3092e+02
   8.3584e+00   1.3088e+01   1.6050e+02   2.4887e-02   3.7452e+03   2.5900e-02   1.5000e-04   3.8976e+03   2.2573e+01
   8.3584e+00   1.3088e+01   1.6800e+02   3.2813e-02   4.9379e+03   3.0600e-02   1.1000e-03   4.6048e+03   1.6553e+02


   8.3984e+00   1.3128e+01   3.5810e+01   5.8453e-03   8.6343e+02   2.4800e-03   7.4000e-04   3.6633e+02   1.0931e+02
   8.3984e+00   1.3128e+01   5.4240e+01   1.2001e-03   1.7727e+02   1.5200e-03   2.7000e-04   2.2453e+02   3.9883e+01
   8.3984e+00   1.3128e+01   6.3860e+01   1.8686e-03   2.7601e+02   4.9600e-03   7.4000e-04   7.3266e+02   1.0931e+02
   8.3984e+00   1.3128e+01   8.1010e+01   6.5372e-03   9.6563e+02   1.2800e-02   7.6000e-04   1.8907e+03   1.1226e+02
   8.3984e+00   1.3128e+01   8.9770e+01   8.4014e-03   1.2410e+03   1.3000e-02   7.4000e-04   1.9203e+03   1.0931e+02
   8.3984e+00   1.3128e+01   1.0500e+02   7.2712e-03   1.0741e+03   7.5500e-03   7.3000e-04   1.1152e+03   1.0783e+02
   8.3984e+00   1.3128e+01   1.3180e+02   1.1904e-03   1.7584e+02   7.1200e-04   7.4000e-04   1.0517e+02   1.0931e+02
   8.3984e+00   1.3128e+01   1.3839e+02   3.2607e-03   4.8165e+02   2.6000e-03   4.4000e-04   3.8406e+02   6.4994e+01
   8.3984e+00   1.3128e+01   1.4230e+02   5.5587e-03   8.2110e+02   8.7900e-03   7.1000e-04   1.2984e+03   1.0488e+02
   8.3984e+00   1.3128e+01   1.4739e+02   9.6325e-03   1.4229e+03   1.1400e-02   7.4000e-04   1.6839e+03   1.0931e+02
   8.3984e+00   1.3128e+01   1.4820e+02   1.0377e-02   1.5328e+03   1.1900e-02   7.4000e-04   1.7578e+03   1.0931e+02
   8.3984e+00   1.3128e+01   1.5610e+02   1.8507e-02   2.7337e+03   1.9700e-02   1.0000e-03   2.9100e+03   1.4771e+02
   8.3984e+00   1.3128e+01   1.6039e+02   2.3115e-02   3.4144e+03   2.9000e-02   7.4000e-04   4.2837e+03   1.0931e+02
   8.3984e+00   1.3128e+01   1.6790e+02   3.0194e-02   4.4601e+03   3.5000e-02   1.4000e-03   5.1700e+03   2.0680e+02


   8.4384e+00   1.3168e+01   3.5740e+01   2.9201e-03   4.2346e+02   1.8800e-03   3.1000e-04   2.7263e+02   4.4955e+01
   8.4384e+00   1.3168e+01   5.4130e+01   7.7862e-04   1.1291e+02   2.8500e-03   3.3000e-04   4.1329e+02   4.7855e+01
   8.4384e+00   1.3168e+01   6.3740e+01   5.1302e-04   7.4396e+01   4.6000e-03   3.1000e-04   6.6707e+02   4.4955e+01
   8.4384e+00   1.3168e+01   8.0860e+01   2.0824e-03   3.0198e+02   7.1000e-03   4.9000e-04   1.0296e+03   7.1058e+01
   8.4384e+00   1.3168e+01   8.9610e+01   3.2733e-03   4.7468e+02   8.4700e-03   3.1000e-04   1.2283e+03   4.4955e+01
   8.4384e+00   1.3168e+01   1.0480e+02   3.8127e-03   5.5290e+02   3.9600e-03   4.2000e-04   5.7426e+02   6.0906e+01
   8.4384e+00   1.3168e+01   1.3160e+02   7.1723e-04   1.0401e+02   4.4000e-04   3.1000e-04   6.3807e+01   4.4955e+01
   8.4384e+00   1.3168e+01   1.3820e+02   1.4638e-03   2.1228e+02   2.5200e-03   3.3000e-04   3.6544e+02   4.7855e+01
   8.4384e+00   1.3168e+01   1.4210e+02   2.5200e-03   3.6544e+02   4.2300e-03   4.3000e-04   6.1342e+02   6.2357e+01
   8.4384e+00   1.3168e+01   1.4730e+02   4.6323e-03   6.7176e+02   6.1900e-03   3.1000e-04   8.9765e+02   4.4955e+01
   8.4384e+00   1.3168e+01   1.4800e+02   4.9723e-03   7.2105e+02   5.9700e-03   3.1000e-04   8.6574e+02   4.4955e+01
   8.4384e+00   1.3168e+01   1.5600e+02   9.5177e-03   1.3802e+03   1.2500e-02   7.1000e-04   1.8127e+03   1.0296e+02
   8.4384e+00   1.3168e+01   1.6030e+02   1.2186e-02   1.7671e+03   1.4300e-02   3.1000e-04   2.0737e+03   4.4955e+01
   8.4384e+00   1.3168e+01   1.6790e+02   1.6435e-02   2.3834e+03   1.8900e-03   8.6000e-04   2.7408e+02   1.2471e+02


   8.4784e+00   1.3208e+01   3.5680e+01   1.6123e-03   2.2958e+02   1.4100e-03   4.7000e-04   2.0076e+02   6.6921e+01
   8.4784e+00   1.3208e+01   5.4030e+01   8.7418e-04   1.2447e+02   1.3300e-03   1.9000e-04   1.8937e+02   2.7053e+01
   8.4784e+00   1.3208e+01   6.3620e+01   3.9410e-04   5.6115e+01   3.2400e-03   4.7000e-04   4.6133e+02   6.6921e+01
   8.4784e+00   1.3208e+01   8.0720e+01   7.8130e-04   1.1125e+02   5.0800e-03   3.6000e-04   7.2332e+02   5.1259e+01
   8.4784e+00   1.3208e+01   8.9450e+01   1.8028e-03   2.5669e+02   4.8900e-03   4.7000e-04   6.9627e+02   6.6921e+01
   8.4784e+00   1.3208e+01   1.0460e+02   3.2224e-03   4.5883e+02   1.6700e-03   2.4000e-04   2.3778e+02   3.4173e+01
   8.4784e+00   1.3208e+01   1.3139e+02   4.7495e-04   6.7627e+01   6.4100e-04   4.7000e-04   9.1269e+01   6.6921e+01
   8.4784e+00   1.3208e+01   1.3810e+02   6.7357e-04   9.5906e+01   1.1800e-03   1.9000e-04   1.6802e+02   2.7053e+01
   8.4784e+00   1.3208e+01   1.4200e+02   1.3991e-03   1.9921e+02   2.2500e-03   2.7000e-04   3.2037e+02   3.8444e+01
   8.4784e+00   1.3208e+01   1.4720e+02   3.1329e-03   4.4609e+02   2.5200e-03   4.7000e-04   3.5881e+02   6.6921e+01
   8.4784e+00   1.3208e+01   1.4789e+02   3.4262e-03   4.8785e+02   2.1400e-03   4.7000e-04   3.0471e+02   6.6921e+01
   8.4784e+00   1.3208e+01   1.5589e+02   7.6715e-03   1.0923e+03   5.9300e-03   4.2000e-04   8.4435e+02   5.9802e+01
   8.4784e+00   1.3208e+01   1.6020e+02   1.0325e-02   1.4701e+03   7.0200e-03   4.7000e-04   9.9955e+02   6.6921e+01
   8.4784e+00   1.3208e+01   1.6780e+02   1.4697e-02   2.0926e+03   9.2800e-03   5.2000e-04   1.3213e+03   7.4041e+01


   8.5183e+00   1.3248e+01   5.3930e+01   1.9836e-03   2.7735e+02   7.9200e-04   1.5000e-04   1.1074e+02   2.0974e+01
   8.5183e+00   1.3248e+01   8.0570e+01   5.6186e-04   7.8562e+01   1.2500e-03   1.8000e-04   1.7478e+02   2.5168e+01
   8.5183e+00   1.3248e+01   1.0450e+02   3.3295e-03   4.6555e+02   3.7000e-03   3.5000e-04   5.1735e+02   4.8938e+01
   8.5183e+00   1.3248e+01   1.3789e+02   2.1877e-04   3.0590e+01   4.4400e-04   1.2000e-04   6.2082e+01   1.6779e+01
   8.5183e+00   1.3248e+01   1.4180e+02   9.3889e-04   1.3128e+02   1.8900e-03   2.5000e-04   2.6427e+02   3.4956e+01
   8.5183e+00   1.3248e+01   1.5580e+02   9.0783e-03   1.2694e+03   1.1800e-02   6.0000e-04   1.6499e+03   8.3894e+01
   8.5183e+00   1.3248e+01   1.6770e+02   1.8997e-02   2.6563e+03   2.1000e-02   7.8000e-04   2.9363e+03   1.0906e+02


   8.5583e+00   1.3288e+01   3.5550e+01   4.4943e-04   6.1719e+01   1.0100e-03   2.2000e-04   1.3870e+02   3.0212e+01
   8.5583e+00   1.3288e+01   5.3840e+01   2.8387e-03   3.8983e+02   3.5700e-03   3.1000e-04   4.9026e+02   4.2571e+01
   8.5583e+00   1.3288e+01   6.3400e+01   2.9770e-03   4.0883e+02   3.8100e-03   2.2000e-04   5.2321e+02   3.0212e+01
   8.5583e+00   1.3288e+01   8.0440e+01   1.2636e-03   1.7352e+02   2.4300e-03   2.5000e-04   3.3370e+02   3.4332e+01
   8.5583e+00   1.3288e+01   8.9150e+01   9.7638e-04   1.3408e+02   1.7900e-03   2.2000e-04   2.4581e+02   3.0212e+01
   8.5583e+00   1.3288e+01   1.0430e+02   2.0748e-03   2.8493e+02   1.8300e-03   2.4000e-04   2.5131e+02   3.2958e+01
   8.5583e+00   1.3288e+01   1.3110e+02   2.3546e-04   3.2335e+01   3.0100e-04   2.2000e-04   4.1335e+01   3.0212e+01
   8.5583e+00   1.3288e+01   1.3780e+02   9.6828e-05   1.3297e+01   6.9900e-04   1.5000e-04   9.5991e+01   2.0599e+01
   8.5583e+00   1.3288e+01   1.4170e+02   6.4540e-04   8.8631e+01   4.9000e-04   4.6000e-04   6.7290e+01   6.3170e+01
   8.5583e+00   1.3288e+01   1.4689e+02   2.2700e-03   3.1173e+02   2.6500e-03   2.2000e-04   3.6392e+02   3.0212e+01
   8.5583e+00   1.3288e+01   1.4760e+02   2.5735e-03   3.5341e+02   2.6000e-03   2.2000e-04   3.5705e+02   3.0212e+01
   8.5583e+00   1.3288e+01   1.5570e+02   7.2216e-03   9.9173e+02   6.4800e-03   4.3000e-04   8.8988e+02   5.9050e+01
   8.5583e+00   1.3288e+01   1.6010e+02   1.0340e-02   1.4199e+03   9.0400e-03   2.2000e-04   1.2414e+03   3.0212e+01
   8.5583e+00   1.3288e+01   1.6770e+02   1.5555e-02   2.1361e+03   1.1900e-02   6.3000e-04   1.6342e+03   8.6516e+01


   8.5783e+00   1.3308e+01   2.5470e+01   3.7417e-04   5.0925e+01   1.5100e-04   3.6000e-05   2.0551e+01   4.8997e+00
   8.5783e+00   1.3308e+01   3.2660e+01   3.2408e-04   4.4108e+01   3.6400e-04   3.9000e-05   4.9541e+01   5.3080e+00
   8.5783e+00   1.3308e+01   4.6840e+01   1.7658e-03   2.4033e+02   9.1400e-04   6.4000e-05   1.2440e+02   8.7105e+00
   8.5783e+00   1.3308e+01   6.0640e+01   2.8329e-03   3.8556e+02   3.6900e-03   1.3000e-04   5.0222e+02   1.7693e+01
   8.5783e+00   1.3308e+01   7.3950e+01   2.0187e-03   2.7475e+02   2.9100e-03   1.3000e-04   3.9606e+02   1.7693e+01
   8.5783e+00   1.3308e+01   8.0370e+01   1.3902e-03   1.8921e+02   2.1600e-03   9.7000e-05   2.9398e+02   1.3202e+01
   8.5783e+00   1.3308e+01   9.2700e+01   9.1194e-04   1.2412e+02   1.5700e-03   8.9000e-05   2.1368e+02   1.2113e+01
   8.5783e+00   1.3308e+01   9.8570e+01   1.0992e-03   1.4960e+02   1.3800e-03   8.7000e-05   1.8782e+02   1.1841e+01
   8.5783e+00   1.3308e+01   1.0424e+02   1.3646e-03   1.8573e+02   1.3100e-03   8.8000e-05   1.7829e+02   1.1977e+01
   8.5783e+00   1.3308e+01   1.1491e+02   1.4467e-03   1.9690e+02   1.1800e-03   9.1000e-05   1.6060e+02   1.2385e+01
   8.5783e+00   1.3308e+01   1.2469e+02   7.2137e-04   9.8180e+01   7.2600e-04   7.2000e-05   9.8810e+01   9.7993e+00
   8.5783e+00   1.3308e+01   1.3357e+02   7.3025e-05   9.9388e+00   8.0500e-04   8.3000e-05   1.0956e+02   1.1296e+01
   8.5783e+00   1.3308e+01   1.4895e+02   2.3542e-03   3.2042e+02   1.6600e-03   1.3000e-04   2.2593e+02   1.7693e+01
   8.5783e+00   1.3308e+01   1.6184e+02   8.3062e-03   1.1305e+03   7.8800e-03   3.8000e-04   1.0725e+03   5.1719e+01
   8.5783e+00   1.3308e+01   1.7047e+02   1.2210e-02   1.6618e+03   1.0500e-02   4.0000e-04   1.4291e+03   5.4441e+01


   8.5983e+00   1.3328e+01   2.5440e+01   5.4757e-04   7.3863e+01   2.0400e-04   4.1000e-05   2.7518e+01   5.5306e+00
   8.5983e+00   1.3328e+01   3.2630e+01   4.3360e-04   5.8489e+01   3.6700e-04   3.9000e-05   4.9506e+01   5.2608e+00
   8.5983e+00   1.3328e+01   4.6800e+01   1.5082e-03   2.0345e+02   1.0500e-03   6.8000e-05   1.4164e+02   9.1727e+00
   8.5983e+00   1.3328e+01   6.0590e+01   2.4426e-03   3.2949e+02   3.4700e-03   1.3000e-04   4.6808e+02   1.7536e+01
   8.5983e+00   1.3328e+01   7.3880e+01   1.8864e-03   2.5446e+02   2.7800e-03   1.2000e-04   3.7500e+02   1.6187e+01
   8.5983e+00   1.3328e+01   8.0310e+01   1.3619e-03   1.8371e+02   2.1100e-03   9.5000e-05   2.8462e+02   1.2815e+01
   8.5983e+00   1.3328e+01   9.2620e+01   7.8775e-04   1.0626e+02   1.2400e-03   7.8000e-05   1.6727e+02   1.0522e+01
   8.5983e+00   1.3328e+01   9.8500e+01   8.1618e-04   1.1010e+02   9.4000e-04   7.0000e-05   1.2680e+02   9.4425e+00
   8.5983e+00   1.3328e+01   1.0416e+02   9.3289e-04   1.2584e+02   8.5300e-04   7.0000e-05   1.1506e+02   9.4425e+00
   8.5983e+00   1.3328e+01   1.1483e+02   9.5622e-04   1.2899e+02   7.0700e-04   6.9000e-05   9.5369e+01   9.3076e+00
   8.5983e+00   1.3328e+01   1.2461e+02   4.9500e-04   6.6772e+01   6.5000e-04   6.7000e-05   8.7680e+01   9.0378e+00
   8.5983e+00   1.3328e+01   1.3350e+02   9.3773e-05   1.2649e+01   9.2500e-04   8.8000e-05   1.2478e+02   1.1871e+01
   8.5983e+00   1.3328e+01   1.4888e+02   1.7150e-03   2.3134e+02   1.4300e-03   1.2000e-04   1.9290e+02   1.6187e+01
   8.5983e+00   1.3328e+01   1.6180e+02   5.8580e-03   7.9020e+02   5.2900e-03   3.1000e-04   7.1358e+02   4.1817e+01
   8.5983e+00   1.3328e+01   1.7044e+02   8.5738e-03   1.1565e+03   7.1100e-03   3.2000e-04   9.5909e+02   4.3166e+01


   8.6183e+00   1.3348e+01   4.6760e+01   1.3172e-03   1.7610e+02   1.3200e-03   7.8000e-05   1.7648e+02   1.0428e+01
   8.6183e+00   1.3348e+01   6.0540e+01   2.1043e-03   2.8135e+02   3.9200e-03   1.4000e-04   5.2410e+02   1.8718e+01
   8.6183e+00   1.3348e+01   7.3820e+01   1.7153e-03   2.2933e+02   2.7300e-03   1.2000e-04   3.6500e+02   1.6044e+01
   8.6183e+00   1.3348e+01   8.0240e+01   1.2864e-03   1.7198e+02   1.6700e-03   8.6000e-05   2.2328e+02   1.1498e+01
   8.6183e+00   1.3348e+01   9.2550e+01   7.1546e-04   9.5656e+01   8.0100e-04   6.4000e-05   1.0709e+02   8.5567e+00
   8.6183e+00   1.3348e+01   9.8420e+01   6.6393e-04   8.8767e+01   7.9400e-04   6.6000e-05   1.0616e+02   8.8241e+00
   8.6183e+00   1.3348e+01   1.0408e+02   6.9595e-04   9.3048e+01   5.7800e-04   5.8000e-05   7.7278e+01   7.7545e+00
   8.6183e+00   1.3348e+01   1.1475e+02   6.7550e-04   9.0313e+01   5.7400e-04   6.3000e-05   7.6743e+01   8.4230e+00
   8.6183e+00   1.3348e+01   1.2453e+02   3.6512e-04   4.8816e+01   4.7500e-04   5.8000e-05   6.3507e+01   7.7545e+00
   8.6183e+00   1.3348e+01   1.3342e+02   1.1096e-04   1.4836e+01   6.8300e-04   7.7000e-05   9.1316e+01   1.0295e+01
   8.6183e+00   1.3348e+01   1.4882e+02   1.3117e-03   1.7538e+02   1.0900e-03   1.1000e-04   1.4573e+02   1.4707e+01
   8.6183e+00   1.3348e+01   1.6176e+02   4.2955e-03   5.7430e+02   4.5700e-03   2.9000e-04   6.1100e+02   3.8773e+01
   8.6183e+00   1.3348e+01   1.7042e+02   6.2500e-03   8.3561e+02   6.1300e-03   3.0000e-04   8.1957e+02   4.0110e+01


   8.6383e+00   1.3368e+01   2.5400e+01   6.9299e-04   9.1835e+01   4.5700e-04   6.2000e-05   6.0562e+01   8.2162e+00
   8.6383e+00   1.3368e+01   3.2570e+01   5.6304e-04   7.4614e+01   4.4600e-04   4.3000e-05   5.9104e+01   5.6983e+00
   8.6383e+00   1.3368e+01   4.6720e+01   1.1912e-03   1.5786e+02   1.2300e-03   7.5000e-05   1.6300e+02   9.9390e+00
   8.6383e+00   1.3368e+01   6.0490e+01   1.8537e-03   2.4565e+02   3.6100e-03   1.3000e-04   4.7840e+02   1.7228e+01
   8.6383e+00   1.3368e+01   7.3760e+01   1.5672e-03   2.0768e+02   2.4000e-03   1.1000e-04   3.1805e+02   1.4577e+01
   8.6383e+00   1.3368e+01   8.0170e+01   1.2104e-03   1.6041e+02   1.7900e-03   8.8000e-05   2.3721e+02   1.1662e+01
   8.6383e+00   1.3368e+01   9.2480e+01   6.7249e-04   8.9119e+01   5.5100e-04   5.2000e-05   7.3018e+01   6.8910e+00
   8.6383e+00   1.3368e+01   9.8340e+01   5.8187e-04   7.7109e+01   4.6000e-04   5.0000e-05   6.0959e+01   6.6260e+00
   8.6383e+00   1.3368e+01   1.0400e+02   5.6632e-04   7.5049e+01   3.5400e-04   4.5000e-05   4.6912e+01   5.9634e+00
   8.6383e+00   1.3368e+01   1.1467e+02   5.1705e-04   6.8519e+01   4.2000e-04   5.4000e-05   5.5658e+01   7.1561e+00
   8.6383e+00   1.3368e+01   1.2445e+02   2.9429e-04   3.8999e+01   3.8900e-04   5.2000e-05   5.1550e+01   6.8910e+00
   8.6383e+00   1.3368e+01   1.3334e+02   1.2849e-04   1.7027e+01   6.2000e-04   7.3000e-05   8.2162e+01   9.6739e+00
   8.6383e+00   1.3368e+01   1.4876e+02   1.0670e-03   1.4139e+02   1.2700e-03   1.1000e-04   1.6830e+02   1.4577e+01
   8.6383e+00   1.3368e+01   1.6172e+02   3.3233e-03   4.4041e+02   4.0400e-03   2.7000e-04   5.3538e+02   3.5780e+01
   8.6383e+00   1.3368e+01   1.7040e+02   4.7980e-03   6.3583e+02   5.4100e-03   2.8000e-04   7.1693e+02   3.7106e+01


   8.6583e+00   1.3388e+01   2.5380e+01   7.2037e-04   9.4625e+01   2.0300e-04   4.1000e-05   2.6665e+01   5.3856e+00
   8.6583e+00   1.3388e+01   3.2550e+01   6.0531e-04   7.9511e+01   4.5800e-04   4.4000e-05   6.0161e+01   5.7796e+00
   8.6583e+00   1.3388e+01   4.6680e+01   1.1168e-03   1.4670e+02   1.2200e-03   7.5000e-05   1.6025e+02   9.8517e+00
   8.6583e+00   1.3388e+01   6.0440e+01   1.6804e-03   2.2073e+02   3.0500e-03   1.2000e-04   4.0063e+02   1.5763e+01
   8.6583e+00   1.3388e+01   7.3700e+01   1.4552e-03   1.9115e+02   2.4900e-03   1.2000e-04   3.2708e+02   1.5763e+01
   8.6583e+00   1.3388e+01   8.0110e+01   1.1496e-03   1.5101e+02   1.6700e-03   8.6000e-05   2.1936e+02   1.1297e+01
   8.6583e+00   1.3388e+01   9.2410e+01   6.4824e-04   8.5150e+01   7.3100e-04   6.1000e-05   9.6021e+01   8.0127e+00
   8.6583e+00   1.3388e+01   9.8270e+01   5.3793e-04   7.0660e+01   3.3200e-04   4.2000e-05   4.3610e+01   5.5169e+00
   8.6583e+00   1.3388e+01   1.0393e+02   4.9476e-04   6.4989e+01   2.1200e-04   3.5000e-05   2.7847e+01   4.5974e+00
   8.6583e+00   1.3388e+01   1.1459e+02   4.2698e-04   5.6087e+01   3.7100e-04   5.1000e-05   4.8733e+01   6.6991e+00
   8.6583e+00   1.3388e+01   1.2437e+02   2.5898e-04   3.4018e+01   3.2300e-04   4.8000e-05   4.2428e+01   6.3051e+00
   8.6583e+00   1.3388e+01   1.3327e+02   1.5143e-04   1.9892e+01   5.3400e-04   6.8000e-05   7.0144e+01   8.9322e+00
   8.6583e+00   1.3388e+01   1.4870e+02   9.3087e-04   1.2228e+02   6.8400e-04   8.3000e-05   8.9847e+01   1.0903e+01
   8.6583e+00   1.3388e+01   1.6168e+02   2.7271e-03   3.5822e+02   2.4300e-03   2.1000e-04   3.1919e+02   2.7585e+01
   8.6583e+00   1.3388e+01   1.7038e+02   3.8956e-03   5.1171e+02   4.5700e-03   2.6000e-04   6.0029e+02   3.4152e+01


   8.6783e+00   1.3408e+01   2.5360e+01   7.3843e-04   9.6147e+01   9.2300e-04   8.8000e-05   1.2018e+02   1.1458e+01
   8.6783e+00   1.3408e+01   3.2520e+01   6.4543e-04   8.4039e+01   5.1100e-04   4.7000e-05   6.6535e+01   6.1197e+00
   8.6783e+00   1.3408e+01   4.6640e+01   1.0838e-03   1.4111e+02   1.2200e-03   7.5000e-05   1.5885e+02   9.7654e+00
   8.6783e+00   1.3408e+01   6.0390e+01   1.5700e-03   2.0442e+02   3.1000e-03   1.2000e-04   4.0364e+02   1.5625e+01
   8.6783e+00   1.3408e+01   7.3640e+01   1.3797e-03   1.7965e+02   2.3100e-03   1.1000e-04   3.0078e+02   1.4323e+01
   8.6783e+00   1.3408e+01   8.0050e+01   1.1096e-03   1.4447e+02   1.7600e-03   8.8000e-05   2.2916e+02   1.1458e+01
   8.6783e+00   1.3408e+01   9.2340e+01   6.3844e-04   8.3129e+01   6.4100e-04   5.7000e-05   8.3462e+01   7.4217e+00
   8.6783e+00   1.3408e+01   9.8200e+01   5.1710e-04   6.7329e+01   3.3200e-04   4.3000e-05   4.3228e+01   5.5989e+00
   8.6783e+00   1.3408e+01   1.0385e+02   4.5653e-04   5.9443e+01   2.1200e-04   3.5000e-04   2.7604e+01   4.5572e+01
   8.6783e+00   1.3408e+01   1.1451e+02   3.7655e-04   4.9029e+01   3.5600e-04   5.0000e-04   4.6353e+01   6.5103e+01
   8.6783e+00   1.3408e+01   1.2429e+02   2.4721e-04   3.2188e+01   4.5900e-04   5.7000e-05   5.9764e+01   7.4217e+00
   8.6783e+00   1.3408e+01   1.3320e+02   1.8568e-04   2.4176e+01   5.1600e-04   6.7000e-05   6.7186e+01   8.7238e+00
   8.6783e+00   1.3408e+01   1.4864e+02   8.8305e-04   1.1498e+02   7.0200e-04   8.4000e-05   9.1405e+01   1.0937e+01
   8.6783e+00   1.3408e+01   1.6164e+02   2.3945e-03   3.1178e+02   2.5700e-03   2.2000e-04   3.3463e+02   2.8645e+01
   8.6783e+00   1.3408e+01   1.7036e+02   3.3689e-03   4.3865e+02   3.1200e-03   2.1000e-04   4.0624e+02   2.7343e+01


   8.6983e+00   1.3428e+01   2.5340e+01   7.5251e-04   9.7127e+01   1.6100e-03   1.1000e-04   2.0780e+02   1.4198e+01
   8.6983e+00   1.3428e+01   3.2490e+01   6.8796e-04   8.8795e+01   9.8600e-04   6.4000e-05   1.2726e+02   8.2605e+00
   8.6983e+00   1.3428e+01   4.6600e+01   1.0858e-03   1.4014e+02   7.4300e-04   5.8000e-05   9.5899e+01   7.4861e+00
   8.6983e+00   1.3428e+01   6.0340e+01   1.5124e-03   1.9520e+02   1.6300e-03   8.9000e-05   2.1038e+02   1.1487e+01
   8.6983e+00   1.3428e+01   7.3580e+01   1.3400e-03   1.7295e+02   1.3200e-03   8.4000e-05   1.7037e+02   1.0842e+01
   8.6983e+00   1.3428e+01   7.9980e+01   1.0935e-03   1.4114e+02   1.1100e-03   6.9000e-05   1.4327e+02   8.9059e+00
   8.6983e+00   1.3428e+01   9.2270e+01   6.4237e-04   8.2910e+01   6.2100e-04   5.5000e-05   8.0153e+01   7.0989e+00
   8.6983e+00   1.3428e+01   9.8120e+01   5.1284e-04   6.6192e+01   5.8500e-04   5.5000e-05   7.5506e+01   7.0989e+00
   8.6983e+00   1.3428e+01   1.0378e+02   4.3902e-04   5.6665e+01   4.5600e-04   5.1000e-05   5.8856e+01   6.5826e+00
   8.6983e+00   1.3428e+01   1.1444e+02   3.5002e-04   4.5177e+01   4.2600e-04   5.4000e-05   5.4984e+01   6.9698e+00
   8.6983e+00   1.3428e+01   1.2422e+02   2.5360e-04   3.2732e+01   3.6700e-04   5.0000e-05   4.7369e+01   6.4535e+00
   8.6983e+00   1.3428e+01   1.3312e+02   2.3946e-04   3.0908e+01   1.9100e-04   4.0000e-05   2.4652e+01   5.1628e+00
   8.6983e+00   1.3428e+01   1.4858e+02   9.2928e-04   1.1994e+02   5.4200e-04   7.2000e-05   6.9956e+01   9.2931e+00
   8.6983e+00   1.3428e+01   1.6160e+02   2.2912e-03   2.9572e+02   2.0200e-03   1.9000e-04   2.6072e+02   2.4523e+01
   8.6983e+00   1.3428e+01   1.7034e+02   3.1543e-03   4.0712e+02   2.1900e-03   1.8000e-04   2.8266e+02   2.3233e+01


   8.7183e+00   1.3448e+01   2.5320e+01   7.5990e-04   9.7229e+01   8.5300e-04   8.4000e-05   1.0914e+02   1.0748e+01
   8.7183e+00   1.3448e+01   3.2470e+01   7.3087e-04   9.3514e+01   9.1000e-04   6.2000e-05   1.1643e+02   7.9329e+00
   8.7183e+00   1.3448e+01   4.6560e+01   1.1159e-03   1.4277e+02   6.8400e-04   5.6000e-05   8.7517e+01   7.1652e+00
   8.7183e+00   1.3448e+01   6.0290e+01   1.4999e-03   1.9192e+02   9.4800e-04   6.8000e-05   1.2130e+02   8.7006e+00
   8.7183e+00   1.3448e+01   7.3530e+01   1.3359e-03   1.7092e+02   7.0300e-04   6.2000e-05   8.9948e+01   7.9329e+00
   8.7183e+00   1.3448e+01   7.9920e+01   1.1043e-03   1.4130e+02   6.5100e-04   5.3000e-05   8.3295e+01   6.7813e+00
   8.7183e+00   1.3448e+01   9.2200e+01   6.6204e-04   8.4708e+01   5.3700e-04   5.2000e-05   6.8709e+01   6.6534e+00
   8.7183e+00   1.3448e+01   9.8050e+01   5.2255e-04   6.6860e+01   6.2700e-04   5.8000e-05   8.0224e+01   7.4211e+00
   8.7183e+00   1.3448e+01   1.0370e+02   4.3550e-04   5.5722e+01   4.7500e-04   5.2000e-05   6.0776e+01   6.6534e+00
   8.7183e+00   1.3448e+01   1.1436e+02   3.3710e-04   4.3132e+01   4.5300e-04   5.6000e-05   5.7961e+01   7.1652e+00
   8.7183e+00   1.3448e+01   1.2414e+02   2.7602e-04   3.5317e+01   3.8700e-04   5.2000e-05   4.9516e+01   6.6534e+00
   8.7183e+00   1.3448e+01   1.3305e+02   3.2609e-04   4.1723e+01   1.4300e-04   3.5000e-05   1.8297e+01   4.4782e+00
   8.7183e+00   1.3448e+01   1.4853e+02   1.1085e-03   1.4184e+02   5.1000e-04   7.1000e-05   6.5254e+01   9.0844e+00
   8.7183e+00   1.3448e+01   1.6156e+02   2.4589e-03   3.1461e+02   2.4200e-03   2.1000e-04   3.0964e+02   2.6869e+01
   8.7183e+00   1.3448e+01   1.7032e+02   3.2902e-03   4.2097e+02   2.6100e-03   1.9000e-04   3.3395e+02   2.4310e+01


   8.7383e+00   1.3468e+01   2.5300e+01   7.4266e-04   9.4200e+01   6.3000e-04   7.3000e-05   7.9910e+01   9.2595e+00
   8.7383e+00   1.3468e+01   3.2440e+01   7.5418e-04   9.5662e+01   7.0400e-04   5.5000e-05   8.9297e+01   6.9763e+00
   8.7383e+00   1.3468e+01   4.6530e+01   1.1505e-03   1.4593e+02   8.6300e-04   6.3000e-05   1.0946e+02   7.9910e+00
   8.7383e+00   1.3468e+01   6.0240e+01   1.5146e-03   1.9211e+02   1.3000e-03   8.1000e-05   1.6489e+02   1.0274e+01
   8.7383e+00   1.3468e+01   7.3470e+01   1.3654e-03   1.7319e+02   9.0400e-04   7.1000e-05   1.1467e+02   9.0058e+00
   8.7383e+00   1.3468e+01   7.9860e+01   1.1462e-03   1.4539e+02   7.0700e-04   5.6000e-05   8.9677e+01   7.1031e+00
   8.7383e+00   1.3468e+01   9.2130e+01   7.0316e-04   8.9190e+01   5.1600e-04   5.1000e-05   6.5450e+01   6.4689e+00
   8.7383e+00   1.3468e+01   9.7980e+01   5.4763e-04   6.9463e+01   5.1700e-04   5.3000e-05   6.5577e+01   6.7226e+00
   8.7383e+00   1.3468e+01   1.0363e+02   4.4102e-04   5.5940e+01   4.6000e-04   5.2000e-05   5.8347e+01   6.5958e+00
   8.7383e+00   1.3468e+01   1.1429e+02   3.2490e-04   4.1211e+01   4.0500e-04   5.3000e-05   5.1371e+01   6.7226e+00
   8.7383e+00   1.3468e+01   1.2407e+02   3.0846e-04   3.9126e+01   4.1400e-04   5.4000e-05   5.2513e+01   6.8495e+00
   8.7383e+00   1.3468e+01   1.3298e+02   4.6290e-04   5.8716e+01   2.0500e-04   4.2000e-05   2.6003e+01   5.3274e+00
   8.7383e+00   1.3468e+01   1.4847e+02   1.5067e-03   1.9111e+02   5.3700e-04   7.3000e-05   6.8114e+01   9.2595e+00
   8.7383e+00   1.3468e+01   1.7030e+02   3.9536e-03   5.0148e+02   2.2800e-03   1.8000e-04   2.8920e+02   2.2832e+01


   8.7583e+00   1.3488e+01   2.5280e+01   6.6111e-04   8.3133e+01   5.8000e-04   7.0000e-05   7.2934e+01   8.8024e+00
   8.7583e+00   1.3488e+01   3.2410e+01   6.9317e-04   8.7165e+01   6.2700e-04   5.2000e-05   7.8844e+01   6.5389e+00
   8.7583e+00   1.3488e+01   4.6490e+01   1.0911e-03   1.3721e+02   8.0400e-04   6.1000e-05   1.0110e+02   7.6706e+00
   8.7583e+00   1.3488e+01   6.0200e+01   1.4713e-03   1.8502e+02   1.1100e-03   7.4000e-05   1.3958e+02   9.3054e+00
   8.7583e+00   1.3488e+01   7.3410e+01   1.3916e-03   1.7499e+02   7.4400e-04   6.4000e-05   9.3557e+01   8.0479e+00
   8.7583e+00   1.3488e+01   7.9800e+01   1.2070e-03   1.5178e+02   7.7800e-04   5.9000e-05   9.7832e+01   7.4191e+00
   8.7583e+00   1.3488e+01   9.2060e+01   7.7896e-04   9.7953e+01   6.4700e-04   5.7000e-05   8.1359e+01   7.1676e+00
   8.7583e+00   1.3488e+01   9.7910e+01   5.9921e-04   7.5350e+01   4.6800e-04   5.1000e-05   5.8850e+01   6.4132e+00
   8.7583e+00   1.3488e+01   1.0356e+02   4.5702e-04   5.7469e+01   4.7200e-04   5.3000e-05   5.9353e+01   6.6647e+00
   8.7583e+00   1.3488e+01   1.1421e+02   2.8823e-04   3.6245e+01   5.0900e-04   6.0000e-05   6.4006e+01   7.5449e+00
   8.7583e+00   1.3488e+01   1.2399e+02   3.1510e-04   3.9624e+01   5.0700e-04   6.0000e-05   6.3754e+01   7.5449e+00
   8.7583e+00   1.3488e+01   1.3291e+02   6.3627e-04   8.0010e+01   8.9700e-04   8.7000e-05   1.1280e+02   1.0940e+01
   8.7583e+00   1.3488e+01   1.4841e+02   2.2339e-03   2.8091e+02   9.8100e-04   9.9000e-05   1.2336e+02   1.2449e+01
   8.7583e+00   1.3488e+01   1.6149e+02   4.3071e-03   5.4161e+02   2.2100e-03   2.0000e-04   2.7790e+02   2.5150e+01
   8.7583e+00   1.3488e+01   1.7028e+02   5.4698e-03   6.8782e+02   3.0900e-03   2.1000e-04   3.8856e+02   2.6407e+01


   8.7783e+00   1.3508e+01   2.5260e+01   8.3096e-04   1.0359e+02   6.5700e-04   7.5000e-05   8.1907e+01   9.3501e+00
   8.7783e+00   1.3508e+01   3.2390e+01   6.5781e-04   8.2008e+01   5.6700e-04   5.0000e-05   7.0687e+01   6.2334e+00
   8.7783e+00   1.3508e+01   4.6450e+01   6.9650e-04   8.6831e+01   5.6000e-04   5.1000e-05   6.9814e+01   6.3581e+00
   8.7783e+00   1.3508e+01   6.0150e+01   9.9791e-04   1.2441e+02   1.0500e-03   7.2000e-05   1.3090e+02   8.9761e+00
   8.7783e+00   1.3508e+01   7.3360e+01   1.1527e-03   1.4371e+02   8.3400e-04   6.8000e-05   1.0397e+02   8.4774e+00
   8.7783e+00   1.3508e+01   7.9740e+01   1.1309e-03   1.4099e+02   8.8500e-04   6.3000e-05   1.1033e+02   7.8541e+00
   8.7783e+00   1.3508e+01   9.2000e+01   9.3083e-04   1.1604e+02   7.0300e-04   6.0000e-05   8.7642e+01   7.4801e+00
   8.7783e+00   1.3508e+01   9.7840e+01   7.7465e-04   9.6574e+01   7.7400e-04   6.5000e-05   9.6493e+01   8.1034e+00
   8.7783e+00   1.3508e+01   1.0349e+02   5.9584e-04   7.4282e+01   9.7800e-04   7.6000e-05   1.2193e+02   9.4748e+00
   8.7783e+00   1.3508e+01   1.1414e+02   2.5361e-04   3.1617e+01   1.3900e-03   9.8000e-05   1.7329e+02   1.2217e+01
   8.7783e+00   1.3508e+01   1.2392e+02   1.3561e-04   1.6906e+01   2.2200e-03   1.3000e-04   2.7676e+02   1.6207e+01
   8.7783e+00   1.3508e+01   1.3284e+02   4.7157e-04   5.8790e+01   2.8100e-03   1.5000e-04   3.5032e+02   1.8700e+01
   8.7783e+00   1.3508e+01   1.4836e+02   2.5843e-03   3.2218e+02   4.6100e-03   2.1000e-04   5.7472e+02   2.6180e+01
   8.7783e+00   1.3508e+01   1.6145e+02   5.3692e-03   6.6937e+02   8.0000e-03   3.8000e-04   9.9734e+02   4.7374e+01
   8.7783e+00   1.3508e+01   1.7026e+02   6.9218e-03   8.6293e+02   8.5200e-03   3.5000e-04   1.0622e+03   4.3634e+01


   8.7983e+00   1.3528e+01   2.5240e+01   1.9570e-03   2.4189e+02   1.3400e-03   1.1000e-04   1.6563e+02   1.3596e+01
   8.7983e+00   1.3528e+01   3.2360e+01   2.2281e-03   2.7540e+02   1.3100e-03   7.6000e-05   1.6192e+02   9.3937e+00
   8.7983e+00   1.3528e+01   4.6420e+01   2.6608e-03   3.2888e+02   1.9900e-03   9.6000e-05   2.4597e+02   1.1866e+01
   8.7983e+00   1.3528e+01   6.0100e+01   2.6184e-03   3.2363e+02   2.6600e-03   1.2000e-04   3.2878e+02   1.4832e+01
   8.7983e+00   1.3528e+01   7.3300e+01   2.0710e-03   2.5598e+02   2.0000e-03   1.1000e-04   2.4720e+02   1.3596e+01
   8.7983e+00   1.3528e+01   7.9680e+01   1.7069e-03   2.1097e+02   1.5900e-03   8.4000e-05   1.9653e+02   1.0382e+01
   8.7983e+00   1.3528e+01   9.1930e+01   1.0183e-03   1.2586e+02   9.8200e-04   7.0000e-05   1.2138e+02   8.6521e+00
   8.7983e+00   1.3528e+01   9.7770e+01   7.5480e-04   9.3294e+01   9.3200e-04   7.1000e-05   1.1520e+02   8.7757e+00
   8.7983e+00   1.3528e+01   1.0342e+02   5.7812e-04   7.1457e+01   1.0300e-03   7.8000e-05   1.2731e+02   9.6409e+00
   8.7983e+00   1.3528e+01   1.1407e+02   6.0883e-04   7.5252e+01   2.4200e-03   1.3000e-04   2.9911e+02   1.6068e+01
   8.7983e+00   1.3528e+01   1.2385e+02   1.3755e-03   1.7001e+02   4.3700e-03   1.8000e-04   5.4014e+02   2.2248e+01
   8.7983e+00   1.3528e+01   1.3277e+02   3.0339e-03   3.7499e+02   7.4000e-03   2.5000e-04   9.1465e+02   3.0900e+01
   8.7983e+00   1.3528e+01   1.4830e+02   8.3884e-03   1.0368e+03   8.3300e-03   2.9000e-04   1.0296e+03   3.5844e+01
   8.7983e+00   1.3528e+01   1.6142e+02   1.4007e-02   1.7313e+03   1.6800e-02   5.5000e-04   2.0765e+03   6.7981e+01
   8.7983e+00   1.3528e+01   1.7024e+02   1.6905e-02   2.0894e+03   1.6500e-02   4.9000e-04   2.0394e+03   6.0564e+01


   8.8183e+00   1.3548e+01   2.5220e+01   1.0160e-03   1.2450e+02   1.6200e-03   1.2000e-04   1.9853e+02   1.4706e+01
   8.8183e+00   1.3548e+01   3.2340e+01   1.0190e-03   1.2488e+02   1.3500e-03   7.7000e-05   1.6544e+02   9.4361e+00
   8.8183e+00   1.3548e+01   4.6380e+01   9.4093e-04   1.1531e+02   1.4600e-03   8.2000e-05   1.7892e+02   1.0049e+01
   8.8183e+00   1.3548e+01   6.0060e+01   8.1964e-04   1.0044e+02   2.7100e-03   1.2000e-04   3.3210e+02   1.4706e+01
   8.8183e+00   1.3548e+01   7.3250e+01   8.1729e-04   1.0016e+02   2.6400e-03   1.2000e-04   3.2352e+02   1.4706e+01
   8.8183e+00   1.3548e+01   7.9620e+01   8.6037e-04   1.0544e+02   2.1500e-03   9.8000e-05   2.6348e+02   1.2010e+01
   8.8183e+00   1.3548e+01   9.1870e+01   8.7118e-04   1.0676e+02   1.2700e-03   8.0000e-05   1.5563e+02   9.8038e+00
   8.8183e+00   1.3548e+01   9.7710e+01   7.7412e-04   9.4866e+01   9.2100e-04   7.1000e-05   1.1287e+02   8.7008e+00
   8.8183e+00   1.3548e+01   1.0335e+02   6.0719e-04   7.4409e+01   6.9000e-04   6.4000e-05   8.4557e+01   7.8430e+00
   8.8183e+00   1.3548e+01   1.1400e+02   2.6281e-04   3.2206e+01   1.3600e-03   9.7000e-05   1.6666e+02   1.1887e+01
   8.8183e+00   1.3548e+01   1.2378e+02   4.2045e-04   5.1525e+01   2.3000e-03   1.5000e-04   2.8186e+02   1.8382e+01
   8.8183e+00   1.3548e+01   1.3271e+02   1.5800e-03   1.9362e+02   5.4000e-03   2.1000e-04   6.6175e+02   2.5735e+01
   8.8183e+00   1.3548e+01   1.4825e+02   6.7753e-03   8.3029e+02   5.4900e-03   2.3000e-04   6.7278e+02   2.8186e+01
   8.8183e+00   1.3548e+01   1.6138e+02   1.2950e-02   1.5870e+03   1.3300e-02   4.9000e-04   1.6299e+03   6.0048e+01
   8.8183e+00   1.3548e+01   1.7022e+02   1.6266e-02   1.9933e+03   1.3700e-02   4.4000e-04   1.6789e+03   5.3921e+01


   9.1982e+00   1.3928e+01   4.5780e+01   1.6709e-05   1.7503e+00   5.1700e-04   4.9000e-05   5.4156e+01   5.1328e+00
   9.1982e+00   1.3928e+01   5.9290e+01   7.7053e-05   8.0714e+00   1.5300e-04   2.8000e-05   1.6027e+01   2.9330e+00
   9.1982e+00   1.3928e+01   7.2330e+01   9.0786e-05   9.5099e+00   8.4100e-05   2.2000e-05   8.8096e+00   2.3045e+00
   9.1982e+00   1.3928e+01   7.8640e+01   6.9655e-05   7.2964e+00   5.2100e-04   4.8000e-05   5.4575e+01   5.0281e+00
   9.1982e+00   1.3928e+01   9.0770e+01   2.8544e-05   2.9900e+00   1.0600e-03   7.3000e-05   1.1104e+02   7.6468e+00
   9.1982e+00   1.3928e+01   9.6570e+01   2.5811e-05   2.7037e+00   7.6500e-04   6.4000e-05   8.0135e+01   6.7041e+00
   9.1982e+00   1.3928e+01   1.0218e+02   3.4991e-05   3.6653e+00   6.5500e-04   6.2000e-05   6.8612e+01   6.4946e+00
   9.1982e+00   1.3928e+01   1.1279e+02   6.2203e-05   6.5159e+00   2.3300e-04   4.0000e-05   2.4407e+01   4.1900e+00
   9.1982e+00   1.3928e+01   1.2259e+02   6.4648e-05   6.7720e+00   8.5300e-04   7.7000e-05   8.9353e+01   8.0658e+00
   9.1982e+00   1.3928e+01   1.3157e+02   4.2571e-05   4.4594e+00   1.3300e-03   1.0000e-04   1.3932e+02   1.0475e+01
   9.1982e+00   1.3928e+01   1.4733e+02   4.7123e-05   4.9362e+00   1.3300e-03   1.1000e-04   1.3932e+02   1.1523e+01
   9.1982e+00   1.3928e+01   1.6989e+02   2.8441e-04   2.9792e+01   2.3000e-03   1.8000e-04   2.4093e+02   1.8855e+01


   8.8583e+00   1.3588e+01   2.5180e+01   4.8525e-04   5.8462e+01   1.2400e-03   1.0000e-04   1.4939e+02   1.2048e+01
   8.8583e+00   1.3588e+01   3.2290e+01   4.5375e-04   5.4667e+01   4.5600e-04   4.5000e-05   5.4938e+01   5.4215e+00
   8.8583e+00   1.3588e+01   4.6310e+01   3.2082e-04   3.8651e+01   1.7700e-04   2.9000e-05   2.1324e+01   3.4938e+00
   8.8583e+00   1.3588e+01   5.9970e+01   1.3394e-04   1.6136e+01   7.8100e-04   6.3000e-05   9.4093e+01   7.5901e+00
   8.8583e+00   1.3588e+01   7.3140e+01   6.0336e-05   7.2692e+00   1.1900e-03   8.1000e-05   1.4337e+02   9.7587e+00
   8.8583e+00   1.3588e+01   7.9510e+01   9.8055e-05   1.1813e+01   1.0900e-03   6.9000e-05   1.3132e+02   8.3129e+00
   8.8583e+00   1.3588e+01   9.1740e+01   2.3270e-04   2.8035e+01   7.9600e-04   6.3000e-05   9.5900e+01   7.5901e+00
   8.8583e+00   1.3588e+01   9.7570e+01   2.6444e-04   3.1858e+01   6.3100e-04   5.9000e-05   7.6021e+01   7.1082e+00
   8.8583e+00   1.3588e+01   1.0321e+02   2.4440e-04   2.9445e+01   5.8400e-04   5.9000e-05   7.0359e+01   7.1082e+00
   8.8583e+00   1.3588e+01   1.1386e+02   9.7795e-05   1.1782e+01   5.7000e-04   6.3000e-05   6.8672e+01   7.5901e+00
   8.8583e+00   1.3588e+01   1.2364e+02   7.4898e-05   9.0235e+00   1.1600e-03   9.1000e-05   1.3975e+02   1.0963e+01
   8.8583e+00   1.3588e+01   1.3257e+02   5.1893e-04   6.2519e+01   2.1300e-03   1.3000e-04   2.5662e+02   1.5662e+01
   8.8583e+00   1.3588e+01   1.4814e+02   3.0753e-03   3.7050e+02   3.1800e-03   1.8000e-04   3.8312e+02   2.1686e+01
   8.8583e+00   1.3588e+01   1.6131e+02   6.4348e-03   7.7525e+02   7.0200e-03   3.5000e-04   8.4575e+02   4.2167e+01
   8.8583e+00   1.3588e+01   1.7018e+02   8.3075e-03   1.0009e+03   6.9800e-03   3.2000e-05   8.4093e+02   3.8553e+00


