   3.9514e-01   1.3239e+01   0.0000e+00   1.0491e-06   4.3328e-01   9.2100e-05   8.7200e-06   3.8038e+01   3.6015e+00
   4.0464e-01   1.3249e+01   0.0000e+00   1.1659e-06   4.1867e-01   8.1300e-05   7.8100e-06   2.9196e+01   2.8046e+00
   4.1413e-01   1.3258e+01   0.0000e+00   1.3492e-06   4.2344e-01   8.0100e-05   7.7100e-06   2.5139e+01   2.4197e+00
   4.2363e-01   1.3268e+01   0.0000e+00   1.6332e-06   4.5012e-01   6.2400e-05   6.4600e-06   1.7197e+01   1.7804e+00
   4.2838e-01   1.3272e+01   0.0000e+00   1.8366e-06   4.7515e-01   7.5900e-05   7.2500e-06   1.9636e+01   1.8757e+00
   4.3312e-01   1.3277e+01   0.0000e+00   2.1080e-06   5.1251e-01   5.9000e-05   6.4700e-06   1.4344e+01   1.5730e+00
   4.4262e-01   1.3287e+01   0.0000e+00   3.0833e-06   6.6413e-01   5.9500e-05   6.5500e-06   1.2816e+01   1.4108e+00
   4.5212e-01   1.3296e+01   0.0000e+00   6.6038e-06   1.2653e+00   7.9200e-05   8.2500e-06   1.5175e+01   1.5808e+00
   4.5686e-01   1.3301e+01   0.0000e+00   1.7875e-05   3.2351e+00   3.0000e-04   2.8500e-05   5.4294e+01   5.1580e+00
   4.5876e-01   1.3303e+01   0.0000e+00   5.0038e-05   8.8539e+00   2.6900e-03   2.4400e-04   4.7598e+02   4.3174e+01
   4.5971e-01   1.3304e+01   0.0000e+00   1.7199e-04   3.0093e+01   1.1900e-02   1.0700e-03   2.0821e+03   1.8722e+02
   4.6066e-01   1.3305e+01   0.0000e+00   3.3403e-04   5.7794e+01   1.5300e-02   1.3900e-03   2.6472e+03   2.4050e+02
   4.6161e-01   1.3306e+01   0.0000e+00   3.5457e-04   6.0668e+01   1.7400e-02   1.5800e-03   2.9772e+03   2.7034e+02
   4.6256e-01   1.3307e+01   0.0000e+00   3.5137e-04   5.9456e+01   1.7100e-02   1.5500e-03   2.8935e+03   2.6228e+02
   4.6351e-01   1.3308e+01   0.0000e+00   3.2983e-04   5.5196e+01   1.0800e-02   9.7600e-04   1.8074e+03   1.6333e+02
   4.6446e-01   1.3308e+01   0.0000e+00   2.2028e-04   3.6459e+01   6.2200e-03   5.6400e-04   1.0295e+03   9.3348e+01
   4.6541e-01   1.3309e+01   0.0000e+00   4.6455e-05   7.6046e+00   2.8600e-03   2.5900e-04   4.6818e+02   4.2398e+01
   4.6636e-01   1.3310e+01   0.0000e+00   1.6731e-05   2.7090e+00   1.3100e-03   1.1900e-04   2.1211e+02   1.9268e+01
   4.6826e-01   1.3312e+01   0.0000e+00   5.2899e-06   8.3800e-01   6.4100e-04   5.8500e-05   1.0154e+02   9.2673e+00
   4.7111e-01   1.3315e+01   0.0000e+00   2.1014e-06   3.2225e-01   4.3800e-04   4.0100e-05   6.7168e+01   6.1494e+00
   4.7586e-01   1.3320e+01   0.0000e+00   1.2850e-06   1.8680e-01   3.3300e-04   3.0700e-05   4.8408e+01   4.4628e+00
   4.8535e-01   1.3329e+01   0.0000e+00   1.5637e-06   2.0478e-01   2.9300e-04   2.6900e-05   3.8371e+01   3.5228e+00
   4.9485e-01   1.3339e+01   0.0000e+00   2.1589e-06   2.5551e-01   3.3600e-04   3.0700e-05   3.9767e+01   3.6335e+00
   5.0435e-01   1.3348e+01   0.0000e+00   2.8797e-06   3.0896e-01   3.8900e-04   3.5900e-05   4.1736e+01   3.8517e+00
   5.1384e-01   1.3358e+01   0.0000e+00   3.7648e-06   3.6723e-01   5.5000e-04   5.0700e-05   5.3649e+01   4.9455e+00
   5.2334e-01   1.3367e+01   0.0000e+00   4.8948e-06   4.3529e-01   8.1100e-04   7.3900e-05   7.2121e+01   6.5719e+00
   5.2809e-01   1.3372e+01   0.0000e+00   5.5880e-06   4.7496e-01   1.0600e-03   9.7900e-05   9.0096e+01   8.3211e+00
   5.3283e-01   1.3377e+01   0.0000e+00   6.3918e-06   5.1959e-01   1.3400e-03   1.2200e-04   1.0893e+02   9.9174e+00
   5.3758e-01   1.3382e+01   0.0000e+00   7.3266e-06   5.6997e-01   1.8600e-03   1.6800e-04   1.4470e+02   1.3069e+01
   5.4233e-01   1.3386e+01   0.0000e+00   8.4052e-06   6.2615e-01   2.5000e-03   2.2600e-04   1.8624e+02   1.6836e+01
   5.4708e-01   1.3391e+01   0.0000e+00   9.6093e-06   6.8590e-01   3.1200e-03   2.8200e-04   2.2270e+02   2.0129e+01
   5.5183e-01   1.3396e+01   0.0000e+00   1.0833e-05   7.4134e-01   4.4700e-03   4.0400e-04   3.0590e+02   2.7647e+01
   5.5658e-01   1.3401e+01   0.0000e+00   1.1800e-05   7.7464e-01   6.1100e-03   5.5100e-04   4.0110e+02   3.6171e+01
   5.6132e-01   1.3405e+01   0.0000e+00   1.2090e-05   7.6180e-01   7.9600e-03   7.1800e-04   5.0156e+02   4.5241e+01
   5.6417e-01   1.3408e+01   0.0000e+00   1.1844e-05   7.2835e-01   8.6600e-03   7.8000e-04   5.3255e+02   4.7966e+01
   5.6607e-01   1.3410e+01   0.0000e+00   1.1544e-05   6.9854e-01   8.6700e-03   7.8200e-04   5.2464e+02   4.7320e+01
   5.6797e-01   1.3412e+01   0.0000e+00   1.1191e-05   6.6642e-01   8.5800e-03   7.7400e-04   5.1094e+02   4.6092e+01
   5.7082e-01   1.3415e+01   0.0000e+00   1.0686e-05   6.2131e-01   7.9800e-03   7.1900e-04   4.6399e+02   4.1806e+01
   5.7557e-01   1.3420e+01   0.0000e+00   1.0273e-05   5.7428e-01   6.5100e-03   5.8700e-04   3.6390e+02   3.2813e+01
   5.8032e-01   1.3424e+01   0.0000e+00   1.0648e-05   5.7252e-01   5.2700e-03   4.7500e-04   2.8336e+02   2.5540e+01
   5.8506e-01   1.3429e+01   0.0000e+00   1.1796e-05   6.1042e-01   4.2600e-03   3.8400e-04   2.2044e+02   1.9870e+01
   5.8981e-01   1.3434e+01   0.0000e+00   1.3659e-05   6.8053e-01   3.3900e-03   3.0600e-04   1.6890e+02   1.5246e+01
   5.9456e-01   1.3439e+01   0.0000e+00   1.6273e-05   7.8104e-01   2.9000e-03   2.6200e-04   1.3919e+02   1.2575e+01
   5.9931e-01   1.3443e+01   0.0000e+00   1.9831e-05   9.1732e-01   2.6400e-03   2.3800e-04   1.2212e+02   1.1009e+01
   6.0880e-01   1.3453e+01   0.0000e+00   3.1880e-05   1.3717e+00   2.4600e-03   2.2200e-04   1.0585e+02   9.5520e+00
   6.1355e-01   1.3458e+01   0.0000e+00   4.2972e-05   1.7844e+00   2.8000e-03   2.5300e-04   1.1627e+02   1.0506e+01
   6.1830e-01   1.3462e+01   0.0000e+00   6.2168e-05   2.4926e+00   3.2100e-03   2.9100e-04   1.2870e+02   1.1667e+01
   6.2115e-01   1.3465e+01   0.0000e+00   8.1722e-05   3.2090e+00   3.9300e-03   3.5600e-04   1.5432e+02   1.3979e+01
   6.2400e-01   1.3468e+01   0.0000e+00   1.1388e-04   4.3801e+00   5.2200e-03   4.7100e-04   2.0078e+02   1.8116e+01
   6.2590e-01   1.3470e+01   0.0000e+00   1.4862e-04   5.6387e+00   6.8200e-03   6.1500e-04   2.5875e+02   2.3333e+01
   6.2780e-01   1.3472e+01   0.0000e+00   2.0374e-04   7.6249e+00   9.1900e-03   8.2900e-04   3.4394e+02   3.1026e+01
   6.2970e-01   1.3474e+01   0.0000e+00   2.9777e-04   1.0994e+01   1.2800e-02   1.1600e-03   4.7259e+02   4.2828e+01
   6.3160e-01   1.3476e+01   0.0000e+00   4.6955e-04   1.7104e+01   2.0400e-02   1.8400e-03   7.4308e+02   6.7023e+01
   6.3349e-01   1.3477e+01   0.0000e+00   7.7471e-04   2.7842e+01   3.2200e-02   2.9000e-03   1.1572e+03   1.0422e+02
   6.3444e-01   1.3478e+01   0.0000e+00   9.6712e-04   3.4525e+01   3.9800e-02   3.5800e-03   1.4208e+03   1.2780e+02
   6.3539e-01   1.3479e+01   0.0000e+00   1.1401e-03   4.0429e+01   4.4900e-02   4.0400e-03   1.5922e+03   1.4326e+02
   6.3634e-01   1.3480e+01   0.0000e+00   1.2492e-03   4.4006e+01   4.6400e-02   4.1800e-03   1.6345e+03   1.4724e+02
   6.3729e-01   1.3481e+01   0.0000e+00   1.2708e-03   4.4467e+01   4.5800e-02   4.1200e-03   1.6027e+03   1.4417e+02
   6.3824e-01   1.3482e+01   0.0000e+00   1.2011e-03   4.1752e+01   3.8100e-02   3.4300e-03   1.3244e+03   1.1923e+02
   6.3919e-01   1.3483e+01   0.0000e+00   1.0531e-03   3.6367e+01   3.1400e-02   2.8300e-03   1.0843e+03   9.7725e+01
   6.4109e-01   1.3485e+01   0.0000e+00   6.7000e-04   2.2833e+01   1.9100e-02   1.7200e-03   6.5092e+02   5.8617e+01
   6.4299e-01   1.3487e+01   0.0000e+00   3.9369e-04   1.3242e+01   1.0700e-02   9.6700e-04   3.5990e+02   3.2525e+01
   6.4489e-01   1.3489e+01   0.0000e+00   2.4617e-04   8.1726e+00   7.0400e-03   6.3400e-04   2.3372e+02   2.1048e+01
   6.4679e-01   1.3491e+01   0.0000e+00   1.6742e-04   5.4862e+00   4.8900e-03   4.4100e-04   1.6025e+02   1.4452e+01
   6.5154e-01   1.3496e+01   0.0000e+00   8.5070e-05   2.6993e+00   2.4900e-03   2.2600e-04   7.9009e+01   7.1711e+00
   6.5629e-01   1.3500e+01   0.0000e+00   5.7131e-05   1.7560e+00   1.5200e-03   1.3800e-04   4.6718e+01   4.2415e+00
   6.6578e-01   1.3510e+01   0.0000e+00   4.1604e-05   1.2011e+00   1.0700e-03   9.7200e-05   3.0891e+01   2.8062e+00
   6.7528e-01   1.3519e+01   0.0000e+00   4.1895e-05   1.1378e+00   9.3600e-04   8.5000e-05   2.5419e+01   2.3084e+00
   6.8477e-01   1.3529e+01   0.0000e+00   4.8355e-05   1.2370e+00   8.3800e-04   7.6200e-05   2.1437e+01   1.9492e+00
   6.9427e-01   1.3538e+01   0.0000e+00   5.9416e-05   1.4336e+00   7.2900e-04   6.6500e-05   1.7589e+01   1.6045e+00
   7.0377e-01   1.3548e+01   0.0000e+00   7.5787e-05   1.7269e+00   6.7800e-04   6.1900e-05   1.5449e+01   1.4105e+00
   7.1326e-01   1.3557e+01   0.0000e+00   9.9536e-05   2.1446e+00   6.1200e-04   5.5900e-05   1.3186e+01   1.2044e+00
   7.2276e-01   1.3567e+01   0.0000e+00   1.3262e-04   2.7053e+00   5.5900e-04   5.1200e-05   1.1402e+01   1.0444e+00
   7.3226e-01   1.3576e+01   0.0000e+00   1.7110e-04   3.3079e+00   5.3100e-04   4.8800e-05   1.0266e+01   9.4345e-01
   7.5505e-01   1.3599e+01   0.0000e+00   2.8065e-04   4.7921e+00   4.8700e-04   4.5400e-05   8.3157e+00   7.7522e-01


   2.4500e-01   1.3089e+01   0.0000e+00   7.8396e-09   8.4646e-02   1.2700e-06   2.8800e-07   1.3713e+01   3.1096e+00
   2.5450e-01   1.3098e+01   0.0000e+00   1.0899e-08   8.7749e-02   2.2700e-06   3.7700e-07   1.8276e+01   3.0353e+00
   2.6400e-01   1.3108e+01   0.0000e+00   1.7066e-08   1.0418e-01   3.4800e-06   4.8600e-07   2.1243e+01   2.9667e+00
   2.7349e-01   1.3117e+01   0.0000e+00   2.9489e-08   1.3857e-01   6.3200e-06   7.4400e-07   2.9698e+01   3.4961e+00
   2.8299e-01   1.3127e+01   0.0000e+00   5.6475e-08   2.0714e-01   1.2500e-05   1.2900e-06   4.5847e+01   4.7314e+00
   2.9248e-01   1.3136e+01   0.0000e+00   1.2307e-07   3.5685e-01   2.7300e-05   2.6400e-06   7.9156e+01   7.6546e+00
   3.0198e-01   1.3146e+01   0.0000e+00   3.2585e-07   7.5566e-01   7.0800e-05   6.5600e-06   1.6419e+02   1.5213e+01
   3.0673e-01   1.3151e+01   0.0000e+00   5.9735e-07   1.2440e+00   1.2800e-04   1.1700e-05   2.6656e+02   2.4365e+01
   3.1148e-01   1.3155e+01   0.0000e+00   1.2566e-06   2.3561e+00   2.5900e-04   2.3500e-05   4.8561e+02   4.4061e+01
   3.1623e-01   1.3160e+01   0.0000e+00   3.4025e-06   5.7580e+00   6.9200e-04   6.2600e-05   1.1710e+03   1.0594e+02
   3.1812e-01   1.3162e+01   0.0000e+00   5.7924e-06   9.4148e+00   1.2000e-03   1.0800e-04   1.9505e+03   1.7554e+02
   3.2002e-01   1.3164e+01   0.0000e+00   1.1423e-05   1.7839e+01   2.4300e-03   2.1900e-04   3.7950e+03   3.4202e+02
   3.2097e-01   1.3165e+01   0.0000e+00   1.7568e-05   2.6898e+01   3.8200e-03   3.4400e-04   5.8486e+03   5.2668e+02
   3.2192e-01   1.3166e+01   0.0000e+00   2.9820e-05   4.4763e+01   6.9000e-03   6.2200e-04   1.0358e+04   9.3369e+02
   3.2287e-01   1.3167e+01   0.0000e+00   5.8366e-05   8.5910e+01   1.8800e-02   1.6900e-03   2.7672e+04   2.4875e+03
   3.2382e-01   1.3168e+01   0.0000e+00   1.2437e-04   1.7952e+02   3.5700e-02   3.2100e-03   5.1529e+04   4.6333e+03
   3.2477e-01   1.3169e+01   0.0000e+00   1.9287e-04   2.7302e+02   4.2000e-02   3.7800e-03   5.9453e+04   5.3508e+03
   3.2572e-01   1.3170e+01   0.0000e+00   2.1138e-04   2.9348e+02   4.3100e-02   3.8800e-03   5.9839e+04   5.3869e+03
   3.2667e-01   1.3171e+01   0.0000e+00   1.8192e-04   2.4775e+02   3.1800e-02   2.8700e-03   4.3307e+04   3.9085e+03
   3.2762e-01   1.3172e+01   0.0000e+00   1.0686e-04   1.4276e+02   1.7500e-02   1.5800e-03   2.3379e+04   2.1108e+03
   3.2857e-01   1.3173e+01   0.0000e+00   5.4007e-05   7.0784e+01   9.7700e-03   8.8000e-04   1.2805e+04   1.1534e+03
   3.2952e-01   1.3174e+01   0.0000e+00   3.1365e-05   4.0334e+01   5.9100e-03   5.3300e-04   7.5999e+03   6.8541e+02
   3.3047e-01   1.3174e+01   0.0000e+00   2.0655e-05   2.6063e+01   3.8300e-03   3.4500e-04   4.8328e+03   4.3533e+02
   3.3142e-01   1.3175e+01   0.0000e+00   1.4800e-05   1.8326e+01   2.6500e-03   2.3900e-04   3.2813e+03   2.9594e+02
   3.3237e-01   1.3176e+01   0.0000e+00   1.1240e-05   1.3659e+01   1.9600e-03   1.7700e-04   2.3818e+03   2.1509e+02
   3.3332e-01   1.3177e+01   0.0000e+00   8.9059e-06   1.0622e+01   1.5400e-03   1.3900e-04   1.8368e+03   1.6579e+02
   3.3427e-01   1.3178e+01   0.0000e+00   7.2863e-06   8.5303e+00   1.2600e-03   1.1400e-04   1.4751e+03   1.3346e+02
   3.3522e-01   1.3179e+01   0.0000e+00   6.1131e-06   7.0254e+00   1.0200e-03   9.1900e-05   1.1722e+03   1.0562e+02
   3.3617e-01   1.3180e+01   0.0000e+00   5.2337e-06   5.9049e+00   8.6400e-04   7.8200e-05   9.7480e+02   8.8229e+01
   3.3807e-01   1.3182e+01   0.0000e+00   4.0223e-06   4.3749e+00   6.4800e-04   5.8800e-05   7.0480e+02   6.3954e+01
   3.3997e-01   1.3184e+01   0.0000e+00   3.2432e-06   3.4017e+00   5.0200e-04   4.5600e-05   5.2653e+02   4.7829e+01
   3.4186e-01   1.3186e+01   0.0000e+00   2.7106e-06   2.7426e+00   4.1200e-04   3.7400e-05   4.1686e+02   3.7841e+01
   3.4376e-01   1.3188e+01   0.0000e+00   2.3294e-06   2.2743e+00   3.4000e-04   3.0900e-05   3.3195e+02   3.0169e+01
   3.4566e-01   1.3190e+01   0.0000e+00   2.0469e-06   1.9290e+00   2.9700e-04   2.7100e-05   2.7989e+02   2.5539e+01
   3.4946e-01   1.3193e+01   0.0000e+00   1.6644e-06   1.4627e+00   2.3200e-04   2.1200e-05   2.0389e+02   1.8631e+01
   3.5421e-01   1.3198e+01   0.0000e+00   1.3801e-06   1.1134e+00   1.7500e-04   1.6000e-05   1.4118e+02   1.2908e+01
   3.5896e-01   1.3203e+01   0.0000e+00   1.2109e-06   8.9830e-01   1.4200e-04   1.3000e-05   1.0534e+02   9.6442e+00
   3.6845e-01   1.3212e+01   0.0000e+00   1.0452e-06   6.5909e-01   1.0800e-04   1.0000e-05   6.8104e+01   6.3060e+00
   3.7320e-01   1.3217e+01   0.0000e+00   1.0116e-06   5.8955e-01   9.8200e-05   9.1200e-06   5.7233e+01   5.3153e+00
   3.7795e-01   1.3222e+01   0.0000e+00   9.9913e-07   5.3903e-01   9.0500e-05   8.3200e-06   4.8825e+01   4.4887e+00
   3.8270e-01   1.3227e+01   0.0000e+00   1.0037e-06   5.0203e-01   8.3300e-05   7.7100e-06   4.1664e+01   3.8563e+00
   3.8745e-01   1.3231e+01   0.0000e+00   1.0230e-06   4.7508e-01   7.6400e-05   7.1000e-06   3.5479e+01   3.2972e+00
   3.9219e-01   1.3236e+01   0.0000e+00   1.0559e-06   4.5593e-01   7.2000e-05   6.7100e-06   3.1088e+01   2.8972e+00
   3.9694e-01   1.3241e+01   0.0000e+00   1.1023e-06   4.4314e-01   6.9100e-05   6.4600e-06   2.7779e+01   2.5970e+00
   4.0169e-01   1.3246e+01   0.0000e+00   1.1628e-06   4.3584e-01   6.4200e-05   6.0100e-06   2.4063e+01   2.2526e+00
   4.0644e-01   1.3250e+01   0.0000e+00   1.2391e-06   4.3354e-01   6.1700e-05   5.7800e-06   2.1589e+01   2.0224e+00
   4.1594e-01   1.3260e+01   0.0000e+00   1.4506e-06   4.4400e-01   5.9900e-05   5.6600e-06   1.8334e+01   1.7324e+00


   4.5962e-01   1.3304e+01   1.6510e+02   1.0269e-04   1.7987e+01   1.0400e+00   4.5400e-02   1.8217e+05   7.9525e+03
   4.5962e-01   1.3304e+01   1.5980e+02   1.0268e-04   1.7986e+01   1.0400e+00   3.9100e-02   1.8217e+05   6.8489e+03
   4.5962e-01   1.3304e+01   1.5500e+02   1.0268e-04   1.7986e+01   9.4900e-01   4.7000e-02   1.6623e+05   8.2327e+03
   4.5962e-01   1.3304e+01   1.4960e+02   1.0267e-04   1.7985e+01   9.5200e-01   4.3800e-02   1.6676e+05   7.6722e+03
   4.5962e-01   1.3304e+01   1.4500e+02   1.0267e-04   1.7984e+01   9.9500e-01   6.2200e-02   1.7429e+05   1.0895e+04
   4.5962e-01   1.3304e+01   1.3980e+02   1.0266e-04   1.7983e+01   1.0200e+00   4.2200e-02   1.7867e+05   7.3920e+03
   4.5962e-01   1.3304e+01   1.3480e+02   1.0266e-04   1.7982e+01   9.9400e-01   4.5400e-02   1.7411e+05   7.9525e+03
   4.5962e-01   1.3304e+01   1.2970e+02   1.0265e-04   1.7980e+01   9.7700e-01   4.4600e-02   1.7114e+05   7.8124e+03
   4.5962e-01   1.3304e+01   1.2470e+02   1.0264e-04   1.7979e+01   1.0300e+00   4.4600e-02   1.8042e+05   7.8124e+03
   4.5962e-01   1.3304e+01   1.1960e+02   1.0264e-04   1.7978e+01   1.0200e+00   3.9100e-02   1.7867e+05   6.8489e+03
   4.5962e-01   1.3304e+01   1.1490e+02   1.0263e-04   1.7978e+01   9.3200e-01   5.1800e-02   1.6325e+05   9.0735e+03
   4.5962e-01   1.3304e+01   1.0960e+02   1.0263e-04   1.7977e+01   9.6800e-01   3.8300e-02   1.6956e+05   6.7088e+03
   4.5962e-01   1.3304e+01   1.0470e+02   1.0262e-04   1.7976e+01   8.8100e-01   5.8200e-02   1.5432e+05   1.0195e+04
   4.5962e-01   1.3304e+01   9.9300e+01   1.0262e-04   1.7976e+01   8.8000e-01   3.9800e-02   1.5415e+05   6.9716e+03
   4.5962e-01   1.3304e+01   9.4500e+01   1.0262e-04   1.7975e+01   1.0000e+00   5.9800e-02   1.7516e+05   1.0475e+04
   4.5962e-01   1.3304e+01   8.9400e+01   1.0262e-04   1.7975e+01   1.0500e+00   4.3000e-02   1.8392e+05   7.5321e+03
   4.5962e-01   1.3304e+01   8.4700e+01   1.0262e-04   1.7975e+01   9.2400e-01   5.5000e-02   1.6185e+05   9.6341e+03
   4.5962e-01   1.3304e+01   7.9600e+01   1.0262e-04   1.7976e+01   1.1000e+00   4.2200e-02   1.9268e+05   7.3920e+03
   4.5962e-01   1.3304e+01   7.4500e+01   1.0262e-04   1.7976e+01   1.1000e+00   8.1300e-02   1.9268e+05   1.4241e+04
   4.5962e-01   1.3304e+01   6.9600e+01   1.0263e-04   1.7977e+01   9.3500e-01   6.1400e-02   1.6378e+05   1.0755e+04
   4.5962e-01   1.3304e+01   6.9700e+01   1.0263e-04   1.7977e+01   1.0400e+00   3.9000e-02   1.8217e+05   6.8314e+03
   4.5962e-01   1.3304e+01   6.4800e+01   1.0263e-04   1.7978e+01   1.0400e+00   5.5000e-02   1.8217e+05   9.6341e+03
   4.5962e-01   1.3304e+01   5.9700e+01   1.0264e-04   1.7979e+01   1.0200e+00   4.0600e-02   1.7867e+05   7.1117e+03
   4.5962e-01   1.3304e+01   5.5000e+01   1.0264e-04   1.7979e+01   9.7900e-01   5.5800e-02   1.7149e+05   9.7742e+03
   4.5962e-01   1.3304e+01   4.9800e+01   1.0265e-04   1.7981e+01   9.9300e-01   4.3000e-02   1.7394e+05   7.5321e+03
   4.5962e-01   1.3304e+01   4.4700e+01   1.0266e-04   1.7982e+01   9.6700e-01   5.3400e-02   1.6938e+05   9.3538e+03
   4.5962e-01   1.3304e+01   3.9600e+01   1.0266e-04   1.7983e+01   9.3600e-01   4.7000e-02   1.6395e+05   8.2327e+03
   4.5962e-01   1.3304e+01   3.4900e+01   1.0267e-04   1.7984e+01   1.0400e+00   4.8600e-02   1.8217e+05   8.5130e+03
   4.5962e-01   1.3304e+01   3.0600e+01   1.0267e-04   1.7985e+01   1.0300e+00   4.1400e-02   1.8042e+05   7.2518e+03
   4.5962e-01   1.3304e+01   2.5200e+01   1.0268e-04   1.7986e+01   1.0500e+00   4.1400e-02   1.8392e+05   7.2518e+03
   4.5962e-01   1.3304e+01   2.0100e+01   1.0268e-04   1.7986e+01   1.0500e+00   4.0600e-02   1.8392e+05   7.1117e+03
   4.5962e-01   1.3304e+01   1.4800e+01   1.0269e-04   1.7987e+01   1.1200e+00   3.8300e-02   1.9618e+05   6.7088e+03
   4.5962e-01   1.3304e+01   1.0000e+01   1.0269e-04   1.7987e+01   1.1200e+00   3.9000e-02   1.9618e+05   6.8314e+03
   4.5962e-01   1.3304e+01   5.4000e+00   1.0269e-04   1.7988e+01   1.0900e+00   4.7000e-02   1.9093e+05   8.2327e+03
   4.5962e-01   1.3304e+01   4.0000e-01   1.0269e-04   1.7988e+01   1.0800e+00   4.3000e-02   1.8918e+05   7.5321e+03


   5.6408e-01   1.3408e+01   1.6000e+02   1.0933e-06   6.7285e-02   1.1900e+00   2.8300e-02   7.3238e+04   1.7417e+03
   5.6408e-01   1.3408e+01   1.5000e+02   1.0669e-06   6.5659e-02   1.1600e+00   2.7600e-02   7.1392e+04   1.6986e+03
   5.6408e-01   1.3408e+01   1.4000e+02   1.0333e-06   6.3596e-02   1.1100e+00   3.0600e-02   6.8314e+04   1.8833e+03
   5.6408e-01   1.3408e+01   1.3000e+02   9.9626e-07   6.1314e-02   1.1100e+00   2.7600e-02   6.8314e+04   1.6986e+03
   5.6408e-01   1.3408e+01   1.2000e+02   9.6014e-07   5.9091e-02   1.0900e+00   2.7600e-02   6.7084e+04   1.6986e+03
   5.6408e-01   1.3408e+01   1.1000e+02   9.2977e-07   5.7222e-02   1.0600e+00   2.9900e-02   6.5237e+04   1.8402e+03
   5.6408e-01   1.3408e+01   1.0000e+02   9.0949e-07   5.5974e-02   1.0100e+00   2.6800e-02   6.2160e+04   1.6494e+03
   5.6408e-01   1.3408e+01   9.0000e+01   9.0237e-07   5.5536e-02   1.0000e+00   2.4500e-02   6.1545e+04   1.5078e+03
   5.6408e-01   1.3408e+01   8.0000e+01   9.0949e-07   5.5974e-02   1.0000e+00   3.1400e-02   6.1545e+04   1.9325e+03
   5.6408e-01   1.3408e+01   7.0000e+01   9.2977e-07   5.7222e-02   1.0500e+00   2.3000e-02   6.4622e+04   1.4155e+03
   5.6408e-01   1.3408e+01   6.0000e+01   9.6014e-07   5.9091e-02   1.0900e+00   2.6000e-02   6.7084e+04   1.6002e+03
   5.6408e-01   1.3408e+01   5.0000e+01   9.9626e-07   6.1314e-02   1.1200e+00   3.1400e-02   6.8930e+04   1.9325e+03
   5.6408e-01   1.3408e+01   4.0000e+01   1.0333e-06   6.3596e-02   1.1500e+00   2.8300e-02   7.0776e+04   1.7417e+03
   5.6408e-01   1.3408e+01   3.0000e+01   1.0669e-06   6.5659e-02   1.1400e+00   2.9100e-02   7.0161e+04   1.7909e+03
   5.6408e-01   1.3408e+01   2.0000e+01   1.0933e-06   6.7285e-02   1.1600e+00   2.9900e-02   7.1392e+04   1.8402e+03
   5.6408e-01   1.3408e+01   9.0000e+00   1.1111e-06   6.8385e-02   1.1800e+00   2.9100e-02   7.2623e+04   1.7909e+03
   5.6408e-01   1.3408e+01   0.0000e+00   1.1158e-06   6.8672e-02   1.2000e+00   2.9900e-02   7.3853e+04   1.8402e+03


   6.3435e-01   1.3478e+01   1.6000e+02   1.2899e-04   4.6078e+00   9.9700e-01   1.3700e-02   3.5616e+04   4.8941e+02
   6.3435e-01   1.3478e+01   1.5000e+02   1.2866e-04   4.5962e+00   9.9500e-01   1.4000e-02   3.5544e+04   5.0012e+02
   6.3435e-01   1.3478e+01   1.4000e+02   1.2826e-04   4.5818e+00   1.0100e+00   1.5400e-02   3.6080e+04   5.5014e+02
   6.3435e-01   1.3478e+01   1.3000e+02   1.2782e-04   4.5662e+00   1.0000e+00   1.6500e-02   3.5723e+04   5.8943e+02
   6.3435e-01   1.3478e+01   1.2000e+02   1.2740e-04   4.5512e+00   1.0200e+00   1.4000e-02   3.6438e+04   5.0012e+02
   6.3435e-01   1.3478e+01   1.1000e+02   1.2706e-04   4.5388e+00   1.0000e+00   1.5800e-02   3.5723e+04   5.6442e+02
   6.3435e-01   1.3478e+01   1.0000e+02   1.2683e-04   4.5307e+00   9.8800e-01   1.5400e-02   3.5294e+04   5.5014e+02
   6.3435e-01   1.3478e+01   9.0000e+01   1.2675e-04   4.5278e+00   9.8000e-01   1.4000e-02   3.5009e+04   5.0012e+02
   6.3435e-01   1.3478e+01   8.0000e+01   1.2683e-04   4.5307e+00   9.9600e-01   1.5800e-02   3.5580e+04   5.6442e+02
   6.3435e-01   1.3478e+01   7.0000e+01   1.2706e-04   4.5388e+00   1.0100e+00   1.5800e-02   3.6080e+04   5.6442e+02
   6.3435e-01   1.3478e+01   6.0000e+01   1.2740e-04   4.5512e+00   1.0100e+00   1.6100e-02   3.6080e+04   5.7514e+02
   6.3435e-01   1.3478e+01   5.0000e+01   1.2782e-04   4.5662e+00   1.0200e+00   1.5100e-02   3.6438e+04   5.3942e+02
   6.3435e-01   1.3478e+01   4.0000e+01   1.2826e-04   4.5818e+00   1.0100e+00   1.4400e-02   3.6080e+04   5.1441e+02
   6.3435e-01   1.3478e+01   3.0000e+01   1.2866e-04   4.5962e+00   1.0100e+00   1.4700e-02   3.6080e+04   5.2513e+02
   6.3435e-01   1.3478e+01   2.0000e+01   1.2899e-04   4.6078e+00   9.9600e-01   1.4700e-02   3.5580e+04   5.2513e+02
   6.3435e-01   1.3478e+01   1.0000e+01   1.2919e-04   4.6152e+00   9.9100e-01   1.3300e-02   3.5402e+04   4.7512e+02
   6.3435e-01   1.3478e+01   0.0000e+00   1.2927e-04   4.6178e+00   9.9600e-01   1.5400e-02   3.5580e+04   5.5014e+02


   6.1659e-01   1.3461e+01   4.5000e+01   4.3301e-06   1.7581e-01   1.5048e-05   4.1753e-06   6.1097e-01   1.6953e-01
   6.1612e-01   1.3460e+01   4.5000e+01   4.1715e-06   1.6996e-01   1.9336e-05   2.3763e-06   7.8781e-01   9.6820e-02
   6.2590e-01   1.3470e+01   4.5000e+01   1.1892e-05   4.5117e-01   2.8583e-05   3.2786e-06   1.0844e+00   1.2439e-01
   6.3596e-01   1.3480e+01   4.5000e+01   9.7036e-05   3.4273e+00   8.0705e-05   1.2862e-05   2.8505e+00   4.5430e-01
   6.4527e-01   1.3489e+01   4.5000e+01   1.8208e-05   6.0291e-01   1.7374e-05   6.3051e-06   5.7529e-01   2.0878e-01
   6.6331e-01   1.3507e+01   4.5000e+01   3.6227e-06   1.0629e-01   1.3451e-05   4.2034e-06   3.9465e-01   1.2333e-01
   6.6778e-01   1.3512e+01   4.5000e+01   3.4499e-06   9.8318e-02   1.1966e-05   3.8391e-06   3.4100e-01   1.0941e-01
   6.9152e-01   1.3536e+01   4.5000e+01   4.7738e-06   1.1713e-01   1.5693e-05   2.2726e-06   3.8505e-01   5.5763e-02
   6.9636e-01   1.3540e+01   4.5000e+01   5.3589e-06   1.2767e-01   1.3367e-05   2.4436e-06   3.1844e-01   5.8214e-02
   7.0348e-01   1.3547e+01   4.5000e+01   6.4445e-06   1.4710e-01   1.0116e-05   2.0008e-06   2.3090e-01   4.5668e-02
   7.2200e-01   1.3566e+01   4.5000e+01   1.0910e-05   2.2351e-01   1.1405e-05   2.6453e-06   2.3365e-01   5.4194e-02
   7.3121e-01   1.3575e+01   4.5000e+01   1.3770e-05   2.6778e-01   1.7906e-05   2.7714e-06   3.4821e-01   5.3894e-02
   7.4004e-01   1.3584e+01   4.5000e+01   1.6389e-05   3.0347e-01   2.5416e-05   1.9812e-06   4.7064e-01   3.6686e-02
   7.4887e-01   1.3593e+01   4.5000e+01   1.9791e-05   3.4929e-01   1.9616e-05   2.2474e-06   3.4619e-01   3.9664e-02
   7.5941e-01   1.3603e+01   4.5000e+01   2.6661e-05   4.4484e-01   2.0877e-05   2.2838e-06   3.4833e-01   3.8106e-02


   2.1927e-01   1.3063e+01   0.0000e+00   1.4345e-07   3.7840e+00   1.6560e-07   3.6216e-08   4.3684e+00   9.5534e-01
   2.1993e-01   1.3064e+01   0.0000e+00   1.4036e-07   3.6107e+00   2.1456e-07   7.6320e-08   5.5195e+00   1.9633e+00
   2.8565e-01   1.3130e+01   0.0000e+00   5.7209e-08   1.9622e-01   2.1456e-07   8.7840e-08   7.3592e-01   3.0128e-01
   3.0549e-01   1.3149e+01   0.0000e+00   3.8289e-07   8.1979e-01   5.7240e-07   1.7352e-07   1.2255e+00   3.7152e-01
   3.1746e-01   1.3161e+01   0.0000e+00   3.0252e-06   4.9867e+00   2.0160e-06   6.0768e-07   3.3232e+00   1.0017e+00
   3.1879e-01   1.3163e+01   0.0000e+00   4.3944e-06   7.0431e+00   3.7152e-06   1.4832e-06   5.9545e+00   2.3772e+00
   3.1945e-01   1.3163e+01   0.0000e+00   5.4360e-06   8.5915e+00   3.2616e-06   1.2744e-06   5.1549e+00   2.0142e+00
   3.2078e-01   1.3165e+01   0.0000e+00   8.9789e-06   1.3802e+01   5.5800e-06   1.8720e-06   8.5771e+00   2.8775e+00
   3.2078e-01   1.3165e+01   0.0000e+00   8.9789e-06   1.3802e+01   8.0640e-06   2.8872e-06   1.2395e+01   4.4380e+00
   3.2012e-01   1.3164e+01   0.0000e+00   6.8824e-06   1.0727e+01   9.9360e-06   1.9800e-06   1.5486e+01   3.0861e+00
   3.2344e-01   1.3167e+01   0.0000e+00   4.4233e-05   6.4346e+01   7.8480e-05   1.7496e-05   1.1417e+02   2.5452e+01
   3.2477e-01   1.3169e+01   0.0000e+00   9.0618e-05   1.2827e+02   1.3464e-04   3.0384e-05   1.9059e+02   4.3010e+01
   3.3142e-01   1.3175e+01   0.0000e+00   7.8188e-05   9.6816e+01   1.1016e-04   2.5488e-05   1.3640e+02   3.1560e+01
   3.3341e-01   1.3177e+01   0.0000e+00   2.3780e-05   2.8310e+01   6.1848e-05   1.3752e-05   7.3629e+01   1.6372e+01
   3.3541e-01   1.3179e+01   0.0000e+00   1.0967e-05   1.2557e+01   2.5920e-05   6.3000e-06   2.9678e+01   7.2135e+00
   3.3740e-01   1.3181e+01   0.0000e+00   6.7317e-06   7.4161e+00   1.6344e-05   3.4992e-06   1.8005e+01   3.8549e+00
   3.4272e-01   1.3187e+01   0.0000e+00   3.1147e-06   3.1011e+00   6.4656e-06   1.4400e-06   6.4374e+00   1.4337e+00
   3.4272e-01   1.3187e+01   0.0000e+00   3.1147e-06   3.1011e+00   2.3400e-06   5.4216e-07   2.3298e+00   5.3980e-01
   3.6190e-01   1.3206e+01   0.0000e+00   1.1659e-06   8.2188e-01   1.3176e-06   2.9232e-07   9.2879e-01   2.0606e-01
   3.8118e-01   1.3225e+01   0.0000e+00   9.7541e-07   4.9976e-01   1.2240e-06   2.8368e-07   6.2712e-01   1.4534e-01
   3.9979e-01   1.3244e+01   0.0000e+00   1.0845e-06   4.1798e-01   7.8480e-07   1.8216e-07   3.0246e-01   7.0205e-02
   4.1840e-01   1.3262e+01   0.0000e+00   1.4276e-06   4.2235e-01   1.0368e-06   2.5128e-07   3.0673e-01   7.4340e-02
   4.3626e-01   1.3280e+01   0.0000e+00   2.2523e-06   5.2589e-01   2.7072e-06   6.3432e-07   6.3211e-01   1.4811e-01
   4.5620e-01   1.3300e+01   0.0000e+00   1.1910e-05   2.1727e+00   1.4904e-05   3.4848e-06   2.7188e+00   6.3570e-01
   4.5819e-01   1.3302e+01   0.0000e+00   2.5110e-05   4.4732e+00   2.6928e-05   6.2928e-06   4.7970e+00   1.1210e+00
   4.5952e-01   1.3304e+01   0.0000e+00   8.8225e-05   1.5471e+01   4.6872e-05   1.2024e-05   8.2195e+00   2.1085e+00
   4.6019e-01   1.3304e+01   0.0000e+00   2.0378e-04   3.5456e+01   1.1376e-04   2.7720e-05   1.9793e+01   4.8231e+00
   4.6085e-01   1.3305e+01   0.0000e+00   2.3602e-04   4.0745e+01   3.3336e-04   7.0776e-05   5.7550e+01   1.2218e+01
   4.6816e-01   1.3312e+01   0.0000e+00   2.1499e-05   3.4096e+00   2.1384e-04   4.6728e-05   3.3913e+01   7.4105e+00
   4.7082e-01   1.3315e+01   0.0000e+00   3.8618e-06   5.9414e-01   2.4552e-05   5.9544e-06   3.7773e+00   9.1608e-01
   4.7548e-01   1.3319e+01   0.0000e+00   1.4391e-06   2.1009e-01   6.2352e-06   1.3320e-06   9.1026e-01   1.9446e-01
   4.8146e-01   1.3325e+01   0.0000e+00   1.3348e-06   1.8238e-01   4.8096e-06   1.5624e-06   6.5714e-01   2.1347e-01
   4.8079e-01   1.3325e+01   0.0000e+00   1.3153e-06   1.8103e-01   2.7576e-06   6.7104e-07   3.7953e-01   9.2356e-02
   4.9466e-01   1.3339e+01   0.0000e+00   2.0653e-06   2.4492e-01   2.6568e-06   6.4656e-07   3.1507e-01   7.6675e-02
   5.1460e-01   1.3359e+01   0.0000e+00   3.7221e-06   3.6036e-01   3.1392e-06   7.6320e-07   3.0392e-01   7.3889e-02
   5.1394e-01   1.3358e+01   0.0000e+00   3.6540e-06   3.5609e-01   4.9032e-06   1.1448e-06   4.7783e-01   1.1156e-01
   5.5240e-01   1.3396e+01   0.0000e+00   1.0666e-05   7.2627e-01   1.1880e-05   2.6496e-06   8.0891e-01   1.8041e-01
   5.5971e-01   1.3404e+01   0.0000e+00   1.1979e-05   7.6534e-01   1.0080e-05   2.8440e-06   6.4401e-01   1.8170e-01
   5.6968e-01   1.3414e+01   0.0000e+00   1.1116e-05   6.5253e-01   1.0656e-05   3.8160e-06   6.2552e-01   2.2400e-01
   5.6303e-01   1.3407e+01   0.0000e+00   1.2028e-05   7.4686e-01   1.7568e-05   4.4928e-06   1.0909e+00   2.7898e-01
   5.7034e-01   1.3414e+01   0.0000e+00   1.0999e-05   6.4209e-01   2.0016e-05   6.5016e-06   1.1684e+00   3.7953e-01
   5.7965e-01   1.3424e+01   0.0000e+00   1.0454e-05   5.6517e-01   1.2384e-05   3.0024e-06   6.6948e-01   1.6231e-01
   5.8962e-01   1.3434e+01   0.0000e+00   1.3070e-05   6.5218e-01   1.2816e-05   3.0024e-06   6.3950e-01   1.4981e-01
   5.9940e-01   1.3443e+01   0.0000e+00   1.8939e-05   8.7542e-01   2.2392e-05   4.6728e-06   1.0350e+00   2.1599e-01
   6.0814e-01   1.3452e+01   0.0000e+00   2.8830e-05   1.2467e+00   4.0752e-05   1.0080e-05   1.7622e+00   4.3589e-01
   6.1222e-01   1.3456e+01   0.0000e+00   3.6573e-05   1.5338e+00   5.7384e-05   1.5048e-05   2.4066e+00   6.3109e-01
   6.1783e-01   1.3462e+01   0.0000e+00   5.4486e-05   2.1922e+00   6.8040e-05   1.7136e-05   2.7375e+00   6.8945e-01
   6.2191e-01   1.3466e+01   0.0000e+00   7.9275e-05   3.0957e+00   9.8640e-05   2.5056e-05   3.8519e+00   9.7845e-01
   6.2599e-01   1.3470e+01   0.0000e+00   1.3041e-04   4.9442e+00   1.6488e-04   4.5648e-05   6.2512e+00   1.7307e+00
   6.2856e-01   1.3473e+01   0.0000e+00   1.9744e-04   7.3492e+00   2.3472e-04   5.8032e-05   8.7369e+00   2.1601e+00
   6.3112e-01   1.3475e+01   0.0000e+00   3.3689e-04   1.2313e+01   3.4056e-04   1.1016e-04   1.2447e+01   4.0262e+00
   6.3264e-01   1.3477e+01   0.0000e+00   4.9056e-04   1.7737e+01   6.0120e-04   1.6704e-04   2.1737e+01   6.0396e+00
   6.3568e-01   1.3480e+01   0.0000e+00   9.4039e-04   3.3281e+01   8.3520e-04   2.3832e-04   2.9558e+01   8.4343e+00
   6.3720e-01   1.3481e+01   0.0000e+00   1.0788e-03   3.7777e+01   1.1952e-03   3.2544e-04   4.1851e+01   1.1396e+01
   6.4033e-01   1.3484e+01   0.0000e+00   1.0109e-03   3.4635e+01   1.8504e-03   5.0688e-04   6.3394e+01   1.7365e+01
   6.4280e-01   1.3487e+01   0.0000e+00   6.6318e-04   2.2336e+01   1.1448e-03   2.8224e-04   3.8556e+01   9.5056e+00
   6.4442e-01   1.3488e+01   0.0000e+00   4.3409e-04   1.4458e+01   7.1352e-04   1.8000e-04   2.3765e+01   5.9953e+00
   6.4745e-01   1.3491e+01   0.0000e+00   2.0675e-04   6.7446e+00   3.7080e-04   9.4320e-05   1.2096e+01   3.0769e+00
   6.4593e-01   1.3490e+01   0.0000e+00   2.9238e-04   9.6373e+00   2.0952e-04   6.1560e-05   6.9062e+00   2.0291e+00
   6.5410e-01   1.3498e+01   0.0000e+00   7.7409e-05   2.4142e+00   1.2744e-04   4.7088e-05   3.9746e+00   1.4686e+00
   6.5866e-01   1.3503e+01   0.0000e+00   5.4701e-05   1.6550e+00   6.1560e-05   1.6632e-05   1.8625e+00   5.0319e-01
   6.6635e-01   1.3510e+01   0.0000e+00   4.2343e-05   1.2179e+00   7.4160e-05   2.2392e-05   2.1331e+00   6.4407e-01
   6.6787e-01   1.3512e+01   0.0000e+00   4.1565e-05   1.1838e+00   4.5648e-05   1.4544e-05   1.3001e+00   4.1423e-01
   6.7499e-01   1.3519e+01   0.0000e+00   4.1478e-05   1.1285e+00   7.7040e-05   2.3040e-05   2.0960e+00   6.2684e-01
   6.8525e-01   1.3529e+01   0.0000e+00   4.7696e-05   1.2165e+00   7.4880e-05   2.2392e-05   1.9098e+00   5.7111e-01
   6.9133e-01   1.3535e+01   0.0000e+00   5.3961e-05   1.3256e+00   5.3424e-05   1.4616e-05   1.3124e+00   3.5905e-01
   7.0101e-01   1.3545e+01   0.0000e+00   6.8081e-05   1.5771e+00   6.3360e-05   1.8072e-05   1.4677e+00   4.1863e-01
   7.1383e-01   1.3558e+01   0.0000e+00   9.7356e-05   2.0907e+00   6.9984e-05   2.1744e-05   1.5029e+00   4.6695e-01
   7.2399e-01   1.3568e+01   0.0000e+00   1.3213e-04   2.6762e+00   8.2800e-05   2.4768e-05   1.6771e+00   5.0167e-01
   7.3273e-01   1.3577e+01   0.0000e+00   1.6735e-04   3.2268e+00   1.0584e-04   3.4344e-05   2.0408e+00   6.6222e-01
   7.3729e-01   1.3581e+01   0.0000e+00   1.8501e-04   3.4782e+00   1.6704e-04   4.5648e-05   3.1404e+00   8.5818e-01
   7.4289e-01   1.3587e+01   0.0000e+00   2.0620e-04   3.7592e+00   2.9952e-04   8.5680e-05   5.4604e+00   1.5620e+00
   7.4849e-01   1.3592e+01   0.0000e+00   2.3084e-04   4.0824e+00   2.2176e-04   5.6448e-05   3.9218e+00   9.9827e-01
   7.5619e-01   1.3600e+01   0.0000e+00   2.7901e-04   4.7355e+00   1.7928e-04   4.7016e-05   3.0428e+00   7.9797e-01
   7.6331e-01   1.3607e+01   0.0000e+00   3.4488e-04   5.6380e+00   2.2824e-04   8.4240e-05   3.7313e+00   1.3772e+00


