   3.9514e-01   1.3239e+01   0.0000e+00   1.1826e-04   4.8843e+01   1.1173e-04   1.0578e-05   4.6144e+01   4.3689e+00
   4.0464e-01   1.3249e+01   0.0000e+00   1.1147e-04   4.0029e+01   9.8625e-05   9.4743e-06   3.5417e+01   3.4023e+00
   4.1413e-01   1.3258e+01   0.0000e+00   1.0765e-04   3.3786e+01   9.7169e-05   9.3530e-06   3.0495e+01   2.9353e+00
   4.2363e-01   1.3268e+01   0.0000e+00   1.0554e-04   2.9086e+01   7.5697e-05   7.8366e-06   2.0862e+01   2.1598e+00
   4.2838e-01   1.3272e+01   0.0000e+00   1.0471e-04   2.7089e+01   9.2074e-05   8.7949e-06   2.3820e+01   2.2753e+00
   4.3312e-01   1.3277e+01   0.0000e+00   1.0375e-04   2.5225e+01   7.1573e-05   7.8487e-06   1.7401e+01   1.9082e+00
   4.4262e-01   1.3287e+01   0.0000e+00   1.0052e-04   2.1652e+01   7.2179e-05   7.9458e-06   1.5547e+01   1.7115e+00
   4.5212e-01   1.3296e+01   0.0000e+00   1.0761e-04   2.0619e+01   9.6077e-05   1.0008e-05   1.8409e+01   1.9176e+00
   4.5686e-01   1.3301e+01   0.0000e+00   2.8132e-04   5.0913e+01   3.6393e-04   3.4573e-05   6.5864e+01   6.2571e+00
   4.5876e-01   1.3303e+01   0.0000e+00   1.1711e-03   2.0722e+02   3.2632e-03   2.9599e-04   5.7741e+02   5.2374e+01
   4.5971e-01   1.3304e+01   0.0000e+00   5.6638e-03   9.9099e+02   1.4436e-02   1.2980e-03   2.5258e+03   2.2711e+02
   4.6066e-01   1.3305e+01   0.0000e+00   1.2881e-02   2.2286e+03   1.8560e-02   1.6862e-03   3.2113e+03   2.9175e+02
   4.6161e-01   1.3306e+01   0.0000e+00   1.4289e-02   2.4449e+03   2.1108e-02   1.9167e-03   3.6116e+03   3.2795e+02
   4.6256e-01   1.3307e+01   0.0000e+00   1.4633e-02   2.4760e+03   2.0744e-02   1.8803e-03   3.5101e+03   3.1817e+02
   4.6351e-01   1.3308e+01   0.0000e+00   1.4287e-02   2.3909e+03   1.3101e-02   1.1840e-03   2.1925e+03   1.9814e+02
   4.6446e-01   1.3308e+01   0.0000e+00   1.0556e-02   1.7471e+03   7.5454e-03   6.8418e-04   1.2488e+03   1.1324e+02
   4.6541e-01   1.3309e+01   0.0000e+00   3.2006e-03   5.2394e+02   3.4694e-03   3.1419e-04   5.6794e+02   5.1433e+01
   4.6636e-01   1.3310e+01   0.0000e+00   1.6545e-03   2.6789e+02   1.5892e-03   1.4436e-04   2.5730e+02   2.3373e+01
   4.6826e-01   1.3312e+01   0.0000e+00   9.0382e-04   1.4318e+02   7.7759e-04   7.0966e-05   1.2318e+02   1.1242e+01
   4.7111e-01   1.3315e+01   0.0000e+00   6.0521e-04   9.2810e+01   5.3133e-04   4.8645e-05   8.1481e+01   7.4598e+00
   4.7586e-01   1.3320e+01   0.0000e+00   4.6475e-04   6.7561e+01   4.0396e-04   3.7242e-05   5.8723e+01   5.4138e+00
   4.8535e-01   1.3329e+01   0.0000e+00   4.2647e-04   5.5849e+01   3.5544e-04   3.2632e-05   4.6547e+01   4.2734e+00
   4.9485e-01   1.3339e+01   0.0000e+00   4.7738e-04   5.6499e+01   4.0760e-04   3.7242e-05   4.8241e+01   4.4077e+00
   5.0435e-01   1.3348e+01   0.0000e+00   5.8926e-04   6.3222e+01   4.7189e-04   4.3550e-05   5.0629e+01   4.6725e+00
   5.1384e-01   1.3358e+01   0.0000e+00   7.8550e-04   7.6620e+01   6.6720e-04   6.1504e-05   6.5081e+01   5.9993e+00
   5.2334e-01   1.3367e+01   0.0000e+00   1.1307e-03   1.0056e+02   9.8382e-04   8.9648e-05   8.7490e+01   7.9723e+00
   5.2809e-01   1.3372e+01   0.0000e+00   1.3999e-03   1.1898e+02   1.2859e-03   1.1876e-04   1.0929e+02   1.0094e+01
   5.3283e-01   1.3377e+01   0.0000e+00   1.7728e-03   1.4411e+02   1.6255e-03   1.4800e-04   1.3214e+02   1.2031e+01
   5.3758e-01   1.3382e+01   0.0000e+00   2.2988e-03   1.7883e+02   2.2564e-03   2.0380e-04   1.7553e+02   1.5854e+01
   5.4233e-01   1.3386e+01   0.0000e+00   3.0496e-03   2.2718e+02   3.0327e-03   2.7416e-04   2.2592e+02   2.0423e+01
   5.4708e-01   1.3391e+01   0.0000e+00   4.1183e-03   2.9396e+02   3.7849e-03   3.4209e-04   2.7016e+02   2.4418e+01
   5.5183e-01   1.3396e+01   0.0000e+00   5.5802e-03   3.8187e+02   5.4225e-03   4.9009e-04   3.7108e+02   3.3538e+01
   5.5658e-01   1.3401e+01   0.0000e+00   7.3545e-03   4.8280e+02   7.4120e-03   6.6841e-04   4.8657e+02   4.3879e+01
   5.6132e-01   1.3405e+01   0.0000e+00   8.9703e-03   5.6521e+02   9.6562e-03   8.7100e-04   6.0844e+02   5.4881e+01
   5.6417e-01   1.3408e+01   0.0000e+00   9.5296e-03   5.8602e+02   1.0505e-02   9.4621e-04   6.4603e+02   5.8187e+01
   5.6607e-01   1.3410e+01   0.0000e+00   9.6449e-03   5.8363e+02   1.0518e-02   9.4864e-04   6.3643e+02   5.7404e+01
   5.6797e-01   1.3412e+01   0.0000e+00   9.5462e-03   5.6847e+02   1.0408e-02   9.3893e-04   6.1981e+02   5.5913e+01
   5.7082e-01   1.3415e+01   0.0000e+00   9.0560e-03   5.2656e+02   9.6805e-03   8.7221e-04   5.6287e+02   5.0714e+01
   5.7557e-01   1.3420e+01   0.0000e+00   7.7216e-03   4.3164e+02   7.8972e-03   7.1209e-04   4.4145e+02   3.9805e+01
   5.8032e-01   1.3424e+01   0.0000e+00   6.3121e-03   3.3940e+02   6.3930e-03   5.7622e-04   3.4374e+02   3.0983e+01
   5.8506e-01   1.3429e+01   0.0000e+00   5.1486e-03   2.6642e+02   5.1678e-03   4.6583e-04   2.6741e+02   2.4105e+01
   5.8981e-01   1.3434e+01   0.0000e+00   4.2824e-03   2.1336e+02   4.1124e-03   3.7121e-04   2.0489e+02   1.8495e+01
   5.9456e-01   1.3439e+01   0.0000e+00   3.6713e-03   1.7621e+02   3.5180e-03   3.1783e-04   1.6885e+02   1.5255e+01
   5.9931e-01   1.3443e+01   0.0000e+00   3.2646e-03   1.5101e+02   3.2026e-03   2.8872e-04   1.4814e+02   1.3355e+01
   6.0880e-01   1.3453e+01   0.0000e+00   2.9622e-03   1.2745e+02   2.9842e-03   2.6931e-04   1.2840e+02   1.1587e+01
   6.1355e-01   1.3458e+01   0.0000e+00   3.1002e-03   1.2874e+02   3.3967e-03   3.0691e-04   1.4105e+02   1.2745e+01
   6.1830e-01   1.3462e+01   0.0000e+00   3.5736e-03   1.4328e+02   3.8940e-03   3.5301e-04   1.5613e+02   1.4154e+01
   6.2115e-01   1.3465e+01   0.0000e+00   4.1596e-03   1.6333e+02   4.7675e-03   4.3186e-04   1.8720e+02   1.6958e+01
   6.2400e-01   1.3468e+01   0.0000e+00   5.2000e-03   2.0001e+02   6.3323e-03   5.7137e-04   2.4356e+02   2.1977e+01
   6.2590e-01   1.3470e+01   0.0000e+00   6.3649e-03   2.4148e+02   8.2733e-03   7.4605e-04   3.1388e+02   2.8305e+01
   6.2780e-01   1.3472e+01   0.0000e+00   8.2433e-03   3.0851e+02   1.1148e-02   1.0057e-03   4.1723e+02   3.7637e+01
   6.2970e-01   1.3474e+01   0.0000e+00   1.1473e-02   4.2361e+02   1.5528e-02   1.4072e-03   5.7329e+02   5.1955e+01
   6.3160e-01   1.3476e+01   0.0000e+00   1.7380e-02   6.3308e+02   2.4747e-02   2.2321e-03   9.0142e+02   8.1305e+01
   6.3349e-01   1.3477e+01   0.0000e+00   2.7814e-02   9.9961e+02   3.9062e-02   3.5180e-03   1.4038e+03   1.2643e+02
   6.3444e-01   1.3478e+01   0.0000e+00   3.4333e-02   1.2257e+03   4.8281e-02   4.3429e-03   1.7236e+03   1.5504e+02
   6.3539e-01   1.3479e+01   0.0000e+00   4.0119e-02   1.4227e+03   5.4468e-02   4.9009e-03   1.9315e+03   1.7379e+02
   6.3634e-01   1.3480e+01   0.0000e+00   4.3663e-02   1.5381e+03   5.6288e-02   5.0707e-03   1.9828e+03   1.7862e+02
   6.3729e-01   1.3481e+01   0.0000e+00   4.4174e-02   1.5458e+03   5.5560e-02   4.9979e-03   1.9442e+03   1.7489e+02
   6.3824e-01   1.3482e+01   0.0000e+00   4.1561e-02   1.4447e+03   4.6219e-02   4.1609e-03   1.6066e+03   1.4464e+02
   6.3919e-01   1.3483e+01   0.0000e+00   3.6296e-02   1.2534e+03   3.8091e-02   3.4331e-03   1.3154e+03   1.1855e+02
   6.4109e-01   1.3485e+01   0.0000e+00   2.2956e-02   7.8232e+02   2.3170e-02   2.0865e-03   7.8963e+02   7.1108e+01
   6.4299e-01   1.3487e+01   0.0000e+00   1.3454e-02   4.5254e+02   1.2980e-02   1.1731e-03   4.3659e+02   3.9456e+01
   6.4489e-01   1.3489e+01   0.0000e+00   8.4111e-03   2.7924e+02   8.5402e-03   7.6910e-04   2.8352e+02   2.5533e+01
   6.4679e-01   1.3491e+01   0.0000e+00   5.7200e-03   1.8745e+02   5.9320e-03   5.3497e-04   1.9439e+02   1.7531e+01
   6.5154e-01   1.3496e+01   0.0000e+00   2.8720e-03   9.1129e+01   3.0206e-03   2.7416e-04   9.5845e+01   8.6992e+00
   6.5629e-01   1.3500e+01   0.0000e+00   1.8453e-03   5.6716e+01   1.8439e-03   1.6741e-04   5.6674e+01   5.1454e+00
   6.6578e-01   1.3510e+01   0.0000e+00   1.1095e-03   3.2032e+01   1.2980e-03   1.1791e-04   3.7474e+01   3.4042e+00
   6.7528e-01   1.3519e+01   0.0000e+00   1.1498e-03   3.1226e+01   1.1355e-03   1.0311e-04   3.0836e+01   2.8003e+00
   6.8477e-01   1.3529e+01   0.0000e+00   7.4325e-04   1.9013e+01   1.0166e-03   9.2438e-05   2.6005e+01   2.3646e+00
   6.9427e-01   1.3538e+01   0.0000e+00   7.0080e-04   1.6909e+01   8.8435e-04   8.0671e-05   2.1337e+01   1.9464e+00
   7.0377e-01   1.3548e+01   0.0000e+00   7.1219e-04   1.6228e+01   8.2248e-04   7.5090e-05   1.8741e+01   1.7110e+00
   7.1326e-01   1.3557e+01   0.0000e+00   7.8269e-04   1.6864e+01   7.4241e-04   6.7812e-05   1.5996e+01   1.4611e+00
   7.2276e-01   1.3567e+01   0.0000e+00   9.1144e-04   1.8591e+01   6.7812e-04   6.2110e-05   1.3832e+01   1.2669e+00
   7.3226e-01   1.3576e+01   0.0000e+00   1.0137e-03   1.9598e+01   6.4415e-04   5.9199e-05   1.2453e+01   1.1445e+00
   7.5505e-01   1.3599e+01   0.0000e+00   8.8066e-04   1.5037e+01   5.9078e-04   5.5074e-05   1.0088e+01   9.4041e-01


   2.4500e-01   1.3089e+01   0.0000e+00   2.2887e-06   2.4711e+01   2.0201e-06   4.5810e-07   2.1812e+01   4.9462e+00
   2.5450e-01   1.3098e+01   0.0000e+00   3.6024e-06   2.9003e+01   3.6107e-06   5.9967e-07   2.9071e+01   4.8280e+00
   2.6400e-01   1.3108e+01   0.0000e+00   6.1263e-06   3.7397e+01   5.5354e-06   7.7305e-07   3.3790e+01   4.7189e+00
   2.7349e-01   1.3117e+01   0.0000e+00   1.1085e-05   5.2087e+01   1.0053e-05   1.1834e-06   4.7238e+01   5.5610e+00
   2.8299e-01   1.3127e+01   0.0000e+00   2.1519e-05   7.8926e+01   1.9883e-05   2.0519e-06   7.2926e+01   7.5259e+00
   2.9248e-01   1.3136e+01   0.0000e+00   4.6174e-05   1.3388e+02   4.3424e-05   4.1993e-06   1.2591e+02   1.2176e+01
   3.0198e-01   1.3146e+01   0.0000e+00   1.1727e-04   2.7195e+02   1.1262e-04   1.0435e-05   2.6117e+02   2.4198e+01
   3.0673e-01   1.3151e+01   0.0000e+00   2.0868e-04   4.3459e+02   2.0360e-04   1.8610e-05   4.2400e+02   3.8756e+01
   3.1148e-01   1.3155e+01   0.0000e+00   4.2384e-04   7.9468e+02   4.1197e-04   3.7380e-05   7.7243e+02   7.0085e+01
   3.1623e-01   1.3160e+01   0.0000e+00   1.1022e-03   1.8652e+03   1.1007e-03   9.9574e-05   1.8627e+03   1.6850e+02
   3.1812e-01   1.3162e+01   0.0000e+00   1.8435e-03   2.9963e+03   1.9088e-03   1.7179e-04   3.1024e+03   2.7922e+02
   3.2002e-01   1.3164e+01   0.0000e+00   3.5680e-03   5.5722e+03   3.8652e-03   3.4835e-04   6.0364e+03   5.4402e+02
   3.2097e-01   1.3165e+01   0.0000e+00   5.4338e-03   8.3193e+03   6.0762e-03   5.4718e-04   9.3030e+03   8.3775e+02
   3.2192e-01   1.3166e+01   0.0000e+00   9.1289e-03   1.3704e+04   1.0975e-02   9.8937e-04   1.6475e+04   1.4852e+03
   3.2287e-01   1.3167e+01   0.0000e+00   1.7678e-02   2.6020e+04   2.9904e-02   2.6882e-03   4.4016e+04   3.9567e+03
   3.2382e-01   1.3168e+01   0.0000e+00   3.7283e-02   5.3814e+04   5.6786e-02   5.1059e-03   8.1964e+04   7.3698e+03
   3.2477e-01   1.3169e+01   0.0000e+00   5.7404e-02   8.1259e+04   6.6807e-02   6.0126e-03   9.4568e+04   8.5112e+03
   3.2572e-01   1.3170e+01   0.0000e+00   6.2605e-02   8.6920e+04   6.8556e-02   6.1717e-03   9.5182e+04   8.5686e+03
   3.2667e-01   1.3171e+01   0.0000e+00   5.3587e-02   7.2978e+04   5.0582e-02   4.5651e-03   6.8885e+04   6.2170e+03
   3.2762e-01   1.3172e+01   0.0000e+00   3.1204e-02   4.1687e+04   2.7836e-02   2.5132e-03   3.7188e+04   3.3575e+03
   3.2857e-01   1.3173e+01   0.0000e+00   1.5590e-02   2.0434e+04   1.5540e-02   1.3998e-03   2.0368e+04   1.8346e+03
   3.2952e-01   1.3174e+01   0.0000e+00   8.9494e-03   1.1508e+04   9.4006e-03   8.4781e-04   1.2089e+04   1.0902e+03
   3.3047e-01   1.3174e+01   0.0000e+00   5.8262e-03   7.3516e+03   6.0921e-03   5.4877e-04   7.6871e+03   6.9244e+02
   3.3142e-01   1.3175e+01   0.0000e+00   4.1272e-03   5.1105e+03   4.2152e-03   3.8016e-04   5.2194e+03   4.7073e+02
   3.3237e-01   1.3176e+01   0.0000e+00   3.0992e-03   3.7662e+03   3.1176e-03   2.8154e-04   3.7886e+03   3.4213e+02
   3.3332e-01   1.3177e+01   0.0000e+00   2.4277e-03   2.8956e+03   2.4496e-03   2.2110e-04   2.9216e+03   2.6371e+02
   3.3427e-01   1.3178e+01   0.0000e+00   1.9636e-03   2.2989e+03   2.0042e-03   1.8133e-04   2.3464e+03   2.1229e+02
   3.3522e-01   1.3179e+01   0.0000e+00   1.6286e-03   1.8716e+03   1.6224e-03   1.4618e-04   1.8646e+03   1.6800e+02
   3.3617e-01   1.3180e+01   0.0000e+00   1.3783e-03   1.5550e+03   1.3743e-03   1.2439e-04   1.5506e+03   1.4034e+02
   3.3807e-01   1.3182e+01   0.0000e+00   1.0347e-03   1.1254e+03   1.0307e-03   9.3529e-05   1.1211e+03   1.0173e+02
   3.3997e-01   1.3184e+01   0.0000e+00   8.1467e-04   8.5449e+02   7.9850e-04   7.2533e-05   8.3752e+02   7.6078e+01
   3.4186e-01   1.3186e+01   0.0000e+00   6.6462e-04   6.7245e+02   6.5534e-04   5.9490e-05   6.6307e+02   6.0191e+01
   3.4376e-01   1.3188e+01   0.0000e+00   5.5731e-04   5.4412e+02   5.4081e-04   4.9151e-05   5.2801e+02   4.7987e+01
   3.4566e-01   1.3190e+01   0.0000e+00   4.7770e-04   4.5018e+02   4.7242e-04   4.3106e-05   4.4521e+02   4.0623e+01
   3.4946e-01   1.3193e+01   0.0000e+00   3.6918e-04   3.2445e+02   3.6903e-04   3.3721e-05   3.2432e+02   2.9636e+01
   3.5421e-01   1.3198e+01   0.0000e+00   2.8680e-04   2.3137e+02   2.7836e-04   2.5450e-05   2.2456e+02   2.0531e+01
   3.5896e-01   1.3203e+01   0.0000e+00   2.3533e-04   1.7458e+02   2.2587e-04   2.0678e-05   1.6756e+02   1.5340e+01
   3.6845e-01   1.3212e+01   0.0000e+00   1.7683e-04   1.1151e+02   1.7179e-04   1.5906e-05   1.0833e+02   1.0030e+01
   3.7320e-01   1.3217e+01   0.0000e+00   1.5934e-04   9.2866e+01   1.5620e-04   1.4507e-05   9.1036e+01   8.4547e+00
   3.7795e-01   1.3222e+01   0.0000e+00   1.4633e-04   7.8946e+01   1.4395e-04   1.3234e-05   7.7663e+01   7.1398e+00
   3.8270e-01   1.3227e+01   0.0000e+00   1.3649e-04   6.8266e+01   1.3250e-04   1.2264e-05   6.6272e+01   6.1340e+00
   3.8745e-01   1.3231e+01   0.0000e+00   1.2896e-04   5.9887e+01   1.2152e-04   1.1293e-05   5.6434e+01   5.2446e+00
   3.9219e-01   1.3236e+01   0.0000e+00   1.2318e-04   5.3185e+01   1.1453e-04   1.0673e-05   4.9450e+01   4.6085e+00
   3.9694e-01   1.3241e+01   0.0000e+00   1.1874e-04   4.7734e+01   1.0991e-04   1.0275e-05   4.4187e+01   4.1309e+00
   4.0169e-01   1.3246e+01   0.0000e+00   1.1535e-04   4.3236e+01   1.0212e-04   9.5597e-06   3.8275e+01   3.5831e+00
   4.0644e-01   1.3250e+01   0.0000e+00   1.1280e-04   3.9470e+01   9.8142e-05   9.1939e-06   3.4340e+01   3.2169e+00
   4.1594e-01   1.3260e+01   0.0000e+00   1.0952e-04   3.3521e+01   9.5279e-05   9.0030e-06   2.9163e+01   2.7556e+00


   4.5962e-01   1.3304e+01   1.6510e+02   3.9735e-03   6.9602e+02   4.0584e-03   1.7716e-04   7.1089e+02   3.1033e+01
   4.5962e-01   1.3304e+01   1.5980e+02   3.9731e-03   6.9595e+02   4.0584e-03   1.5258e-04   7.1089e+02   2.6727e+01
   4.5962e-01   1.3304e+01   1.5500e+02   3.9727e-03   6.9587e+02   3.7033e-03   1.8341e-04   6.4868e+02   3.2127e+01
   4.5962e-01   1.3304e+01   1.4960e+02   3.9721e-03   6.9577e+02   3.7150e-03   1.7092e-04   6.5073e+02   2.9939e+01
   4.5962e-01   1.3304e+01   1.4500e+02   3.9715e-03   6.9567e+02   3.8828e-03   2.4272e-04   6.8013e+02   4.2516e+01
   4.5962e-01   1.3304e+01   1.3980e+02   3.9709e-03   6.9556e+02   3.9803e-03   1.6468e-04   6.9721e+02   2.8846e+01
   4.5962e-01   1.3304e+01   1.3480e+02   3.9702e-03   6.9544e+02   3.8789e-03   1.7716e-04   6.7944e+02   3.1033e+01
   4.5962e-01   1.3304e+01   1.2970e+02   3.9696e-03   6.9533e+02   3.8125e-03   1.7404e-04   6.6782e+02   3.0486e+01
   4.5962e-01   1.3304e+01   1.2470e+02   3.9689e-03   6.9522e+02   4.0194e-03   1.7404e-04   7.0405e+02   3.0486e+01
   4.5962e-01   1.3304e+01   1.1960e+02   3.9683e-03   6.9511e+02   3.9803e-03   1.5258e-04   6.9721e+02   2.6727e+01
   4.5962e-01   1.3304e+01   1.1490e+02   3.9678e-03   6.9502e+02   3.6369e-03   2.0214e-04   6.3706e+02   3.5408e+01
   4.5962e-01   1.3304e+01   1.0960e+02   3.9673e-03   6.9494e+02   3.7774e-03   1.4946e-04   6.6167e+02   2.6180e+01
   4.5962e-01   1.3304e+01   1.0470e+02   3.9670e-03   6.9488e+02   3.4379e-03   2.2711e-04   6.0220e+02   3.9782e+01
   4.5962e-01   1.3304e+01   9.9300e+01   3.9667e-03   6.9483e+02   3.4340e-03   1.5531e-04   6.0152e+02   2.7205e+01
   4.5962e-01   1.3304e+01   9.4500e+01   3.9665e-03   6.9480e+02   3.9023e-03   2.3336e-04   6.8354e+02   4.0876e+01
   4.5962e-01   1.3304e+01   8.9400e+01   3.9665e-03   6.9479e+02   4.0974e-03   1.6780e-04   7.1772e+02   2.9392e+01
   4.5962e-01   1.3304e+01   8.4700e+01   3.9666e-03   6.9480e+02   3.6057e-03   2.1463e-04   6.3159e+02   3.7595e+01
   4.5962e-01   1.3304e+01   7.9600e+01   3.9667e-03   6.9483e+02   4.2925e-03   1.6468e-04   7.5190e+02   2.8846e+01
   4.5962e-01   1.3304e+01   7.4500e+01   3.9670e-03   6.9489e+02   4.2925e-03   3.1726e-04   7.5190e+02   5.5572e+01
   4.5962e-01   1.3304e+01   6.9600e+01   3.9674e-03   6.9495e+02   3.6486e-03   2.3960e-04   6.3911e+02   4.1970e+01
   4.5962e-01   1.3304e+01   6.9700e+01   3.9674e-03   6.9495e+02   4.0584e-03   1.5219e-04   7.1089e+02   2.6658e+01
   4.5962e-01   1.3304e+01   6.4800e+01   3.9679e-03   6.9503e+02   4.0584e-03   2.1463e-04   7.1089e+02   3.7595e+01
   4.5962e-01   1.3304e+01   5.9700e+01   3.9684e-03   6.9513e+02   3.9803e-03   1.5843e-04   6.9721e+02   2.7752e+01
   4.5962e-01   1.3304e+01   5.5000e+01   3.9690e-03   6.9522e+02   3.8203e-03   2.1775e-04   6.6919e+02   3.8142e+01
   4.5962e-01   1.3304e+01   4.9800e+01   3.9696e-03   6.9534e+02   3.8750e-03   1.6780e-04   6.7876e+02   2.9392e+01
   4.5962e-01   1.3304e+01   4.4700e+01   3.9703e-03   6.9546e+02   3.7735e-03   2.0838e-04   6.6099e+02   3.6501e+01
   4.5962e-01   1.3304e+01   3.9600e+01   3.9710e-03   6.9557e+02   3.6525e-03   1.8341e-04   6.3980e+02   3.2127e+01
   4.5962e-01   1.3304e+01   3.4900e+01   3.9715e-03   6.9568e+02   4.0584e-03   1.8965e-04   7.1089e+02   3.3220e+01
   4.5962e-01   1.3304e+01   3.0600e+01   3.9721e-03   6.9576e+02   4.0194e-03   1.6155e-04   7.0405e+02   2.8299e+01
   4.5962e-01   1.3304e+01   2.5200e+01   3.9726e-03   6.9587e+02   4.0974e-03   1.6155e-04   7.1772e+02   2.8299e+01
   4.5962e-01   1.3304e+01   2.0100e+01   3.9731e-03   6.9595e+02   4.0974e-03   1.5843e-04   7.1772e+02   2.7752e+01
   4.5962e-01   1.3304e+01   1.4800e+01   3.9735e-03   6.9602e+02   4.3706e-03   1.4946e-04   7.6557e+02   2.6180e+01
   4.5962e-01   1.3304e+01   1.0000e+01   3.9738e-03   6.9607e+02   4.3706e-03   1.5219e-04   7.6557e+02   2.6658e+01
   4.5962e-01   1.3304e+01   5.4000e+00   3.9739e-03   6.9609e+02   4.2535e-03   1.8341e-04   7.4506e+02   3.2127e+01
   4.5962e-01   1.3304e+01   4.0000e-01   3.9740e-03   6.9610e+02   4.2145e-03   1.6780e-04   7.3823e+02   2.9392e+01


   5.6408e-01   1.3408e+01   1.6000e+02   9.2617e-04   5.7001e+01   9.2053e-04   2.1892e-05   5.6653e+01   1.3473e+00
   5.6408e-01   1.3408e+01   1.5000e+02   9.0194e-04   5.5509e+01   8.9732e-04   2.1350e-05   5.5225e+01   1.3140e+00
   5.6408e-01   1.3408e+01   1.4000e+02   8.7221e-04   5.3680e+01   8.5864e-04   2.3671e-05   5.2845e+01   1.4568e+00
   5.6408e-01   1.3408e+01   1.3000e+02   8.4058e-04   5.1733e+01   8.5864e-04   2.1350e-05   5.2845e+01   1.3140e+00
   5.6408e-01   1.3408e+01   1.2000e+02   8.1086e-04   4.9904e+01   8.4317e-04   2.1350e-05   5.1893e+01   1.3140e+00
   5.6408e-01   1.3408e+01   1.1000e+02   7.8663e-04   4.8413e+01   8.1997e-04   2.3129e-05   5.0464e+01   1.4235e+00
   5.6408e-01   1.3408e+01   1.0000e+02   7.7081e-04   4.7439e+01   7.8129e-04   2.0731e-05   4.8084e+01   1.2759e+00
   5.6408e-01   1.3408e+01   9.0000e+01   7.6532e-04   4.7101e+01   7.7355e-04   1.8952e-05   4.7608e+01   1.1664e+00
   5.6408e-01   1.3408e+01   8.0000e+01   7.7081e-04   4.7439e+01   7.7355e-04   2.4290e-05   4.7608e+01   1.4949e+00
   5.6408e-01   1.3408e+01   7.0000e+01   7.8663e-04   4.8413e+01   8.1223e-04   1.7792e-05   4.9988e+01   1.0950e+00
   5.6408e-01   1.3408e+01   6.0000e+01   8.1086e-04   4.9904e+01   8.4317e-04   2.0112e-05   5.1893e+01   1.2378e+00
   5.6408e-01   1.3408e+01   5.0000e+01   8.4058e-04   5.1733e+01   8.6638e-04   2.4290e-05   5.3321e+01   1.4949e+00
   5.6408e-01   1.3408e+01   4.0000e+01   8.7221e-04   5.3680e+01   8.8958e-04   2.1892e-05   5.4749e+01   1.3473e+00
   5.6408e-01   1.3408e+01   3.0000e+01   9.0194e-04   5.5509e+01   8.8185e-04   2.2510e-05   5.4273e+01   1.3854e+00
   5.6408e-01   1.3408e+01   2.0000e+01   9.2617e-04   5.7001e+01   8.9732e-04   2.3129e-05   5.5225e+01   1.4235e+00
   5.6408e-01   1.3408e+01   9.0000e+00   9.4303e-04   5.8038e+01   9.1279e-04   2.2510e-05   5.6177e+01   1.3854e+00
   5.6408e-01   1.3408e+01   0.0000e+00   9.4749e-04   5.8313e+01   9.2826e-04   2.3129e-05   5.7130e+01   1.4235e+00


   6.3435e-01   1.3478e+01   1.6000e+02   4.3919e-03   1.5689e+02   4.3977e-03   6.0430e-05   1.5710e+02   2.1588e+00
   6.3435e-01   1.3478e+01   1.5000e+02   4.4026e-03   1.5727e+02   4.3889e-03   6.1753e-05   1.5679e+02   2.2060e+00
   6.3435e-01   1.3478e+01   1.4000e+02   4.4157e-03   1.5774e+02   4.4551e-03   6.7929e-05   1.5915e+02   2.4266e+00
   6.3435e-01   1.3478e+01   1.3000e+02   4.4296e-03   1.5824e+02   4.4110e-03   7.2781e-05   1.5757e+02   2.6000e+00
   6.3435e-01   1.3478e+01   1.2000e+02   4.4428e-03   1.5871e+02   4.4992e-03   6.1753e-05   1.6072e+02   2.2060e+00
   6.3435e-01   1.3478e+01   1.1000e+02   4.4535e-03   1.5909e+02   4.4110e-03   6.9693e-05   1.5757e+02   2.4897e+00
   6.3435e-01   1.3478e+01   1.0000e+02   4.4605e-03   1.5934e+02   4.3580e-03   6.7929e-05   1.5568e+02   2.4266e+00
   6.3435e-01   1.3478e+01   9.0000e+01   4.4629e-03   1.5943e+02   4.3227e-03   6.1753e-05   1.5442e+02   2.2060e+00
   6.3435e-01   1.3478e+01   8.0000e+01   4.4605e-03   1.5934e+02   4.3933e-03   6.9693e-05   1.5694e+02   2.4897e+00
   6.3435e-01   1.3478e+01   7.0000e+01   4.4535e-03   1.5909e+02   4.4551e-03   6.9693e-05   1.5915e+02   2.4897e+00
   6.3435e-01   1.3478e+01   6.0000e+01   4.4428e-03   1.5871e+02   4.4551e-03   7.1016e-05   1.5915e+02   2.5369e+00
   6.3435e-01   1.3478e+01   5.0000e+01   4.4296e-03   1.5824e+02   4.4992e-03   6.6605e-05   1.6072e+02   2.3794e+00
   6.3435e-01   1.3478e+01   4.0000e+01   4.4157e-03   1.5774e+02   4.4551e-03   6.3518e-05   1.5915e+02   2.2691e+00
   6.3435e-01   1.3478e+01   3.0000e+01   4.4026e-03   1.5727e+02   4.4551e-03   6.4841e-05   1.5915e+02   2.3163e+00
   6.3435e-01   1.3478e+01   2.0000e+01   4.3919e-03   1.5689e+02   4.3933e-03   6.4841e-05   1.5694e+02   2.3163e+00
   6.3435e-01   1.3478e+01   1.0000e+01   4.3850e-03   1.5664e+02   4.3713e-03   5.8666e-05   1.5615e+02   2.0957e+00
   6.3435e-01   1.3478e+01   0.0000e+00   4.3825e-03   1.5656e+02   4.3933e-03   6.7929e-05   1.5694e+02   2.4266e+00


   2.8403e-01   1.3128e+01   4.5000e+01   4.1908e-08   1.4969e-01   3.5306e-08   2.4133e-08   1.2611e-01   8.6204e-02
   2.9362e-01   1.3138e+01   4.5000e+01   9.4314e-08   2.6607e-01   8.9830e-08   4.9384e-08   2.5342e-01   1.3932e-01
   2.9866e-01   1.3143e+01   4.5000e+01   1.5322e-07   3.8373e-01   1.0972e-07   6.6814e-08   2.7478e-01   1.6733e-01
   3.0322e-01   1.3147e+01   4.5000e+01   2.5126e-07   5.6648e-01   1.6893e-07   8.1115e-08   3.8086e-01   1.8288e-01
   3.0378e-01   1.3148e+01   4.5000e+01   2.6858e-07   5.9772e-01   2.7932e-07   8.8489e-08   6.2162e-01   1.9693e-01
   3.0891e-01   1.3153e+01   4.5000e+01   5.2323e-07   1.0379e+00   4.2233e-07   1.3743e-07   8.3778e-01   2.7261e-01
   3.1338e-01   1.3157e+01   4.5000e+01   1.0827e-06   1.9479e+00   7.2624e-07   9.0947e-08   1.3066e+00   1.6362e-01
   3.1338e-01   1.3157e+01   4.5000e+01   1.0827e-06   1.9479e+00   1.0078e-06   1.6156e-07   1.8131e+00   2.9066e-01
   3.4338e-01   1.3187e+01   4.5000e+01   1.3928e-06   1.3695e+00   9.7204e-07   1.8972e-07   9.5580e-01   1.8655e-01
   3.4614e-01   1.3190e+01   4.5000e+01   1.0983e-06   1.0260e+00   8.4467e-07   1.6379e-07   7.8905e-01   1.5301e-01
   3.5070e-01   1.3195e+01   4.5000e+01   8.0688e-07   6.9339e-01   9.9662e-07   1.5106e-07   8.5644e-01   1.2981e-01
   3.5582e-01   1.3200e+01   4.5000e+01   6.2177e-07   4.8741e-01   9.3405e-07   1.1687e-07   7.3221e-01   9.1614e-02
   3.6029e-01   1.3204e+01   4.5000e+01   5.2178e-07   3.7823e-01   6.0557e-07   2.7262e-07   4.3897e-01   1.9762e-01
   3.6542e-01   1.3209e+01   4.5000e+01   4.4539e-07   2.9564e-01   9.0277e-07   1.6938e-07   5.9923e-01   1.1243e-01
   3.7045e-01   1.3214e+01   4.5000e+01   3.9471e-07   2.4075e-01   9.8992e-07   1.9195e-07   6.0380e-01   1.1708e-01
   3.7444e-01   1.3218e+01   4.5000e+01   3.6579e-07   2.0892e-01   5.9216e-07   2.3910e-07   3.3821e-01   1.3656e-01
   3.7947e-01   1.3223e+01   4.5000e+01   3.3930e-07   1.7865e-01   7.6869e-07   1.7765e-07   4.0472e-01   9.3533e-02
   3.8061e-01   1.3225e+01   4.5000e+01   3.3455e-07   1.7297e-01   4.4915e-07   1.5910e-07   2.3222e-01   8.2258e-02
   3.8859e-01   1.3233e+01   4.5000e+01   3.1133e-07   1.4205e-01   3.1731e-07   1.1128e-07   1.4478e-01   5.0776e-02
   3.9362e-01   1.3238e+01   4.5000e+01   3.0428e-07   1.2858e-01   6.5473e-07   1.4547e-07   2.7667e-01   6.1471e-02
   3.9704e-01   1.3241e+01   4.5000e+01   3.0244e-07   1.2142e-01   3.6200e-07   1.2826e-07   1.4533e-01   5.1492e-02
   4.0160e-01   1.3246e+01   4.5000e+01   3.0364e-07   1.1396e-01   1.0368e-06   2.0111e-07   3.8916e-01   7.5483e-02
   4.0663e-01   1.3251e+01   4.5000e+01   3.1007e-07   1.0820e-01   7.3741e-07   1.6022e-07   2.5732e-01   5.5908e-02
   4.0948e-01   1.3253e+01   4.5000e+01   3.1638e-07   1.0600e-01   1.1620e-06   2.4804e-07   3.8932e-01   8.3106e-02
   4.1233e-01   1.3256e+01   4.5000e+01   3.2492e-07   1.0458e-01   6.3909e-07   1.7810e-07   2.0569e-01   5.7321e-02
   4.1736e-01   1.3261e+01   4.5000e+01   3.4665e-07   1.0404e-01   1.3787e-06   2.3463e-07   4.1378e-01   7.0417e-02
   4.2249e-01   1.3266e+01   4.5000e+01   3.8051e-07   1.0649e-01   7.4635e-07   2.0379e-07   2.0888e-01   5.7034e-02
   4.2534e-01   1.3269e+01   4.5000e+01   4.0651e-07   1.0950e-01   1.4458e-06   1.6201e-07   3.8944e-01   4.3638e-02
   4.2695e-01   1.3271e+01   4.5000e+01   4.2426e-07   1.1185e-01   1.1061e-06   3.5530e-07   2.9161e-01   9.3669e-02
   4.3208e-01   1.3276e+01   4.5000e+01   5.0103e-07   1.2348e-01   9.3182e-07   2.4580e-07   2.2964e-01   6.0577e-02
   4.3711e-01   1.3281e+01   4.5000e+01   6.2539e-07   1.4443e-01   1.9150e-06   1.3720e-07   4.4228e-01   3.1687e-02
   4.4167e-01   1.3286e+01   4.5000e+01   8.2181e-07   1.7914e-01   1.6983e-06   1.8592e-07   3.7019e-01   4.0526e-02
   4.4566e-01   1.3290e+01   4.5000e+01   1.1367e-06   2.3573e-01   2.6145e-06   2.7709e-07   5.4221e-01   5.7465e-02
   4.5183e-01   1.3296e+01   4.5000e+01   2.5075e-06   4.8213e-01   3.8658e-06   3.8211e-07   7.4328e-01   7.3469e-02
   4.5582e-01   1.3300e+01   4.5000e+01   6.4905e-06   1.1894e+00   8.5808e-06   1.0748e-06   1.5724e+00   1.9696e-01
   4.5753e-01   1.3302e+01   4.5000e+01   1.3277e-05   2.3839e+00   1.6603e-05   1.5284e-06   2.9811e+00   2.7444e-01
   4.5810e-01   1.3302e+01   4.5000e+01   1.8710e-05   3.3369e+00   2.9943e-05   2.5698e-06   5.3402e+00   4.5830e-01
   4.5867e-01   1.3303e+01   4.5000e+01   2.9349e-05   5.1990e+00   4.9384e-05   4.2233e-06   8.7480e+00   7.4814e-01
   4.6199e-01   1.3306e+01   4.5000e+01   2.7223e-04   4.6372e+01   1.2089e-04   1.2089e-05   2.0593e+01   2.0593e+00
   4.6313e-01   1.3307e+01   4.5000e+01   2.6770e-04   4.4998e+01   3.2178e-04   3.2178e-05   5.4088e+01   5.4088e+00
   4.6370e-01   1.3308e+01   4.5000e+01   2.5422e-04   4.2449e+01   2.8379e-04   2.8379e-05   4.7387e+01   4.7387e+00
   4.6598e-01   1.3310e+01   4.5000e+01   2.2390e-05   3.6411e+00   2.5921e-04   2.5921e-05   4.2154e+01   4.2154e+00
   4.6541e-01   1.3309e+01   4.5000e+01   4.1410e-05   6.7788e+00   1.7675e-04   1.7675e-05   2.8935e+01   2.8935e+00
   4.6712e-01   1.3311e+01   4.5000e+01   1.0151e-05   1.6293e+00   8.3797e-05   8.3797e-06   1.3450e+01   1.3450e+00
   4.6769e-01   1.3312e+01   4.5000e+01   7.5956e-06   1.2112e+00   3.3519e-05   3.3295e-06   5.3447e+00   5.3091e-01
   4.6712e-01   1.3311e+01   4.5000e+01   1.0151e-05   1.6293e+00   1.9709e-05   1.9463e-06   3.1633e+00   3.1239e-01
   4.6826e-01   1.3312e+01   4.5000e+01   5.9177e-06   9.3745e-01   1.1441e-05   1.0659e-06   1.8124e+00   1.6885e-01
   4.6769e-01   1.3312e+01   4.5000e+01   7.5956e-06   1.2112e+00   3.4412e-06   1.1888e-06   5.4872e-01   1.8956e-01
   4.6769e-01   1.3312e+01   4.5000e+01   7.5956e-06   1.2112e+00   2.2569e-06   6.0334e-07   3.5988e-01   9.6205e-02
   4.7215e-01   1.3316e+01   4.5000e+01   1.8594e-06   2.8179e-01   1.4636e-06   4.3351e-07   2.2181e-01   6.5697e-02
   4.7557e-01   1.3320e+01   4.5000e+01   9.8157e-07   1.4315e-01   9.8098e-07   3.3966e-07   1.4306e-01   4.9533e-02
   4.7842e-01   1.3322e+01   4.5000e+01   6.6215e-07   9.3550e-02   6.9719e-07   1.7430e-07   9.8501e-02   2.4625e-02
   4.8298e-01   1.3327e+01   4.5000e+01   4.2035e-07   5.6486e-02   6.2792e-07   1.5664e-07   8.4379e-02   2.1050e-02
   4.8687e-01   1.3331e+01   4.5000e+01   3.2462e-07   4.1820e-02   4.9384e-07   1.5620e-07   6.3620e-02   2.0122e-02
   4.9257e-01   1.3337e+01   4.5000e+01   2.6269e-07   3.1846e-02   7.2177e-07   2.2033e-07   8.7499e-02   2.6710e-02
   5.0159e-01   1.3346e+01   4.5000e+01   2.5265e-07   2.7880e-02   8.3573e-07   2.5474e-07   9.2226e-02   2.8112e-02
   5.0833e-01   1.3352e+01   4.5000e+01   2.8779e-07   2.9656e-02   7.4411e-07   3.6200e-07   7.6679e-02   3.7303e-02
   5.1631e-01   1.3360e+01   4.5000e+01   3.7564e-07   3.5762e-02   7.2400e-07   4.7150e-07   6.8926e-02   4.4887e-02
   5.2191e-01   1.3366e+01   4.5000e+01   4.7763e-07   4.3061e-02   2.6145e-06   9.7427e-07   2.3571e-01   8.7836e-02
   5.2647e-01   1.3370e+01   4.5000e+01   5.9651e-07   5.1483e-02   2.1005e-06   5.7429e-07   1.8129e-01   4.9565e-02
   5.3207e-01   1.3376e+01   4.5000e+01   8.0825e-07   6.6170e-02   2.1988e-06   6.5920e-07   1.8001e-01   5.3968e-02
   5.3777e-01   1.3382e+01   4.5000e+01   1.1382e-06   8.8388e-02   2.5251e-06   7.0389e-07   1.9609e-01   5.4663e-02
   5.4119e-01   1.3385e+01   4.5000e+01   1.4192e-06   1.0682e-01   2.0290e-06   7.4858e-07   1.5272e-01   5.6346e-02
   5.4622e-01   1.3390e+01   4.5000e+01   1.9977e-06   1.4369e-01   2.9496e-06   7.0836e-07   2.1216e-01   5.0950e-02
   5.5078e-01   1.3395e+01   4.5000e+01   2.7422e-06   1.8940e-01   4.7596e-06   9.7874e-07   3.2873e-01   6.7599e-02
   5.5695e-01   1.3401e+01   4.5000e+01   4.0763e-06   2.6671e-01   4.9384e-06   8.3797e-07   3.2312e-01   5.4829e-02
   5.6094e-01   1.3405e+01   4.5000e+01   4.9498e-06   3.1290e-01   2.5027e-06   1.0056e-06   1.5821e-01   6.3567e-02
   5.6484e-01   1.3409e+01   4.5000e+01   5.5311e-06   3.3822e-01   4.6256e-06   1.2156e-06   2.8285e-01   7.4333e-02
   5.7110e-01   1.3415e+01   4.5000e+01   5.5658e-06   3.2285e-01   6.0110e-06   1.2000e-06   3.4868e-01   6.9606e-02
   5.7956e-01   1.3424e+01   4.5000e+01   4.7405e-06   2.5647e-01   4.1563e-06   1.2692e-06   2.2487e-01   6.8669e-02
   5.8525e-01   1.3429e+01   4.5000e+01   4.3823e-06   2.2642e-01   1.0614e-05   1.5329e-06   5.4840e-01   7.9201e-02
   5.9086e-01   1.3435e+01   4.5000e+01   4.4025e-06   2.1754e-01   1.1687e-05   1.7631e-06   5.7749e-01   8.7120e-02
   5.9371e-01   1.3438e+01   4.5000e+01   4.5799e-06   2.2129e-01   9.2958e-06   1.3407e-06   4.4916e-01   6.4782e-02
   6.0045e-01   1.3444e+01   4.5000e+01   5.5803e-06   2.5587e-01   1.3676e-05   1.7117e-06   6.2706e-01   7.8485e-02
   6.0558e-01   1.3450e+01   4.5000e+01   7.1557e-06   3.1550e-01   1.3296e-05   1.3474e-06   5.8621e-01   5.9409e-02
   6.0956e-01   1.3454e+01   4.5000e+01   9.2259e-06   3.9470e-01   1.1709e-05   1.4793e-06   5.0094e-01   6.3287e-02
   6.1631e-01   1.3460e+01   4.5000e+01   1.6279e-05   6.6235e-01   2.4133e-05   2.4580e-06   9.8191e-01   1.0001e-01
   6.2029e-01   1.3464e+01   4.5000e+01   2.5314e-05   1.0002e+00   3.3742e-05   4.0222e-06   1.3332e+00   1.5893e-01
   6.2029e-01   1.3464e+01   4.5000e+01   2.5314e-05   1.0002e+00   3.9329e-05   4.6256e-06   1.5540e+00   1.8277e-01
   6.2647e-01   1.3470e+01   4.5000e+01   6.4455e-05   2.4354e+00   5.8322e-05   5.8322e-06   2.2037e+00   2.2037e-01
   6.3103e-01   1.3475e+01   4.5000e+01   1.8274e-04   6.6835e+00   1.1218e-04   1.1083e-05   4.1026e+00   4.0536e-01
   6.3046e-01   1.3474e+01   4.5000e+01   1.5675e-04   5.7562e+00   1.7318e-04   1.7318e-05   6.3594e+00   6.3594e-01
   6.3720e-01   1.3481e+01   4.5000e+01   6.5300e-04   2.2865e+01   5.1395e-04   5.1395e-05   1.7996e+01   1.7996e+00
   6.4565e-01   1.3490e+01   4.5000e+01   1.1860e-04   3.9169e+00   1.8703e-04   1.8703e-05   6.1770e+00   6.1770e-01
   6.4964e-01   1.3494e+01   4.5000e+01   5.9932e-05   1.9263e+00   8.7372e-05   8.7372e-06   2.8082e+00   2.8082e-01
   6.5021e-01   1.3494e+01   4.5000e+01   5.5317e-05   1.7711e+00   7.9774e-05   7.9774e-06   2.5541e+00   2.5541e-01
   6.5363e-01   1.3498e+01   4.5000e+01   3.6452e-05   1.1405e+00   4.7150e-05   4.7150e-06   1.4752e+00   1.4752e-01
   6.5705e-01   1.3501e+01   4.5000e+01   2.6073e-05   7.9734e-01   2.9720e-05   3.3295e-06   9.0885e-01   1.0182e-01
   6.6151e-01   1.3506e+01   4.5000e+01   1.8299e-05   5.4330e-01   2.2234e-05   1.8972e-06   6.6013e-01   5.6327e-02
   6.6721e-01   1.3511e+01   4.5000e+01   1.2778e-05   3.6550e-01   2.0960e-05   2.1228e-06   5.9955e-01   6.0722e-02
   6.6721e-01   1.3511e+01   4.5000e+01   1.2778e-05   3.6550e-01   1.8748e-05   1.8502e-06   5.3627e-01   5.2924e-02
   6.7509e-01   1.3519e+01   4.5000e+01   8.7001e-06   2.3656e-01   7.2400e-06   2.9049e-06   1.9686e-01   7.8986e-02
   6.8354e-01   1.3528e+01   4.5000e+01   6.3414e-06   1.6347e-01   3.7317e-06   1.8525e-06   9.6198e-02   4.7753e-02
   6.9313e-01   1.3537e+01   4.5000e+01   4.8151e-06   1.1699e-01   5.1172e-06   1.2581e-06   1.2433e-01   3.0566e-02
   6.9883e-01   1.3543e+01   4.5000e+01   4.2275e-06   9.9223e-02   5.2959e-06   1.7251e-06   1.2430e-01   4.0489e-02
   7.0329e-01   1.3547e+01   4.5000e+01   3.8777e-06   8.8608e-02   7.3071e-06   2.4133e-06   1.6697e-01   5.5147e-02
   7.1412e-01   1.3558e+01   4.5000e+01   3.3230e-06   7.1242e-02   1.0570e-05   2.3016e-06   2.2660e-01   4.9345e-02
   7.1469e-01   1.3559e+01   4.5000e+01   3.3034e-06   7.0589e-02   7.7540e-06   2.0804e-06   1.6569e-01   4.4454e-02
   7.1630e-01   1.3560e+01   4.5000e+01   3.2529e-06   6.8862e-02   5.4077e-06   1.0145e-06   1.1448e-01   2.1476e-02
   7.2371e-01   1.3568e+01   4.5000e+01   3.1122e-06   6.3139e-02   5.0725e-06   1.9463e-06   1.0291e-01   3.9486e-02
   7.2760e-01   1.3572e+01   4.5000e+01   3.1003e-06   6.1525e-02   7.6422e-06   3.3295e-06   1.5166e-01   6.6074e-02
   7.3729e-01   1.3581e+01   4.5000e+01   3.2636e-06   6.1356e-02   2.9049e-06   1.1486e-06   5.4613e-02   2.1593e-02
   7.4175e-01   1.3586e+01   4.5000e+01   3.4219e-06   6.2772e-02   7.5752e-06   2.8379e-06   1.3896e-01   5.2060e-02
   7.4175e-01   1.3586e+01   4.5000e+01   3.4219e-06   6.2772e-02   1.0815e-05   1.9173e-06   1.9840e-01   3.5171e-02
   7.4859e-01   1.3593e+01   4.5000e+01   3.7553e-06   6.6378e-02   1.0033e-05   2.7932e-06   1.7735e-01   4.9372e-02
   7.5134e-01   1.3595e+01   4.5000e+01   3.9253e-06   6.8363e-02   2.8826e-06   1.2044e-06   5.0204e-02   2.0977e-02
   7.5590e-01   1.3600e+01   4.5000e+01   4.2631e-06   7.2465e-02   9.8321e-06   1.6044e-06   1.6713e-01   2.7272e-02


   2.1860e-01   1.3063e+01   0.0000e+00   4.5637e-08   1.2346e+00   6.5880e-08   2.2896e-08   1.7823e+00   6.1941e-01
   2.1813e-01   1.3062e+01   0.0000e+00   4.5766e-08   1.2607e+00   5.6016e-08   1.4904e-08   1.5431e+00   4.1056e-01
   2.1860e-01   1.3063e+01   0.0000e+00   4.5637e-08   1.2346e+00   3.7080e-08   9.0720e-09   1.0031e+00   2.4543e-01
   3.0454e-01   1.3149e+01   0.0000e+00   3.2278e-06   7.0607e+00   3.1896e-06   7.2720e-07   6.9771e+00   1.5907e+00
   3.1660e-01   1.3161e+01   0.0000e+00   2.1742e-05   3.6497e+01   1.1592e-05   2.6568e-06   1.9459e+01   4.4598e+00
   3.1850e-01   1.3163e+01   0.0000e+00   3.5333e-05   5.6970e+01   2.5704e-05   6.6168e-06   4.1445e+01   1.0669e+01
   3.2040e-01   1.3164e+01   0.0000e+00   6.6154e-05   1.0250e+02   5.0544e-05   1.2600e-05   7.8311e+01   1.9522e+01
   3.2230e-01   1.3166e+01   0.0000e+00   1.6570e-04   2.4679e+02   3.7368e-04   8.2800e-05   5.5654e+02   1.2332e+02
   3.2743e-01   1.3171e+01   0.0000e+00   9.4602e-04   1.2687e+03   1.0152e-03   2.2608e-04   1.3615e+03   3.0319e+02
   3.2923e-01   1.3173e+01   0.0000e+00   9.3036e-04   1.2032e+03   7.2720e-04   1.6128e-04   9.4049e+02   2.0858e+02
   3.3113e-01   1.3175e+01   0.0000e+00   7.1214e-04   8.8680e+02   4.3920e-04   1.0008e-04   5.4692e+02   1.2463e+02
   3.3246e-01   1.3176e+01   0.0000e+00   3.3402e-04   4.0514e+02   2.5128e-04   5.5872e-05   3.0479e+02   6.7769e+01
   3.3436e-01   1.3178e+01   0.0000e+00   1.2188e-04   1.4243e+02   1.1664e-04   2.5992e-05   1.3630e+02   3.0373e+01
   3.3664e-01   1.3181e+01   0.0000e+00   6.0338e-05   6.7454e+01   8.5680e-05   1.9080e-05   9.5784e+01   2.1330e+01
   3.4215e-01   1.3186e+01   0.0000e+00   2.3599e-05   2.3749e+01   3.8232e-05   9.2880e-06   3.8476e+01   9.3472e+00
   3.4262e-01   1.3187e+01   0.0000e+00   2.2291e-05   2.2234e+01   2.1888e-05   5.1408e-06   2.1831e+01   5.1275e+00
   3.6067e-01   1.3205e+01   0.0000e+00   6.8007e-06   4.8973e+00   8.1360e-06   1.9224e-06   5.8589e+00   1.3844e+00
   3.8061e-01   1.3225e+01   0.0000e+00   4.2812e-06   2.2134e+00   7.7760e-06   1.9512e-06   4.0203e+00   1.0088e+00
   3.9922e-01   1.3243e+01   0.0000e+00   3.8101e-06   1.4808e+00   6.0768e-06   1.3176e-06   2.3618e+00   5.1209e-01
   4.1736e-01   1.3261e+01   0.0000e+00   4.2940e-06   1.2887e+00   8.1360e-06   1.8648e-06   2.4418e+00   5.5966e-01
   4.3825e-01   1.3282e+01   0.0000e+00   7.8989e-06   1.7979e+00   1.4904e-05   3.4056e-06   3.3924e+00   7.7517e-01
   4.5544e-01   1.3299e+01   0.0000e+00   5.8298e-05   1.0732e+01   8.5680e-05   1.7136e-05   1.5773e+01   3.1545e+00
   4.5867e-01   1.3303e+01   0.0000e+00   2.6581e-04   4.7087e+01   1.4112e-04   2.8224e-05   2.4998e+01   4.9997e+00
   4.5867e-01   1.3303e+01   0.0000e+00   2.6581e-04   4.7087e+01   2.6136e-04   5.2272e-05   4.6298e+01   9.2596e+00
   4.5914e-01   1.3303e+01   0.0000e+00   4.3841e-04   7.7226e+01   6.2280e-04   1.2456e-04   1.0971e+02   2.1941e+01
   4.5924e-01   1.3303e+01   0.0000e+00   4.9703e-04   8.7453e+01   1.6416e-03   3.2832e-04   2.8884e+02   5.7769e+01
   4.6294e-01   1.3307e+01   0.0000e+00   2.3276e-03   3.9212e+02   3.0960e-03   6.1848e-04   5.2156e+02   1.0419e+02
   4.6712e-01   1.3311e+01   0.0000e+00   1.0832e-03   1.7385e+02   2.0520e-03   4.0968e-04   3.2935e+02   6.5754e+01
   4.6892e-01   1.3313e+01   0.0000e+00   1.3641e-04   2.1446e+01   9.1440e-04   1.8216e-04   1.4376e+02   2.8638e+01
   4.7025e-01   1.3314e+01   0.0000e+00   6.7934e-05   1.0519e+01   1.0224e-04   2.0376e-05   1.5832e+01   3.1552e+00
   4.7576e-01   1.3320e+01   0.0000e+00   1.5303e-05   2.2269e+00   9.4320e-06   1.8864e-06   1.3726e+00   2.7452e-01
   4.7994e-01   1.3324e+01   0.0000e+00   8.1550e-06   1.1330e+00   3.4200e-06   6.8328e-07   4.7515e-01   9.4929e-02
   4.9342e-01   1.3337e+01   0.0000e+00   3.2398e-06   3.8923e-01   3.9528e-06   7.9200e-07   4.7489e-01   9.5151e-02
   5.1337e-01   1.3357e+01   0.0000e+00   3.8379e-06   3.7612e-01   5.7960e-06   1.1592e-06   5.6802e-01   1.1360e-01
   5.1384e-01   1.3358e+01   0.0000e+00   3.8984e-06   3.8026e-01   9.0000e-06   1.8000e-06   8.7789e-01   1.7558e-01
   5.5097e-01   1.3395e+01   0.0000e+00   2.9929e-05   2.0637e+00   2.6352e-05   5.2632e-06   1.8170e+00   3.6290e-01
   5.5933e-01   1.3403e+01   0.0000e+00   5.0461e-05   3.2345e+00   4.4712e-05   8.9280e-06   2.8660e+00   5.7228e-01
   5.6674e-01   1.3411e+01   0.0000e+00   6.4672e-05   3.8915e+00   4.8096e-05   9.6480e-06   2.8941e+00   5.8055e-01
   5.7186e-01   1.3416e+01   0.0000e+00   6.5103e-05   3.7525e+00   5.1768e-05   1.0368e-05   2.9839e+00   5.9762e-01
   5.7091e-01   1.3415e+01   0.0000e+00   6.5586e-05   3.8104e+00   6.0840e-05   1.2168e-05   3.5347e+00   7.0694e-01
   5.7927e-01   1.3423e+01   0.0000e+00   5.7555e-05   3.1211e+00   5.7384e-05   1.1448e-05   3.1118e+00   6.2080e-01
   5.8905e-01   1.3433e+01   0.0000e+00   5.2073e-05   2.6101e+00   5.7312e-05   1.1448e-05   2.8727e+00   5.7382e-01
   5.9883e-01   1.3443e+01   0.0000e+00   6.1704e-05   2.8648e+00   7.5600e-05   1.5192e-05   3.5099e+00   7.0532e-01
   6.0719e-01   1.3451e+01   0.0000e+00   9.0962e-05   3.9618e+00   1.2672e-04   2.5344e-05   5.5192e+00   1.1038e+00
   6.1365e-01   1.3458e+01   0.0000e+00   1.4424e-04   5.9854e+00   1.7784e-04   3.5568e-05   7.3797e+00   1.4759e+00
   6.1783e-01   1.3462e+01   0.0000e+00   2.1271e-04   8.5583e+00   2.7216e-04   5.4432e-05   1.0950e+01   2.1900e+00
   6.2200e-01   1.3466e+01   0.0000e+00   3.4534e-04   1.3476e+01   4.1112e-04   8.2080e-05   1.6043e+01   3.2030e+00
   6.2390e-01   1.3468e+01   0.0000e+00   4.4938e-04   1.7297e+01   4.9752e-04   9.9360e-05   1.9149e+01   3.8243e+00
   6.2628e-01   1.3470e+01   0.0000e+00   6.5788e-04   2.4892e+01   6.9768e-04   1.3968e-04   2.6397e+01   5.2849e+00
   6.2675e-01   1.3471e+01   0.0000e+00   7.1604e-04   2.7000e+01   9.6480e-04   1.9296e-04   3.6380e+01   7.2759e+00
   6.2761e-01   1.3472e+01   0.0000e+00   8.4105e-04   3.1519e+01   1.1520e-03   2.2968e-04   4.3173e+01   8.6076e+00
   6.2951e-01   1.3474e+01   0.0000e+00   1.2578e-03   4.6503e+01   1.4328e-03   2.8656e-04   5.2972e+01   1.0594e+01
   6.3093e-01   1.3475e+01   0.0000e+00   1.7832e-03   6.5261e+01   2.3328e-03   4.6584e-04   8.5375e+01   1.7049e+01
   6.3321e-01   1.3477e+01   0.0000e+00   3.3402e-03   1.2029e+02   2.5416e-03   5.0904e-04   9.1527e+01   1.8331e+01
   6.3188e-01   1.3476e+01   0.0000e+00   2.3014e-03   8.3661e+01   3.5136e-03   7.0272e-04   1.2773e+02   2.5545e+01
   6.3416e-01   1.3478e+01   0.0000e+00   4.2955e-03   1.5365e+02   4.3848e-03   8.7840e-04   1.5685e+02   3.1421e+01
   6.3321e-01   1.3477e+01   0.0000e+00   3.3402e-03   1.2029e+02   5.8824e-03   1.1736e-03   2.1183e+02   4.2263e+01
   6.3701e-01   1.3481e+01   0.0000e+00   6.7658e-03   2.3722e+02   7.1208e-03   1.4256e-03   2.4967e+02   4.9985e+01
   6.3881e-01   1.3483e+01   0.0000e+00   7.1368e-03   2.4710e+02   8.3520e-03   1.6704e-03   2.8917e+02   5.7835e+01
   6.4204e-01   1.3486e+01   0.0000e+00   5.2938e-03   1.7923e+02   5.9688e-03   1.1952e-03   2.0208e+02   4.0465e+01
   6.4394e-01   1.3488e+01   0.0000e+00   3.4146e-03   1.1410e+02   3.6720e-03   7.3440e-04   1.2270e+02   2.4541e+01
   6.4527e-01   1.3489e+01   0.0000e+00   2.4305e-03   8.0479e+01   3.0312e-03   6.0696e-04   1.0037e+02   2.0098e+01
   6.4574e-01   1.3490e+01   0.0000e+00   2.1630e-03   7.1390e+01   2.0736e-03   4.1400e-04   6.8439e+01   1.3664e+01
   6.4802e-01   1.3492e+01   0.0000e+00   1.3143e-03   4.2708e+01   1.3104e-03   2.6208e-04   4.2582e+01   8.5164e+00
   6.4945e-01   1.3493e+01   0.0000e+00   1.0122e-03   3.2575e+01   9.5040e-04   1.9008e-04   3.0586e+01   6.1172e+00
   6.5125e-01   1.3495e+01   0.0000e+00   7.6038e-04   2.4174e+01   6.6744e-04   1.3320e-04   2.1219e+01   4.2346e+00
   6.5363e-01   1.3498e+01   0.0000e+00   5.5343e-04   1.7315e+01   4.4856e-04   9.0000e-05   1.4034e+01   2.8159e+00
   6.5591e-01   1.3500e+01   0.0000e+00   4.2760e-04   1.3176e+01   3.6504e-04   7.2720e-05   1.1248e+01   2.2408e+00
   6.5733e-01   1.3501e+01   0.0000e+00   3.7060e-04   1.1312e+01   2.8440e-04   5.6880e-05   8.6806e+00   1.7361e+00
   6.5961e-01   1.3504e+01   0.0000e+00   3.0173e-04   9.0714e+00   2.3832e-04   4.7664e-05   7.1650e+00   1.4330e+00
   6.6379e-01   1.3508e+01   0.0000e+00   2.1928e-04   6.4138e+00   2.1168e-04   4.2336e-05   6.1914e+00   1.2383e+00
   6.6569e-01   1.3510e+01   0.0000e+00   1.9336e-04   5.5859e+00   1.7496e-04   3.4992e-05   5.0543e+00   1.0109e+00
   6.7167e-01   1.3516e+01   0.0000e+00   1.3787e-04   3.8316e+00   1.6272e-04   3.2472e-05   4.5222e+00   9.0244e-01
   6.7395e-01   1.3518e+01   0.0000e+00   1.2346e-04   3.3814e+00   1.3608e-04   2.7216e-05   3.7270e+00   7.4540e-01
   6.8003e-01   1.3524e+01   0.0000e+00   9.5512e-05   2.5170e+00   1.0800e-04   2.1528e-05   2.8461e+00   5.6732e-01
   6.8468e-01   1.3529e+01   0.0000e+00   8.0871e-05   2.0700e+00   7.4880e-05   1.4904e-05   1.9166e+00   3.8148e-01
   6.8791e-01   1.3532e+01   0.0000e+00   7.2970e-05   1.8307e+00   5.8896e-05   1.1808e-05   1.4776e+00   2.9624e-01
   6.9114e-01   1.3535e+01   0.0000e+00   6.6447e-05   1.6342e+00   4.7232e-05   9.4320e-06   1.1616e+00   2.3197e-01
   6.9854e-01   1.3543e+01   0.0000e+00   5.5286e-05   1.2998e+00   4.1400e-05   8.2800e-06   9.7335e-01   1.9467e-01
   7.0320e-01   1.3547e+01   0.0000e+00   5.0266e-05   1.1493e+00   3.4704e-05   6.9336e-06   7.9347e-01   1.5853e-01
   7.1060e-01   1.3555e+01   0.0000e+00   4.4558e-05   9.7509e-01   3.1320e-05   6.2568e-06   6.8540e-01   1.3692e-01
   7.1801e-01   1.3562e+01   0.0000e+00   4.1052e-05   8.6049e-01   2.9088e-05   5.8104e-06   6.0972e-01   1.2179e-01
   7.2779e-01   1.3572e+01   0.0000e+00   3.9147e-05   7.7604e-01   2.8224e-05   5.6448e-06   5.5950e-01   1.1190e-01
   7.3567e-01   1.3580e+01   0.0000e+00   3.9518e-05   7.4961e-01   3.3192e-05   6.6312e-06   6.2961e-01   1.2579e-01
   7.4270e-01   1.3587e+01   0.0000e+00   4.1196e-05   7.5181e-01   8.8560e-05   1.7784e-05   1.6162e+00   3.2455e-01
   7.4916e-01   1.3593e+01   0.0000e+00   4.4100e-05   7.7710e-01   6.7104e-05   1.3392e-05   1.1825e+00   2.3599e-01
   7.5381e-01   1.3598e+01   0.0000e+00   4.7209e-05   8.1142e-01   5.7096e-05   1.1448e-05   9.8136e-01   1.9677e-01
   7.5847e-01   1.3602e+01   0.0000e+00   5.1326e-05   8.6069e-01   5.0760e-05   1.0152e-05   8.5119e-01   1.7024e-01
   7.6350e-01   1.3607e+01   0.0000e+00   5.7088e-05   9.3235e-01   5.6232e-05   1.1232e-05   9.1837e-01   1.8344e-01


   4.5962e-01   1.3304e+01   0.0000e+00   9.8416e-04   1.7239e+02   9.7857e-04   1.1526e-05   1.7141e+02   2.0189e+00
   4.5962e-01   1.3304e+01   3.0000e+01   9.8331e-04   1.7224e+02   9.3563e-04   1.9436e-05   1.6389e+02   3.4045e+00
   4.5962e-01   1.3304e+01   6.0000e+01   9.8162e-04   1.7194e+02   1.0170e-03   1.2091e-05   1.7814e+02   2.1179e+00
   4.5962e-01   1.3304e+01   9.0000e+01   9.8077e-04   1.7180e+02   1.0068e-03   1.2091e-05   1.7636e+02   2.1179e+00


   3.2306e-01   1.3167e+01   0.0000e+00   1.4099e-04   2.0671e+02   1.4254e-04   3.2538e-06   2.0898e+02   4.7705e+00
   3.2306e-01   1.3167e+01   3.0000e+01   1.4099e-04   2.0671e+02   1.4452e-04   5.3594e-06   2.1189e+02   7.8576e+00
   3.2306e-01   1.3167e+01   6.0000e+01   1.4099e-04   2.0671e+02   1.3844e-04   5.3325e-06   2.0297e+02   7.8182e+00
   3.2306e-01   1.3167e+01   7.5000e+01   1.4099e-04   2.0671e+02   1.4268e-04   5.5785e-06   2.0919e+02   8.1789e+00
   3.2306e-01   1.3167e+01   9.0000e+01   1.4099e-04   2.0671e+02   1.4537e-04   5.0864e-06   2.1313e+02   7.4574e+00
   3.2306e-01   1.3167e+01   1.2000e+02   1.4099e-04   2.0671e+02   1.3715e-04   5.1402e-06   2.0108e+02   7.5362e+00
   3.2306e-01   1.3167e+01   1.5000e+02   1.4099e-04   2.0671e+02   1.3859e-04   5.4145e-06   2.0320e+02   7.9384e+00


