   7.5025e+00   1.2233e+01   9.0000e+01   2.5032e-08   5.8241e-03   7.0000e-04   7.0000e-05   1.6287e+02   1.6287e+01
   7.5745e+00   1.2305e+01   9.0000e+01   4.8956e-08   1.0947e-02   7.0000e-04   7.0000e-05   1.5653e+02   1.5653e+01
   7.6705e+00   1.2401e+01   9.0000e+01   1.1296e-07   2.3980e-02   9.0000e-04   9.0000e-05   1.9105e+02   1.9105e+01
   7.7265e+00   1.2457e+01   9.0000e+01   1.7929e-07   3.6941e-02   1.2000e-03   1.2000e-04   2.4724e+02   2.4724e+01
   7.7665e+00   1.2496e+01   9.0000e+01   2.4693e-07   4.9813e-02   1.2000e-03   1.2000e-04   2.4208e+02   2.4208e+01
   7.8465e+00   1.2576e+01   9.0000e+01   4.5861e-07   8.8738e-02   1.2000e-03   1.2000e-04   2.3219e+02   2.3219e+01
   7.9105e+00   1.2640e+01   9.0000e+01   7.4014e-07   1.3858e-01   2.0000e-03   2.0000e-04   3.7447e+02   3.7447e+01
   7.9425e+00   1.2672e+01   9.0000e+01   9.3610e-07   1.7244e-01   3.7000e-03   3.7000e-04   6.8159e+02   6.8159e+01
   7.9505e+00   1.2680e+01   9.0000e+01   9.9232e-07   1.8206e-01   4.8000e-03   4.8000e-04   8.8066e+02   8.8066e+01
   7.9905e+00   1.2720e+01   9.0000e+01   1.3257e-06   2.3837e-01   2.3000e-03   2.3000e-04   4.1356e+02   4.1356e+01
   8.0224e+00   1.2752e+01   9.0000e+01   1.6679e-06   2.9514e-01   2.9000e-03   2.9000e-04   5.1317e+02   5.1317e+01
   8.0704e+00   1.2800e+01   9.0000e+01   2.3484e-06   4.0577e-01   3.7000e-03   3.7000e-04   6.3932e+02   6.3932e+01
   8.0784e+00   1.2808e+01   9.0000e+01   2.4857e-06   4.2782e-01   6.2000e-03   6.2000e-04   1.0671e+03   1.0671e+02
   8.0864e+00   1.2816e+01   9.0000e+01   2.6311e-06   4.5105e-01   7.0000e-03   7.0000e-04   1.2000e+03   1.2000e+02
   8.1104e+00   1.2840e+01   9.0000e+01   3.1197e-06   5.2854e-01   5.6000e-03   5.6000e-04   9.4877e+02   9.4877e+01
   8.1344e+00   1.2864e+01   9.0000e+01   3.6990e-06   6.1940e-01   4.3000e-03   4.3000e-04   7.2003e+02   7.2003e+01
   8.1664e+00   1.2896e+01   9.0000e+01   4.6443e-06   7.6567e-01   2.0000e-02   2.0000e-03   3.2973e+03   3.2973e+02
   8.1824e+00   1.2912e+01   9.0000e+01   5.2057e-06   8.5163e-01   1.0700e-02   1.0700e-03   1.7505e+03   1.7505e+02
   8.1904e+00   1.2920e+01   9.0000e+01   5.5121e-06   8.9827e-01   1.8100e-02   1.8100e-03   2.9496e+03   2.9496e+02
   8.1984e+00   1.2928e+01   9.0000e+01   5.8371e-06   9.4757e-01   2.0700e-02   2.0700e-03   3.3604e+03   3.3604e+02
   8.2224e+00   1.2952e+01   9.0000e+01   6.9363e-06   1.1131e+00   5.3000e-03   5.3000e-04   8.5053e+02   8.5053e+01
   8.2304e+00   1.2960e+01   9.0000e+01   7.3489e-06   1.1748e+00   2.6000e-03   2.6000e-04   4.1564e+02   4.1564e+01
   8.2704e+00   1.3000e+01   9.0000e+01   9.8355e-06   1.5427e+00   3.3000e-03   3.3000e-04   5.1759e+02   5.1759e+01
   8.3024e+00   1.3032e+01   9.0000e+01   1.2467e-05   1.9260e+00   6.0000e-03   6.0000e-04   9.2694e+02   9.2694e+01
   8.3264e+00   1.3056e+01   9.0000e+01   1.4936e-05   2.2816e+00   8.1000e-03   8.1000e-04   1.2373e+03   1.2373e+02
   8.3504e+00   1.3080e+01   9.0000e+01   1.7950e-05   2.7113e+00   6.6000e-03   6.6000e-04   9.9692e+02   9.9692e+01
   8.3664e+00   1.3096e+01   9.0000e+01   2.0330e-05   3.0480e+00   4.0000e-03   4.0000e-04   5.9970e+02   5.9970e+01
   8.3824e+00   1.3112e+01   9.0000e+01   2.3068e-05   3.4328e+00   2.3000e-03   2.3000e-04   3.4227e+02   3.4227e+01
   8.3984e+00   1.3128e+01   9.0000e+01   2.6226e-05   3.8740e+00   7.9000e-03   7.9000e-04   1.1669e+03   1.1669e+02
   8.4144e+00   1.3144e+01   9.0000e+01   2.9884e-05   4.3817e+00   1.8000e-02   1.8000e-03   2.6393e+03   2.6393e+02
   8.4624e+00   1.3192e+01   9.0000e+01   4.4933e-05   6.4448e+00   2.0500e-02   2.0500e-03   2.9403e+03   2.9403e+02
   8.4944e+00   1.3224e+01   9.0000e+01   5.9976e-05   8.4778e+00   1.8500e-02   1.8500e-03   2.6150e+03   2.6150e+02
   8.5104e+00   1.3240e+01   9.0000e+01   6.9731e-05   9.7855e+00   2.2800e-02   2.2800e-03   3.1995e+03   3.1995e+02
   8.5263e+00   1.3256e+01   9.0000e+01   8.1474e-05   1.1351e+01   2.3800e-02   2.3800e-03   3.3158e+03   3.3158e+02
   8.5343e+00   1.3264e+01   9.0000e+01   8.8248e-05   1.2250e+01   2.9400e-02   2.9400e-03   4.0812e+03   4.0812e+02
   8.5503e+00   1.3280e+01   9.0000e+01   1.0400e-04   1.4334e+01   2.1500e-02   2.1500e-03   2.9632e+03   2.9632e+02
   8.5823e+00   1.3312e+01   9.0000e+01   1.4756e-04   2.0047e+01   1.9600e-02   1.9600e-03   2.6628e+03   2.6628e+02
   8.6143e+00   1.3344e+01   9.0000e+01   2.1697e-04   2.9061e+01   2.1600e-02   2.1600e-03   2.8930e+03   2.8930e+02
   8.6303e+00   1.3360e+01   9.0000e+01   2.6766e-04   3.5596e+01   1.4600e-02   1.4600e-03   1.9416e+03   1.9416e+02
   8.6383e+00   1.3368e+01   9.0000e+01   2.9881e-04   3.9598e+01   3.1900e-02   3.1900e-03   4.2274e+03   4.2274e+02
   8.6543e+00   1.3384e+01   9.0000e+01   3.7682e-04   4.9584e+01   3.1200e-02   3.1200e-03   4.1055e+03   4.1055e+02
   8.6703e+00   1.3400e+01   9.0000e+01   4.8387e-04   6.3224e+01   2.2400e-02   2.2400e-03   2.9269e+03   2.9269e+02
   8.6783e+00   1.3408e+01   9.0000e+01   5.5262e-04   7.1954e+01   2.0600e-02   2.0600e-03   2.6822e+03   2.6822e+02
   8.6943e+00   1.3424e+01   9.0000e+01   7.3394e-04   9.4896e+01   2.0100e-02   2.0100e-03   2.5989e+03   2.5989e+02
   8.7423e+00   1.3472e+01   9.0000e+01   2.0491e-03   2.5946e+02   2.4700e-02   2.4700e-03   3.1276e+03   3.1276e+02
   8.7583e+00   1.3488e+01   9.0000e+01   3.0368e-03   3.8188e+02   2.8400e-02   2.8400e-03   3.5712e+03   3.5712e+02
   8.7743e+00   1.3504e+01   9.0000e+01   4.4495e-03   5.5567e+02   2.7500e-02   2.7500e-03   3.4343e+03   3.4343e+02
   8.8223e+00   1.3552e+01   9.0000e+01   6.6850e-03   8.1783e+02   1.9500e-02   1.9500e-03   2.3856e+03   2.3856e+02
   8.8623e+00   1.3592e+01   9.0000e+01   2.9549e-03   3.5539e+02   2.1700e-02   2.1700e-03   2.6099e+03   2.6099e+02
   8.8703e+00   1.3600e+01   9.0000e+01   2.4026e-03   2.8799e+02   2.2500e-02   2.2500e-03   2.6970e+03   2.6970e+02
   8.8943e+00   1.3624e+01   9.0000e+01   1.3910e-03   1.6505e+02   2.6800e-02   2.6800e-03   3.1800e+03   3.1800e+02
   8.9103e+00   1.3640e+01   9.0000e+01   1.0321e-03   1.2165e+02   2.4800e-02   2.4800e-03   2.9229e+03   2.9229e+02
   8.9183e+00   1.3648e+01   9.0000e+01   9.0158e-04   1.0590e+02   3.3700e-02   3.3700e-03   3.9586e+03   3.9586e+02
   8.9263e+00   1.3656e+01   9.0000e+01   7.9347e-04   9.2893e+01   3.8400e-02   3.8400e-03   4.4956e+03   4.4956e+02
   8.9343e+00   1.3664e+01   9.0000e+01   7.0280e-04   8.2003e+01   2.1600e-02   2.1600e-03   2.5203e+03   2.5203e+02
   8.9423e+00   1.3672e+01   9.0000e+01   6.2590e-04   7.2787e+01   2.2200e-02   2.2200e-03   2.5817e+03   2.5817e+02
   8.9503e+00   1.3680e+01   9.0000e+01   5.6003e-04   6.4910e+01   4.0200e-02   4.0200e-03   4.6593e+03   4.6593e+02
   8.9583e+00   1.3688e+01   9.0000e+01   5.0309e-04   5.8116e+01   3.2600e-02   3.2600e-03   3.7659e+03   3.7659e+02
   8.9983e+00   1.3728e+01   9.0000e+01   3.0654e-04   3.4828e+01   2.2300e-02   2.2300e-03   2.5336e+03   2.5336e+02


   8.2864e+00   1.3016e+01   0.0000e+00   2.8372e-05   4.4165e+00   3.4800e-03   5.4800e-04   5.4170e+02   8.5302e+01
   8.2864e+00   1.3016e+01   1.5000e+01   2.7003e-05   4.2033e+00   4.1200e-03   6.1200e-04   6.4133e+02   9.5265e+01
   8.2864e+00   1.3016e+01   3.0000e+01   2.3416e-05   3.6449e+00   3.9400e-03   5.9400e-04   6.1331e+02   9.2463e+01
   8.2864e+00   1.3016e+01   4.5000e+01   1.8879e-05   2.9388e+00   3.0600e-03   5.0600e-04   4.7632e+02   7.8765e+01
   8.2864e+00   1.3016e+01   6.0000e+01   1.4763e-05   2.2981e+00   2.5200e-03   4.5200e-04   3.9227e+02   7.0359e+01
   8.2864e+00   1.3016e+01   7.5000e+01   1.2017e-05   1.8705e+00   1.9800e-03   3.9800e-04   3.0821e+02   6.1953e+01


   8.2984e+00   1.3028e+01   0.0000e+00   3.1005e-05   4.7990e+00   6.9200e-03   1.0920e-03   1.0711e+03   1.6902e+02
   8.2984e+00   1.3028e+01   1.5000e+01   2.9510e-05   4.5676e+00   7.1200e-03   1.1120e-03   1.1020e+03   1.7212e+02
   8.2984e+00   1.3028e+01   3.0000e+01   2.5592e-05   3.9612e+00   6.0800e-03   1.0080e-03   9.4107e+02   1.5602e+02
   8.2984e+00   1.3028e+01   4.5000e+01   2.0637e-05   3.1942e+00   4.6400e-03   8.6400e-04   7.1819e+02   1.3373e+02
   8.2984e+00   1.3028e+01   6.0000e+01   1.6140e-05   2.4981e+00   3.1600e-03   7.1600e-04   4.8911e+02   1.1082e+02
   8.2984e+00   1.3028e+01   7.5000e+01   1.3137e-05   2.0334e+00   3.9600e-03   7.9600e-04   6.1293e+02   1.2321e+02


   8.3104e+00   1.3040e+01   0.0000e+00   3.3904e-05   5.2180e+00   1.4140e-02   2.1140e-03   2.1763e+03   3.2536e+02
   8.3104e+00   1.3040e+01   1.5000e+01   3.2270e-05   4.9666e+00   1.4840e-02   2.1840e-03   2.2840e+03   3.3614e+02
   8.3104e+00   1.3040e+01   3.0000e+01   2.7989e-05   4.3077e+00   1.5820e-02   2.2820e-03   2.4348e+03   3.5122e+02
   8.3104e+00   1.3040e+01   4.5000e+01   2.2573e-05   3.4741e+00   1.3020e-02   2.0020e-03   2.0039e+03   3.0812e+02
   8.3104e+00   1.3040e+01   6.0000e+01   1.7655e-05   2.7173e+00   6.7900e-03   1.3790e-03   1.0450e+03   2.1224e+02
   8.3104e+00   1.3040e+01   7.5000e+01   1.4372e-05   2.2119e+00   6.5800e-03   1.3580e-03   1.0127e+03   2.0901e+02


   8.3184e+00   1.3048e+01   0.0000e+00   3.5998e-05   5.5196e+00   2.0200e-02   3.0200e-03   3.0973e+03   4.6306e+02
   8.3184e+00   1.3048e+01   1.5000e+01   3.4264e-05   5.2537e+00   2.0900e-02   3.0900e-03   3.2046e+03   4.7379e+02
   8.3184e+00   1.3048e+01   3.0000e+01   2.9721e-05   4.5571e+00   2.7000e-02   3.7000e-03   4.1399e+03   5.6732e+02
   8.3184e+00   1.3048e+01   4.5000e+01   2.3972e-05   3.6756e+00   1.8200e-02   2.8200e-03   2.7906e+03   4.3239e+02
   8.3184e+00   1.3048e+01   6.0000e+01   1.8751e-05   2.8751e+00   1.0300e-02   2.0300e-03   1.5793e+03   3.1126e+02
   8.3184e+00   1.3048e+01   7.5000e+01   1.5264e-05   2.3405e+00   9.3000e-03   1.9300e-03   1.4260e+03   2.9593e+02


   8.3424e+00   1.3072e+01   0.0000e+00   4.3176e-05   6.5461e+00   1.2800e-02   3.2800e-03   1.9407e+03   4.9729e+02
   8.3424e+00   1.3072e+01   1.5000e+01   4.1100e-05   6.2313e+00   1.9600e-02   3.9600e-03   2.9716e+03   6.0039e+02
   8.3424e+00   1.3072e+01   3.0000e+01   3.5658e-05   5.4063e+00   2.9400e-02   4.9400e-03   4.4575e+03   7.4897e+02
   8.3424e+00   1.3072e+01   4.5000e+01   2.8769e-05   4.3618e+00   2.8200e-02   4.8200e-03   4.2755e+03   7.3078e+02
   8.3424e+00   1.3072e+01   6.0000e+01   2.2508e-05   3.4126e+00   9.6000e-03   2.9600e-03   1.4555e+03   4.4878e+02
   8.3424e+00   1.3072e+01   7.5000e+01   1.8324e-05   2.7782e+00   1.0600e-02   3.0600e-03   1.6071e+03   4.6394e+02


