   6.1811e-01   1.3462e+01   0.0000e+00   4.5450e-05   1.8248e+00   3.7000e-05   4.2050e-06   1.4855e+00   1.6883e-01
   6.2096e-01   1.3465e+01   0.0000e+00   4.6594e-05   1.8322e+00   3.7000e-05   4.2050e-06   1.4549e+00   1.6535e-01
   6.2523e-01   1.3469e+01   0.0000e+00   4.8324e-05   1.8422e+00   3.7500e-05   4.2500e-06   1.4296e+00   1.6202e-01
   6.2818e-01   1.3472e+01   0.0000e+00   4.9525e-05   1.8484e+00   3.7500e-05   4.2500e-06   1.3996e+00   1.5863e-01
   6.3236e-01   1.3476e+01   0.0000e+00   5.1243e-05   1.8565e+00   4.2500e-05   4.6950e-06   1.5398e+00   1.7010e-01
   6.3245e-01   1.3476e+01   0.0000e+00   5.1282e-05   1.8567e+00   4.0000e-05   4.4700e-06   1.4482e+00   1.6184e-01
   6.3520e-01   1.3479e+01   0.0000e+00   5.2425e-05   1.8615e+00   4.5000e-05   4.9250e-06   1.5979e+00   1.7488e-01
   6.3805e-01   1.3482e+01   0.0000e+00   5.3616e-05   1.8662e+00   5.0500e-05   5.4500e-06   1.7578e+00   1.8970e-01
   6.4062e-01   1.3485e+01   0.0000e+00   5.4697e-05   1.8702e+00   7.7500e-05   8.0000e-06   2.6499e+00   2.7353e-01
   6.4081e-01   1.3485e+01   0.0000e+00   5.4777e-05   1.8705e+00   5.7000e-05   6.0500e-06   1.9464e+00   2.0659e-01
   6.4432e-01   1.3488e+01   0.0000e+00   5.6276e-05   1.8756e+00   1.2900e-04   1.3050e-05   4.2994e+00   4.3494e-01
   6.4593e-01   1.3490e+01   0.0000e+00   5.6973e-05   1.8779e+00   1.1350e-04   1.1500e-05   3.7412e+00   3.7906e-01
   6.5021e-01   1.3494e+01   0.0000e+00   5.8846e-05   1.8841e+00   1.1600e-04   1.1750e-05   3.7140e+00   3.7620e-01
   6.5496e-01   1.3499e+01   0.0000e+00   6.0997e-05   1.8915e+00   7.7500e-05   8.0000e-06   2.4033e+00   2.4808e-01
   6.5524e-01   1.3499e+01   0.0000e+00   6.1129e-05   1.8920e+00   5.0500e-05   5.4500e-06   1.5630e+00   1.6868e-01
   6.5961e-01   1.3504e+01   0.0000e+00   6.3217e-05   1.9006e+00   5.0500e-05   5.4500e-06   1.5183e+00   1.6385e-01
   6.6103e-01   1.3505e+01   0.0000e+00   6.3932e-05   1.9041e+00   5.0500e-05   5.4500e-06   1.5040e+00   1.6232e-01
   6.6502e-01   1.3509e+01   0.0000e+00   6.6092e-05   1.9176e+00   7.5000e-05   7.7500e-06   2.1760e+00   2.2486e-01
   6.6531e-01   1.3509e+01   0.0000e+00   6.6261e-05   1.9189e+00   5.7000e-05   6.0500e-06   1.6507e+00   1.7521e-01
   6.7072e-01   1.3515e+01   0.0000e+00   7.1155e-05   1.9896e+00   8.3000e-05   8.5500e-06   2.3208e+00   2.3907e-01
   6.7328e-01   1.3517e+01   0.0000e+00   1.4528e-04   3.9961e+00   1.1150e-04   1.1350e-05   3.0668e+00   3.1218e-01
   6.7718e-01   1.3521e+01   0.0000e+00   1.5510e-04   4.1615e+00   1.4600e-04   1.4750e-05   3.9174e+00   3.9576e-01
   6.7784e-01   1.3522e+01   0.0000e+00   2.0113e-04   5.3738e+00   2.1450e-04   2.1550e-05   5.7311e+00   5.7579e-01
   6.7803e-01   1.3522e+01   0.0000e+00   1.7252e-04   4.6039e+00   1.9500e-04   1.9600e-05   5.2039e+00   5.2306e-01
   6.8060e-01   1.3525e+01   0.0000e+00   1.5288e-04   4.0143e+00   2.2750e-04   2.2850e-05   5.9738e+00   6.0000e-01
   6.8477e-01   1.3529e+01   0.0000e+00   1.3976e-04   3.5752e+00   2.3900e-04   2.4000e-05   6.1138e+00   6.1394e-01
   6.8762e-01   1.3532e+01   0.0000e+00   8.6933e-05   2.1848e+00   2.3650e-04   2.3750e-05   5.9438e+00   5.9689e-01
   6.9664e-01   1.3541e+01   0.0000e+00   9.0771e-05   2.1587e+00   2.0700e-04   2.0800e-05   4.9229e+00   4.9467e-01
   7.0253e-01   1.3547e+01   0.0000e+00   1.0006e-04   2.2969e+00   1.8750e-04   1.8850e-05   4.3040e+00   4.3270e-01
   7.0548e-01   1.3549e+01   0.0000e+00   1.0600e-04   2.3910e+00   1.8500e-04   1.8600e-05   4.1728e+00   4.1954e-01
   7.0690e-01   1.3551e+01   0.0000e+00   1.0924e-04   2.4434e+00   1.8900e-04   1.9000e-05   4.2272e+00   4.2496e-01
   7.1269e-01   1.3557e+01   0.0000e+00   1.2522e-04   2.7069e+00   1.8000e-04   1.8100e-05   3.8912e+00   3.9128e-01
   7.1412e-01   1.3558e+01   0.0000e+00   1.2988e-04   2.7846e+00   1.8250e-04   1.8350e-05   3.9127e+00   3.9341e-01
   7.1412e-01   1.3558e+01   0.0000e+00   1.2988e-04   2.7846e+00   1.8000e-04   1.8100e-05   3.8591e+00   3.8805e-01
   7.1706e-01   1.3561e+01   0.0000e+00   1.4046e-04   2.9603e+00   1.7400e-04   1.7500e-05   3.6673e+00   3.6884e-01
   7.2133e-01   1.3565e+01   0.0000e+00   1.5772e-04   3.2434e+00   1.7650e-04   1.7750e-05   3.6297e+00   3.6502e-01
   7.2143e-01   1.3565e+01   0.0000e+00   1.5812e-04   3.2500e+00   1.7400e-04   1.7500e-05   3.5763e+00   3.5968e-01
   7.2418e-01   1.3568e+01   0.0000e+00   1.6996e-04   3.4389e+00   1.8150e-04   1.8250e-05   3.6723e+00   3.6925e-01
   7.2846e-01   1.3572e+01   0.0000e+00   1.8787e-04   3.7102e+00   1.8150e-04   1.8250e-05   3.5845e+00   3.6043e-01
   7.2855e-01   1.3573e+01   0.0000e+00   1.8824e-04   3.7156e+00   1.7800e-04   1.7900e-05   3.5135e+00   3.5333e-01
   7.3264e-01   1.3577e+01   0.0000e+00   2.0241e-04   3.9048e+00   1.9700e-04   1.9800e-05   3.8005e+00   3.8198e-01
   7.3406e-01   1.3578e+01   0.0000e+00   2.0622e-04   3.9470e+00   1.9700e-04   1.9800e-05   3.7705e+00   3.7896e-01
   7.3548e-01   1.3579e+01   0.0000e+00   2.0933e-04   3.9749e+00   1.9850e-04   1.9950e-05   3.7693e+00   3.7882e-01
   7.3833e-01   1.3582e+01   0.0000e+00   2.1328e-04   3.9866e+00   1.9750e-04   1.9850e-05   3.6917e+00   3.7104e-01
   7.4251e-01   1.3587e+01   0.0000e+00   2.1384e-04   3.9064e+00   2.0900e-04   2.1000e-05   3.8181e+00   3.8363e-01
   7.4659e-01   1.3591e+01   0.0000e+00   2.0987e-04   3.7497e+00   2.2700e-04   2.2800e-05   4.0558e+00   4.0737e-01
   7.5087e-01   1.3595e+01   0.0000e+00   2.0351e-04   3.5534e+00   2.3750e-04   2.3850e-05   4.1469e+00   4.1643e-01
   7.5818e-01   1.3602e+01   0.0000e+00   1.9315e-04   3.2437e+00   2.2600e-04   2.2700e-05   3.7955e+00   3.8123e-01
   7.5970e-01   1.3604e+01   0.0000e+00   1.9140e-04   3.1888e+00   2.1550e-04   2.1650e-05   3.5903e+00   3.6069e-01
   7.6255e-01   1.3607e+01   0.0000e+00   1.8857e-04   3.0950e+00   2.1450e-04   2.1550e-05   3.5206e+00   3.5370e-01
   7.6388e-01   1.3608e+01   0.0000e+00   1.8748e-04   3.0558e+00   2.2600e-04   2.2700e-05   3.6837e+00   3.7000e-01
   7.6815e-01   1.3612e+01   0.0000e+00   1.8555e-04   2.9580e+00   2.3250e-04   2.3350e-05   3.7065e+00   3.7224e-01
   7.7907e-01   1.3623e+01   0.0000e+00   2.3782e-04   3.5856e+00   2.8000e-04   2.8050e-05   4.2215e+00   4.2290e-01
   7.8145e-01   1.3625e+01   0.0000e+00   2.8256e-04   4.2094e+00   3.2250e-04   3.2300e-05   4.8044e+00   4.8118e-01
   7.8534e-01   1.3629e+01   0.0000e+00   4.0115e-04   5.8607e+00   3.5750e-04   3.5800e-05   5.2230e+00   5.2303e-01
   7.9711e-01   1.3641e+01   0.0000e+00   1.0497e-03   1.4472e+01   8.0500e-04   8.3000e-05   1.1098e+01   1.1443e+00
   7.9825e-01   1.3642e+01   0.0000e+00   1.1286e-03   1.5474e+01   1.0650e-03   1.0850e-04   1.4602e+01   1.4876e+00
   8.0500e-01   1.3649e+01   0.0000e+00   1.6295e-03   2.1626e+01   1.4500e-03   1.4650e-04   1.9244e+01   1.9443e+00
   8.0880e-01   1.3653e+01   0.0000e+00   1.8889e-03   2.4618e+01   1.9150e-03   1.9250e-04   2.4959e+01   2.5089e+00
   8.1107e-01   1.3655e+01   0.0000e+00   2.0000e-03   2.5786e+01   2.4150e-03   2.4250e-04   3.1137e+01   3.1266e+00
   8.1563e-01   1.3660e+01   0.0000e+00   2.0606e-03   2.6003e+01   2.2650e-03   2.2750e-04   2.8583e+01   2.8709e+00
   8.1563e-01   1.3660e+01   0.0000e+00   2.0606e-03   2.6003e+01   2.2350e-03   2.2450e-04   2.8205e+01   2.8331e+00
   8.1696e-01   1.3661e+01   0.0000e+00   2.0334e-03   2.5501e+01   2.3400e-03   2.3500e-04   2.9347e+01   2.9472e+00
   8.2067e-01   1.3665e+01   0.0000e+00   1.8599e-03   2.2927e+01   1.5800e-03   1.5950e-04   1.9476e+01   1.9661e+00
   8.2323e-01   1.3667e+01   0.0000e+00   1.6745e-03   2.0398e+01   1.9050e-03   1.9150e-04   2.3205e+01   2.3327e+00


   7.4925e-01   1.3593e+01   0.0000e+00   2.0522e-04   3.6144e+00   2.4500e-04   6.6500e-05   4.3151e+00   1.1712e+00
   7.5970e-01   1.3604e+01   0.0000e+00   1.9476e-04   3.2447e+00   1.3100e-04   6.6500e-05   2.1825e+00   1.1079e+00
   7.6825e-01   1.3612e+01   0.0000e+00   2.0109e-04   3.2042e+00   3.1800e-04   6.3800e-05   5.0670e+00   1.0166e+00
   7.7774e-01   1.3622e+01   0.0000e+00   3.8170e-04   5.7936e+00   4.8600e-04   1.1400e-04   7.3767e+00   1.7303e+00
   7.8344e-01   1.3627e+01   0.0000e+00   7.2449e-04   1.0686e+01   6.0100e-04   1.5700e-04   8.8642e+00   2.3156e+00
   7.8819e-01   1.3632e+01   0.0000e+00   1.0519e-03   1.5152e+01   3.7000e-04   1.6500e-04   5.3296e+00   2.3767e+00
   7.9294e-01   1.3637e+01   0.0000e+00   1.3883e-03   1.9535e+01   1.2000e-03   3.7200e-05   1.6885e+01   5.2344e-01
   7.9768e-01   1.3642e+01   0.0000e+00   1.7956e-03   2.4686e+01   1.6000e-03   2.7100e-04   2.1997e+01   3.7258e+00
   8.0243e-01   1.3646e+01   0.0000e+00   2.2381e-03   3.0072e+01   2.3900e-03   6.1200e-05   3.2112e+01   8.2229e-01
   8.1193e-01   1.3656e+01   0.0000e+00   2.0912e-03   2.6854e+01   2.0400e-03   5.8500e-05   2.6196e+01   7.5122e-01
   8.1573e-01   1.3660e+01   0.0000e+00   1.6438e-03   2.0734e+01   9.8600e-04   2.9000e-04   1.2437e+01   3.6580e+00
   8.2143e-01   1.3665e+01   0.0000e+00   1.0867e-03   1.3349e+01   8.7200e-04   3.9900e-05   1.0711e+01   4.9011e-01


   7.9294e-01   1.3637e+01   5.0000e+01   1.2205e-04   1.7173e+00   9.1566e-05   5.9603e-06   1.2884e+00   8.3867e-02
   7.9294e-01   1.3637e+01   6.0000e+01   9.0647e-05   1.2755e+00   6.2447e-05   5.2892e-06   8.7868e-01   7.4424e-02
   7.9294e-01   1.3637e+01   7.1000e+01   6.5289e-05   9.1868e-01   7.8258e-05   8.5992e-06   1.1012e+00   1.2100e-01
   7.9294e-01   1.3637e+01   8.0000e+01   5.2803e-05   7.4298e-01   5.3006e-05   7.2798e-06   7.4584e-01   1.0243e-01
   7.9294e-01   1.3637e+01   9.0000e+01   4.7949e-05   6.7469e-01   8.7926e-05   1.1250e-05   1.2372e+00   1.5829e-01
   7.9294e-01   1.3637e+01   1.0100e+02   5.3574e-05   7.5384e-01   7.2001e-05   9.9301e-06   1.0131e+00   1.3973e-01
   7.9294e-01   1.3637e+01   1.1000e+02   6.6658e-05   9.3794e-01   9.9756e-05   9.2590e-06   1.4037e+00   1.3028e-01
   7.9294e-01   1.3637e+01   1.2100e+02   9.2554e-05   1.3023e+00   1.2171e-04   9.9187e-06   1.7126e+00   1.3957e-01
   7.9294e-01   1.3637e+01   1.3100e+02   1.2412e-04   1.7465e+00   1.2626e-04   9.2703e-06   1.7766e+00   1.3044e-01
   7.9294e-01   1.3637e+01   1.4100e+02   1.6038e-04   2.2567e+00   1.5811e-04   7.2798e-06   2.2247e+00   1.0243e-01
   7.9294e-01   1.3637e+01   1.5000e+02   1.9334e-04   2.7205e+00   2.0816e-04   1.0567e-05   2.9289e+00   1.4869e-01
   7.9294e-01   1.3637e+01   1.6000e+02   2.2532e-04   3.1705e+00   1.5924e-04   1.1238e-05   2.2407e+00   1.5813e-01


   8.0243e-01   1.3646e+01   4.9000e+01   1.8480e-04   2.4830e+00   1.6429e-04   2.6917e-05   2.2074e+00   3.6167e-01
   8.0243e-01   1.3646e+01   5.9000e+01   1.6704e-04   2.2444e+00   1.7079e-04   1.0303e-05   2.2947e+00   1.3843e-01
   8.0243e-01   1.3646e+01   7.0000e+01   1.5332e-04   2.0601e+00   1.3087e-04   1.3737e-05   1.7584e+00   1.8457e-01
   8.0243e-01   1.3646e+01   8.0000e+01   1.4629e-04   1.9656e+00   1.6893e-04   1.3180e-05   2.2698e+00   1.7709e-01
   8.0243e-01   1.3646e+01   9.0000e+01   1.4404e-04   1.9353e+00   1.6707e-04   1.0303e-05   2.2448e+00   1.3843e-01
   8.0243e-01   1.3646e+01   1.0000e+02   1.4632e-04   1.9660e+00   1.5315e-04   6.8686e-06   2.0578e+00   9.2287e-02
   8.0243e-01   1.3646e+01   1.0900e+02   1.5241e-04   2.0478e+00   1.6986e-04   1.2066e-05   2.2822e+00   1.6213e-01
   8.0243e-01   1.3646e+01   1.1900e+02   1.6396e-04   2.2029e+00   1.9492e-04   1.7171e-05   2.6190e+00   2.3072e-01
   8.0243e-01   1.3646e+01   1.3000e+02   1.8242e-04   2.4511e+00   1.7450e-04   1.7728e-05   2.3446e+00   2.3820e-01
   8.0243e-01   1.3646e+01   1.4000e+02   2.0327e-04   2.7311e+00   1.8007e-04   1.4944e-05   2.4194e+00   2.0079e-01
   8.0243e-01   1.3646e+01   1.5000e+02   2.2541e-04   3.0287e+00   2.1348e-04   2.3483e-05   2.8684e+00   3.1552e-01
   8.0243e-01   1.3646e+01   1.5900e+02   2.4353e-04   3.2721e+00   1.9585e-04   1.0303e-05   2.6314e+00   1.3843e-01


   8.1193e-01   1.3656e+01   4.9000e+01   1.5305e-04   1.9654e+00   2.1502e-04   1.0751e-05   2.7611e+00   1.3806e-01
   8.1193e-01   1.3656e+01   5.8000e+01   1.6733e-04   2.1488e+00   2.0282e-04   1.1416e-05   2.6045e+00   1.4659e-01
   8.1193e-01   1.3656e+01   6.9000e+01   1.8393e-04   2.3619e+00   2.0837e-04   1.4076e-05   2.6757e+00   1.8075e-01
   8.1193e-01   1.3656e+01   7.8000e+01   1.9416e-04   2.4933e+00   1.7955e-04   2.2167e-05   2.3057e+00   2.8465e-01
   8.1193e-01   1.3656e+01   8.9000e+01   1.9971e-04   2.5645e+00   1.8509e-04   1.2746e-05   2.3768e+00   1.6367e-01
   8.1193e-01   1.3656e+01   9.9000e+01   1.9691e-04   2.5286e+00   1.5960e-04   1.4741e-05   2.0495e+00   1.8929e-01
   8.1193e-01   1.3656e+01   1.0800e+02   1.8851e-04   2.4207e+00   1.5184e-04   1.2081e-05   1.9499e+00   1.5513e-01
   8.1193e-01   1.3656e+01   1.1900e+02   1.7308e-04   2.2225e+00   1.3743e-04   1.4741e-05   1.7648e+00   1.8929e-01
   8.1193e-01   1.3656e+01   1.2900e+02   1.5722e-04   2.0190e+00   1.6514e-04   1.1416e-05   2.1206e+00   1.4659e-01
   8.1193e-01   1.3656e+01   1.3800e+02   1.4389e-04   1.8478e+00   1.6182e-04   2.0172e-05   2.0779e+00   2.5903e-01
   8.1193e-01   1.3656e+01   1.4800e+02   1.3191e-04   1.6939e+00   1.1039e-04   9.4097e-06   1.4176e+00   1.2083e-01
   8.1193e-01   1.3656e+01   1.5800e+02   1.2363e-04   1.5876e+00   1.2302e-04   8.7337e-06   1.5798e+00   1.1215e-01


   8.2143e-01   1.3665e+01   4.8000e+01   6.8559e-05   8.4213e-01   1.3535e-04   9.9800e-06   1.6625e+00   1.2259e-01
   8.2143e-01   1.3665e+01   5.8000e+01   8.9234e-05   1.0961e+00   1.2538e-04   9.0728e-06   1.5401e+00   1.1144e-01
   8.2143e-01   1.3665e+01   6.8000e+01   1.0840e-04   1.3316e+00   1.6212e-04   3.0788e-05   1.9914e+00   3.7818e-01
   8.2143e-01   1.3665e+01   7.7000e+01   1.2154e-04   1.4929e+00   1.4829e-04   1.0887e-05   1.8215e+00   1.3373e-01
   8.2143e-01   1.3665e+01   8.8000e+01   1.2918e-04   1.5868e+00   8.9389e-05   1.3609e-05   1.0980e+00   1.6717e-01
   8.2143e-01   1.3665e+01   9.8000e+01   1.2663e-04   1.5555e+00   8.1209e-05   1.4502e-05   9.9752e-01   1.7813e-01
   8.2143e-01   1.3665e+01   1.0700e+02   1.1700e-04   1.4371e+00   1.0129e-04   1.6361e-05   1.2442e+00   2.0097e-01
   8.2143e-01   1.3665e+01   1.1800e+02   9.8199e-05   1.2062e+00   5.5924e-05   7.2582e-06   6.8694e-01   8.9156e-02
   8.2143e-01   1.3665e+01   1.2800e+02   7.7817e-05   9.5586e-01   9.5041e-05   9.9800e-06   1.1674e+00   1.2259e-01
   8.2143e-01   1.3665e+01   1.3800e+02   5.7746e-05   7.0931e-01   5.6073e-05   9.9800e-06   6.8876e-01   1.2259e-01
   8.2143e-01   1.3665e+01   1.4700e+02   4.2119e-05   5.1736e-01   5.0570e-05   7.2582e-06   6.2117e-01   8.9156e-02
   8.2143e-01   1.3665e+01   1.5700e+02   2.8869e-05   3.5461e-01   3.3465e-05   7.2582e-06   4.1107e-01   8.9156e-02


