   3.0407e-01   1.3148e+01   0.0000e+00   1.0772e-08   2.3819e-02   1.1560e-08   5.1400e-09   2.5561e-02   1.1365e-02
   3.1632e-01   1.3160e+01   0.0000e+00   4.8587e-08   8.2056e-02   4.4600e-08   5.8600e-09   7.5322e-02   9.8966e-03
   3.2002e-01   1.3164e+01   0.0000e+00   1.2444e-07   1.9435e-01   1.5420e-07   2.4600e-08   2.4082e-01   3.8418e-02
   3.2002e-01   1.3164e+01   0.0000e+00   1.2444e-07   1.9435e-01   1.1780e-07   1.3540e-08   1.8397e-01   2.1146e-02
   3.2021e-01   1.3164e+01   0.0000e+00   1.3281e-07   2.0659e-01   1.5780e-07   5.9200e-08   2.4546e-01   9.2087e-02
   3.2297e-01   1.3167e+01   0.0000e+00   5.2521e-07   7.7155e-01   9.0800e-07   8.8600e-08   1.3339e+00   1.3016e-01
   3.2496e-01   1.3169e+01   0.0000e+00   1.5496e-06   2.1850e+00   1.8840e-06   1.8700e-07   2.6566e+00   2.6368e-01
   3.2686e-01   1.3171e+01   0.0000e+00   1.8368e-06   2.4918e+00   1.6880e-06   1.9120e-07   2.2900e+00   2.5939e-01
   3.2705e-01   1.3171e+01   0.0000e+00   1.8455e-06   2.4941e+00   2.2200e-06   2.4400e-07   3.0002e+00   3.2975e-01
   3.2857e-01   1.3173e+01   0.0000e+00   1.8547e-06   2.4309e+00   1.7800e-06   1.8420e-07   2.3330e+00   2.4142e-01
   3.3066e-01   1.3175e+01   0.0000e+00   1.5763e-06   1.9815e+00   9.8200e-07   1.2140e-07   1.2344e+00   1.5261e-01
   3.3265e-01   1.3177e+01   0.0000e+00   5.6660e-07   6.8468e-01   6.0200e-07   8.3000e-08   7.2746e-01   1.0030e-01
   3.3465e-01   1.3179e+01   0.0000e+00   2.0852e-07   2.4231e-01   2.0600e-07   5.4200e-08   2.3939e-01   6.2984e-02
   3.3465e-01   1.3179e+01   0.0000e+00   2.0852e-07   2.4231e-01   2.7600e-07   3.5600e-08   3.2073e-01   4.1370e-02
   3.3702e-01   1.3181e+01   0.0000e+00   1.0565e-07   1.1725e-01   1.1560e-07   1.4640e-08   1.2829e-01   1.6247e-02
   3.6105e-01   1.3205e+01   0.0000e+00   1.9353e-08   1.3845e-02   2.0000e-08   3.4400e-09   1.4308e-02   2.4610e-03
   3.8023e-01   1.3224e+01   0.0000e+00   1.8949e-08   9.8565e-03   3.0000e-08   5.4600e-09   1.5605e-02   2.8400e-03
   3.9922e-01   1.3243e+01   0.0000e+00   2.2868e-08   8.8877e-03   1.8560e-08   5.1600e-09   7.2135e-03   2.0055e-03
   4.1802e-01   1.3262e+01   0.0000e+00   2.9291e-08   8.7109e-03   2.5800e-08   5.0000e-09   7.6727e-03   1.4869e-03
   4.3711e-01   1.3281e+01   0.0000e+00   3.8320e-08   8.8501e-03   5.2800e-08   7.5400e-09   1.2194e-02   1.7414e-03
   4.5620e-01   1.3300e+01   0.0000e+00   8.0504e-08   1.4686e-02   1.2940e-07   1.9420e-08   2.3605e-02   3.5426e-03
   4.5800e-01   1.3302e+01   0.0000e+00   1.5055e-07   2.6879e-02   1.4980e-07   2.3800e-08   2.6746e-02   4.2494e-03
   4.5876e-01   1.3303e+01   0.0000e+00   2.6118e-07   4.6213e-02   4.1400e-07   6.0200e-08   7.3255e-02   1.0652e-02
   4.5990e-01   1.3304e+01   0.0000e+00   1.3828e-06   2.4140e-01   7.5400e-07   6.7000e-08   1.3163e-01   1.1697e-02
   4.6076e-01   1.3305e+01   0.0000e+00   2.2397e-06   3.8709e-01   2.3000e-06   1.5540e-07   3.9751e-01   2.6858e-02
   4.6171e-01   1.3306e+01   0.0000e+00   2.5182e-06   4.3039e-01   2.7400e-06   1.7340e-07   4.6830e-01   2.9636e-02
   4.6247e-01   1.3306e+01   0.0000e+00   2.5789e-06   4.3687e-01   3.9000e-06   3.3800e-07   6.6066e-01   5.7257e-02
   4.6247e-01   1.3306e+01   0.0000e+00   2.5789e-06   4.3687e-01   3.1400e-06   2.3000e-07   5.3192e-01   3.8962e-02
   4.6247e-01   1.3306e+01   0.0000e+00   2.5789e-06   4.3687e-01   3.5800e-06   2.4000e-07   6.0645e-01   4.0656e-02
   4.6323e-01   1.3307e+01   0.0000e+00   2.6086e-06   4.3799e-01   3.1600e-06   2.2000e-07   5.3058e-01   3.6939e-02
   4.6446e-01   1.3308e+01   0.0000e+00   2.5293e-06   4.1863e-01   3.6000e-06   3.3000e-07   5.9584e-01   5.4618e-02
   4.6541e-01   1.3309e+01   0.0000e+00   2.5251e-06   4.1335e-01   2.3200e-06   1.8200e-07   3.7978e-01   2.9793e-02
   4.6655e-01   1.3311e+01   0.0000e+00   2.2291e-06   3.6013e-01   3.8800e-06   8.1000e-07   6.2685e-01   1.3086e-01
   4.6655e-01   1.3311e+01   0.0000e+00   2.2291e-06   3.6013e-01   2.7600e-06   2.6000e-07   4.4590e-01   4.2005e-02
   4.6750e-01   1.3312e+01   0.0000e+00   8.5274e-07   1.3627e-01   1.2940e-06   1.1340e-07   2.0678e-01   1.8122e-02
   4.7025e-01   1.3314e+01   0.0000e+00   2.1704e-07   3.3608e-02   1.8840e-07   2.8600e-08   2.9173e-02   4.4287e-03
   4.7500e-01   1.3319e+01   0.0000e+00   1.4256e-07   2.0923e-02   1.2000e-07   1.8940e-08   1.7612e-02   2.7797e-03
   4.7994e-01   1.3324e+01   0.0000e+00   1.3001e-07   1.8063e-02   1.6180e-07   1.0780e-07   2.2479e-02   1.4977e-02
   4.7994e-01   1.3324e+01   0.0000e+00   1.3001e-07   1.8063e-02   1.2640e-07   2.1600e-08   1.7561e-02   3.0009e-03
   4.9371e-01   1.3338e+01   0.0000e+00   1.4309e-07   1.7139e-02   1.1040e-07   1.8380e-08   1.3224e-02   2.2016e-03
   5.1318e-01   1.3357e+01   0.0000e+00   2.0167e-07   1.9802e-02   1.8220e-07   2.3400e-08   1.7890e-02   2.2976e-03
   5.1327e-01   1.3357e+01   0.0000e+00   2.0206e-07   1.9821e-02   2.0600e-07   2.6800e-08   2.0208e-02   2.6289e-03
   5.3198e-01   1.3376e+01   0.0000e+00   3.0708e-07   2.5163e-02   2.7000e-07   3.3200e-08   2.2124e-02   2.7204e-03
   5.5097e-01   1.3395e+01   0.0000e+00   5.0908e-07   3.5102e-02   4.8200e-07   4.4600e-08   3.3234e-02   3.0752e-03
   5.6056e-01   1.3405e+01   0.0000e+00   6.8257e-07   4.3290e-02   6.2000e-07   6.9600e-08   3.9322e-02   4.4142e-03
   5.6996e-01   1.3414e+01   0.0000e+00   9.3906e-07   5.4993e-02   9.7200e-07   9.1800e-08   5.6922e-02   5.3759e-03
   5.7965e-01   1.3424e+01   0.0000e+00   1.3608e-06   7.3565e-02   1.3560e-06   1.1960e-07   7.3306e-02   6.4656e-03
   5.8915e-01   1.3433e+01   0.0000e+00   2.0710e-06   1.0373e-01   2.3800e-06   1.7300e-07   1.1921e-01   8.6650e-03
   5.9864e-01   1.3443e+01   0.0000e+00   3.4109e-06   1.5859e-01   3.7400e-06   2.1600e-07   1.7389e-01   1.0043e-02
   6.0804e-01   1.3452e+01   0.0000e+00   6.2980e-06   2.7254e-01   6.2400e-06   3.2400e-07   2.7003e-01   1.4021e-02
   6.1298e-01   1.3457e+01   0.0000e+00   9.3558e-06   3.9015e-01   1.0620e-05   4.9400e-07   4.4287e-01   2.0601e-02
   6.1754e-01   1.3462e+01   0.0000e+00   1.4449e-05   5.8255e-01   1.4200e-05   6.4400e-07   5.7252e-01   2.5965e-02
   6.1897e-01   1.3463e+01   0.0000e+00   1.6858e-05   6.7261e-01   1.6500e-05   1.0280e-06   6.5833e-01   4.1016e-02
   6.2210e-01   1.3466e+01   0.0000e+00   2.4669e-05   9.6199e-01   2.7600e-05   1.2800e-06   1.0763e+00   4.9916e-02
   6.2333e-01   1.3467e+01   0.0000e+00   2.9221e-05   1.1294e+00   2.5600e-05   1.5820e-06   9.8940e-01   6.1142e-02
   6.2609e-01   1.3470e+01   0.0000e+00   4.4954e-05   1.7032e+00   4.6000e-05   2.0800e-06   1.7428e+00   7.8806e-02
   6.2628e-01   1.3470e+01   0.0000e+00   4.6460e-05   1.7579e+00   5.6800e-05   3.9000e-06   2.1491e+00   1.4756e-01
   6.2628e-01   1.3470e+01   0.0000e+00   4.6460e-05   1.7579e+00   4.7200e-05   2.2400e-06   1.7859e+00   8.4752e-02
   6.2846e-01   1.3472e+01   0.0000e+00   7.0512e-05   2.6264e+00   7.0400e-05   3.2400e-06   2.6222e+00   1.2068e-01
   6.2913e-01   1.3473e+01   0.0000e+00   8.1356e-05   3.0160e+00   8.0800e-05   3.7200e-06   2.9954e+00   1.3790e-01
   6.3027e-01   1.3474e+01   0.0000e+00   1.0611e-04   3.9017e+00   1.0520e-04   4.7600e-06   3.8683e+00   1.7503e-01
   6.3150e-01   1.3476e+01   0.0000e+00   1.4581e-04   5.3149e+00   1.4360e-04   6.5000e-06   5.2342e+00   2.3693e-01
   6.3245e-01   1.3476e+01   0.0000e+00   1.8946e-04   6.8595e+00   1.8900e-04   8.5000e-06   6.8428e+00   3.0775e-01
   6.3387e-01   1.3478e+01   0.0000e+00   2.8002e-04   1.0037e+01   2.9600e-04   1.2680e-05   1.0609e+01   4.5449e-01
   6.3397e-01   1.3478e+01   0.0000e+00   2.8692e-04   1.0277e+01   2.7000e-04   1.2560e-05   9.6711e+00   4.4988e-01
   6.3587e-01   1.3480e+01   0.0000e+00   4.1982e-04   1.4838e+01   4.7400e-04   2.1600e-05   1.6753e+01   7.6342e-01
   6.3596e-01   1.3480e+01   0.0000e+00   4.2527e-04   1.5020e+01   4.7800e-04   1.8520e-05   1.6883e+01   6.5412e-01
   6.3777e-01   1.3482e+01   0.0000e+00   4.9164e-04   1.7147e+01   6.1400e-04   2.6600e-05   2.1414e+01   9.2772e-01
   6.3843e-01   1.3482e+01   0.0000e+00   4.9814e-04   1.7293e+01   5.5600e-04   2.3400e-05   1.9302e+01   8.1233e-01
   6.3967e-01   1.3484e+01   0.0000e+00   4.8502e-04   1.6693e+01   5.6600e-04   2.4800e-05   1.9481e+01   8.5357e-01
   6.4033e-01   1.3484e+01   0.0000e+00   4.6403e-04   1.5898e+01   4.8800e-04   1.4660e-05   1.6719e+01   5.0224e-01
   6.4138e-01   1.3485e+01   0.0000e+00   4.1153e-04   1.3997e+01   3.8400e-04   1.6000e-05   1.3061e+01   5.4420e-01
   6.4328e-01   1.3487e+01   0.0000e+00   2.8012e-04   9.4035e+00   2.2000e-04   8.4600e-06   7.3852e+00   2.8400e-01
   6.4356e-01   1.3488e+01   0.0000e+00   2.6089e-04   8.7406e+00   2.4600e-04   1.0220e-05   8.2418e+00   3.4241e-01
   6.4536e-01   1.3489e+01   0.0000e+00   1.6422e-04   5.4341e+00   1.5920e-04   7.5400e-06   5.2681e+00   2.4950e-01
   6.4546e-01   1.3489e+01   0.0000e+00   1.6039e-04   5.3039e+00   1.8740e-04   8.0400e-06   6.1972e+00   2.6588e-01
   6.4736e-01   1.3491e+01   0.0000e+00   1.0373e-04   3.3859e+00   1.2300e-04   5.5600e-06   4.0151e+00   1.8149e-01
   6.4774e-01   1.3492e+01   0.0000e+00   9.5903e-05   3.1224e+00   7.7200e-05   2.3200e-06   2.5135e+00   7.5535e-02
   6.4992e-01   1.3494e+01   0.0000e+00   6.4279e-05   2.0620e+00   5.4000e-05   2.2200e-06   1.7323e+00   7.1215e-02
   6.5125e-01   1.3495e+01   0.0000e+00   5.2222e-05   1.6602e+00   6.2800e-05   2.8400e-06   1.9965e+00   9.0288e-02
   6.5239e-01   1.3496e+01   0.0000e+00   4.4467e-05   1.4028e+00   4.0600e-05   1.8600e-06   1.2809e+00   5.8680e-02
   6.5486e-01   1.3499e+01   0.0000e+00   3.2797e-05   1.0177e+00   3.5400e-05   1.5940e-06   1.0985e+00   4.9461e-02
   6.5543e-01   1.3499e+01   0.0000e+00   3.0791e-05   9.5181e-01   2.8200e-05   1.0480e-06   8.7171e-01   3.2395e-02
   6.5894e-01   1.3503e+01   0.0000e+00   2.1847e-05   6.5971e-01   2.5000e-05   1.1760e-06   7.5493e-01   3.5512e-02
   6.6065e-01   1.3505e+01   0.0000e+00   1.8926e-05   5.6508e-01   1.8980e-05   8.8600e-07   5.6670e-01   2.6454e-02
   6.6284e-01   1.3507e+01   0.0000e+00   1.6034e-05   4.7192e-01   1.8840e-05   8.4000e-07   5.5449e-01   2.4723e-02
   6.6445e-01   1.3508e+01   0.0000e+00   1.4340e-05   4.1761e-01   1.4600e-05   7.3600e-07   4.2518e-01   2.1434e-02
   6.6635e-01   1.3510e+01   0.0000e+00   1.2703e-05   3.6539e-01   1.5800e-05   7.1600e-07   4.5446e-01   2.0595e-02
   6.6892e-01   1.3513e+01   0.0000e+00   1.0949e-05   3.0975e-01   9.6000e-06   5.5400e-07   2.7158e-01   1.5672e-02
   6.7034e-01   1.3514e+01   0.0000e+00   1.0148e-05   2.8446e-01   1.3100e-05   5.9400e-07   3.6719e-01   1.6650e-02
   6.7423e-01   1.3518e+01   0.0000e+00   8.4148e-06   2.3005e-01   8.2400e-06   4.0400e-07   2.2527e-01   1.1045e-02
   6.7908e-01   1.3523e+01   0.0000e+00   6.9002e-06   1.8293e-01   6.2200e-06   3.8000e-07   1.6490e-01   1.0074e-02
   6.8401e-01   1.3528e+01   0.0000e+00   5.8168e-06   1.4950e-01   6.2800e-06   3.8400e-07   1.6141e-01   9.8696e-03
   6.8791e-01   1.3532e+01   0.0000e+00   5.1784e-06   1.2992e-01   4.9200e-06   3.0600e-07   1.2343e-01   7.6770e-03
   6.9180e-01   1.3536e+01   0.0000e+00   4.6743e-06   1.1449e-01   4.4800e-06   2.5600e-07   1.0973e-01   6.2705e-03
   6.9797e-01   1.3542e+01   0.0000e+00   4.0711e-06   9.6046e-02   3.9200e-06   2.3600e-07   9.2480e-02   5.5677e-03
   7.0291e-01   1.3547e+01   0.0000e+00   3.7132e-06   8.5041e-02   3.7000e-06   2.1600e-07   8.4740e-02   4.9470e-03
   7.0776e-01   1.3552e+01   0.0000e+00   3.4401e-06   7.6555e-02   3.2800e-06   2.1200e-07   7.2992e-02   4.7178e-03
   7.1279e-01   1.3557e+01   0.0000e+00   3.2193e-06   6.9556e-02   3.5000e-06   2.1200e-07   7.5621e-02   4.5805e-03
   7.1763e-01   1.3562e+01   0.0000e+00   3.0548e-06   6.4172e-02   3.1400e-06   2.0000e-07   6.5962e-02   4.2014e-03
   7.2219e-01   1.3566e+01   0.0000e+00   2.9351e-06   6.0065e-02   3.2000e-06   2.0200e-07   6.5486e-02   4.1338e-03
   7.2684e-01   1.3571e+01   0.0000e+00   2.8425e-06   5.6652e-02   2.9200e-06   2.0800e-07   5.8196e-02   4.1455e-03
   7.3169e-01   1.3576e+01   0.0000e+00   2.7737e-06   5.3795e-02   2.7000e-06   2.2200e-07   5.2366e-02   4.3056e-03
   7.3700e-01   1.3581e+01   0.0000e+00   2.7266e-06   5.1342e-02   2.5800e-06   2.0000e-07   4.8580e-02   3.7659e-03
   7.4232e-01   1.3586e+01   0.0000e+00   2.7068e-06   4.9500e-02   3.2000e-06   2.1400e-07   5.8519e-02   3.9135e-03
   7.4745e-01   1.3591e+01   0.0000e+00   2.7119e-06   4.8230e-02   2.8400e-06   1.7360e-07   5.0509e-02   3.0874e-03
   7.5201e-01   1.3596e+01   0.0000e+00   2.7358e-06   4.7477e-02   2.6800e-06   1.5580e-07   4.6509e-02   2.7038e-03
   7.5733e-01   1.3601e+01   0.0000e+00   2.7869e-06   4.7016e-02   2.8200e-06   1.6620e-07   4.7574e-02   2.8038e-03
   7.6245e-01   1.3606e+01   0.0000e+00   2.8608e-06   4.6978e-02   2.8600e-06   1.3600e-07   4.6965e-02   2.2333e-03


   1.8641e-01   1.3030e+01   0.0000e+00   1.0011e-10   1.0826e-02   1.2900e-10   3.5500e-11   1.3950e-02   3.8390e-03
   1.9553e-01   1.3040e+01   0.0000e+00   1.5243e-10   1.0741e-02   1.8800e-10   5.3800e-11   1.3248e-02   3.7912e-03
   2.5270e-01   1.3097e+01   0.0000e+00   1.3428e-09   1.1416e-02   1.4700e-09   2.5500e-10   1.2497e-02   2.1679e-03
   2.7378e-01   1.3118e+01   0.0000e+00   2.8714e-09   1.3390e-02   2.7600e-09   6.6300e-10   1.2871e-02   3.0918e-03
   2.8308e-01   1.3127e+01   0.0000e+00   4.2286e-09   1.5472e-02   7.1700e-09   1.5700e-09   2.6235e-02   5.7445e-03
   2.9153e-01   1.3136e+01   0.0000e+00   6.4497e-09   1.9135e-02   1.0200e-08   1.8100e-09   3.0262e-02   5.3699e-03


