   6.2200e-01   1.3466e+01   1.3700e+02   2.6010e-01   1.0150e+04   2.7500e-01   1.6900e-02   1.0731e+04   6.5950e+02
   6.3340e-01   1.3477e+01   1.3700e+02   2.8154e-01   1.0125e+04   3.8000e-01   1.8400e-02   1.3666e+04   6.6172e+02
   6.4195e-01   1.3486e+01   1.3700e+02   5.5471e-01   1.8793e+04   5.4100e-01   1.2400e-02   1.8328e+04   4.2009e+02
   6.5239e-01   1.3496e+01   1.3700e+02   4.3797e-01   1.3817e+04   4.2900e-01   1.1300e-02   1.3534e+04   3.5650e+02
   6.6189e-01   1.3506e+01   1.3700e+02   3.9756e-01   1.1774e+04   3.8100e-01   1.3600e-02   1.1284e+04   4.0278e+02
   6.7138e-01   1.3515e+01   1.3700e+02   3.7308e-01   1.0387e+04   3.4500e-01   1.8900e-02   9.6056e+03   5.2622e+02
   6.8183e-01   1.3526e+01   1.3700e+02   3.5415e-01   9.2276e+03   3.2600e-01   1.6500e-02   8.4941e+03   4.2992e+02
   6.9038e-01   1.3534e+01   1.3700e+02   3.4150e-01   8.4382e+03   3.2400e-01   1.6100e-02   8.0058e+03   3.9782e+02
   6.9892e-01   1.3543e+01   1.3700e+02   3.3052e-01   7.7530e+03   3.0900e-01   1.3400e-02   7.2482e+03   3.1433e+02
   7.1032e-01   1.3554e+01   1.3700e+02   3.1762e-01   6.9624e+03   3.0400e-01   1.5200e-02   6.6638e+03   3.3319e+02
   7.1792e-01   1.3562e+01   1.3700e+02   3.0982e-01   6.4978e+03   2.9200e-01   1.6000e-02   6.1240e+03   3.3556e+02
   7.2741e-01   1.3571e+01   1.3700e+02   3.0073e-01   5.9744e+03   2.7800e-01   1.3400e-02   5.5228e+03   2.6621e+02
   7.3786e-01   1.3582e+01   1.3700e+02   2.9136e-01   5.4603e+03   2.5800e-01   1.5100e-02   4.8352e+03   2.8299e+02
   7.4735e-01   1.3591e+01   1.3700e+02   2.8332e-01   5.0413e+03   2.5200e-01   1.0700e-02   4.4841e+03   1.9039e+02
   7.5685e-01   1.3601e+01   1.3700e+02   2.7568e-01   4.6624e+03   2.4600e-01   1.2900e-02   4.1605e+03   2.1817e+02
   7.6635e-01   1.3610e+01   1.3700e+02   2.6831e-01   4.3176e+03   2.3000e-01   1.4000e-02   3.7010e+03   2.2528e+02
   7.7489e-01   1.3619e+01   1.3700e+02   2.6182e-01   4.0319e+03   2.2100e-01   1.3200e-02   3.4033e+03   2.0328e+02
   7.8629e-01   1.3630e+01   1.3700e+02   2.5330e-01   3.6831e+03   2.0800e-01   1.3300e-02   3.0245e+03   1.9339e+02
   7.9579e-01   1.3640e+01   1.3700e+02   2.4640e-01   3.4191e+03   2.0000e-01   1.2100e-02   2.7752e+03   1.6790e+02
   8.0528e-01   1.3649e+01   1.3700e+02   2.4056e-01   3.1883e+03   2.6500e-01   1.2700e-02   3.5122e+03   1.6832e+02
   8.1573e-01   1.3660e+01   1.3700e+02   2.3416e-01   2.9537e+03   2.7400e-01   1.3700e-02   3.4562e+03   1.7281e+02
   8.2427e-01   1.3668e+01   1.3700e+02   2.2129e-01   2.6826e+03   2.4700e-01   1.2500e-02   2.9943e+03   1.5153e+02
   8.3472e-01   1.3679e+01   1.3700e+02   2.1475e-01   2.4822e+03   2.2900e-01   1.3400e-02   2.6470e+03   1.5489e+02
   8.4422e-01   1.3688e+01   1.3700e+02   2.2060e-01   2.4439e+03   2.4500e-01   9.1600e-03   2.7141e+03   1.0148e+02
   8.5466e-01   1.3699e+01   1.3700e+02   2.1346e-01   2.2588e+03   2.3600e-01   1.1300e-02   2.4973e+03   1.1958e+02
   8.6511e-01   1.3709e+01   1.3700e+02   2.0611e-01   2.0853e+03   2.2000e-01   1.3300e-02   2.2258e+03   1.3456e+02
   8.7365e-01   1.3718e+01   1.3700e+02   2.0310e-01   1.9819e+03   1.9100e-01   1.1200e-02   1.8639e+03   1.0929e+02


   6.2295e-01   1.3467e+01   1.4700e+02   2.1709e-01   8.4135e+03   2.3400e-01   1.3000e-02   9.0687e+03   5.0382e+02
   6.3340e-01   1.3477e+01   1.4700e+02   2.9615e-01   1.0651e+04   3.9000e-01   1.7000e-02   1.4026e+04   6.1137e+02
   6.4195e-01   1.3486e+01   1.4700e+02   5.1849e-01   1.7566e+04   5.0300e-01   1.4100e-02   1.7041e+04   4.7769e+02
   6.5239e-01   1.3496e+01   1.4700e+02   3.9820e-01   1.2563e+04   3.8100e-01   1.3600e-02   1.2020e+04   4.2906e+02
   6.6189e-01   1.3506e+01   1.4700e+02   3.5860e-01   1.0620e+04   3.4800e-01   1.5000e-02   1.0306e+04   4.4424e+02
   6.7328e-01   1.3517e+01   1.4700e+02   3.3159e-01   9.1205e+03   3.2400e-01   1.3900e-02   8.9117e+03   3.8232e+02
   6.8183e-01   1.3526e+01   1.4700e+02   3.1733e-01   8.2682e+03   2.9300e-01   1.7900e-02   7.6343e+03   4.6639e+02
   6.8943e-01   1.3533e+01   1.4700e+02   3.0674e-01   7.6236e+03   2.8400e-01   1.4300e-02   7.0585e+03   3.5541e+02
   7.0082e-01   1.3545e+01   1.4700e+02   2.9324e-01   6.8005e+03   2.6800e-01   1.1300e-02   6.2151e+03   2.6206e+02
   7.1032e-01   1.3554e+01   1.4700e+02   2.8346e-01   6.2135e+03   2.6900e-01   1.1000e-02   5.8966e+03   2.4112e+02
   7.1887e-01   1.3563e+01   1.4700e+02   2.7544e-01   5.7452e+03   2.5200e-01   8.7800e-03   5.2562e+03   1.8313e+02
   7.2836e-01   1.3572e+01   1.4700e+02   2.6717e-01   5.2792e+03   2.3800e-01   1.5700e-02   4.7029e+03   3.1023e+02
   7.3881e-01   1.3583e+01   1.4700e+02   2.5860e-01   4.8210e+03   2.2800e-01   1.0600e-02   4.2506e+03   1.9762e+02
   7.5020e-01   1.3594e+01   1.4700e+02   2.4986e-01   4.3782e+03   2.1300e-01   1.2500e-02   3.7324e+03   2.1904e+02
   7.5780e-01   1.3602e+01   1.4700e+02   2.4434e-01   4.1117e+03   2.0800e-01   1.0100e-02   3.5002e+03   1.6996e+02
   7.6730e-01   1.3611e+01   1.4700e+02   2.3766e-01   3.8056e+03   2.0700e-01   1.2000e-02   3.3146e+03   1.9215e+02
   7.7869e-01   1.3623e+01   1.4700e+02   2.2982e-01   3.4715e+03   1.8400e-01   1.4100e-02   2.7794e+03   2.1299e+02
   7.8724e-01   1.3631e+01   1.4700e+02   2.2406e-01   3.2427e+03   1.7600e-01   9.7600e-03   2.5471e+03   1.4125e+02
   7.9484e-01   1.3639e+01   1.4700e+02   2.1908e-01   3.0541e+03   1.7600e-01   1.2000e-02   2.4535e+03   1.6729e+02
   8.0433e-01   1.3648e+01   1.4700e+02   2.1367e-01   2.8448e+03   2.4200e-01   1.1300e-02   3.2220e+03   1.5045e+02
   8.1763e-01   1.3662e+01   1.4700e+02   2.0510e-01   2.5642e+03   2.5600e-01   1.2800e-02   3.2006e+03   1.6003e+02
   8.2617e-01   1.3670e+01   1.4700e+02   1.8519e-01   2.2255e+03   2.1200e-01   1.1400e-02   2.5477e+03   1.3700e+02
   8.3757e-01   1.3682e+01   1.4700e+02   2.0077e-01   2.2911e+03   2.1300e-01   1.5400e-02   2.4306e+03   1.7574e+02
   8.4422e-01   1.3688e+01   1.4700e+02   1.9924e-01   2.2072e+03   2.1400e-01   1.3400e-02   2.3707e+03   1.4845e+02
   8.5466e-01   1.3699e+01   1.4700e+02   1.9393e-01   2.0522e+03   2.0500e-01   1.1000e-02   2.1693e+03   1.1640e+02
   8.6416e-01   1.3708e+01   1.4700e+02   1.9096e-01   1.9398e+03   1.8600e-01   1.2800e-02   1.8894e+03   1.3002e+02
   8.7365e-01   1.3718e+01   1.4700e+02   1.9624e-01   1.9150e+03   1.6100e-01   9.9000e-03   1.5711e+03   9.6608e+01


   5.2799e-01   1.3372e+01   1.5870e+02   3.7783e-01   3.2143e+04   3.6000e-01   1.8000e-02   3.0626e+04   1.5313e+03
   5.3464e-01   1.3379e+01   1.5870e+02   3.6759e-01   2.9384e+04   3.5100e-01   1.7600e-02   2.8058e+04   1.4069e+03
   5.4603e-01   1.3390e+01   1.5870e+02   3.5045e-01   2.5250e+04   3.2900e-01   1.6500e-02   2.3704e+04   1.1888e+03
   5.5648e-01   1.3400e+01   1.5870e+02   3.3505e-01   2.2013e+04   3.1300e-01   1.5700e-02   2.0564e+04   1.0315e+03
   5.6693e-01   1.3411e+01   1.5870e+02   3.2016e-01   1.9234e+04   2.9500e-01   1.4700e-02   1.7723e+04   8.8312e+02
   5.7452e-01   1.3419e+01   1.5870e+02   3.0966e-01   1.7460e+04   2.8700e-01   1.4300e-02   1.6182e+04   8.0628e+02
   5.8117e-01   1.3425e+01   1.5870e+02   3.0024e-01   1.6032e+04   2.8700e-01   1.4300e-02   1.5325e+04   7.6358e+02
   5.9541e-01   1.3439e+01   1.5870e+02   2.7797e-01   1.3253e+04   2.6700e-01   1.3300e-02   1.2730e+04   6.3410e+02
   6.0586e-01   1.3450e+01   1.5870e+02   2.5789e-01   1.1346e+04   2.3900e-01   1.2000e-02   1.0515e+04   5.2794e+02
   6.1726e-01   1.3461e+01   1.5870e+02   2.2613e-01   9.1365e+03   2.2400e-01   1.1200e-02   9.0503e+03   4.5251e+02
   6.2010e-01   1.3464e+01   1.5870e+02   2.1464e-01   8.4928e+03   2.0700e-01   1.0400e-02   8.1905e+03   4.1150e+02
   6.2390e-01   1.3468e+01   1.5870e+02   1.9502e-01   7.5061e+03   1.9000e-01   9.5100e-03   7.3130e+03   3.6603e+02
   6.3055e-01   1.3475e+01   1.5870e+02   1.4554e-01   5.3408e+03   1.7200e-01   8.5900e-03   6.3118e+03   3.1523e+02
   6.3055e-01   1.3475e+01   1.5870e+02   1.4554e-01   5.3408e+03   1.5500e-01   7.7300e-03   5.6880e+03   2.8367e+02
   6.3435e-01   1.3478e+01   1.5870e+02   1.8193e-01   6.4993e+03   1.6100e-01   8.0700e-03   5.7514e+03   2.8829e+02
   6.4100e-01   1.3485e+01   1.5870e+02   5.3116e-01   1.8113e+04   4.2400e-01   2.1200e-02   1.4459e+04   7.2296e+02
   6.4480e-01   1.3489e+01   1.5870e+02   4.7410e-01   1.5750e+04   4.7400e-01   2.3700e-02   1.5746e+04   7.8732e+02
   6.5144e-01   1.3495e+01   1.5870e+02   3.7346e-01   1.1858e+04   4.1900e-01   2.0900e-02   1.3304e+04   6.6359e+02
   6.5809e-01   1.3502e+01   1.5870e+02   3.3131e-01   1.0061e+04   3.4200e-01   1.7100e-02   1.0386e+04   5.1931e+02
   6.6854e-01   1.3513e+01   1.5870e+02   2.9793e-01   8.4488e+03   2.9800e-01   1.4900e-02   8.4509e+03   4.2254e+02
   6.7233e-01   1.3516e+01   1.5870e+02   2.8967e-01   8.0160e+03   2.9000e-01   1.4500e-02   8.0252e+03   4.0126e+02
   6.7898e-01   1.3523e+01   1.5870e+02   2.7813e-01   7.3779e+03   2.7200e-01   1.3600e-02   7.2153e+03   3.6076e+02
   6.9702e-01   1.3541e+01   1.5870e+02   2.5538e-01   6.0595e+03   2.5800e-01   1.2900e-02   6.1217e+03   3.0609e+02
   7.0747e-01   1.3551e+01   1.5870e+02   2.4517e-01   5.4651e+03   2.3200e-01   1.1600e-02   5.1715e+03   2.5858e+02
   7.1792e-01   1.3562e+01   1.5870e+02   2.3621e-01   4.9539e+03   2.2900e-01   1.1500e-02   4.8027e+03   2.4118e+02
   7.2551e-01   1.3570e+01   1.5870e+02   2.3025e-01   4.6236e+03   2.1000e-01   1.0500e-02   4.2170e+03   2.1085e+02
   7.3216e-01   1.3576e+01   1.5870e+02   2.2529e-01   4.3579e+03   2.0600e-01   1.0300e-02   3.9847e+03   1.9924e+02
   7.9294e-01   1.3637e+01   1.5870e+02   1.8714e-01   2.6332e+03   1.6100e-01   8.0400e-03   2.2654e+03   1.1313e+02
   7.9294e-01   1.3637e+01   1.5870e+02   1.8714e-01   2.6332e+03   1.5500e-01   7.7700e-03   2.1810e+03   1.0933e+02
   7.9674e-01   1.3641e+01   1.5870e+02   1.8502e-01   2.5555e+03   1.7200e-01   8.5900e-03   2.3757e+03   1.1865e+02
   8.0053e-01   1.3645e+01   1.5870e+02   1.8298e-01   2.4812e+03   1.8400e-01   9.2200e-03   2.4950e+03   1.2502e+02
   8.0908e-01   1.3653e+01   1.5870e+02   1.7908e-01   2.3309e+03   2.4600e-01   1.2300e-02   3.2019e+03   1.6009e+02
   8.1288e-01   1.3657e+01   1.5870e+02   1.7738e-01   2.2676e+03   2.6500e-01   1.3200e-02   3.3877e+03   1.6875e+02
   8.1668e-01   1.3661e+01   1.5870e+02   1.7511e-01   2.1991e+03   2.6200e-01   1.3100e-02   3.2902e+03   1.6451e+02
   8.1953e-01   1.3664e+01   1.5870e+02   1.7278e-01   2.1411e+03   2.5700e-01   1.2900e-02   3.1848e+03   1.5986e+02
   8.2332e-01   1.3667e+01   1.5870e+02   1.6819e-01   2.0478e+03   2.4600e-01   1.2300e-02   2.9953e+03   1.4976e+02
   8.2902e-01   1.3673e+01   1.5870e+02   1.4976e-01   1.7764e+03   1.7500e-01   8.7600e-03   2.0758e+03   1.0391e+02
   8.3757e-01   1.3682e+01   1.5870e+02   1.5866e-01   1.8105e+03   2.1200e-01   1.0600e-02   2.4192e+03   1.2096e+02
   8.4801e-01   1.3692e+01   1.5870e+02   1.7070e-01   1.8596e+03   2.1500e-01   1.0700e-02   2.3422e+03   1.1656e+02
   8.5466e-01   1.3699e+01   1.5870e+02   1.6831e-01   1.7810e+03   2.0400e-01   1.0200e-02   2.1587e+03   1.0794e+02
   8.6891e-01   1.3713e+01   1.5870e+02   1.6876e-01   1.6801e+03   1.7400e-01   8.7200e-03   1.7322e+03   8.6811e+01


   5.2799e-01   1.3372e+01   9.0000e+01   1.4200e+00   1.2080e+05   1.4200e+00   7.0900e-02   1.2080e+05   6.0316e+03
   5.3654e-01   1.3381e+01   9.0000e+01   1.3743e+00   1.0794e+05   1.4000e+00   6.9900e-02   1.0996e+05   5.4904e+03
   5.4698e-01   1.3391e+01   9.0000e+01   1.3211e+00   9.4378e+04   1.3500e+00   6.7500e-02   9.6443e+04   4.8221e+03
   5.5173e-01   1.3396e+01   9.0000e+01   1.2978e+00   8.8888e+04   1.2900e+00   6.4700e-02   8.8352e+04   4.4313e+03
   5.5648e-01   1.3400e+01   9.0000e+01   1.2751e+00   8.3773e+04   1.3300e+00   6.6700e-02   8.7382e+04   4.3823e+03
   5.6598e-01   1.3410e+01   9.0000e+01   1.2310e+00   7.4547e+04   1.2900e+00   6.4600e-02   7.8123e+04   3.9122e+03
   5.7642e-01   1.3420e+01   9.0000e+01   1.1843e+00   6.5736e+04   1.2400e+00   6.2200e-02   6.8829e+04   3.4526e+03
   5.8497e-01   1.3429e+01   9.0000e+01   1.1471e+00   5.9402e+04   1.1700e+00   5.8700e-02   6.0589e+04   3.0398e+03
   5.9352e-01   1.3438e+01   9.0000e+01   1.1102e+00   5.3725e+04   1.1700e+00   5.8300e-02   5.6616e+04   2.8211e+03
   6.0301e-01   1.3447e+01   9.0000e+01   1.0684e+00   4.8036e+04   1.1500e+00   5.7600e-02   5.1704e+04   2.5897e+03
   6.1156e-01   1.3456e+01   9.0000e+01   1.0271e+00   4.3291e+04   1.0700e+00   5.3600e-02   4.5098e+04   2.2591e+03
   6.2010e-01   1.3464e+01   9.0000e+01   9.7372e-01   3.8528e+04   1.0200e+00   5.1200e-02   4.0359e+04   2.0259e+03
   6.2390e-01   1.3468e+01   9.0000e+01   9.3823e-01   3.6112e+04   9.8000e-01   4.9000e-02   3.7720e+04   1.8860e+03
   6.2770e-01   1.3472e+01   9.0000e+01   8.8127e-01   3.3004e+04   9.0200e-01   4.5100e-02   3.3781e+04   1.6890e+03
   6.3245e-01   1.3476e+01   9.0000e+01   7.1379e-01   2.5843e+04   8.5900e-01   4.3000e-02   3.1101e+04   1.5568e+03
   6.3340e-01   1.3477e+01   9.0000e+01   6.5654e-01   2.3611e+04   7.7500e-01   3.8800e-02   2.7871e+04   1.3954e+03
   6.3815e-01   1.3482e+01   9.0000e+01   5.5541e-01   1.9320e+04   6.8800e-01   3.4400e-02   2.3932e+04   1.1966e+03
   6.4005e-01   1.3484e+01   9.0000e+01   6.6788e-01   2.2926e+04   7.1300e-01   3.5600e-02   2.4475e+04   1.2221e+03
   6.4385e-01   1.3488e+01   9.0000e+01   9.1276e-01   3.0521e+04   7.8700e-01   3.9400e-02   2.6316e+04   1.3174e+03
   6.4480e-01   1.3489e+01   9.0000e+01   9.3811e-01   3.1164e+04   9.1400e-01   4.5700e-02   3.0363e+04   1.5182e+03
   6.4574e-01   1.3490e+01   9.0000e+01   9.5343e-01   3.1468e+04   9.6000e-01   4.8000e-02   3.1685e+04   1.5842e+03
   6.4954e-01   1.3494e+01   9.0000e+01   9.6955e-01   3.1182e+04   1.0200e+00   5.1000e-02   3.2805e+04   1.6402e+03
   6.5904e-01   1.3503e+01   9.0000e+01   9.4567e-01   2.8539e+04   9.9400e-01   4.9700e-02   2.9997e+04   1.4999e+03
   6.6759e-01   1.3512e+01   9.0000e+01   9.1864e-01   2.6212e+04   9.7700e-01   4.8800e-02   2.7878e+04   1.3924e+03
   6.8848e-01   1.3532e+01   9.0000e+01   8.5942e-01   2.1485e+04   9.1800e-01   4.5900e-02   2.2950e+04   1.1475e+03
   6.9892e-01   1.3543e+01   9.0000e+01   8.3291e-01   1.9538e+04   8.8100e-01   4.4100e-02   2.0666e+04   1.0345e+03
   7.0557e-01   1.3550e+01   9.0000e+01   8.1688e-01   1.8415e+04   8.5700e-01   4.2900e-02   1.9320e+04   9.6710e+02
   7.1412e-01   1.3558e+01   9.0000e+01   7.9709e-01   1.7089e+04   8.3700e-01   4.1900e-02   1.7945e+04   8.9830e+02
   7.2266e-01   1.3567e+01   9.0000e+01   7.7810e-01   1.5880e+04   8.2900e-01   4.1500e-02   1.6919e+04   8.4697e+02
   7.3216e-01   1.3576e+01   9.0000e+01   7.5788e-01   1.4660e+04   7.9300e-01   3.9600e-02   1.5339e+04   7.6600e+02
   7.4071e-01   1.3585e+01   9.0000e+01   7.4047e-01   1.3661e+04   7.7900e-01   3.9000e-02   1.4372e+04   7.1953e+02
   7.5115e-01   1.3595e+01   9.0000e+01   7.2010e-01   1.2554e+04   7.5600e-01   3.7800e-02   1.3180e+04   6.5900e+02
   7.6065e-01   1.3605e+01   9.0000e+01   7.0220e-01   1.1641e+04   7.3700e-01   3.6900e-02   1.2217e+04   6.1170e+02
   7.6350e-01   1.3607e+01   9.0000e+01   6.9693e-01   1.1382e+04   7.4600e-01   3.7300e-02   1.2184e+04   6.0918e+02
   7.7299e-01   1.3617e+01   9.0000e+01   6.7962e-01   1.0568e+04   7.1400e-01   3.5700e-02   1.1102e+04   5.5512e+02
   7.7679e-01   1.3621e+01   9.0000e+01   6.7277e-01   1.0261e+04   6.8700e-01   3.4300e-02   1.0478e+04   5.2313e+02
   7.8344e-01   1.3627e+01   9.0000e+01   6.6083e-01   9.7466e+03   6.7200e-01   3.3600e-02   9.9114e+03   4.9557e+02
   7.8534e-01   1.3629e+01   9.0000e+01   6.5742e-01   9.6047e+03   6.3900e-01   3.1900e-02   9.3357e+03   4.6605e+02
   7.8914e-01   1.3633e+01   9.0000e+01   6.5061e-01   9.3277e+03   6.1600e-01   3.0800e-02   8.8314e+03   4.4157e+02
   7.9579e-01   1.3640e+01   9.0000e+01   6.3868e-01   8.8624e+03   6.0300e-01   3.0100e-02   8.3673e+03   4.1767e+02
   7.9863e-01   1.3643e+01   9.0000e+01   6.3355e-01   8.6702e+03   5.7800e-01   2.8900e-02   7.9100e+03   3.9550e+02
   8.0243e-01   1.3646e+01   9.0000e+01   6.2678e-01   8.4215e+03   5.7200e-01   2.8600e-02   7.6855e+03   3.8427e+02
   8.0718e-01   1.3651e+01   9.0000e+01   6.1887e-01   8.1283e+03   5.9400e-01   2.9700e-02   7.8016e+03   3.9008e+02
   8.1193e-01   1.3656e+01   9.0000e+01   6.1217e-01   7.8611e+03   6.0800e-01   3.0400e-02   7.8075e+03   3.9038e+02
   8.1763e-01   1.3662e+01   9.0000e+01   6.0513e-01   7.5655e+03   6.2500e-01   3.1200e-02   7.8140e+03   3.9007e+02
   8.2237e-01   1.3666e+01   9.0000e+01   5.9909e-01   7.3266e+03   6.5900e-01   3.2900e-02   8.0592e+03   4.0235e+02
   8.2332e-01   1.3667e+01   9.0000e+01   5.9786e-01   7.2795e+03   6.3200e-01   3.1600e-02   7.6952e+03   3.8476e+02
   8.2807e-01   1.3672e+01   9.0000e+01   5.9209e-01   7.0537e+03   6.6200e-01   3.3100e-02   7.8865e+03   3.9433e+02
   8.3187e-01   1.3676e+01   9.0000e+01   5.8852e-01   6.8908e+03   6.1700e-01   3.0900e-02   7.2243e+03   3.6180e+02
   8.3567e-01   1.3680e+01   9.0000e+01   5.7931e-01   6.6675e+03   6.5100e-01   3.2600e-02   7.4926e+03   3.7521e+02
   8.3947e-01   1.3683e+01   9.0000e+01   5.6939e-01   6.4425e+03   6.3700e-01   3.1800e-02   7.2075e+03   3.5981e+02
   8.5086e-01   1.3695e+01   9.0000e+01   5.4823e-01   5.8982e+03   6.2800e-01   3.1400e-02   6.7564e+03   3.3782e+02
   8.5751e-01   1.3702e+01   9.0000e+01   5.3340e-01   5.5752e+03   6.1800e-01   3.0900e-02   6.4594e+03   3.2297e+02
   8.6606e-01   1.3710e+01   9.0000e+01   5.0794e-01   5.1181e+03   6.0500e-01   3.0200e-02   6.0962e+03   3.0430e+02


   5.2514e-01   1.3369e+01   1.2530e+02   5.7548e-01   5.0301e+04   5.6100e-01   2.8100e-02   4.9035e+04   2.4561e+03
   5.3369e-01   1.3378e+01   1.2530e+02   5.5613e-01   4.4849e+04   5.4600e-01   2.7300e-02   4.4032e+04   2.2016e+03
   5.4319e-01   1.3387e+01   1.2530e+02   5.3534e-01   3.9573e+04   5.1200e-01   2.5600e-02   3.7847e+04   1.8924e+03
   5.5363e-01   1.3398e+01   1.2530e+02   5.1311e-01   3.4561e+04   4.9300e-01   2.4700e-02   3.3207e+04   1.6637e+03
   5.6313e-01   1.3407e+01   1.2530e+02   4.9336e-01   3.0610e+04   4.5800e-01   2.2900e-02   2.8416e+04   1.4208e+03
   5.6598e-01   1.3410e+01   1.2530e+02   4.8755e-01   2.9526e+04   4.7400e-01   2.3700e-02   2.8706e+04   1.4353e+03
   5.7547e-01   1.3419e+01   1.2530e+02   4.6849e-01   2.6209e+04   4.5900e-01   2.2900e-02   2.5678e+04   1.2811e+03
   5.8592e-01   1.3430e+01   1.2530e+02   4.4714e-01   2.2979e+04   4.3500e-01   2.1800e-02   2.2356e+04   1.1204e+03
   5.9541e-01   1.3439e+01   1.2530e+02   4.2624e-01   2.0322e+04   4.1700e-01   2.0900e-02   1.9881e+04   9.9644e+02
   6.0681e-01   1.3451e+01   1.2530e+02   3.9665e-01   1.7325e+04   4.0200e-01   2.0100e-02   1.7559e+04   8.7796e+02
   6.1156e-01   1.3456e+01   1.2530e+02   3.8124e-01   1.6068e+04   3.7800e-01   1.8900e-02   1.5932e+04   7.9658e+02
   6.2010e-01   1.3464e+01   1.2530e+02   3.4247e-01   1.3551e+04   3.5100e-01   1.7500e-02   1.3888e+04   6.9243e+02
   6.2580e-01   1.3470e+01   1.2530e+02   2.9779e-01   1.1306e+04   3.1800e-01   1.5900e-02   1.2073e+04   6.0365e+02
   6.2770e-01   1.3472e+01   1.2530e+02   2.7563e-01   1.0323e+04   2.9000e-01   1.4500e-02   1.0861e+04   5.4304e+02
   6.3150e-01   1.3476e+01   1.2530e+02   2.1631e-01   7.8844e+03   2.4900e-01   1.2400e-02   9.0761e+03   4.5198e+02
   6.3530e-01   1.3479e+01   1.2530e+02   2.3441e-01   8.3182e+03   2.3100e-01   1.1600e-02   8.1971e+03   4.1163e+02
   6.3815e-01   1.3482e+01   1.2530e+02   4.0660e-01   1.4143e+04   2.5100e-01   1.2600e-02   8.7308e+03   4.3828e+02
   6.3910e-01   1.3483e+01   1.2530e+02   4.7087e-01   1.6271e+04   2.9400e-01   1.4700e-02   1.0159e+04   5.0795e+02
   6.4100e-01   1.3485e+01   1.2530e+02   5.7246e-01   1.9522e+04   4.3500e-01   2.1700e-02   1.4834e+04   7.4001e+02
   6.4574e-01   1.3490e+01   1.2530e+02   5.6711e-01   1.8718e+04   5.1900e-01   2.6000e-02   1.7130e+04   8.5813e+02
   6.5049e-01   1.3494e+01   1.2530e+02   5.0929e-01   1.6274e+04   5.4500e-01   2.7200e-02   1.7416e+04   8.6918e+02
   6.5239e-01   1.3496e+01   1.2530e+02   4.9331e-01   1.5563e+04   5.1800e-01   2.5900e-02   1.6342e+04   8.1710e+02
   6.5619e-01   1.3500e+01   1.2530e+02   4.6901e-01   1.4425e+04   4.8600e-01   2.4300e-02   1.4947e+04   7.4735e+02
   6.5999e-01   1.3504e+01   1.2530e+02   4.5119e-01   1.3531e+04   4.6400e-01   2.3200e-02   1.3915e+04   6.9575e+02
   6.6379e-01   1.3508e+01   1.2530e+02   4.3726e-01   1.2789e+04   4.4500e-01   2.2300e-02   1.3016e+04   6.5225e+02
   6.7138e-01   1.3515e+01   1.2530e+02   4.1609e-01   1.1585e+04   4.1500e-01   2.0700e-02   1.1555e+04   5.7634e+02
   6.7708e-01   1.3521e+01   1.2530e+02   4.0348e-01   1.0832e+04   4.0200e-01   2.0100e-02   1.0793e+04   5.3964e+02
   6.7993e-01   1.3524e+01   1.2530e+02   3.9826e-01   1.0501e+04   3.9100e-01   1.9500e-02   1.0310e+04   5.1418e+02
   6.8753e-01   1.3532e+01   1.2530e+02   3.8531e-01   9.6894e+03   3.8000e-01   1.9000e-02   9.5559e+03   4.7780e+02
   6.9797e-01   1.3542e+01   1.2530e+02   3.7015e-01   8.7326e+03   3.7200e-01   1.8600e-02   8.7762e+03   4.3881e+02
   7.0652e-01   1.3551e+01   1.2530e+02   3.5928e-01   8.0538e+03   3.5200e-01   1.7600e-02   7.8907e+03   3.9453e+02
   7.1602e-01   1.3560e+01   1.2530e+02   3.4831e-01   7.3855e+03   3.3300e-01   1.6600e-02   7.0610e+03   3.5199e+02
   7.2551e-01   1.3570e+01   1.2530e+02   3.3822e-01   6.7917e+03   3.1900e-01   1.5900e-02   6.4058e+03   3.1929e+02
   7.3501e-01   1.3579e+01   1.2530e+02   3.2881e-01   6.2602e+03   3.1700e-01   1.5800e-02   6.0353e+03   3.0081e+02
   7.4166e-01   1.3586e+01   1.2530e+02   3.2255e-01   5.9201e+03   3.1000e-01   1.5500e-02   5.6897e+03   2.8448e+02
   7.4640e-01   1.3590e+01   1.2530e+02   3.1822e-01   5.6916e+03   3.0100e-01   1.5000e-02   5.3836e+03   2.6828e+02
   7.5400e-01   1.3598e+01   1.2530e+02   3.1151e-01   5.3488e+03   2.9100e-01   1.4500e-02   4.9966e+03   2.4897e+02
   7.5970e-01   1.3604e+01   1.2530e+02   3.0662e-01   5.1083e+03   2.8800e-01   1.4400e-02   4.7981e+03   2.3991e+02
   7.6065e-01   1.3605e+01   1.2530e+02   3.0581e-01   5.0695e+03   2.7200e-01   1.3600e-02   4.5090e+03   2.2545e+02
   7.7015e-01   1.3614e+01   1.2530e+02   2.9789e-01   4.7003e+03   2.7300e-01   1.3600e-02   4.3076e+03   2.1459e+02
   7.7964e-01   1.3624e+01   1.2530e+02   2.9010e-01   4.3612e+03   2.5600e-01   1.2800e-02   3.8485e+03   1.9243e+02
   7.8724e-01   1.3631e+01   1.2530e+02   2.8395e-01   4.1094e+03   2.5200e-01   1.2600e-02   3.6470e+03   1.8235e+02
   7.9484e-01   1.3639e+01   1.2530e+02   2.7789e-01   3.8740e+03   2.3500e-01   1.1700e-02   3.2760e+03   1.6311e+02
   7.9674e-01   1.3641e+01   1.2530e+02   2.7640e-01   3.8176e+03   2.4000e-01   1.2000e-02   3.3149e+03   1.6574e+02
   8.0148e-01   1.3645e+01   1.2530e+02   2.7279e-01   3.6821e+03   2.4800e-01   1.2400e-02   3.3475e+03   1.6737e+02
   8.0243e-01   1.3646e+01   1.2530e+02   2.7211e-01   3.6561e+03   2.6300e-01   1.3200e-02   3.5337e+03   1.7736e+02
   8.0433e-01   1.3648e+01   1.2530e+02   2.7081e-01   3.6055e+03   2.7900e-01   1.4000e-02   3.7146e+03   1.8640e+02
   8.0813e-01   1.3652e+01   1.2530e+02   2.6848e-01   3.5103e+03   3.0100e-01   1.5100e-02   3.9355e+03   1.9743e+02
   8.1003e-01   1.3654e+01   1.2530e+02   2.6743e-01   3.4652e+03   3.0900e-01   1.5500e-02   4.0038e+03   2.0084e+02
   8.1478e-01   1.3659e+01   1.2530e+02   2.6477e-01   3.3547e+03   3.2200e-01   1.6100e-02   4.0798e+03   2.0399e+02
   8.2332e-01   1.3667e+01   1.2530e+02   2.5736e-01   3.1336e+03   3.1900e-01   1.5900e-02   3.8841e+03   1.9360e+02
   8.2522e-01   1.3669e+01   1.2530e+02   2.5460e-01   3.0729e+03   3.0600e-01   1.5300e-02   3.6934e+03   1.8467e+02
   8.3092e-01   1.3675e+01   1.2530e+02   2.3036e-01   2.7089e+03   2.8700e-01   1.4400e-02   3.3750e+03   1.6934e+02
   8.3472e-01   1.3679e+01   1.2530e+02   2.1568e-01   2.4930e+03   2.7800e-01   1.3900e-02   3.2133e+03   1.6067e+02
   8.4232e-01   1.3686e+01   1.2530e+02   2.4347e-01   2.7201e+03   2.8200e-01   1.4100e-02   3.1505e+03   1.5752e+02
   8.5181e-01   1.3696e+01   1.2530e+02   2.3770e-01   2.5467e+03   2.7100e-01   1.3600e-02   2.9035e+03   1.4571e+02
   8.5941e-01   1.3703e+01   1.2530e+02   2.3021e-01   2.3866e+03   2.6900e-01   1.3500e-02   2.7887e+03   1.3995e+02
   8.6416e-01   1.3708e+01   1.2530e+02   2.2463e-01   2.2818e+03   2.5600e-01   1.2800e-02   2.6005e+03   1.3002e+02
   8.6701e-01   1.3711e+01   1.2530e+02   2.2083e-01   2.2162e+03   2.6500e-01   1.3200e-02   2.6595e+03   1.3247e+02
   8.7176e-01   1.3716e+01   1.2530e+02   2.1357e-01   2.1007e+03   2.5700e-01   1.2800e-02   2.5280e+03   1.2591e+02


