   3.9514e-01   1.3239e+01   0.0000e+00   1.1339e-04   4.6832e+01   9.2100e-05   8.7200e-06   3.8038e+01   3.6015e+00
   4.0464e-01   1.3249e+01   0.0000e+00   1.0643e-04   3.8222e+01   8.1300e-05   7.8100e-06   2.9196e+01   2.8046e+00
   4.1413e-01   1.3258e+01   0.0000e+00   1.0213e-04   3.2051e+01   8.0100e-05   7.7100e-06   2.5139e+01   2.4197e+00
   4.2363e-01   1.3268e+01   0.0000e+00   9.8988e-05   2.7281e+01   6.2400e-05   6.4600e-06   1.7197e+01   1.7804e+00
   4.2838e-01   1.3272e+01   0.0000e+00   9.7301e-05   2.5173e+01   7.5900e-05   7.2500e-06   1.9636e+01   1.8757e+00
   4.3312e-01   1.3277e+01   0.0000e+00   9.5073e-05   2.3114e+01   5.9000e-05   6.4700e-06   1.4344e+01   1.5730e+00
   4.4262e-01   1.3287e+01   0.0000e+00   8.6358e-05   1.8601e+01   5.9500e-05   6.5500e-06   1.2816e+01   1.4108e+00
   4.5212e-01   1.3296e+01   0.0000e+00   6.7820e-05   1.2995e+01   7.9200e-05   8.2500e-06   1.5175e+01   1.5808e+00
   4.5686e-01   1.3301e+01   0.0000e+00   1.4223e-04   2.5741e+01   3.0000e-04   2.8500e-05   5.4294e+01   5.1580e+00
   4.5876e-01   1.3303e+01   0.0000e+00   7.1722e-04   1.2691e+02   2.6900e-03   2.4400e-04   4.7598e+02   4.3174e+01
   4.5971e-01   1.3304e+01   0.0000e+00   3.9350e-03   6.8851e+02   1.1900e-02   1.0700e-03   2.0821e+03   1.8722e+02
   4.6066e-01   1.3305e+01   0.0000e+00   9.3700e-03   1.6212e+03   1.5300e-02   1.3900e-03   2.6472e+03   2.4050e+02
   4.6161e-01   1.3306e+01   0.0000e+00   1.0518e-02   1.7997e+03   1.7400e-02   1.5800e-03   2.9772e+03   2.7034e+02
   4.6256e-01   1.3307e+01   0.0000e+00   1.0863e-02   1.8381e+03   1.7100e-02   1.5500e-03   2.8935e+03   2.6228e+02
   4.6351e-01   1.3308e+01   0.0000e+00   1.0711e-02   1.7925e+03   1.0800e-02   9.7600e-04   1.8074e+03   1.6333e+02
   4.6446e-01   1.3308e+01   0.0000e+00   8.1047e-03   1.3414e+03   6.2200e-03   5.6400e-04   1.0295e+03   9.3348e+01
   4.6541e-01   1.3309e+01   0.0000e+00   2.6344e-03   4.3125e+02   2.8600e-03   2.5900e-04   4.6818e+02   4.2398e+01
   4.6636e-01   1.3310e+01   0.0000e+00   1.4313e-03   2.3175e+02   1.3100e-03   1.1900e-04   2.1211e+02   1.9268e+01
   4.6826e-01   1.3312e+01   0.0000e+00   8.2436e-04   1.3059e+02   6.4100e-04   5.8500e-05   1.0154e+02   9.2673e+00
   4.7111e-01   1.3315e+01   0.0000e+00   5.7328e-04   8.7913e+01   4.3800e-04   4.0100e-05   6.7168e+01   6.1494e+00
   4.7586e-01   1.3320e+01   0.0000e+00   4.5177e-04   6.5673e+01   3.3300e-04   3.0700e-05   4.8408e+01   4.4628e+00
   4.8535e-01   1.3329e+01   0.0000e+00   4.2054e-04   5.5073e+01   2.9300e-04   2.6900e-05   3.8371e+01   3.5228e+00
   4.9485e-01   1.3339e+01   0.0000e+00   4.7216e-04   5.5882e+01   3.3600e-04   3.0700e-05   3.9767e+01   3.6335e+00
   5.0435e-01   1.3348e+01   0.0000e+00   5.8324e-04   6.2576e+01   3.8900e-04   3.5900e-05   4.1736e+01   3.8517e+00
   5.1384e-01   1.3358e+01   0.0000e+00   7.7768e-04   7.5858e+01   5.5000e-04   5.0700e-05   5.3649e+01   4.9455e+00
   5.2334e-01   1.3367e+01   0.0000e+00   1.1198e-03   9.9586e+01   8.1100e-04   7.3900e-05   7.2121e+01   6.5719e+00
   5.2809e-01   1.3372e+01   0.0000e+00   1.3867e-03   1.1786e+02   1.0600e-03   9.7900e-05   9.0096e+01   8.3211e+00
   5.3283e-01   1.3377e+01   0.0000e+00   1.7566e-03   1.4279e+02   1.3400e-03   1.2200e-04   1.0893e+02   9.9174e+00
   5.3758e-01   1.3382e+01   0.0000e+00   2.2783e-03   1.7724e+02   1.8600e-03   1.6800e-04   1.4470e+02   1.3069e+01
   5.4233e-01   1.3386e+01   0.0000e+00   3.0233e-03   2.2522e+02   2.5000e-03   2.2600e-04   1.8624e+02   1.6836e+01
   5.4708e-01   1.3391e+01   0.0000e+00   4.0840e-03   2.9151e+02   3.1200e-03   2.8200e-04   2.2270e+02   2.0129e+01
   5.5183e-01   1.3396e+01   0.0000e+00   5.5351e-03   3.7878e+02   4.4700e-03   4.0400e-04   3.0590e+02   2.7647e+01
   5.5658e-01   1.3401e+01   0.0000e+00   7.2963e-03   4.7898e+02   6.1100e-03   5.5100e-04   4.0110e+02   3.6171e+01
   5.6132e-01   1.3405e+01   0.0000e+00   8.8997e-03   5.6077e+02   7.9600e-03   7.1800e-04   5.0156e+02   4.5241e+01
   5.6417e-01   1.3408e+01   0.0000e+00   9.4542e-03   5.8138e+02   8.6600e-03   7.8000e-04   5.3255e+02   4.7966e+01
   5.6607e-01   1.3410e+01   0.0000e+00   9.5678e-03   5.7897e+02   8.6700e-03   7.8200e-04   5.2464e+02   4.7320e+01
   5.6797e-01   1.3412e+01   0.0000e+00   9.4688e-03   5.6386e+02   8.5800e-03   7.7400e-04   5.1094e+02   4.6092e+01
   5.7082e-01   1.3415e+01   0.0000e+00   8.9801e-03   5.2215e+02   7.9800e-03   7.1900e-04   4.6399e+02   4.1806e+01
   5.7557e-01   1.3420e+01   0.0000e+00   7.6511e-03   4.2769e+02   6.5100e-03   5.8700e-04   3.6390e+02   3.2813e+01
   5.8032e-01   1.3424e+01   0.0000e+00   6.2464e-03   3.3586e+02   5.2700e-03   4.7500e-04   2.8336e+02   2.5540e+01
   5.8506e-01   1.3429e+01   0.0000e+00   5.0847e-03   2.6311e+02   4.2600e-03   3.8400e-04   2.2044e+02   1.9870e+01
   5.8981e-01   1.3434e+01   0.0000e+00   4.2164e-03   2.1008e+02   3.3900e-03   3.0600e-04   1.6890e+02   1.5246e+01
   5.9456e-01   1.3439e+01   0.0000e+00   3.5987e-03   1.7272e+02   2.9000e-03   2.6200e-04   1.3919e+02   1.2575e+01
   5.9931e-01   1.3443e+01   0.0000e+00   3.1795e-03   1.4708e+02   2.6400e-03   2.3800e-04   1.2212e+02   1.1009e+01
   6.0880e-01   1.3453e+01   0.0000e+00   2.8219e-03   1.2142e+02   2.4600e-03   2.2200e-04   1.0585e+02   9.5520e+00
   6.1355e-01   1.3458e+01   0.0000e+00   2.9002e-03   1.2043e+02   2.8000e-03   2.5300e-04   1.1627e+02   1.0506e+01
   6.1830e-01   1.3462e+01   0.0000e+00   3.2607e-03   1.3073e+02   3.2100e-03   2.9100e-04   1.2870e+02   1.1667e+01
   6.2115e-01   1.3465e+01   0.0000e+00   3.7246e-03   1.4625e+02   3.9300e-03   3.5600e-04   1.5432e+02   1.3979e+01
   6.2400e-01   1.3468e+01   0.0000e+00   4.5556e-03   1.7522e+02   5.2200e-03   4.7100e-04   2.0078e+02   1.8116e+01
   6.2590e-01   1.3470e+01   0.0000e+00   5.4871e-03   2.0818e+02   6.8200e-03   6.1500e-04   2.5875e+02   2.3333e+01
   6.2780e-01   1.3472e+01   0.0000e+00   6.9857e-03   2.6144e+02   9.1900e-03   8.2900e-04   3.4394e+02   3.1026e+01
   6.2970e-01   1.3474e+01   0.0000e+00   9.5515e-03   3.5265e+02   1.2800e-02   1.1600e-03   4.7259e+02   4.2828e+01
   6.3160e-01   1.3476e+01   0.0000e+00   1.4213e-02   5.1770e+02   2.0400e-02   1.8400e-03   7.4308e+02   6.7023e+01
   6.3349e-01   1.3477e+01   0.0000e+00   2.2367e-02   8.0385e+02   3.2200e-02   2.9000e-03   1.1572e+03   1.0422e+02
   6.3444e-01   1.3478e+01   0.0000e+00   2.7407e-02   9.7842e+02   3.9800e-02   3.5800e-03   1.4208e+03   1.2780e+02
   6.3539e-01   1.3479e+01   0.0000e+00   3.1823e-02   1.1285e+03   4.4900e-02   4.0400e-03   1.5922e+03   1.4326e+02
   6.3634e-01   1.3480e+01   0.0000e+00   3.4444e-02   1.2133e+03   4.6400e-02   4.1800e-03   1.6345e+03   1.4724e+02
   6.3729e-01   1.3481e+01   0.0000e+00   3.4677e-02   1.2134e+03   4.5800e-02   4.1200e-03   1.6027e+03   1.4417e+02
   6.3824e-01   1.3482e+01   0.0000e+00   3.2474e-02   1.1288e+03   3.8100e-02   3.4300e-03   1.3244e+03   1.1923e+02
   6.3919e-01   1.3483e+01   0.0000e+00   2.8230e-02   9.7482e+02   3.1400e-02   2.8300e-03   1.0843e+03   9.7725e+01
   6.4109e-01   1.3485e+01   0.0000e+00   1.7693e-02   6.0297e+02   1.9100e-02   1.7200e-03   6.5092e+02   5.8617e+01
   6.4299e-01   1.3487e+01   0.0000e+00   1.0295e-02   3.4627e+02   1.0700e-02   9.6700e-04   3.5990e+02   3.2525e+01
   6.4489e-01   1.3489e+01   0.0000e+00   6.4084e-03   2.1275e+02   7.0400e-03   6.3400e-04   2.3372e+02   2.1048e+01
   6.4679e-01   1.3491e+01   0.0000e+00   4.3524e-03   1.4263e+02   4.8900e-03   4.4100e-04   1.6025e+02   1.4452e+01
   6.5154e-01   1.3496e+01   0.0000e+00   2.2005e-03   6.9822e+01   2.4900e-03   2.2600e-04   7.9009e+01   7.1711e+00
   6.5629e-01   1.3500e+01   0.0000e+00   1.4357e-03   4.4127e+01   1.5200e-03   1.3800e-04   4.6718e+01   4.2415e+00
   6.6578e-01   1.3510e+01   0.0000e+00   8.9295e-04   2.5780e+01   1.0700e-03   9.7200e-05   3.0891e+01   2.8062e+00
   6.7528e-01   1.3519e+01   0.0000e+00   9.9920e-04   2.7135e+01   9.3600e-04   8.5000e-05   2.5419e+01   2.3084e+00
   6.8477e-01   1.3529e+01   0.0000e+00   6.1822e-04   1.5815e+01   8.3800e-04   7.6200e-05   2.1437e+01   1.9492e+00
   6.9427e-01   1.3538e+01   0.0000e+00   5.8255e-04   1.4055e+01   7.2900e-04   6.6500e-05   1.7589e+01   1.6045e+00
   7.0377e-01   1.3548e+01   0.0000e+00   5.8810e-04   1.3401e+01   6.7800e-04   6.1900e-05   1.5449e+01   1.4105e+00
   7.1326e-01   1.3557e+01   0.0000e+00   6.4093e-04   1.3810e+01   6.1200e-04   5.5900e-05   1.3186e+01   1.2044e+00
   7.2276e-01   1.3567e+01   0.0000e+00   7.3944e-04   1.5083e+01   5.5900e-04   5.1200e-05   1.1402e+01   1.0444e+00
   7.3226e-01   1.3576e+01   0.0000e+00   8.0344e-04   1.5533e+01   5.3100e-04   4.8800e-05   1.0266e+01   9.4345e-01
   7.5505e-01   1.3599e+01   0.0000e+00   5.5069e-04   9.4032e+00   4.8700e-04   4.5400e-05   8.3157e+00   7.7522e-01


   2.4500e-01   1.3089e+01   0.0000e+00   2.2413e-06   2.4200e+01   1.2700e-06   2.8800e-07   1.3713e+01   3.1096e+00
   2.5450e-01   1.3098e+01   0.0000e+00   3.5189e-06   2.8331e+01   2.2700e-06   3.7700e-07   1.8276e+01   3.0353e+00
   2.6400e-01   1.3108e+01   0.0000e+00   5.9735e-06   3.6464e+01   3.4800e-06   4.8600e-07   2.1243e+01   2.9667e+00
   2.7349e-01   1.3117e+01   0.0000e+00   1.0793e-05   5.0716e+01   6.3200e-06   7.4400e-07   2.9698e+01   3.4961e+00
   2.8299e-01   1.3127e+01   0.0000e+00   2.0929e-05   7.6762e+01   1.2500e-05   1.2900e-06   4.5847e+01   4.7314e+00
   2.9248e-01   1.3136e+01   0.0000e+00   4.4865e-05   1.3008e+02   2.7300e-05   2.6400e-06   7.9156e+01   7.6546e+00
   3.0198e-01   1.3146e+01   0.0000e+00   1.1384e-04   2.6401e+02   7.0800e-05   6.5600e-06   1.6419e+02   1.5213e+01
   3.0673e-01   1.3151e+01   0.0000e+00   2.0251e-04   4.2173e+02   1.2800e-04   1.1700e-05   2.6656e+02   2.4365e+01
   3.1148e-01   1.3155e+01   0.0000e+00   4.1114e-04   7.7086e+02   2.5900e-04   2.3500e-05   4.8561e+02   4.4061e+01
   3.1623e-01   1.3160e+01   0.0000e+00   1.0688e-03   1.8086e+03   6.9200e-04   6.2600e-05   1.1710e+03   1.0594e+02
   3.1812e-01   1.3162e+01   0.0000e+00   1.7873e-03   2.9050e+03   1.2000e-03   1.0800e-04   1.9505e+03   1.7554e+02
   3.2002e-01   1.3164e+01   0.0000e+00   3.4586e-03   5.4014e+03   2.4300e-03   2.1900e-04   3.7950e+03   3.4202e+02
   3.2097e-01   1.3165e+01   0.0000e+00   5.2669e-03   8.0638e+03   3.8200e-03   3.4400e-04   5.8486e+03   5.2668e+02
   3.2192e-01   1.3166e+01   0.0000e+00   8.8478e-03   1.3282e+04   6.9000e-03   6.2200e-04   1.0358e+04   9.3369e+02
   3.2287e-01   1.3167e+01   0.0000e+00   1.7132e-02   2.5216e+04   1.8800e-02   1.6900e-03   2.7672e+04   2.4875e+03
   3.2382e-01   1.3168e+01   0.0000e+00   3.6129e-02   5.2148e+04   3.5700e-02   3.2100e-03   5.1529e+04   4.6333e+03
   3.2477e-01   1.3169e+01   0.0000e+00   5.5624e-02   7.8739e+04   4.2000e-02   3.7800e-03   5.9453e+04   5.3508e+03
   3.2572e-01   1.3170e+01   0.0000e+00   6.0661e-02   8.4221e+04   4.3100e-02   3.8800e-03   5.9839e+04   5.3869e+03
   3.2667e-01   1.3171e+01   0.0000e+00   5.1921e-02   7.0710e+04   3.1800e-02   2.8700e-03   4.3307e+04   3.9085e+03
   3.2762e-01   1.3172e+01   0.0000e+00   3.0232e-02   4.0388e+04   1.7500e-02   1.5800e-03   2.3379e+04   2.1108e+03
   3.2857e-01   1.3173e+01   0.0000e+00   1.5104e-02   1.9796e+04   9.7700e-03   8.8000e-04   1.2805e+04   1.1534e+03
   3.2952e-01   1.3174e+01   0.0000e+00   8.6692e-03   1.1148e+04   5.9100e-03   5.3300e-04   7.5999e+03   6.8541e+02
   3.3047e-01   1.3174e+01   0.0000e+00   5.6432e-03   7.1207e+03   3.8300e-03   3.4500e-04   4.8328e+03   4.3533e+02
   3.3142e-01   1.3175e+01   0.0000e+00   3.9973e-03   4.9497e+03   2.6500e-03   2.3900e-04   3.2813e+03   2.9594e+02
   3.3237e-01   1.3176e+01   0.0000e+00   3.0014e-03   3.6473e+03   1.9600e-03   1.7700e-04   2.3818e+03   2.1509e+02
   3.3332e-01   1.3177e+01   0.0000e+00   2.3509e-03   2.8040e+03   1.5400e-03   1.3900e-04   1.8368e+03   1.6579e+02
   3.3427e-01   1.3178e+01   0.0000e+00   1.9014e-03   2.2260e+03   1.2600e-03   1.1400e-04   1.4751e+03   1.3346e+02
   3.3522e-01   1.3179e+01   0.0000e+00   1.5768e-03   1.8121e+03   1.0200e-03   9.1900e-05   1.1722e+03   1.0562e+02
   3.3617e-01   1.3180e+01   0.0000e+00   1.3343e-03   1.5054e+03   8.6400e-04   7.8200e-05   9.7480e+02   8.8229e+01
   3.3807e-01   1.3182e+01   0.0000e+00   1.0016e-03   1.0894e+03   6.4800e-04   5.8800e-05   7.0480e+02   6.3954e+01
   3.3997e-01   1.3184e+01   0.0000e+00   7.8844e-04   8.2697e+02   5.0200e-04   4.5600e-05   5.2653e+02   4.7829e+01
   3.4186e-01   1.3186e+01   0.0000e+00   6.4310e-04   6.5069e+02   4.1200e-04   3.7400e-05   4.1686e+02   3.7841e+01
   3.4376e-01   1.3188e+01   0.0000e+00   5.3918e-04   5.2642e+02   3.4000e-04   3.0900e-05   3.3195e+02   3.0169e+01
   3.4566e-01   1.3190e+01   0.0000e+00   4.6207e-04   4.3546e+02   2.9700e-04   2.7100e-05   2.7989e+02   2.5539e+01
   3.4946e-01   1.3193e+01   0.0000e+00   3.5697e-04   3.1372e+02   2.3200e-04   2.1200e-05   2.0389e+02   1.8631e+01
   3.5421e-01   1.3198e+01   0.0000e+00   2.7717e-04   2.2360e+02   1.7500e-04   1.6000e-05   1.4118e+02   1.2908e+01
   3.5896e-01   1.3203e+01   0.0000e+00   2.2730e-04   1.6863e+02   1.4200e-04   1.3000e-05   1.0534e+02   9.6442e+00
   3.6845e-01   1.3212e+01   0.0000e+00   1.7058e-04   1.0757e+02   1.0800e-04   1.0000e-05   6.8104e+01   6.3060e+00
   3.7320e-01   1.3217e+01   0.0000e+00   1.5359e-04   8.9512e+01   9.8200e-05   9.1200e-06   5.7233e+01   5.3153e+00
   3.7795e-01   1.3222e+01   0.0000e+00   1.4092e-04   7.6027e+01   9.0500e-05   8.3200e-06   4.8825e+01   4.4887e+00
   3.8270e-01   1.3227e+01   0.0000e+00   1.3130e-04   6.5675e+01   8.3300e-05   7.7100e-06   4.1664e+01   3.8563e+00
   3.8745e-01   1.3231e+01   0.0000e+00   1.2391e-04   5.7544e+01   7.6400e-05   7.1000e-06   3.5479e+01   3.2972e+00
   3.9219e-01   1.3236e+01   0.0000e+00   1.1819e-04   5.1031e+01   7.2000e-05   6.7100e-06   3.1088e+01   2.8972e+00
   3.9694e-01   1.3241e+01   0.0000e+00   1.1373e-04   4.5723e+01   6.9100e-05   6.4600e-06   2.7779e+01   2.5970e+00
   4.0169e-01   1.3246e+01   0.0000e+00   1.1026e-04   4.1327e+01   6.4200e-05   6.0100e-06   2.4063e+01   2.2526e+00
   4.0644e-01   1.3250e+01   0.0000e+00   1.0755e-04   3.7631e+01   6.1700e-05   5.7800e-06   2.1589e+01   2.0224e+00
   4.1594e-01   1.3260e+01   0.0000e+00   1.0363e-04   3.1720e+01   5.9900e-05   5.6600e-06   1.8334e+01   1.7324e+00


   4.5962e-01   1.3304e+01   1.6510e+02   2.8869e-03   5.0568e+02   1.0400e+00   4.5400e-02   1.8217e+05   7.9525e+03
   4.5962e-01   1.3304e+01   1.5980e+02   2.8867e-03   5.0564e+02   1.0400e+00   3.9100e-02   1.8217e+05   6.8489e+03
   4.5962e-01   1.3304e+01   1.5500e+02   2.8864e-03   5.0560e+02   9.4900e-01   4.7000e-02   1.6623e+05   8.2327e+03
   4.5962e-01   1.3304e+01   1.4960e+02   2.8861e-03   5.0555e+02   9.5200e-01   4.3800e-02   1.6676e+05   7.6722e+03
   4.5962e-01   1.3304e+01   1.4500e+02   2.8858e-03   5.0549e+02   9.9500e-01   6.2200e-02   1.7429e+05   1.0895e+04
   4.5962e-01   1.3304e+01   1.3980e+02   2.8855e-03   5.0543e+02   1.0200e+00   4.2200e-02   1.7867e+05   7.3920e+03
   4.5962e-01   1.3304e+01   1.3480e+02   2.8851e-03   5.0537e+02   9.9400e-01   4.5400e-02   1.7411e+05   7.9525e+03
   4.5962e-01   1.3304e+01   1.2970e+02   2.8848e-03   5.0531e+02   9.7700e-01   4.4600e-02   1.7114e+05   7.8124e+03
   4.5962e-01   1.3304e+01   1.2470e+02   2.8844e-03   5.0525e+02   1.0300e+00   4.4600e-02   1.8042e+05   7.8124e+03
   4.5962e-01   1.3304e+01   1.1960e+02   2.8841e-03   5.0519e+02   1.0200e+00   3.9100e-02   1.7867e+05   6.8489e+03
   4.5962e-01   1.3304e+01   1.1490e+02   2.8838e-03   5.0515e+02   9.3200e-01   5.1800e-02   1.6325e+05   9.0735e+03
   4.5962e-01   1.3304e+01   1.0960e+02   2.8836e-03   5.0510e+02   9.6800e-01   3.8300e-02   1.6956e+05   6.7088e+03
   4.5962e-01   1.3304e+01   1.0470e+02   2.8834e-03   5.0507e+02   8.8100e-01   5.8200e-02   1.5432e+05   1.0195e+04
   4.5962e-01   1.3304e+01   9.9300e+01   2.8832e-03   5.0504e+02   8.8000e-01   3.9800e-02   1.5415e+05   6.9716e+03
   4.5962e-01   1.3304e+01   9.4500e+01   2.8831e-03   5.0502e+02   1.0000e+00   5.9800e-02   1.7516e+05   1.0475e+04
   4.5962e-01   1.3304e+01   8.9400e+01   2.8831e-03   5.0502e+02   1.0500e+00   4.3000e-02   1.8392e+05   7.5321e+03
   4.5962e-01   1.3304e+01   8.4700e+01   2.8831e-03   5.0503e+02   9.2400e-01   5.5000e-02   1.6185e+05   9.6341e+03
   4.5962e-01   1.3304e+01   7.9600e+01   2.8832e-03   5.0504e+02   1.1000e+00   4.2200e-02   1.9268e+05   7.3920e+03
   4.5962e-01   1.3304e+01   7.4500e+01   2.8834e-03   5.0507e+02   1.1000e+00   8.1300e-02   1.9268e+05   1.4241e+04
   4.5962e-01   1.3304e+01   6.9600e+01   2.8836e-03   5.0511e+02   9.3500e-01   6.1400e-02   1.6378e+05   1.0755e+04
   4.5962e-01   1.3304e+01   6.9700e+01   2.8836e-03   5.0511e+02   1.0400e+00   3.9000e-02   1.8217e+05   6.8314e+03
   4.5962e-01   1.3304e+01   6.4800e+01   2.8838e-03   5.0515e+02   1.0400e+00   5.5000e-02   1.8217e+05   9.6341e+03
   4.5962e-01   1.3304e+01   5.9700e+01   2.8841e-03   5.0520e+02   1.0200e+00   4.0600e-02   1.7867e+05   7.1117e+03
   4.5962e-01   1.3304e+01   5.5000e+01   2.8844e-03   5.0525e+02   9.7900e-01   5.5800e-02   1.7149e+05   9.7742e+03
   4.5962e-01   1.3304e+01   4.9800e+01   2.8848e-03   5.0531e+02   9.9300e-01   4.3000e-02   1.7394e+05   7.5321e+03
   4.5962e-01   1.3304e+01   4.4700e+01   2.8852e-03   5.0538e+02   9.6700e-01   5.3400e-02   1.6938e+05   9.3538e+03
   4.5962e-01   1.3304e+01   3.9600e+01   2.8855e-03   5.0544e+02   9.3600e-01   4.7000e-02   1.6395e+05   8.2327e+03
   4.5962e-01   1.3304e+01   3.4900e+01   2.8858e-03   5.0550e+02   1.0400e+00   4.8600e-02   1.8217e+05   8.5130e+03
   4.5962e-01   1.3304e+01   3.0600e+01   2.8861e-03   5.0554e+02   1.0300e+00   4.1400e-02   1.8042e+05   7.2518e+03
   4.5962e-01   1.3304e+01   2.5200e+01   2.8864e-03   5.0560e+02   1.0500e+00   4.1400e-02   1.8392e+05   7.2518e+03
   4.5962e-01   1.3304e+01   2.0100e+01   2.8867e-03   5.0564e+02   1.0500e+00   4.0600e-02   1.8392e+05   7.1117e+03
   4.5962e-01   1.3304e+01   1.4800e+01   2.8869e-03   5.0568e+02   1.1200e+00   3.8300e-02   1.9618e+05   6.7088e+03
   4.5962e-01   1.3304e+01   1.0000e+01   2.8870e-03   5.0571e+02   1.1200e+00   3.9000e-02   1.9618e+05   6.8314e+03
   4.5962e-01   1.3304e+01   5.4000e+00   2.8871e-03   5.0572e+02   1.0900e+00   4.7000e-02   1.9093e+05   8.2327e+03
   4.5962e-01   1.3304e+01   4.0000e-01   2.8872e-03   5.0573e+02   1.0800e+00   4.3000e-02   1.8918e+05   7.5321e+03


   5.6408e-01   1.3408e+01   1.6000e+02   9.1798e-04   5.6497e+01   1.1900e+00   2.8300e-02   7.3238e+04   1.7417e+03
   5.6408e-01   1.3408e+01   1.5000e+02   8.9413e-04   5.5029e+01   1.1600e+00   2.7600e-02   7.1392e+04   1.6986e+03
   5.6408e-01   1.3408e+01   1.4000e+02   8.6487e-04   5.3228e+01   1.1100e+00   3.0600e-02   6.8314e+04   1.8833e+03
   5.6408e-01   1.3408e+01   1.3000e+02   8.3373e-04   5.1312e+01   1.1100e+00   2.7600e-02   6.8314e+04   1.6986e+03
   5.6408e-01   1.3408e+01   1.2000e+02   8.0448e-04   4.9511e+01   1.0900e+00   2.7600e-02   6.7084e+04   1.6986e+03
   5.6408e-01   1.3408e+01   1.1000e+02   7.8064e-04   4.8044e+01   1.0600e+00   2.9900e-02   6.5237e+04   1.8402e+03
   5.6408e-01   1.3408e+01   1.0000e+02   7.6508e-04   4.7086e+01   1.0100e+00   2.6800e-02   6.2160e+04   1.6494e+03
   5.6408e-01   1.3408e+01   9.0000e+01   7.5967e-04   4.6754e+01   1.0000e+00   2.4500e-02   6.1545e+04   1.5078e+03
   5.6408e-01   1.3408e+01   8.0000e+01   7.6508e-04   4.7086e+01   1.0000e+00   3.1400e-02   6.1545e+04   1.9325e+03
   5.6408e-01   1.3408e+01   7.0000e+01   7.8064e-04   4.8044e+01   1.0500e+00   2.3000e-02   6.4622e+04   1.4155e+03
   5.6408e-01   1.3408e+01   6.0000e+01   8.0448e-04   4.9511e+01   1.0900e+00   2.6000e-02   6.7084e+04   1.6002e+03
   5.6408e-01   1.3408e+01   5.0000e+01   8.3373e-04   5.1312e+01   1.1200e+00   3.1400e-02   6.8930e+04   1.9325e+03
   5.6408e-01   1.3408e+01   4.0000e+01   8.6487e-04   5.3228e+01   1.1500e+00   2.8300e-02   7.0776e+04   1.7417e+03
   5.6408e-01   1.3408e+01   3.0000e+01   8.9413e-04   5.5029e+01   1.1400e+00   2.9100e-02   7.0161e+04   1.7909e+03
   5.6408e-01   1.3408e+01   2.0000e+01   9.1798e-04   5.6497e+01   1.1600e+00   2.9900e-02   7.1392e+04   1.8402e+03
   5.6408e-01   1.3408e+01   9.0000e+00   9.3457e-04   5.7518e+01   1.1800e+00   2.9100e-02   7.2623e+04   1.7909e+03
   5.6408e-01   1.3408e+01   0.0000e+00   9.3896e-04   5.7788e+01   1.2000e+00   2.9900e-02   7.3853e+04   1.8402e+03


   6.3435e-01   1.3478e+01   1.6000e+02   3.4478e-03   1.2317e+02   9.9700e-01   1.3700e-02   3.5616e+04   4.8941e+02
   6.3435e-01   1.3478e+01   1.5000e+02   3.4571e-03   1.2350e+02   9.9500e-01   1.4000e-02   3.5544e+04   5.0012e+02
   6.3435e-01   1.3478e+01   1.4000e+02   3.4685e-03   1.2390e+02   1.0100e+00   1.5400e-02   3.6080e+04   5.5014e+02
   6.3435e-01   1.3478e+01   1.3000e+02   3.4806e-03   1.2434e+02   1.0000e+00   1.6500e-02   3.5723e+04   5.8943e+02
   6.3435e-01   1.3478e+01   1.2000e+02   3.4920e-03   1.2475e+02   1.0200e+00   1.4000e-02   3.6438e+04   5.0012e+02
   6.3435e-01   1.3478e+01   1.1000e+02   3.5014e-03   1.2508e+02   1.0000e+00   1.5800e-02   3.5723e+04   5.6442e+02
   6.3435e-01   1.3478e+01   1.0000e+02   3.5075e-03   1.2530e+02   9.8800e-01   1.5400e-02   3.5294e+04   5.5014e+02
   6.3435e-01   1.3478e+01   9.0000e+01   3.5096e-03   1.2537e+02   9.8000e-01   1.4000e-02   3.5009e+04   5.0012e+02
   6.3435e-01   1.3478e+01   8.0000e+01   3.5075e-03   1.2530e+02   9.9600e-01   1.5800e-02   3.5580e+04   5.6442e+02
   6.3435e-01   1.3478e+01   7.0000e+01   3.5014e-03   1.2508e+02   1.0100e+00   1.5800e-02   3.6080e+04   5.6442e+02
   6.3435e-01   1.3478e+01   6.0000e+01   3.4920e-03   1.2475e+02   1.0100e+00   1.6100e-02   3.6080e+04   5.7514e+02
   6.3435e-01   1.3478e+01   5.0000e+01   3.4806e-03   1.2434e+02   1.0200e+00   1.5100e-02   3.6438e+04   5.3942e+02
   6.3435e-01   1.3478e+01   4.0000e+01   3.4685e-03   1.2390e+02   1.0100e+00   1.4400e-02   3.6080e+04   5.1441e+02
   6.3435e-01   1.3478e+01   3.0000e+01   3.4571e-03   1.2350e+02   1.0100e+00   1.4700e-02   3.6080e+04   5.2513e+02
   6.3435e-01   1.3478e+01   2.0000e+01   3.4478e-03   1.2317e+02   9.9600e-01   1.4700e-02   3.5580e+04   5.2513e+02
   6.3435e-01   1.3478e+01   1.0000e+01   3.4418e-03   1.2295e+02   9.9100e-01   1.3300e-02   3.5402e+04   4.7512e+02
   6.3435e-01   1.3478e+01   0.0000e+00   3.4397e-03   1.2288e+02   9.9600e-01   1.5400e-02   3.5580e+04   5.5014e+02


   1.2696e-01   1.2971e+01   4.5000e+01   4.2675e-11   2.2521e-01   1.6572e-10   5.8629e-11   8.7459e-01   3.0941e-01
   1.3798e-01   1.2982e+01   4.5000e+01   1.1022e-10   2.3342e-01   3.9086e-10   1.6416e-10   8.2773e-01   3.4765e-01
   1.4510e-01   1.2989e+01   4.5000e+01   1.9538e-10   2.4292e-01   3.9242e-10   1.3289e-10   4.8792e-01   1.6523e-01
   1.4662e-01   1.2991e+01   4.5000e+01   2.1999e-10   2.4543e-01   6.2850e-10   2.2044e-10   7.0117e-01   2.4593e-01
   1.5697e-01   1.3001e+01   4.5000e+01   4.8081e-10   2.6777e-01   8.3331e-10   1.2711e-10   4.6409e-01   7.0790e-02
   1.5688e-01   1.3001e+01   4.5000e+01   4.7746e-10   2.6752e-01   1.0553e-09   1.2742e-10   5.9130e-01   7.1394e-02
   1.6485e-01   1.3009e+01   4.5000e+01   8.5200e-10   2.9270e-01   1.2320e-09   2.4077e-10   4.2324e-01   8.2715e-02
   1.6561e-01   1.3010e+01   4.5000e+01   8.9969e-10   2.9558e-01   1.9074e-09   2.5797e-10   6.2664e-01   8.4751e-02
   1.7502e-01   1.3019e+01   4.5000e+01   1.7607e-09   3.4127e-01   2.0481e-09   4.1587e-10   3.9696e-01   8.0604e-02
   1.7426e-01   1.3018e+01   4.5000e+01   1.6675e-09   3.3671e-01   3.4865e-09   5.0186e-10   7.0402e-01   1.0134e-01
   1.8214e-01   1.3026e+01   4.5000e+01   2.9601e-09   3.9577e-01   4.5809e-09   4.0806e-10   6.1245e-01   5.4557e-02
   1.8603e-01   1.3030e+01   4.5000e+01   3.9879e-09   4.3933e-01   6.3476e-09   5.4877e-10   6.9928e-01   6.0455e-02
   1.9163e-01   1.3036e+01   4.5000e+01   6.3631e-09   5.3631e-01   5.0186e-09   5.3939e-10   4.2299e-01   4.5461e-02
   1.9391e-01   1.3038e+01   4.5000e+01   7.8668e-09   5.9667e-01   6.6602e-09   8.0361e-10   5.0515e-01   6.0950e-02
   1.9467e-01   1.3039e+01   4.5000e+01   8.4784e-09   6.2110e-01   1.2179e-08   1.8918e-09   8.9221e-01   1.3858e-01
   2.0255e-01   1.3047e+01   4.5000e+01   2.2951e-08   1.1868e+00   1.2195e-08   1.4712e-09   6.3061e-01   7.6077e-02
   2.0180e-01   1.3046e+01   4.5000e+01   2.0316e-08   1.0854e+00   1.6260e-08   2.5328e-09   8.6871e-01   1.3532e-01
   2.0180e-01   1.3046e+01   4.5000e+01   2.0316e-08   1.0854e+00   1.9699e-08   2.6109e-09   1.0525e+00   1.3950e-01
   2.0331e-01   1.3047e+01   4.5000e+01   2.6152e-08   1.3092e+00   3.1581e-08   2.2044e-09   1.5810e+00   1.1035e-01
   2.4814e-01   1.3092e+01   4.5000e+01   1.9235e-07   1.8815e+00   1.2758e-07   1.9387e-08   1.2479e+00   1.8963e-01
   2.5023e-01   1.3094e+01   4.5000e+01   2.1158e-07   1.9398e+00   1.1335e-07   1.4962e-08   1.0392e+00   1.3717e-01
   2.5792e-01   1.3102e+01   4.5000e+01   3.1230e-07   2.2717e+00   1.4540e-07   2.0012e-08   1.0577e+00   1.4557e-01
   2.5839e-01   1.3102e+01   4.5000e+01   3.2042e-07   2.2986e+00   1.8605e-07   2.9862e-08   1.3346e+00   2.1421e-01
   2.6248e-01   1.3106e+01   4.5000e+01   4.0240e-07   2.5649e+00   2.3921e-07   1.0710e-07   1.5247e+00   6.8263e-01
   2.7425e-01   1.3118e+01   4.5000e+01   8.2862e-07   3.8154e+00   3.4083e-07   1.4477e-07   1.5694e+00   6.6662e-01
   2.8289e-01   1.3127e+01   4.5000e+01   1.5073e-06   5.5419e+00   1.5791e-06   2.4390e-07   5.8057e+00   8.9672e-01
   2.8337e-01   1.3127e+01   4.5000e+01   1.5609e-06   5.6701e+00   2.1419e-06   2.4390e-07   7.7807e+00   8.8597e-01
   2.8755e-01   1.3132e+01   4.5000e+01   2.1458e-06   7.0198e+00   1.9699e-06   2.3608e-07   6.4445e+00   7.7232e-01
   2.9315e-01   1.3137e+01   4.5000e+01   3.4114e-06   9.7343e+00   3.1269e-06   3.0174e-07   8.9223e+00   8.6101e-01
   2.9267e-01   1.3137e+01   4.5000e+01   3.2737e-06   9.4485e+00   3.2676e-06   3.2676e-07   9.4310e+00   9.4310e-01
   2.9875e-01   1.3143e+01   4.5000e+01   5.7410e-06   1.4346e+01   5.4720e-06   5.4720e-07   1.3674e+01   1.3674e+00
   3.0388e-01   1.3148e+01   4.5000e+01   9.9388e-06   2.2071e+01   8.4895e-06   8.4895e-07   1.8852e+01   1.8852e+00
   3.0435e-01   1.3148e+01   4.5000e+01   1.0506e-05   2.3080e+01   1.3571e-05   1.3571e-06   2.9813e+01   2.9813e+00
   3.0844e-01   1.3152e+01   4.5000e+01   1.7694e-05   3.5471e+01   1.6416e-05   1.6416e-06   3.2909e+01   3.2909e+00
   3.1452e-01   1.3159e+01   4.5000e+01   4.8228e-05   8.4658e+01   3.7835e-05   3.7835e-06   6.6416e+01   6.6416e+00
   3.1347e-01   1.3157e+01   4.5000e+01   3.9453e-05   7.0834e+01   4.2682e-05   4.2682e-06   7.6631e+01   7.6631e+00
   3.1964e-01   1.3164e+01   4.5000e+01   1.8355e-04   2.8894e+02   1.2382e-04   1.2382e-05   1.9492e+02   1.9492e+01
   3.2259e-01   1.3167e+01   4.5000e+01   7.7515e-04   1.1477e+03   3.6428e-04   3.6428e-05   5.3935e+02   5.3935e+01
   3.2506e-01   1.3169e+01   4.5000e+01   3.2043e-03   4.5095e+03   1.3993e-03   1.3993e-04   1.9693e+03   1.9693e+02
   3.2762e-01   1.3172e+01   4.5000e+01   3.4224e-03   4.5722e+03   3.2832e-03   3.2832e-04   4.3862e+03   4.3862e+02
   3.3018e-01   1.3174e+01   4.5000e+01   1.0304e-03   1.3076e+03   2.2357e-03   2.2357e-04   2.8371e+03   2.8371e+02
   3.3123e-01   1.3175e+01   4.5000e+01   5.6225e-04   6.9883e+02   1.8918e-03   1.8918e-04   2.3513e+03   2.3513e+02
   3.3227e-01   1.3176e+01   4.5000e+01   3.5809e-04   4.3597e+02   1.0710e-03   1.0710e-04   1.3039e+03   1.3039e+02
   3.3446e-01   1.3178e+01   4.5000e+01   1.8432e-04   2.1499e+02   2.9705e-04   2.9705e-05   3.4648e+02   3.4648e+01
   3.3398e-01   1.3178e+01   4.5000e+01   2.0832e-04   2.4525e+02   2.1732e-04   2.1732e-05   2.5584e+02   2.5584e+01
   3.3816e-01   1.3182e+01   4.5000e+01   8.9896e-05   9.7598e+01   9.6933e-05   9.6933e-06   1.0524e+02   1.0524e+01
   3.4120e-01   1.3185e+01   4.5000e+01   6.0045e-05   6.1521e+01   5.3782e-05   5.3782e-06   5.5104e+01   5.5104e+00
   3.4585e-01   1.3190e+01   4.5000e+01   3.8343e-05   3.6008e+01   3.9868e-05   3.9868e-06   3.7439e+01   3.7439e+00
   3.5003e-01   1.3194e+01   4.5000e+01   2.8505e-05   2.4793e+01   2.9549e-05   2.9549e-06   2.5701e+01   2.5701e+00
   3.5516e-01   1.3199e+01   4.5000e+01   2.1599e-05   1.7132e+01   2.5171e-05   2.5171e-06   1.9966e+01   1.9966e+00
   3.6029e-01   1.3204e+01   4.5000e+01   1.7461e-05   1.2657e+01   1.8761e-05   1.8761e-06   1.3600e+01   1.3600e+00
   3.6494e-01   1.3209e+01   4.5000e+01   1.4984e-05   1.0026e+01   1.5791e-05   1.5791e-06   1.0566e+01   1.0566e+00
   3.6959e-01   1.3214e+01   4.5000e+01   1.3232e-05   8.1865e+00   1.4556e-05   1.4556e-06   9.0054e+00   9.0054e-01
   3.7472e-01   1.3219e+01   4.5000e+01   1.1841e-05   6.7316e+00   1.1382e-05   1.1382e-06   6.4705e+00   6.4705e-01
   3.7833e-01   1.3222e+01   4.5000e+01   1.1097e-05   5.9502e+00   1.4368e-05   1.4368e-06   7.7044e+00   7.7044e-01
   3.7833e-01   1.3222e+01   4.5000e+01   1.1097e-05   5.9502e+00   1.3164e-05   1.3164e-06   7.0588e+00   7.0588e-01
   3.8450e-01   1.3229e+01   4.5000e+01   1.0136e-05   4.9279e+00   1.2601e-05   1.2601e-06   6.1265e+00   6.1265e-01
   3.8764e-01   1.3232e+01   4.5000e+01   9.7616e-06   4.5198e+00   9.5682e-06   9.5682e-07   4.4303e+00   4.4303e-01
   3.9276e-01   1.3237e+01   4.5000e+01   9.2716e-06   3.9688e+00   1.1585e-05   1.1585e-06   4.9592e+00   4.9592e-01
   3.9884e-01   1.3243e+01   4.5000e+01   8.8420e-06   3.4559e+00   1.1710e-05   1.1710e-06   4.5768e+00   4.5768e-01
   4.0407e-01   1.3248e+01   4.5000e+01   8.5704e-06   3.1032e+00   9.0210e-06   9.0210e-07   3.2663e+00   3.2663e-01
   4.0815e-01   1.3252e+01   4.5000e+01   8.4053e-06   2.8700e+00   1.2023e-05   1.2023e-06   4.1052e+00   4.1052e-01
   4.1223e-01   1.3256e+01   4.5000e+01   8.2716e-06   2.6658e+00   9.3337e-06   9.3337e-07   3.0081e+00   3.0081e-01
   4.1689e-01   1.3261e+01   4.5000e+01   8.1462e-06   2.4609e+00   1.0569e-05   1.0569e-06   3.1927e+00   3.1927e-01
   4.2306e-01   1.3267e+01   4.5000e+01   8.0009e-06   2.2220e+00   9.4588e-06   9.4588e-07   2.6269e+00   2.6269e-01
   4.2819e-01   1.3272e+01   4.5000e+01   7.8704e-06   2.0413e+00   1.2148e-05   1.2148e-06   3.1507e+00   3.1507e-01
   4.2714e-01   1.3271e+01   4.5000e+01   7.8994e-06   2.0773e+00   9.8497e-06   9.8497e-07   2.5902e+00   2.5902e-01
   4.3179e-01   1.3276e+01   4.5000e+01   7.7532e-06   1.9179e+00   8.8491e-06   8.8491e-07   2.1889e+00   2.1889e-01
   4.3692e-01   1.3281e+01   4.5000e+01   7.5095e-06   1.7385e+00   8.2550e-06   8.2550e-07   1.9111e+00   1.9111e-01
   4.4253e-01   1.3287e+01   4.5000e+01   7.0486e-06   1.5200e+00   9.2243e-06   9.2243e-07   1.9892e+00   1.9892e-01
   4.4566e-01   1.3290e+01   4.5000e+01   6.6469e-06   1.3785e+00   7.2700e-06   7.2700e-07   1.5077e+00   1.5077e-01
   4.7063e-01   1.3315e+01   4.5000e+01   4.8024e-05   7.4044e+00   4.9561e-05   4.9561e-06   7.6414e+00   7.6414e-01
   4.7063e-01   1.3315e+01   4.5000e+01   4.8024e-05   7.4044e+00   4.5496e-05   4.5496e-06   7.0146e+00   7.0146e-01
   4.7073e-01   1.3315e+01   4.5000e+01   4.7604e-05   7.3316e+00   4.0337e-05   4.0337e-06   6.2124e+00   6.2124e-01
   4.7177e-01   1.3316e+01   4.5000e+01   4.3774e-05   6.6625e+00   3.2363e-05   3.2363e-06   4.9257e+00   4.9257e-01
   4.7225e-01   1.3316e+01   4.5000e+01   4.2416e-05   6.4212e+00   3.6741e-05   3.6741e-06   5.5620e+00   5.5620e-01
   4.7633e-01   1.3320e+01   4.5000e+01   3.5996e-05   5.2051e+00   3.3458e-05   3.3458e-06   4.8380e+00   4.8380e-01
   4.7377e-01   1.3318e+01   4.5000e+01   3.9158e-05   5.8272e+00   4.3776e-05   4.3776e-06   6.5145e+00   6.5145e-01
   4.7481e-01   1.3319e+01   4.5000e+01   3.7601e-05   5.5303e+00   4.7998e-05   4.7998e-06   7.0594e+00   7.0594e-01
   4.7994e-01   1.3324e+01   4.5000e+01   3.4123e-05   4.7408e+00   4.7372e-05   4.7372e-06   6.5815e+00   6.5815e-01
   4.8611e-01   1.3330e+01   4.5000e+01   3.4256e-05   4.4494e+00   4.1431e-05   4.1431e-06   5.3813e+00   5.3813e-01
   4.8972e-01   1.3334e+01   4.5000e+01   3.5499e-05   4.4356e+00   3.9399e-05   3.9399e-06   4.9230e+00   4.9230e-01
   4.9380e-01   1.3338e+01   4.5000e+01   3.7721e-05   4.5137e+00   4.2838e-05   4.2838e-06   5.1260e+00   5.1260e-01
   4.9941e-01   1.3343e+01   4.5000e+01   4.2170e-05   4.7595e+00   5.2688e-05   5.2688e-06   5.9466e+00   5.9466e-01
   5.0150e-01   1.3345e+01   4.5000e+01   4.4284e-05   4.8916e+00   4.7998e-05   4.7998e-06   5.3019e+00   5.3019e-01
   5.0767e-01   1.3352e+01   4.5000e+01   5.2277e-05   5.4232e+00   5.3157e-05   5.3157e-06   5.5144e+00   5.5144e-01
   5.1280e-01   1.3357e+01   4.5000e+01   6.1451e-05   6.0564e+00   6.3632e-05   6.3632e-06   6.2714e+00   6.2714e-01
   5.1783e-01   1.3362e+01   4.5000e+01   7.3574e-05   6.9010e+00   8.0361e-05   8.0361e-06   7.5376e+00   7.5376e-01
   5.2296e-01   1.3367e+01   4.5000e+01   9.0434e-05   8.0715e+00   8.8491e-05   8.8491e-06   7.8981e+00   7.8981e-01
   5.2353e-01   1.3368e+01   4.5000e+01   9.2669e-05   8.2259e+00   9.6308e-05   9.6308e-06   8.5490e+00   8.5490e-01
   5.2505e-01   1.3369e+01   4.5000e+01   9.9052e-05   8.6657e+00   1.0600e-04   1.0600e-05   9.2736e+00   9.2736e-01
   5.2809e-01   1.3372e+01   4.5000e+01   1.1393e-04   9.6839e+00   1.1835e-04   1.1835e-05   1.0059e+01   1.0059e+00
   5.3274e-01   1.3377e+01   4.5000e+01   1.4374e-04   1.1695e+01   1.5322e-04   1.5322e-05   1.2466e+01   1.2466e+00
   5.3730e-01   1.3381e+01   4.5000e+01   1.8448e-04   1.4389e+01   2.0481e-04   2.0481e-05   1.5975e+01   1.5975e+00
   5.4243e-01   1.3386e+01   4.5000e+01   2.5048e-04   1.8643e+01   2.7360e-04   2.7360e-05   2.0364e+01   2.0364e+00
   5.4755e-01   1.3392e+01   4.5000e+01   3.4703e-04   2.4665e+01   3.8773e-04   3.8773e-05   2.7559e+01   2.7559e+00
   5.5316e-01   1.3397e+01   4.5000e+01   4.9537e-04   3.3505e+01   4.8310e-04   4.8310e-05   3.2676e+01   3.2676e+00
   5.5828e-01   1.3402e+01   4.5000e+01   6.5407e-04   4.2306e+01   6.9886e-04   6.9886e-05   4.5203e+01   4.5203e+00
   5.6132e-01   1.3405e+01   4.5000e+01   7.3403e-04   4.6251e+01   7.6765e-04   7.6765e-05   4.8369e+01   4.8369e+00
   5.6750e-01   1.3411e+01   4.5000e+01   7.8456e-04   4.6908e+01   8.4113e-04   8.4113e-05   5.0290e+01   5.0290e+00
   5.7319e-01   1.3417e+01   4.5000e+01   6.8937e-04   3.9299e+01   7.5983e-04   7.5983e-05   4.3316e+01   4.3316e+00
   5.7680e-01   1.3421e+01   4.5000e+01   5.9956e-04   3.3177e+01   6.4883e-04   6.4883e-05   3.5903e+01   3.5903e+00
   5.8193e-01   1.3426e+01   4.5000e+01   4.7929e-04   2.5435e+01   5.5971e-04   5.5971e-05   2.9703e+01   2.9703e+00
   5.8601e-01   1.3430e+01   4.5000e+01   4.0242e-04   2.0665e+01   4.3307e-04   4.3307e-05   2.2240e+01   2.2240e+00
   5.9114e-01   1.3435e+01   4.5000e+01   3.3060e-04   1.6299e+01   3.4865e-04   3.4865e-05   1.7189e+01   1.7189e+00
   5.9636e-01   1.3440e+01   4.5000e+01   2.8063e-04   1.3281e+01   3.2832e-04   3.2832e-05   1.5538e+01   1.5538e+00
   5.9988e-01   1.3444e+01   4.5000e+01   2.5748e-04   1.1858e+01   2.8924e-04   2.8924e-05   1.3321e+01   1.3321e+00
   6.0558e-01   1.3450e+01   4.5000e+01   2.3496e-04   1.0359e+01   2.6578e-04   2.6578e-05   1.1718e+01   1.1718e+00
   6.1070e-01   1.3455e+01   4.5000e+01   2.3042e-04   9.7737e+00   2.6578e-04   2.6578e-05   1.1274e+01   1.1274e+00
   6.1374e-01   1.3458e+01   4.5000e+01   2.3633e-04   9.8000e+00   2.7829e-04   2.7829e-05   1.1540e+01   1.1540e+00
   6.1792e-01   1.3462e+01   4.5000e+01   2.6033e-04   1.0467e+01   2.9549e-04   2.9549e-05   1.1880e+01   1.1880e+00
   6.1944e-01   1.3463e+01   4.5000e+01   2.7597e-04   1.0973e+01   3.1269e-04   3.1269e-05   1.2433e+01   1.2433e+00
   6.1991e-01   1.3464e+01   4.5000e+01   2.8193e-04   1.1171e+01   3.3614e-04   3.3614e-05   1.3319e+01   1.3319e+00
   6.2457e-01   1.3469e+01   4.5000e+01   3.8488e-04   1.4743e+01   4.1587e-04   4.1587e-05   1.5930e+01   1.5930e+00
   6.2913e-01   1.3473e+01   4.5000e+01   6.8832e-04   2.5517e+01   8.8491e-04   8.8491e-05   3.2805e+01   3.2805e+00
   6.3416e-01   1.3478e+01   4.5000e+01   2.0572e-03   7.3588e+01   2.2983e-03   2.2983e-04   8.2211e+01   8.2211e+00
   6.4347e-01   1.3487e+01   4.5000e+01   7.1976e-04   2.4130e+01   7.3794e-04   7.3794e-05   2.4740e+01   2.4740e+00
   6.4973e-01   1.3494e+01   4.5000e+01   2.1907e-04   7.0364e+00   3.8617e-04   3.8617e-05   1.2404e+01   1.2404e+00
   6.4973e-01   1.3494e+01   4.5000e+01   2.1907e-04   7.0364e+00   3.5646e-04   3.5646e-05   1.1450e+01   1.1450e+00
   6.5230e-01   1.3496e+01   4.5000e+01   1.6245e-04   5.1283e+00   2.3139e-04   2.3139e-05   7.3046e+00   7.3046e-01
   6.5591e-01   1.3500e+01   4.5000e+01   1.1879e-04   3.6604e+00   1.6729e-04   1.6729e-05   5.1548e+00   5.1548e-01
   6.5799e-01   1.3502e+01   4.5000e+01   1.0331e-04   3.1392e+00   1.5791e-04   1.5791e-05   4.7985e+00   4.7985e-01
   6.6312e-01   1.3507e+01   4.5000e+01   8.0016e-05   2.3506e+00   1.4571e-04   1.4571e-05   4.2806e+00   4.2806e-01
   6.6569e-01   1.3510e+01   4.5000e+01   7.2837e-05   2.1042e+00   1.1866e-04   1.1866e-05   3.4280e+00   3.4280e-01
   6.6673e-01   1.3511e+01   4.5000e+01   7.0453e-05   2.0215e+00   9.6308e-05   9.6308e-06   2.7633e+00   2.7633e-01
   6.7081e-01   1.3515e+01   4.5000e+01   6.3675e-05   1.7794e+00   1.0084e-04   1.0084e-05   2.8180e+00   2.8180e-01
   6.7594e-01   1.3520e+01   4.5000e+01   8.5369e-05   2.3086e+00   9.8184e-05   9.8184e-06   2.6551e+00   2.6551e-01
   6.7499e-01   1.3519e+01   4.5000e+01   8.3578e-05   2.2739e+00   8.1924e-05   8.3644e-06   2.2289e+00   2.2757e-01
   6.8107e-01   1.3525e+01   4.5000e+01   5.3226e-05   1.3935e+00   8.1142e-05   8.3019e-06   2.1243e+00   2.1734e-01
   6.8572e-01   1.3530e+01   4.5000e+01   5.0431e-05   1.2825e+00   8.8178e-05   8.8178e-06   2.2424e+00   2.2424e-01
   6.8933e-01   1.3533e+01   4.5000e+01   4.9133e-05   1.2219e+00   6.5195e-05   6.6602e-06   1.6213e+00   1.6563e-01
   6.9494e-01   1.3539e+01   4.5000e+01   4.8140e-05   1.1568e+00   7.2700e-05   6.1287e-06   1.7470e+00   1.4727e-01
   6.9911e-01   1.3543e+01   4.5000e+01   4.8171e-05   1.1286e+00   6.2069e-05   7.4732e-06   1.4543e+00   1.7510e-01
   7.0367e-01   1.3548e+01   4.5000e+01   4.9015e-05   1.1175e+00   6.8791e-05   6.8791e-06   1.5684e+00   1.5684e-01
   7.0785e-01   1.3552e+01   4.5000e+01   5.0629e-05   1.1260e+00   7.0980e-05   7.0980e-06   1.5787e+00   1.5787e-01
   7.1089e-01   1.3555e+01   4.5000e+01   5.2362e-05   1.1440e+00   8.3800e-05   8.3800e-06   1.8308e+00   1.8308e-01
   7.1450e-01   1.3558e+01   4.5000e+01   5.5054e-05   1.1777e+00   7.5201e-05   7.5201e-06   1.6087e+00   1.6087e-01
   7.1858e-01   1.3563e+01   4.5000e+01   5.8838e-05   1.2293e+00   7.8641e-05   7.7859e-06   1.6430e+00   1.6267e-01
   7.2067e-01   1.3565e+01   4.5000e+01   6.0970e-05   1.2586e+00   7.4420e-05   7.4420e-06   1.5362e+00   1.5362e-01
   7.2266e-01   1.3567e+01   4.5000e+01   6.3023e-05   1.2862e+00   8.0517e-05   7.9735e-06   1.6433e+00   1.6273e-01
   7.2371e-01   1.3568e+01   4.5000e+01   6.4067e-05   1.2998e+00   5.8629e-05   4.1900e-06   1.1895e+00   8.5006e-02
   7.2941e-01   1.3573e+01   4.5000e+01   6.8378e-05   1.3432e+00   7.0198e-05   1.0663e-05   1.3790e+00   2.0946e-01
   7.3197e-01   1.3576e+01   4.5000e+01   6.8915e-05   1.3345e+00   6.0192e-05   7.2387e-06   1.1656e+00   1.4017e-01
   7.3710e-01   1.3581e+01   4.5000e+01   6.6317e-05   1.2481e+00   6.1443e-05   7.0198e-06   1.1563e+00   1.3211e-01
   7.4223e-01   1.3586e+01   4.5000e+01   5.9826e-05   1.0946e+00   9.3494e-05   6.6759e-06   1.7106e+00   1.2215e-01
   7.4270e-01   1.3587e+01   4.5000e+01   5.9137e-05   1.0792e+00   1.1179e-04   1.0225e-05   2.0400e+00   1.8660e-01
   7.4726e-01   1.3591e+01   4.5000e+01   5.2740e-05   9.3894e-01   1.0928e-04   8.4113e-06   1.9456e+00   1.4975e-01
   7.5144e-01   1.3595e+01   4.5000e+01   4.8080e-05   8.3694e-01   4.8779e-05   5.2844e-06   8.4911e-01   9.1987e-02
   7.5049e-01   1.3594e+01   4.5000e+01   4.9005e-05   8.5740e-01   3.6584e-05   3.7366e-06   6.4009e-01   6.5376e-02
   7.5562e-01   1.3600e+01   4.5000e+01   4.4943e-05   7.6509e-01   3.3458e-05   2.8142e-06   5.6957e-01   4.7908e-02


   3.2000e-01   1.3164e+01   1.5290e+02   5.4697e-04   8.5456e+02   6.9586e-04   7.1432e-05   1.0872e+03   1.1160e+02
   3.2000e-01   1.3164e+01   1.4030e+02   5.4623e-04   8.5341e+02   5.7231e-04   5.9503e-05   8.9414e+02   9.2964e+01
   3.2000e-01   1.3164e+01   1.2600e+02   5.4490e-04   8.5133e+02   7.9101e-04   8.0805e-05   1.2358e+03   1.2625e+02
   3.2000e-01   1.3164e+01   1.1370e+02   5.4327e-04   8.4877e+02   1.0850e-03   1.1049e-04   1.6951e+03   1.7262e+02
   3.2000e-01   1.3164e+01   1.0000e+02   5.4088e-04   8.4504e+02   8.5066e-04   8.8048e-05   1.3290e+03   1.3756e+02
   3.2280e-01   1.3167e+01   1.5280e+02   3.9078e-03   5.7609e+03   6.6320e-03   6.6320e-04   9.7770e+03   9.7770e+02
   3.2280e-01   1.3167e+01   1.4020e+02   3.9060e-03   5.7583e+03   6.8166e-03   6.8308e-04   1.0049e+04   1.0070e+03
   3.2280e-01   1.3167e+01   1.2590e+02   3.9027e-03   5.7534e+03   7.5267e-03   7.5267e-04   1.1096e+04   1.1096e+03
   3.2280e-01   1.3167e+01   1.1360e+02   3.8985e-03   5.7473e+03   7.7113e-03   7.7113e-04   1.1368e+04   1.1368e+03
   3.2280e-01   1.3167e+01   9.9800e+01   3.8923e-03   5.7381e+03   8.0805e-03   8.0947e-04   1.1912e+04   1.1933e+03
   3.2380e-01   1.3168e+01   1.5280e+02   7.7247e-03   1.1154e+04   8.0805e-03   8.1231e-04   1.1668e+04   1.1729e+03
   3.2380e-01   1.3168e+01   1.4020e+02   7.7238e-03   1.1153e+04   7.1858e-03   7.2284e-04   1.0376e+04   1.0438e+03
   3.2380e-01   1.3168e+01   1.2590e+02   7.7219e-03   1.1150e+04   9.3018e-03   9.3302e-04   1.3431e+04   1.3472e+03
   3.2380e-01   1.3168e+01   1.1360e+02   7.7193e-03   1.1146e+04   1.2455e-02   1.2483e-03   1.7984e+04   1.8025e+03
   3.2380e-01   1.3168e+01   9.9800e+01   7.7150e-03   1.1140e+04   9.8699e-03   9.9267e-04   1.4252e+04   1.4334e+03
   3.2560e-01   1.3170e+01   1.5280e+02   2.3782e-03   3.3102e+03   2.1444e-03   2.1586e-04   2.9847e+03   3.0045e+02
   3.2560e-01   1.3170e+01   1.4020e+02   2.3795e-03   3.3119e+03   2.4000e-03   2.4142e-04   3.3405e+03   3.3603e+02
   3.2560e-01   1.3170e+01   1.2590e+02   2.3815e-03   3.3148e+03   2.3716e-03   2.3858e-04   3.3010e+03   3.3208e+02
   3.2560e-01   1.3170e+01   1.1350e+02   2.3839e-03   3.3180e+03   2.3148e-03   2.3290e-04   3.2219e+03   3.2417e+02
   3.2560e-01   1.3170e+01   9.9700e+01   2.3870e-03   3.3225e+03   2.4426e-03   2.4568e-04   3.3998e+03   3.4196e+02
   3.2700e-01   1.3171e+01   1.5280e+02   9.3301e-04   1.2621e+03   7.2853e-04   7.3421e-05   9.8549e+02   9.9317e+01
   3.2700e-01   1.3171e+01   1.4010e+02   9.3400e-04   1.2634e+03   7.8391e-04   7.9101e-05   1.0604e+03   1.0700e+02
   3.2700e-01   1.3171e+01   1.2580e+02   9.3565e-04   1.2657e+03   8.3077e-04   8.3645e-05   1.1238e+03   1.1315e+02
   3.2700e-01   1.3171e+01   1.1340e+02   9.3756e-04   1.2683e+03   8.4214e-04   8.4924e-05   1.1392e+03   1.1488e+02
   3.2700e-01   1.3171e+01   9.9600e+01   9.4022e-04   1.2719e+03   8.2651e-04   8.3645e-05   1.1180e+03   1.1315e+02
   3.3150e-01   1.3176e+01   1.5270e+02   1.8916e-04   2.3383e+02   2.1444e-04   2.1728e-05   2.6508e+02   2.6859e+01
   3.3150e-01   1.3176e+01   1.4000e+02   1.8971e-04   2.3451e+02   2.3148e-04   2.3574e-05   2.8614e+02   2.9141e+01
   3.3150e-01   1.3176e+01   1.2570e+02   1.9063e-04   2.3565e+02   2.3716e-04   2.4000e-05   2.9317e+02   2.9668e+01
   3.3150e-01   1.3176e+01   1.1330e+02   1.9171e-04   2.3698e+02   2.2012e-04   2.2438e-05   2.7210e+02   2.7737e+01
   3.3150e-01   1.3176e+01   9.9300e+01   1.9322e-04   2.3885e+02   2.4426e-04   2.4994e-05   3.0194e+02   3.0897e+01
   3.4080e-01   1.3185e+01   1.5250e+02   4.6749e-05   4.8262e+01   5.4107e-05   5.7089e-06   5.5857e+01   5.8936e+00
   3.4080e-01   1.3185e+01   1.3980e+02   4.7108e-05   4.8632e+01   5.6805e-05   6.0781e-06   5.8643e+01   6.2748e+00
   3.4080e-01   1.3185e+01   1.2530e+02   4.7701e-05   4.9245e+01   5.9787e-05   6.2344e-06   6.1722e+01   6.4361e+00
   3.4080e-01   1.3185e+01   1.1290e+02   4.8369e-05   4.9934e+01   6.5468e-05   6.8308e-06   6.7586e+01   7.0518e+00
   3.4080e-01   1.3185e+01   9.8800e+01   4.9300e-05   5.0895e+01   6.2628e-05   6.7030e-06   6.4654e+01   6.9199e+00
   3.5970e-01   1.3204e+01   1.5220e+02   1.4646e-05   1.0726e+01   1.7042e-05   2.0734e-06   1.2480e+01   1.5184e+00
   3.5970e-01   1.3204e+01   1.3940e+02   1.4975e-05   1.0967e+01   1.7184e-05   2.1870e-06   1.2584e+01   1.6016e+00
   3.5970e-01   1.3204e+01   1.2470e+02   1.5497e-05   1.1349e+01   2.1586e-05   2.4568e-06   1.5808e+01   1.7992e+00
   3.5970e-01   1.3204e+01   1.1210e+02   1.6059e-05   1.1760e+01   2.1870e-05   2.5704e-06   1.6016e+01   1.8824e+00
   3.5970e-01   1.3204e+01   9.7900e+01   1.6799e-05   1.2303e+01   1.9882e-05   2.5846e-06   1.4560e+01   1.8928e+00
   3.7860e-01   1.3223e+01   1.5200e+02   8.3964e-06   4.4831e+00   1.0424e-05   1.3505e-06   5.5656e+00   7.2110e-01
   3.7860e-01   1.3223e+01   1.3890e+02   8.8074e-06   4.7026e+00   1.0949e-05   1.4911e-06   5.8461e+00   7.9616e-01
   3.7860e-01   1.3223e+01   1.2410e+02   9.4234e-06   5.0314e+00   1.2227e-05   1.4911e-06   6.5285e+00   7.9616e-01
   3.7860e-01   1.3223e+01   1.1130e+02   1.0061e-05   5.3717e+00   1.4343e-05   1.7326e-06   7.6583e+00   9.2507e-01
   3.7860e-01   1.3223e+01   9.6900e+01   1.0861e-05   5.7988e+00   1.5337e-05   1.9882e-06   8.1891e+00   1.0616e+00
   3.9760e-01   1.3242e+01   1.5170e+02   5.8450e-06   2.3270e+00   7.2142e-06   9.3870e-07   2.8721e+00   3.7371e-01
   3.9760e-01   1.3242e+01   1.3850e+02   6.4075e-06   2.5509e+00   9.9977e-06   1.2043e-06   3.9803e+00   4.7944e-01
   3.9760e-01   1.3242e+01   1.2360e+02   7.2179e-06   2.8736e+00   1.0566e-05   1.2227e-06   4.2064e+00   4.8679e-01
   3.9760e-01   1.3242e+01   1.1060e+02   8.0253e-06   3.1950e+00   8.3361e-06   1.1531e-06   3.3188e+00   4.5909e-01
   3.9760e-01   1.3242e+01   9.6000e+01   8.9860e-06   3.5775e+00   1.1176e-05   1.4485e-06   4.4495e+00   5.7668e-01
   4.0710e-01   1.3251e+01   1.5150e+02   4.9987e-06   1.7324e+00   5.8793e-06   1.0182e-06   2.0377e+00   3.5290e-01
   4.0710e-01   1.3251e+01   1.3830e+02   5.6683e-06   1.9645e+00   8.3645e-06   1.2923e-06   2.8990e+00   4.4789e-01
   4.0710e-01   1.3251e+01   1.2330e+02   6.6212e-06   2.2948e+00   1.0722e-05   1.4627e-06   3.7160e+00   5.0695e-01
   4.0710e-01   1.3251e+01   1.1020e+02   7.5493e-06   2.6164e+00   1.2128e-05   1.6900e-06   4.2033e+00   5.8570e-01
   4.0710e-01   1.3251e+01   9.5500e+01   8.6213e-06   2.9880e+00   9.0746e-06   1.5479e-06   3.1451e+00   5.3648e-01
   4.1650e-01   1.3260e+01   1.5140e+02   4.2541e-06   1.2920e+00   5.5243e-06   7.1858e-07   1.6778e+00   2.1824e-01
   4.1650e-01   1.3260e+01   1.3810e+02   5.0604e-06   1.5369e+00   7.1858e-06   9.4438e-07   2.1824e+00   2.8682e-01
   4.1650e-01   1.3260e+01   1.2300e+02   6.1868e-06   1.8790e+00   8.9042e-06   1.0594e-06   2.7043e+00   3.2176e-01
   4.1650e-01   1.3260e+01   1.0990e+02   7.2498e-06   2.2019e+00   8.6770e-06   1.1205e-06   2.6353e+00   3.4031e-01
   4.1650e-01   1.3260e+01   9.5100e+01   8.4477e-06   2.5657e+00   9.7847e-06   1.5053e-06   2.9718e+00   4.5719e-01
   4.2600e-01   1.3270e+01   1.5130e+02   3.5001e-06   9.3447e-01   5.2829e-06   6.8450e-07   1.4104e+00   1.8275e-01
   4.2600e-01   1.3270e+01   1.3790e+02   4.4750e-06   1.1948e+00   6.9444e-06   9.5717e-07   1.8541e+00   2.5555e-01
   4.2600e-01   1.3270e+01   1.2270e+02   5.8096e-06   1.5511e+00   8.6344e-06   1.0026e-06   2.3052e+00   2.6768e-01
   4.2600e-01   1.3270e+01   1.0950e+02   7.0355e-06   1.8784e+00   7.3563e-06   9.6001e-07   1.9640e+00   2.5631e-01
   4.2600e-01   1.3270e+01   9.4600e+01   8.3639e-06   2.2330e+00   1.0978e-05   1.3363e-06   2.9308e+00   3.5678e-01
   4.3550e-01   1.3279e+01   1.5120e+02   2.6499e-06   6.2481e-01   4.2320e-06   5.8509e-07   9.9782e-01   1.3795e-01
   4.3550e-01   1.3279e+01   1.2250e+02   5.3654e-06   1.2651e+00   6.6746e-06   8.7764e-07   1.5737e+00   2.0693e-01
   4.3550e-01   1.3279e+01   1.0920e+02   6.7483e-06   1.5911e+00   9.9977e-06   1.2057e-06   2.3573e+00   2.8428e-01
   4.3550e-01   1.3279e+01   9.4200e+01   8.1699e-06   1.9263e+00   9.5433e-06   1.2043e-06   2.2501e+00   2.8394e-01
   4.4490e-01   1.3289e+01   1.5100e+02   1.7730e-06   3.7119e-01   2.6698e-06   3.6923e-07   5.5894e-01   7.7301e-02
   4.4490e-01   1.3289e+01   1.2220e+02   4.7751e-06   9.9968e-01   6.5610e-06   7.7823e-07   1.3736e+00   1.6293e-01
   4.4490e-01   1.3289e+01   1.0890e+02   6.1771e-06   1.2932e+00   8.4214e-06   9.7705e-07   1.7630e+00   2.0455e-01
   4.4490e-01   1.3289e+01   9.3800e+01   7.4816e-06   1.5663e+00   6.9018e-06   8.4640e-07   1.4449e+00   1.7720e-01
   4.4980e-01   1.3294e+01   1.5100e+02   2.0782e-06   4.0959e-01   2.7266e-06   4.1610e-07   5.3738e-01   8.2007e-02
   4.4980e-01   1.3294e+01   1.3750e+02   3.3530e-06   6.6083e-01   3.9480e-06   5.4391e-07   7.7809e-01   1.0720e-01
   4.4980e-01   1.3294e+01   1.2210e+02   4.9135e-06   9.6838e-01   5.7373e-06   7.5125e-07   1.1307e+00   1.4806e-01
   4.4980e-01   1.3294e+01   1.0870e+02   6.0917e-06   1.2006e+00   6.8308e-06   8.6912e-07   1.3463e+00   1.7129e-01
   4.4980e-01   1.3294e+01   9.3500e+01   6.9868e-06   1.3770e+00   8.6486e-06   1.0509e-06   1.7045e+00   2.0712e-01
   4.5430e-01   1.3298e+01   1.5090e+02   9.1808e-06   1.7133e+00   1.2497e-05   1.4343e-06   2.3322e+00   2.6768e-01
   4.5430e-01   1.3298e+01   1.3740e+02   1.0023e-05   1.8706e+00   1.2767e-05   1.4343e-06   2.3826e+00   2.6768e-01
   4.5430e-01   1.3298e+01   1.2200e+02   1.0803e-05   2.0160e+00   1.4627e-05   1.6331e-06   2.7298e+00   3.0478e-01
   4.5430e-01   1.3298e+01   1.0850e+02   1.1020e-05   2.0566e+00   1.6047e-05   1.7894e-06   2.9948e+00   3.3393e-01
   4.5430e-01   1.3298e+01   9.3300e+01   1.0509e-05   1.9612e+00   1.4173e-05   1.6189e-06   2.6450e+00   3.0213e-01
   4.5630e-01   1.3300e+01   1.5090e+02   3.0861e-05   5.6227e+00   4.9420e-05   5.1693e-06   9.0041e+00   9.4181e-01
   4.5630e-01   1.3300e+01   1.3730e+02   3.0954e-05   5.6397e+00   5.1835e-05   5.3965e-06   9.4440e+00   9.8321e-01
   4.5630e-01   1.3300e+01   1.2190e+02   3.0472e-05   5.5518e+00   5.0130e-05   5.2403e-06   9.1335e+00   9.5475e-01
   4.5630e-01   1.3300e+01   1.0850e+02   2.9232e-05   5.3259e+00   5.6805e-05   5.9929e-06   1.0350e+01   1.0919e+00
   4.5630e-01   1.3300e+01   9.3200e+01   2.6686e-05   4.8620e+00   5.1693e-05   5.4249e-06   9.4181e+00   9.8838e-01
   4.5820e-01   1.3302e+01   1.5090e+02   1.8984e-04   3.3815e+01   6.0213e-04   6.0497e-05   1.0725e+02   1.0776e+01
   4.5820e-01   1.3302e+01   1.3730e+02   1.8724e-04   3.3351e+01   5.8225e-04   5.8509e-05   1.0371e+02   1.0422e+01
   4.5820e-01   1.3302e+01   1.2180e+02   1.8230e-04   3.2471e+01   6.2912e-04   6.3196e-05   1.1206e+02   1.1257e+01
   4.5820e-01   1.3302e+01   1.0840e+02   1.7602e-04   3.1354e+01   8.7906e-04   8.8332e-05   1.5658e+02   1.5734e+01
   4.5820e-01   1.3302e+01   9.3100e+01   1.6655e-04   2.9667e+01   6.2344e-04   6.2770e-05   1.1105e+02   1.1181e+01
   4.5910e-01   1.3303e+01   1.5090e+02   8.7098e-04   1.5351e+02   2.7550e-03   2.7550e-04   4.8557e+02   4.8557e+01
   4.5910e-01   1.3303e+01   1.3730e+02   8.6321e-04   1.5214e+02   2.7834e-03   2.7834e-04   4.9058e+02   4.9058e+01
   4.5910e-01   1.3303e+01   1.2180e+02   8.4970e-04   1.4976e+02   2.9397e-03   2.9397e-04   5.1811e+02   5.1811e+01
   4.5910e-01   1.3303e+01   1.0840e+02   8.3369e-04   1.4694e+02   3.1953e-03   3.1953e-04   5.6317e+02   5.6317e+01
   4.5910e-01   1.3303e+01   9.3100e+01   8.1076e-04   1.4290e+02   3.0533e-03   3.0533e-04   5.3814e+02   5.3814e+01
   4.6100e-01   1.3305e+01   1.5080e+02   5.0742e-04   8.7443e+01   3.6355e-04   3.6639e-05   6.2650e+01   6.3140e+00
   4.6100e-01   1.3305e+01   1.3720e+02   5.1518e-04   8.8779e+01   3.8485e-04   3.8769e-05   6.6321e+01   6.6811e+00
   4.6100e-01   1.3305e+01   1.2180e+02   5.2679e-04   9.0781e+01   3.8911e-04   3.9196e-05   6.7055e+01   6.7545e+00
   4.6100e-01   1.3305e+01   1.0830e+02   5.3888e-04   9.2864e+01   3.3941e-04   3.4367e-05   5.8490e+01   5.9224e+00
   4.6100e-01   1.3305e+01   9.3000e+01   5.5391e-04   9.5454e+01   3.8343e-04   3.8769e-05   6.6077e+01   6.6811e+00
   4.6380e-01   1.3308e+01   1.5080e+02   7.3910e-05   1.2328e+01   7.1148e-05   7.2568e-06   1.1867e+01   1.2104e+00
   4.6380e-01   1.3308e+01   1.3720e+02   7.8767e-05   1.3138e+01   7.4699e-05   7.6119e-06   1.2459e+01   1.2696e+00
   4.6380e-01   1.3308e+01   1.2170e+02   8.5817e-05   1.4314e+01   8.1089e-05   8.2509e-06   1.3525e+01   1.3762e+00
   4.6380e-01   1.3308e+01   1.0820e+02   9.2775e-05   1.5474e+01   8.7196e-05   8.9042e-06   1.4544e+01   1.4852e+00
   4.6380e-01   1.3308e+01   9.2900e+01   1.0099e-04   1.6844e+01   8.9468e-05   9.1314e-06   1.4923e+01   1.5231e+00
   4.7340e-01   1.3317e+01   1.5070e+02   1.7656e-05   2.6385e+00   1.8888e-05   2.0592e-06   2.8225e+00   3.0771e-01
   4.7340e-01   1.3317e+01   1.3700e+02   2.2112e-05   3.3043e+00   2.3148e-05   2.4710e-06   3.4591e+00   3.6926e-01
   4.7340e-01   1.3317e+01   1.2140e+02   2.8213e-05   4.2160e+00   3.0675e-05   3.2237e-06   4.5839e+00   4.8173e-01
   4.7340e-01   1.3317e+01   1.0790e+02   3.3743e-05   5.0424e+00   3.7065e-05   3.9053e-06   5.5389e+00   5.8360e-01
   4.7340e-01   1.3317e+01   9.2500e+01   3.9677e-05   5.9292e+00   4.0474e-05   4.2746e-06   6.0482e+00   6.3877e-01
   4.8280e-01   1.3327e+01   1.5060e+02   1.3079e-05   1.7610e+00   1.5479e-05   1.6900e-06   2.0842e+00   2.2754e-01
   4.8280e-01   1.3327e+01   1.3680e+02   1.8536e-05   2.4958e+00   2.0166e-05   2.1728e-06   2.7152e+00   2.9255e-01
   4.8280e-01   1.3327e+01   1.2120e+02   2.5769e-05   3.4696e+00   2.8687e-05   3.0107e-06   3.8625e+00   4.0537e-01
   4.8280e-01   1.3327e+01   1.0750e+02   3.2168e-05   4.3313e+00   3.3941e-05   3.6071e-06   4.5700e+00   4.8568e-01
   4.8280e-01   1.3327e+01   9.2000e+01   3.8583e-05   5.1949e+00   3.6923e-05   3.8911e-06   4.9715e+00   5.2392e-01
   4.9230e-01   1.3336e+01   1.5040e+02   1.2927e-05   1.5715e+00   1.2256e-05   1.9456e-06   1.4899e+00   2.3652e-01
   4.9230e-01   1.3336e+01   1.3670e+02   1.9976e-05   2.4285e+00   2.1728e-05   2.9255e-06   2.6415e+00   3.5565e-01
   4.9230e-01   1.3336e+01   1.2090e+02   2.9328e-05   3.5654e+00   3.0533e-05   3.6639e-06   3.7119e+00   4.4542e-01
   4.9230e-01   1.3336e+01   1.0720e+02   3.7250e-05   4.5285e+00   4.6012e-05   5.2971e-06   5.5937e+00   6.4397e-01
   4.9230e-01   1.3336e+01   9.1600e+01   4.4838e-05   5.4510e+00   4.2320e-05   4.9562e-06   5.1448e+00   6.0253e-01
   5.0640e-01   1.3350e+01   1.5030e+02   1.7465e-05   1.8353e+00   1.6189e-05   1.8462e-06   1.7012e+00   1.9400e-01
   5.0640e-01   1.3350e+01   1.3640e+02   2.8866e-05   3.0333e+00   2.8119e-05   3.0391e-06   2.9547e+00   3.1935e-01
   5.0640e-01   1.3350e+01   1.2060e+02   4.3427e-05   4.5634e+00   4.2604e-05   4.5018e-06   4.4768e+00   4.7305e-01
   5.0640e-01   1.3350e+01   1.0680e+02   5.5346e-05   5.8158e+00   5.6663e-05   5.9361e-06   5.9542e+00   6.2377e-01
   5.0640e-01   1.3350e+01   9.1000e+01   6.5945e-05   6.9295e+00   6.4048e-05   6.6888e-06   6.7301e+00   7.0286e-01
   5.2060e-01   1.3365e+01   1.5010e+02   3.2987e-05   3.0118e+00   3.0675e-05   3.3657e-06   2.8007e+00   3.0730e-01
   5.2060e-01   1.3365e+01   1.3620e+02   5.3121e-05   4.8502e+00   5.0415e-05   5.3255e-06   4.6030e+00   4.8624e-01
   5.2060e-01   1.3365e+01   1.2020e+02   7.8560e-05   7.1728e+00   7.4983e-05   7.7681e-06   6.8462e+00   7.0926e-01
   5.2060e-01   1.3365e+01   1.0630e+02   9.8360e-05   8.9806e+00   1.1105e-04   1.1404e-05   1.0140e+01   1.0412e+00
   5.2060e-01   1.3365e+01   9.0400e+01   1.1432e-04   1.0438e+01   1.0438e-04   1.0807e-05   9.5302e+00   9.8673e-01
   5.3500e-01   1.3379e+01   1.4990e+02   8.4153e-05   6.7046e+00   6.8166e-05   7.2284e-06   5.4308e+00   5.7589e-01
   5.3500e-01   1.3379e+01   1.3590e+02   1.2543e-04   9.9927e+00   1.0963e-04   1.1318e-05   8.7346e+00   9.0175e-01
   5.3500e-01   1.3379e+01   1.0580e+02   2.1362e-04   1.7019e+01   1.9740e-04   2.0166e-05   1.5727e+01   1.6066e+00
   5.3500e-01   1.3379e+01   8.9800e+01   2.3992e-04   1.9115e+01   2.2580e-04   2.3006e-05   1.7990e+01   1.8329e+00
   5.4910e-01   1.3393e+01   1.4980e+02   2.5982e-04   1.8214e+01   2.4000e-04   2.4426e-05   1.6825e+01   1.7124e+00
   5.4910e-01   1.3393e+01   1.3570e+02   3.5390e-04   2.4809e+01   3.3799e-04   3.4225e-05   2.3694e+01   2.3993e+00
   5.4910e-01   1.3393e+01   1.1950e+02   4.6608e-04   3.2674e+01   4.8568e-04   4.8994e-05   3.4048e+01   3.4347e+00
   5.4910e-01   1.3393e+01   1.0540e+02   5.4352e-04   3.8103e+01   6.0639e-04   6.1065e-05   4.2510e+01   4.2809e+00
   5.4910e-01   1.3393e+01   8.9200e+01   5.8719e-04   4.1164e+01   6.2912e-04   6.3338e-05   4.4103e+01   4.4402e+00
   5.5860e-01   1.3403e+01   1.4970e+02   5.0145e-04   3.2346e+01   4.8568e-04   4.8852e-05   3.1329e+01   3.1513e+00
   5.5860e-01   1.3403e+01   1.3550e+02   6.4465e-04   4.1584e+01   6.5326e-04   6.5468e-05   4.2139e+01   4.2231e+00
   5.5860e-01   1.3403e+01   1.1930e+02   8.0984e-04   5.2240e+01   8.5634e-04   8.5776e-05   5.5239e+01   5.5330e+00
   5.5860e-01   1.3403e+01   1.0510e+02   9.1756e-04   5.9188e+01   1.0168e-03   1.0182e-04   6.5590e+01   6.5682e+00
   5.5860e-01   1.3403e+01   8.8800e+01   9.6288e-04   6.2112e+01   1.0679e-03   1.0708e-04   6.8888e+01   6.9071e+00
   5.6800e-01   1.3412e+01   1.4960e+02   6.0098e-04   3.5780e+01   5.1693e-04   5.2545e-05   3.0775e+01   3.1283e+00
   5.6800e-01   1.3412e+01   1.3540e+02   7.3185e-04   4.3571e+01   6.5326e-04   6.6036e-05   3.8892e+01   3.9315e+00
   5.6800e-01   1.3412e+01   1.1910e+02   8.7878e-04   5.2319e+01   8.5350e-04   8.6060e-05   5.0813e+01   5.1236e+00
   5.6800e-01   1.3412e+01   1.0480e+02   9.6615e-04   5.7520e+01   9.6995e-04   9.7705e-05   5.7746e+01   5.8169e+00
   5.6800e-01   1.3412e+01   8.8400e+01   9.8347e-04   5.8552e+01   9.8841e-04   9.9693e-05   5.8845e+01   5.9353e+00
   5.7750e-01   1.3422e+01   1.4950e+02   4.8461e-04   2.6661e+01   4.1042e-04   4.1326e-05   2.2580e+01   2.2736e+00
   5.7750e-01   1.3422e+01   1.3520e+02   5.6215e-04   3.0927e+01   4.8284e-04   4.8568e-05   2.6564e+01   2.6721e+00
   5.7750e-01   1.3422e+01   1.1890e+02   6.4439e-04   3.5452e+01   5.6663e-04   5.6947e-05   3.1174e+01   3.1330e+00
   5.7750e-01   1.3422e+01   1.0450e+02   6.8631e-04   3.7759e+01   6.0355e-04   6.0639e-05   3.3206e+01   3.3362e+00
   5.7750e-01   1.3422e+01   8.8000e+01   6.7636e-04   3.7211e+01   6.2060e-04   6.2344e-05   3.4143e+01   3.4299e+00
   5.8700e-01   1.3431e+01   1.4940e+02   3.7410e-04   1.9060e+01   3.0675e-04   3.1243e-05   1.5629e+01   1.5918e+00
   5.8700e-01   1.3431e+01   1.3510e+02   4.1471e-04   2.1129e+01   3.4509e-04   3.5077e-05   1.7582e+01   1.7872e+00
   5.8700e-01   1.3431e+01   1.1860e+02   4.5471e-04   2.3167e+01   3.9053e-04   3.9480e-05   1.9898e+01   2.0115e+00
   5.8700e-01   1.3431e+01   1.0420e+02   4.6832e-04   2.3861e+01   3.9196e-04   3.9764e-05   1.9970e+01   2.0259e+00
   5.8700e-01   1.3431e+01   8.7600e+01   4.4608e-04   2.2728e+01   3.8769e-04   3.9338e-05   1.9753e+01   2.0042e+00
   5.9640e-01   1.3440e+01   1.4930e+02   3.1922e-04   1.5103e+01   2.6698e-04   2.7124e-05   1.2631e+01   1.2833e+00
   5.9640e-01   1.3440e+01   1.3490e+02   3.3963e-04   1.6068e+01   2.8119e-04   2.8545e-05   1.3303e+01   1.3505e+00
   5.9640e-01   1.3440e+01   1.1840e+02   3.5592e-04   1.6839e+01   3.1527e-04   3.1953e-05   1.4916e+01   1.5117e+00
   5.9640e-01   1.3440e+01   1.0390e+02   3.5428e-04   1.6761e+01   3.0959e-04   3.1385e-05   1.4647e+01   1.4848e+00
   5.9640e-01   1.3440e+01   8.7200e+01   3.2579e-04   1.5413e+01   2.8403e-04   2.8971e-05   1.3438e+01   1.3706e+00
   6.1520e-01   1.3459e+01   1.4910e+02   3.7984e-04   1.5581e+01   3.4225e-04   3.4509e-05   1.4039e+01   1.4155e+00
   6.1520e-01   1.3459e+01   1.3460e+02   3.7547e-04   1.5402e+01   3.2237e-04   3.2521e-05   1.3223e+01   1.3340e+00
   6.1520e-01   1.3459e+01   1.1800e+02   3.6124e-04   1.4818e+01   3.4935e-04   3.5219e-05   1.4330e+01   1.4447e+00
   6.1520e-01   1.3459e+01   1.0340e+02   3.3672e-04   1.3812e+01   3.4225e-04   3.4509e-05   1.4039e+01   1.4155e+00
   6.1520e-01   1.3459e+01   8.6500e+01   2.9196e-04   1.1976e+01   2.9255e-04   2.9681e-05   1.2000e+01   1.2175e+00
   6.2000e-01   1.3464e+01   1.4900e+02   4.8176e-04   1.9077e+01   4.2604e-04   4.3172e-05   1.6870e+01   1.7095e+00
   6.2000e-01   1.3464e+01   1.3450e+02   4.6981e-04   1.8603e+01   3.9906e-04   4.0190e-05   1.5802e+01   1.5914e+00
   6.2000e-01   1.3464e+01   1.1790e+02   4.4522e-04   1.7630e+01   4.4876e-04   4.5302e-05   1.7770e+01   1.7939e+00
   6.2000e-01   1.3464e+01   8.6300e+01   3.5662e-04   1.4121e+01   3.8343e-04   3.8911e-05   1.5183e+01   1.5408e+00
   6.2470e-01   1.3469e+01   1.4900e+02   7.2386e-04   2.7701e+01   6.9444e-04   6.9728e-05   2.6575e+01   2.6684e+00
   6.2470e-01   1.3469e+01   1.3450e+02   7.0106e-04   2.6828e+01   7.2853e-04   7.3137e-05   2.7879e+01   2.7988e+00
   6.2470e-01   1.3469e+01   1.1780e+02   6.6079e-04   2.5287e+01   6.7882e-04   6.8024e-05   2.5977e+01   2.6032e+00
   6.2470e-01   1.3469e+01   1.0310e+02   6.1177e-04   2.3411e+01   5.5243e-04   5.5527e-05   2.1140e+01   2.1249e+00
   6.2470e-01   1.3469e+01   8.6100e+01   5.4012e-04   2.0669e+01   5.9503e-04   5.9929e-05   2.2771e+01   2.2934e+00
   6.2560e-01   1.3470e+01   1.4900e+02   8.0679e-04   3.0674e+01   7.6545e-04   7.6971e-05   2.9102e+01   2.9264e+00
   6.2560e-01   1.3470e+01   1.3450e+02   7.8124e-04   2.9703e+01   7.2853e-04   7.3137e-05   2.7698e+01   2.7806e+00
   6.2560e-01   1.3470e+01   1.1780e+02   7.3696e-04   2.8019e+01   7.9811e-04   8.0237e-05   3.0344e+01   3.0506e+00
   6.2560e-01   1.3470e+01   8.6100e+01   6.0774e-04   2.3106e+01   7.0012e-04   7.0580e-05   2.6619e+01   2.6835e+00
   6.2840e-01   1.3472e+01   1.4890e+02   1.2369e-03   4.6091e+01   1.2270e-03   1.2327e-04   4.5721e+01   4.5933e+00
   6.2840e-01   1.3472e+01   1.3440e+02   1.2011e-03   4.4758e+01   1.2313e-03   1.2341e-04   4.5880e+01   4.5986e+00
   6.2840e-01   1.3472e+01   1.1770e+02   1.1417e-03   4.2543e+01   1.3335e-03   1.3392e-04   4.9690e+01   4.9902e+00
   6.2840e-01   1.3472e+01   8.5900e+01   9.7848e-04   3.6461e+01   1.2526e-03   1.2597e-04   4.6674e+01   4.6938e+00
   6.3140e-01   1.3475e+01   1.4890e+02   2.3208e-03   8.4656e+01   2.2012e-03   2.2012e-04   8.0293e+01   8.0293e+00
   6.3140e-01   1.3475e+01   1.3440e+02   2.2785e-03   8.3114e+01   2.2722e-03   2.2722e-04   8.2883e+01   8.2883e+00
   6.3140e-01   1.3475e+01   1.1760e+02   2.2081e-03   8.0545e+01   2.4994e-03   2.4994e-04   9.1172e+01   9.1172e+00
   6.3140e-01   1.3475e+01   8.5800e+01   2.0173e-03   7.3584e+01   2.5136e-03   2.5136e-04   9.1690e+01   9.1690e+00
   6.3240e-01   1.3476e+01   1.4890e+02   2.8904e-03   1.0468e+02   2.6414e-03   2.6414e-04   9.5667e+01   9.5667e+00
   6.3240e-01   1.3476e+01   1.3430e+02   2.8549e-03   1.0340e+02   2.6556e-03   2.6556e-04   9.6181e+01   9.6181e+00
   6.3240e-01   1.3476e+01   1.1760e+02   2.7946e-03   1.0121e+02   2.7266e-03   2.7266e-04   9.8753e+01   9.8753e+00
   6.3240e-01   1.3476e+01   1.0290e+02   2.7234e-03   9.8636e+01   2.4852e-03   2.4852e-04   9.0009e+01   9.0009e+00
   6.3240e-01   1.3476e+01   8.5800e+01   2.6219e-03   9.4958e+01   2.7124e-03   2.7124e-04   9.8238e+01   9.8238e+00
   6.3410e-01   1.3478e+01   1.4890e+02   3.5334e-03   1.2644e+02   2.9681e-03   2.9681e-04   1.0621e+02   1.0621e+01
   6.3410e-01   1.3478e+01   1.3430e+02   3.5391e-03   1.2665e+02   3.0817e-03   3.0817e-04   1.1028e+02   1.1028e+01
   6.3410e-01   1.3478e+01   1.1760e+02   3.5379e-03   1.2660e+02   3.4367e-03   3.4367e-04   1.2298e+02   1.2298e+01
   6.3410e-01   1.3478e+01   1.0280e+02   3.5240e-03   1.2611e+02   2.4568e-03   2.4568e-04   8.7918e+01   8.7918e+00
   6.3410e-01   1.3478e+01   8.5700e+01   3.4892e-03   1.2486e+02   3.7065e-03   3.7065e-04   1.3264e+02   1.3264e+01
   6.3420e-01   1.3478e+01   1.4890e+02   3.5307e-03   1.2626e+02   3.2947e-03   3.2947e-04   1.1782e+02   1.1782e+01
   6.3420e-01   1.3478e+01   1.3430e+02   3.5397e-03   1.2658e+02   3.3941e-03   3.3941e-04   1.2138e+02   1.2138e+01
   6.3420e-01   1.3478e+01   1.1760e+02   3.5432e-03   1.2671e+02   3.5077e-03   3.5077e-04   1.2544e+02   1.2544e+01
   6.3420e-01   1.3478e+01   1.0280e+02   3.5341e-03   1.2638e+02   5.0557e-03   5.0557e-04   1.8080e+02   1.8080e+01
   6.3420e-01   1.3478e+01   8.5700e+01   3.5049e-03   1.2534e+02   3.6639e-03   3.6781e-04   1.3103e+02   1.3153e+01
   6.3660e-01   1.3481e+01   1.4890e+02   2.1299e-03   7.4894e+01   2.4284e-03   2.4284e-04   8.5390e+01   8.5390e+00
   6.3660e-01   1.3481e+01   1.3430e+02   2.1990e-03   7.7322e+01   2.6982e-03   2.6982e-04   9.4877e+01   9.4877e+00
   6.3660e-01   1.3481e+01   1.1750e+02   2.2921e-03   8.0597e+01   2.7692e-03   2.7692e-04   9.7374e+01   9.7374e+00
   6.3660e-01   1.3481e+01   1.0280e+02   2.3734e-03   8.3456e+01   2.5136e-03   2.5136e-04   8.8386e+01   8.8386e+00
   6.3660e-01   1.3481e+01   8.5600e+01   2.4552e-03   8.6332e+01   3.0817e-03   3.0817e-04   1.0836e+02   1.0836e+01
   6.3710e-01   1.3481e+01   1.4890e+02   1.7764e-03   6.2244e+01   1.9030e-03   1.9030e-04   6.6678e+01   6.6678e+00
   6.3710e-01   1.3481e+01   1.3430e+02   1.8483e-03   6.4761e+01   1.9882e-03   1.9882e-04   6.9664e+01   6.9664e+00
   6.3710e-01   1.3481e+01   1.1750e+02   1.9460e-03   6.8185e+01   2.2580e-03   2.2580e-04   7.9118e+01   7.9118e+00
   6.3710e-01   1.3481e+01   1.0270e+02   2.0330e-03   7.1233e+01   1.5763e-03   1.5763e-04   5.5233e+01   5.5233e+00
   6.3710e-01   1.3481e+01   8.5600e+01   2.1211e-03   7.4323e+01   2.5988e-03   2.6130e-04   9.1060e+01   9.1558e+00
   6.3980e-01   1.3484e+01   1.4880e+02   6.5653e-04   2.2576e+01   5.5243e-04   5.5811e-05   1.8996e+01   1.9191e+00
   6.3980e-01   1.3484e+01   1.3420e+02   7.1989e-04   2.4754e+01   6.0639e-04   6.0923e-05   2.0852e+01   2.0949e+00
   6.3980e-01   1.3484e+01   1.1750e+02   8.0619e-04   2.7722e+01   6.9728e-04   7.0296e-05   2.3977e+01   2.4172e+00
   6.3980e-01   1.3484e+01   1.0270e+02   8.8450e-04   3.0415e+01   5.2971e-04   5.3539e-05   1.8215e+01   1.8410e+00
   6.3980e-01   1.3484e+01   8.5500e+01   9.6591e-04   3.3214e+01   9.1456e-04   9.2308e-05   3.1448e+01   3.1741e+00
   6.4280e-01   1.3487e+01   1.4880e+02   2.5730e-04   8.6658e+00   2.6414e-04   2.6840e-05   8.8962e+00   9.0396e-01
   6.4280e-01   1.3487e+01   1.3420e+02   3.0618e-04   1.0312e+01   2.9823e-04   3.0107e-05   1.0044e+01   1.0140e+00
   6.4280e-01   1.3487e+01   1.1740e+02   3.7261e-04   1.2549e+01   3.5929e-04   3.6355e-05   1.2101e+01   1.2244e+00
   6.4280e-01   1.3487e+01   1.0260e+02   4.3171e-04   1.4540e+01   3.0107e-04   3.0533e-05   1.0140e+01   1.0283e+00
   6.4280e-01   1.3487e+01   8.5400e+01   4.9171e-04   1.6560e+01   4.9988e-04   5.0699e-05   1.6836e+01   1.7075e+00
   6.4380e-01   1.3488e+01   1.4880e+02   1.9686e-04   6.5849e+00   2.1160e-04   2.1870e-05   7.0777e+00   7.3152e-01
   6.4380e-01   1.3488e+01   1.3420e+02   2.4201e-04   8.0950e+00   2.5846e-04   2.6556e-05   8.6453e+00   8.8828e-01
   6.4380e-01   1.3488e+01   1.1740e+02   3.0316e-04   1.0140e+01   3.0675e-04   3.1243e-05   1.0260e+01   1.0450e+00
   6.4380e-01   1.3488e+01   1.0250e+02   3.5757e-04   1.1960e+01   3.1953e-04   3.2805e-05   1.0688e+01   1.0973e+00
   6.4380e-01   1.3488e+01   8.5300e+01   4.1184e-04   1.3775e+01   4.3030e-04   4.4876e-05   1.4393e+01   1.5010e+00
   6.4580e-01   1.3490e+01   1.4880e+02   1.2162e-04   4.0124e+00   1.2028e-04   1.2881e-05   3.9684e+00   4.2495e-01
   6.4580e-01   1.3490e+01   1.3420e+02   1.6069e-04   5.3015e+00   1.5337e-04   1.5763e-05   5.0601e+00   5.2007e-01
   6.4580e-01   1.3490e+01   1.1730e+02   2.1352e-04   7.0444e+00   2.0450e-04   2.1160e-05   6.7468e+00   6.9811e-01
   6.4580e-01   1.3490e+01   8.5200e+01   3.0453e-04   1.0047e+01   3.0107e-04   3.1101e-05   9.9328e+00   1.0261e+00
   6.4850e-01   1.3492e+01   1.4880e+02   7.0789e-05   2.2929e+00   8.2793e-05   8.8048e-06   2.6817e+00   2.8519e-01
   6.4850e-01   1.3492e+01   1.3410e+02   1.0410e-04   3.3720e+00   1.0367e-04   1.0623e-05   3.3579e+00   3.4407e-01
   6.4850e-01   1.3492e+01   1.1730e+02   1.4810e-04   4.7970e+00   1.4130e-04   1.4627e-05   4.5769e+00   4.7379e-01
   6.4850e-01   1.3492e+01   8.5100e+01   2.2197e-04   7.1897e+00   2.1302e-04   2.2012e-05   6.8998e+00   7.1298e-01
   6.5320e-01   1.3497e+01   1.4870e+02   3.6294e-05   1.1388e+00   5.2687e-05   5.9219e-06   1.6532e+00   1.8582e-01
   6.5320e-01   1.3497e+01   1.3400e+02   6.2680e-05   1.9667e+00   7.2568e-05   7.9669e-06   2.2770e+00   2.4998e-01
   6.5320e-01   1.3497e+01   1.1720e+02   9.6899e-05   3.0404e+00   9.4722e-05   1.0083e-05   2.9721e+00   3.1638e-01
   6.5320e-01   1.3497e+01   1.0230e+02   1.2549e-04   3.9376e+00   1.1830e-04   1.2582e-05   3.7118e+00   3.9480e-01
   6.5320e-01   1.3497e+01   8.5000e+01   1.5098e-04   4.7375e+00   1.6047e-04   2.0166e-05   5.0353e+00   6.3275e-01


   2.0901e-01   1.3053e+01   0.0000e+00   1.0367e-06   4.0924e+01   1.1520e-06   2.5128e-07   4.5476e+01   9.9194e+00
   2.1091e-01   1.3055e+01   0.0000e+00   2.4513e-06   8.9600e+01   2.3544e-06   4.1544e-07   8.6057e+01   1.5185e+01
   2.1281e-01   1.3057e+01   0.0000e+00   1.2246e-05   4.1489e+02   1.6632e-05   1.9656e-06   5.6351e+02   6.6596e+01
   2.1471e-01   1.3059e+01   0.0000e+00   2.7672e-05   8.6994e+02   2.7144e-05   3.0024e-06   8.5335e+02   9.4390e+01
   2.1670e-01   1.3061e+01   0.0000e+00   3.0240e-05   8.7981e+02   3.0312e-05   3.1824e-06   8.8192e+02   9.2591e+01
   2.1851e-01   1.3063e+01   0.0000e+00   3.0775e-05   8.3556e+02   3.2472e-05   3.5136e-06   8.8165e+02   9.5398e+01
   2.1851e-01   1.3063e+01   0.0000e+00   3.0775e-05   8.3556e+02   2.7360e-05   2.8584e-06   7.4285e+02   7.7609e+01
   2.1851e-01   1.3063e+01   0.0000e+00   3.0775e-05   8.3556e+02   2.5344e-05   2.6496e-06   6.8812e+02   7.1939e+01
   2.1851e-01   1.3063e+01   0.0000e+00   3.0775e-05   8.3556e+02   3.6648e-05   3.8304e-06   9.9503e+02   1.0400e+02
   2.1851e-01   1.3063e+01   0.0000e+00   3.0775e-05   8.3556e+02   3.7368e-05   3.9024e-06   1.0146e+03   1.0595e+02
   2.1851e-01   1.3063e+01   0.0000e+00   3.0775e-05   8.3556e+02   3.6216e-05   3.7800e-06   9.8330e+02   1.0263e+02
   2.1851e-01   1.3063e+01   0.0000e+00   3.0775e-05   8.3556e+02   3.6288e-05   3.7872e-06   9.8526e+02   1.0283e+02
   2.1851e-01   1.3063e+01   0.0000e+00   3.0775e-05   8.3556e+02   3.5280e-05   3.6864e-06   9.5789e+02   1.0009e+02
   2.1851e-01   1.3063e+01   0.0000e+00   3.0775e-05   8.3556e+02   3.5280e-05   3.6792e-06   9.5789e+02   9.9894e+01
   2.1851e-01   1.3063e+01   0.0000e+00   3.0775e-05   8.3556e+02   3.4632e-05   3.6144e-06   9.4029e+02   9.8135e+01
   2.1851e-01   1.3063e+01   0.0000e+00   3.0775e-05   8.3556e+02   3.4776e-05   3.6360e-06   9.4420e+02   9.8721e+01
   2.1851e-01   1.3063e+01   0.0000e+00   3.0775e-05   8.3556e+02   3.4920e-05   3.6504e-06   9.4811e+02   9.9112e+01
   2.1851e-01   1.3063e+01   0.0000e+00   3.0775e-05   8.3556e+02   3.5856e-05   3.7440e-06   9.7353e+02   1.0165e+02
   2.1851e-01   1.3063e+01   0.0000e+00   3.0775e-05   8.3556e+02   3.4344e-05   3.5856e-06   9.3248e+02   9.7353e+01
   2.1851e-01   1.3063e+01   0.0000e+00   3.0775e-05   8.3556e+02   3.3048e-05   3.4488e-06   8.9729e+02   9.3638e+01
   2.1860e-01   1.3063e+01   0.0000e+00   3.0680e-05   8.2998e+02   3.3264e-05   3.4704e-06   8.9989e+02   9.3885e+01
   2.1860e-01   1.3063e+01   0.0000e+00   3.0680e-05   8.2998e+02   3.2400e-05   3.3840e-06   8.7652e+02   9.1548e+01
   2.1860e-01   1.3063e+01   0.0000e+00   3.0680e-05   8.2998e+02   3.1176e-05   3.2544e-06   8.4341e+02   8.8042e+01
   2.1889e-01   1.3063e+01   0.0000e+00   3.0570e-05   8.1810e+02   3.4488e-05   3.6000e-06   9.2296e+02   9.6342e+01
   2.1889e-01   1.3063e+01   0.0000e+00   3.0570e-05   8.1810e+02   3.2616e-05   3.3984e-06   8.7286e+02   9.0947e+01
   2.1889e-01   1.3063e+01   0.0000e+00   3.0570e-05   8.1810e+02   3.1464e-05   3.2832e-06   8.4203e+02   8.7864e+01
   2.1889e-01   1.3063e+01   0.0000e+00   3.0570e-05   8.1810e+02   2.9160e-05   3.0456e-06   7.8037e+02   8.1506e+01
   2.1889e-01   1.3063e+01   0.0000e+00   3.0570e-05   8.1810e+02   2.8152e-05   2.9376e-06   7.5340e+02   7.8615e+01
   2.1974e-01   1.3064e+01   0.0000e+00   3.0020e-05   7.7781e+02   2.3688e-05   2.4768e-06   6.1375e+02   6.4173e+01
   2.1974e-01   1.3064e+01   0.0000e+00   3.0020e-05   7.7781e+02   2.2032e-05   2.3040e-06   5.7084e+02   5.9696e+01
   2.2031e-01   1.3064e+01   0.0000e+00   2.9415e-05   7.4597e+02   2.7144e-05   3.0024e-06   6.8836e+02   7.6140e+01
   2.2231e-01   1.3066e+01   0.0000e+00   1.3524e-05   3.1836e+02   1.6416e-05   1.9152e-06   3.8645e+02   4.5085e+01
   2.2402e-01   1.3068e+01   0.0000e+00   4.7201e-06   1.0433e+02   9.0720e-06   1.1448e-06   2.0053e+02   2.5305e+01
   2.2611e-01   1.3070e+01   0.0000e+00   2.7053e-06   5.5425e+01   6.2424e-06   9.3600e-07   1.2789e+02   1.9176e+01
   2.2753e-01   1.3072e+01   0.0000e+00   2.1989e-06   4.2803e+01   5.1048e-06   7.4160e-07   9.9368e+01   1.4436e+01
   2.8489e-01   1.3129e+01   0.0000e+00   2.0010e-05   6.9952e+01   2.0304e-05   2.1600e-06   7.0981e+01   7.5511e+00
   3.0407e-01   1.3148e+01   0.0000e+00   1.1215e-04   2.4798e+02   1.2528e-04   1.3104e-05   2.7701e+02   2.8975e+01
   3.0407e-01   1.3148e+01   0.0000e+00   1.1215e-04   2.4798e+02   1.2096e-04   1.2672e-05   2.6746e+02   2.8019e+01
   3.0407e-01   1.3148e+01   0.0000e+00   1.1215e-04   2.4798e+02   1.2312e-04   1.2888e-05   2.7223e+02   2.8497e+01
   3.1632e-01   1.3160e+01   0.0000e+00   7.2712e-04   1.2280e+03   5.9400e-04   6.1992e-05   1.0032e+03   1.0469e+02
   3.1632e-01   1.3160e+01   0.0000e+00   7.2712e-04   1.2280e+03   5.6088e-04   5.8536e-05   9.4724e+02   9.8858e+01
   3.1632e-01   1.3160e+01   0.0000e+00   7.2712e-04   1.2280e+03   5.3856e-04   5.6232e-05   9.0954e+02   9.4967e+01
   3.1632e-01   1.3160e+01   0.0000e+00   7.2712e-04   1.2280e+03   5.2056e-04   5.4360e-05   8.7914e+02   9.1805e+01
   3.1632e-01   1.3160e+01   0.0000e+00   7.2712e-04   1.2280e+03   5.0544e-04   5.2776e-05   8.5361e+02   8.9130e+01
   3.1831e-01   1.3162e+01   0.0000e+00   1.1899e-03   1.9263e+03   1.0872e-03   1.1304e-04   1.7600e+03   1.8300e+02
   3.1831e-01   1.3162e+01   0.0000e+00   1.1899e-03   1.9263e+03   1.4400e-03   1.5048e-04   2.3312e+03   2.4361e+02
   3.1831e-01   1.3162e+01   0.0000e+00   1.1899e-03   1.9263e+03   1.3464e-03   1.4112e-04   2.1796e+03   2.2845e+02
   3.1831e-01   1.3162e+01   0.0000e+00   1.1899e-03   1.9263e+03   1.2096e-03   1.2600e-04   1.9582e+03   2.0398e+02
   3.2002e-01   1.3164e+01   0.0000e+00   2.0326e-03   3.1744e+03   2.4264e-03   2.5272e-04   3.7894e+03   3.9468e+02
   3.2002e-01   1.3164e+01   0.0000e+00   2.0326e-03   3.1744e+03   2.2248e-03   2.3184e-04   3.4745e+03   3.6207e+02
   3.2002e-01   1.3164e+01   0.0000e+00   2.0326e-03   3.1744e+03   2.2104e-03   2.3112e-04   3.4520e+03   3.6094e+02
   3.2021e-01   1.3164e+01   0.0000e+00   2.1782e-03   3.3883e+03   2.6208e-03   2.7360e-04   4.0767e+03   4.2559e+02
   3.2297e-01   1.3167e+01   0.0000e+00   9.1046e-03   1.3375e+04   1.5552e-02   1.6200e-03   2.2846e+04   2.3798e+03
   3.2496e-01   1.3169e+01   0.0000e+00   2.7463e-02   3.8724e+04   3.1248e-02   3.2616e-03   4.4062e+04   4.5991e+03
   3.2686e-01   1.3171e+01   0.0000e+00   3.2724e-02   4.4394e+04   3.5640e-02   3.7152e-03   4.8350e+04   5.0401e+03
   3.2705e-01   1.3171e+01   0.0000e+00   3.2891e-02   4.4450e+04   3.9600e-02   4.1328e-03   5.3516e+04   5.5851e+03
   3.2705e-01   1.3171e+01   0.0000e+00   3.2891e-02   4.4450e+04   3.9600e-02   4.1328e-03   5.3516e+04   5.5851e+03
   3.2705e-01   1.3171e+01   0.0000e+00   3.2891e-02   4.4450e+04   3.9312e-02   4.1040e-03   5.3127e+04   5.5462e+03
   3.2705e-01   1.3171e+01   0.0000e+00   3.2891e-02   4.4450e+04   3.9384e-02   4.1112e-03   5.3224e+04   5.5560e+03
   3.2857e-01   1.3173e+01   0.0000e+00   3.3142e-02   4.3438e+04   3.1320e-02   3.2760e-03   4.1050e+04   4.2937e+03
   3.3066e-01   1.3175e+01   0.0000e+00   2.8299e-02   3.5573e+04   1.9440e-02   2.0304e-03   2.4437e+04   2.5523e+03
   3.3265e-01   1.3177e+01   0.0000e+00   1.0274e-02   1.2415e+04   1.0656e-02   1.1088e-03   1.2877e+04   1.3399e+03
   3.3465e-01   1.3179e+01   0.0000e+00   3.7960e-03   4.4113e+03   4.7232e-03   4.9248e-04   5.4887e+03   5.7230e+02
   3.3465e-01   1.3179e+01   0.0000e+00   3.7960e-03   4.4113e+03   4.8528e-03   5.0688e-04   5.6393e+03   5.8903e+02
   3.3702e-01   1.3181e+01   0.0000e+00   1.9083e-03   2.1177e+03   2.9592e-03   3.0888e-04   3.2840e+03   3.4278e+02
   3.3702e-01   1.3181e+01   0.0000e+00   1.9083e-03   2.1177e+03   2.6928e-03   2.8152e-04   2.9883e+03   3.1242e+02
   3.4196e-01   1.3186e+01   0.0000e+00   8.2947e-04   8.3775e+02   8.0640e-04   8.4240e-05   8.1445e+02   8.5081e+01
   3.4196e-01   1.3186e+01   0.0000e+00   8.2947e-04   8.3775e+02   7.6320e-04   7.9920e-05   7.7082e+02   8.0718e+01
   3.4196e-01   1.3186e+01   0.0000e+00   8.2947e-04   8.3775e+02   7.7040e-04   8.0640e-05   7.7809e+02   8.1445e+01
   3.4196e-01   1.3186e+01   0.0000e+00   8.2947e-04   8.3775e+02   1.1304e-03   1.1808e-04   1.1417e+03   1.1926e+02
   3.4196e-01   1.3186e+01   0.0000e+00   8.2947e-04   8.3775e+02   1.0872e-03   1.1304e-04   1.0981e+03   1.1417e+02
   3.6105e-01   1.3205e+01   0.0000e+00   2.2379e-04   1.6010e+02   2.4048e-04   2.5128e-05   1.7204e+02   1.7976e+01
   3.6105e-01   1.3205e+01   0.0000e+00   2.2379e-04   1.6010e+02   2.2896e-04   2.3904e-05   1.6380e+02   1.7101e+01
   3.6124e-01   1.3205e+01   0.0000e+00   2.2219e-04   1.5843e+02   2.1456e-04   2.2392e-05   1.5299e+02   1.5967e+01
   3.6124e-01   1.3205e+01   0.0000e+00   2.2219e-04   1.5843e+02   2.0520e-04   2.1456e-05   1.4632e+02   1.5299e+01
   3.6124e-01   1.3205e+01   0.0000e+00   2.2219e-04   1.5843e+02   1.9512e-04   2.0376e-05   1.3913e+02   1.4529e+01
   3.8023e-01   1.3224e+01   0.0000e+00   1.3739e-04   7.1466e+01   1.7280e-04   1.8000e-05   8.9883e+01   9.3628e+00
   3.8023e-01   1.3224e+01   0.0000e+00   1.3739e-04   7.1466e+01   1.5984e-04   1.6632e-05   8.3142e+01   8.6512e+00
   3.9922e-01   1.3243e+01   0.0000e+00   1.1090e-04   4.3103e+01   9.8640e-05   1.0296e-05   3.8337e+01   4.0016e+00
   3.9922e-01   1.3243e+01   0.0000e+00   1.1090e-04   4.3103e+01   1.0008e-04   1.0440e-05   3.8897e+01   4.0576e+00
   3.9922e-01   1.3243e+01   0.0000e+00   1.1090e-04   4.3103e+01   9.4320e-05   9.8640e-06   3.6658e+01   3.8337e+00
   4.1802e-01   1.3262e+01   0.0000e+00   1.0114e-04   3.0079e+01   9.3600e-05   9.7920e-06   2.7836e+01   2.9120e+00
   4.1802e-01   1.3262e+01   0.0000e+00   1.0114e-04   3.0079e+01   8.7120e-05   9.0720e-06   2.5909e+01   2.6979e+00
   4.3711e-01   1.3281e+01   0.0000e+00   9.3176e-05   2.1519e+01   8.5680e-05   8.9280e-06   1.9788e+01   2.0619e+00
   4.3711e-01   1.3281e+01   0.0000e+00   9.3176e-05   2.1519e+01   8.4240e-05   8.7840e-06   1.9455e+01   2.0287e+00
   4.5620e-01   1.3300e+01   0.0000e+00   9.2660e-05   1.6903e+01   7.4160e-05   7.7760e-06   1.3528e+01   1.4185e+00
   4.5800e-01   1.3302e+01   0.0000e+00   2.3245e-04   4.1503e+01   1.4184e-04   1.4832e-05   2.5325e+01   2.6482e+00
   4.5876e-01   1.3303e+01   0.0000e+00   5.0305e-04   8.9012e+01   3.6000e-04   3.7584e-05   6.3700e+01   6.6502e+00
   4.5990e-01   1.3304e+01   0.0000e+00   3.6844e-03   6.4322e+02   1.2600e-03   1.3104e-04   2.1997e+02   2.2877e+01
   4.6076e-01   1.3305e+01   0.0000e+00   6.3250e-03   1.0931e+03   4.6944e-03   4.9032e-04   8.1133e+02   8.4741e+01
   4.6171e-01   1.3306e+01   0.0000e+00   7.2500e-03   1.2391e+03   6.8328e-03   7.1280e-04   1.1678e+03   1.2183e+02
   4.6247e-01   1.3306e+01   0.0000e+00   7.4894e-03   1.2687e+03   1.0512e-02   1.0944e-03   1.7807e+03   1.8539e+02
   4.6247e-01   1.3306e+01   0.0000e+00   7.4894e-03   1.2687e+03   9.0000e-03   9.4320e-04   1.5246e+03   1.5978e+02
   4.6247e-01   1.3306e+01   0.0000e+00   7.4894e-03   1.2687e+03   9.7920e-03   1.0224e-03   1.6588e+03   1.7319e+02
   4.6323e-01   1.3307e+01   0.0000e+00   7.6310e-03   1.2813e+03   9.5040e-03   9.9360e-04   1.5958e+03   1.6683e+02
   4.6361e-01   1.3308e+01   0.0000e+00   7.4478e-03   1.2450e+03   9.5760e-03   1.0008e-03   1.6008e+03   1.6730e+02
   4.6361e-01   1.3308e+01   0.0000e+00   7.4478e-03   1.2450e+03   9.6480e-03   1.0080e-03   1.6128e+03   1.6850e+02
   4.6361e-01   1.3308e+01   0.0000e+00   7.4478e-03   1.2450e+03   9.6480e-03   1.0080e-03   1.6128e+03   1.6850e+02
   4.6446e-01   1.3308e+01   0.0000e+00   7.4946e-03   1.2404e+03   1.0800e-02   1.1232e-03   1.7875e+03   1.8590e+02
   4.6541e-01   1.3309e+01   0.0000e+00   7.5550e-03   1.2367e+03   7.4880e-03   7.8480e-04   1.2258e+03   1.2847e+02
   4.6655e-01   1.3311e+01   0.0000e+00   6.8521e-03   1.1070e+03   8.4960e-03   8.8560e-04   1.3726e+03   1.4308e+02
   4.6655e-01   1.3311e+01   0.0000e+00   6.8521e-03   1.1070e+03   7.9920e-03   8.3520e-04   1.2912e+03   1.3493e+02
   4.6750e-01   1.3312e+01   0.0000e+00   2.8256e-03   4.5154e+02   3.5208e-03   3.6792e-04   5.6263e+02   5.8795e+01
   4.7025e-01   1.3314e+01   0.0000e+00   7.8251e-04   1.2117e+02   8.3520e-04   8.7120e-05   1.2933e+02   1.3490e+01
   4.7500e-01   1.3319e+01   0.0000e+00   4.9285e-04   7.2333e+01   4.2552e-04   4.4424e-05   6.2452e+01   6.5199e+00
   4.7994e-01   1.3324e+01   0.0000e+00   4.2949e-04   5.9669e+01   3.8808e-04   4.0536e-05   5.3917e+01   5.6317e+00
   4.7994e-01   1.3324e+01   0.0000e+00   4.2949e-04   5.9669e+01   3.6792e-04   3.8376e-05   5.1116e+01   5.3316e+00
   4.9371e-01   1.3338e+01   0.0000e+00   4.5487e-04   5.4485e+01   3.8160e-04   3.9816e-05   4.5708e+01   4.7692e+00
   5.1318e-01   1.3357e+01   0.0000e+00   7.3228e-04   7.1900e+01   6.3504e-04   6.6312e-05   6.2353e+01   6.5110e+00
   5.1327e-01   1.3357e+01   0.0000e+00   7.3456e-04   7.2056e+01   5.2272e-04   5.4576e-05   5.1276e+01   5.3536e+00
   5.5097e-01   1.3395e+01   0.0000e+00   4.8753e-03   3.3616e+02   3.9816e-03   4.1544e-04   2.7454e+02   2.8645e+01
   5.6056e-01   1.3405e+01   0.0000e+00   8.2669e-03   5.2431e+02   7.7760e-03   8.1360e-04   4.9317e+02   5.1600e+01
   5.6322e-01   1.3407e+01   0.0000e+00   9.0112e-03   5.5865e+02   8.2080e-03   8.5680e-04   5.0885e+02   5.3117e+01
   5.6322e-01   1.3407e+01   0.0000e+00   9.0112e-03   5.5865e+02   8.1360e-03   8.4960e-04   5.0439e+02   5.2670e+01
   5.6322e-01   1.3407e+01   0.0000e+00   9.0112e-03   5.5865e+02   8.2800e-03   8.6400e-04   5.1331e+02   5.3563e+01
   5.6712e-01   1.3411e+01   0.0000e+00   9.4962e-03   5.6958e+02   9.5760e-03   1.0008e-03   5.7437e+02   6.0028e+01
   5.6712e-01   1.3411e+01   0.0000e+00   9.4962e-03   5.6958e+02   9.6480e-03   1.0080e-03   5.7869e+02   6.0460e+01
   5.6712e-01   1.3411e+01   0.0000e+00   9.4962e-03   5.6958e+02   9.0720e-03   9.4320e-04   5.4414e+02   5.6573e+01
   5.6996e-01   1.3414e+01   0.0000e+00   9.3196e-03   5.4577e+02   8.8560e-03   9.2160e-04   5.1862e+02   5.3970e+01
   5.7101e-01   1.3415e+01   0.0000e+00   9.1543e-03   5.3143e+02   9.8640e-03   1.0296e-03   5.7263e+02   5.9771e+01
   5.7101e-01   1.3415e+01   0.0000e+00   9.1543e-03   5.3143e+02   8.7120e-03   9.1440e-04   5.0575e+02   5.3083e+01
   5.7101e-01   1.3415e+01   0.0000e+00   9.1543e-03   5.3143e+02   9.2160e-03   9.6480e-04   5.3501e+02   5.6009e+01
   5.7965e-01   1.3424e+01   0.0000e+00   6.8083e-03   3.6806e+02   6.5448e-03   6.8328e-04   3.5381e+02   3.6938e+01
   5.8915e-01   1.3433e+01   0.0000e+00   4.5540e-03   2.2810e+02   4.1688e-03   4.3488e-04   2.0880e+02   2.1782e+01
   5.9864e-01   1.3443e+01   0.0000e+00   3.3421e-03   1.5539e+02   3.0528e-03   3.1824e-04   1.4194e+02   1.4797e+01
   6.0804e-01   1.3452e+01   0.0000e+00   2.8587e-03   1.2371e+02   2.6496e-03   2.7648e-04   1.1466e+02   1.1964e+01
   6.1298e-01   1.3457e+01   0.0000e+00   2.8607e-03   1.1930e+02   2.6496e-03   2.7648e-04   1.1049e+02   1.1530e+01
   6.1754e-01   1.3462e+01   0.0000e+00   3.0859e-03   1.2442e+02   2.9592e-03   3.0888e-04   1.1931e+02   1.2454e+01
   6.1897e-01   1.3463e+01   0.0000e+00   3.2237e-03   1.2862e+02   2.8224e-03   2.9448e-04   1.1261e+02   1.1749e+01
   6.2210e-01   1.3466e+01   0.0000e+00   3.7142e-03   1.4484e+02   3.5784e-03   3.7296e-04   1.3955e+02   1.4544e+01
   6.2333e-01   1.3467e+01   0.0000e+00   4.0122e-03   1.5507e+02   3.5496e-03   3.7080e-04   1.3719e+02   1.4331e+01
   6.2609e-01   1.3470e+01   0.0000e+00   5.0536e-03   1.9147e+02   4.5360e-03   4.7304e-04   1.7186e+02   1.7922e+01
   6.2628e-01   1.3470e+01   0.0000e+00   5.1531e-03   1.9497e+02   5.1768e-03   5.4144e-04   1.9587e+02   2.0486e+01
   6.2628e-01   1.3470e+01   0.0000e+00   5.1531e-03   1.9497e+02   4.8240e-03   5.0400e-04   1.8252e+02   1.9069e+01
   6.2846e-01   1.3472e+01   0.0000e+00   6.7278e-03   2.5060e+02   6.1848e-03   6.4584e-04   2.3037e+02   2.4056e+01
   6.2913e-01   1.3473e+01   0.0000e+00   7.4277e-03   2.7535e+02   6.7104e-03   7.0056e-04   2.4876e+02   2.5971e+01
   6.3027e-01   1.3474e+01   0.0000e+00   9.0035e-03   3.3107e+02   7.9200e-03   8.2800e-04   2.9123e+02   3.0447e+01
   6.3150e-01   1.3476e+01   0.0000e+00   1.1477e-02   4.1834e+02   1.0512e-02   1.1016e-03   3.8316e+02   4.0153e+01
   6.3245e-01   1.3476e+01   0.0000e+00   1.4132e-02   5.1167e+02   1.3032e-02   1.3608e-03   4.7183e+02   4.9268e+01
   6.3387e-01   1.3478e+01   0.0000e+00   1.9459e-02   6.9745e+02   1.8720e-02   1.9584e-03   6.7098e+02   7.0195e+01
   6.3397e-01   1.3478e+01   0.0000e+00   1.9854e-02   7.1116e+02   1.7712e-02   1.8504e-03   6.3442e+02   6.6279e+01
   6.3587e-01   1.3480e+01   0.0000e+00   2.7131e-02   9.5890e+02   2.9088e-02   3.0312e-03   1.0281e+03   1.0713e+02
   6.3596e-01   1.3480e+01   0.0000e+00   2.7409e-02   9.6807e+02   2.9304e-02   3.0528e-03   1.0350e+03   1.0782e+02
   6.3777e-01   1.3482e+01   0.0000e+00   3.0366e-02   1.0591e+03   3.5568e-02   3.7152e-03   1.2405e+03   1.2957e+02
   6.3843e-01   1.3482e+01   0.0000e+00   3.0368e-02   1.0542e+03   3.1752e-02   3.3120e-03   1.1023e+03   1.1498e+02
   6.3967e-01   1.3484e+01   0.0000e+00   2.8896e-02   9.9453e+02   3.2472e-02   3.3840e-03   1.1176e+03   1.1647e+02
   6.4033e-01   1.3484e+01   0.0000e+00   2.7305e-02   9.3546e+02   2.5704e-02   2.6784e-03   8.8061e+02   9.1761e+01
   6.4138e-01   1.3485e+01   0.0000e+00   2.3733e-02   8.0723e+02   2.4912e-02   2.5992e-03   8.4732e+02   8.8405e+01
   6.4328e-01   1.3487e+01   0.0000e+00   1.5558e-02   5.2227e+02   1.3608e-02   1.4184e-03   4.5681e+02   4.7615e+01
   6.4356e-01   1.3488e+01   0.0000e+00   1.4413e-02   4.8288e+02   1.3176e-02   1.3752e-03   4.4144e+02   4.6074e+01
   6.4536e-01   1.3489e+01   0.0000e+00   8.8254e-03   2.9204e+02   8.6400e-03   9.0000e-04   2.8590e+02   2.9782e+01
   6.4546e-01   1.3489e+01   0.0000e+00   8.6100e-03   2.8473e+02   8.9280e-03   9.3600e-04   2.9524e+02   3.0953e+01
   6.4736e-01   1.3491e+01   0.0000e+00   5.4908e-03   1.7923e+02   5.6304e-03   5.8824e-04   1.8379e+02   1.9202e+01
   6.4774e-01   1.3492e+01   0.0000e+00   5.0714e-03   1.6512e+02   4.0032e-03   4.1760e-04   1.3034e+02   1.3596e+01
   6.4992e-01   1.3494e+01   0.0000e+00   3.4135e-03   1.0950e+02   2.8728e-03   3.0024e-04   9.2156e+01   9.6314e+00
   6.5125e-01   1.3495e+01   0.0000e+00   2.8011e-03   8.9051e+01   3.0960e-03   3.2328e-04   9.8427e+01   1.0278e+01
   6.5239e-01   1.3496e+01   0.0000e+00   2.4147e-03   7.6180e+01   1.9800e-03   2.0664e-04   6.2466e+01   6.5191e+00
   6.5486e-01   1.3499e+01   0.0000e+00   1.8471e-03   5.7314e+01   1.9656e-03   2.0520e-04   6.0992e+01   6.3673e+00
   6.5543e-01   1.3499e+01   0.0000e+00   1.7515e-03   5.4141e+01   1.5552e-03   1.6200e-04   4.8074e+01   5.0077e+00
   6.5894e-01   1.3503e+01   0.0000e+00   1.3337e-03   4.0275e+01   1.4688e-03   1.5336e-04   4.4354e+01   4.6310e+00
   6.6065e-01   1.3505e+01   0.0000e+00   1.2008e-03   3.5853e+01   1.1304e-03   1.1808e-04   3.3751e+01   3.5256e+00
   6.6284e-01   1.3507e+01   0.0000e+00   1.0712e-03   3.1527e+01   1.2384e-03   1.2888e-04   3.6448e+01   3.7932e+00
   6.6445e-01   1.3508e+01   0.0000e+00   9.9629e-04   2.9014e+01   9.9360e-04   1.0368e-04   2.8936e+01   3.0194e+00
   6.6635e-01   1.3510e+01   0.0000e+00   9.2482e-04   2.6601e+01   1.1304e-03   1.1808e-04   3.2514e+01   3.3964e+00
   6.6892e-01   1.3513e+01   0.0000e+00   8.4995e-04   2.4044e+01   8.8560e-04   9.2160e-05   2.5053e+01   2.6071e+00
   6.7034e-01   1.3514e+01   0.0000e+00   8.1757e-04   2.2917e+01   1.0008e-03   1.0440e-04   2.8053e+01   2.9263e+00
   6.7423e-01   1.3518e+01   0.0000e+00   9.3204e-04   2.5481e+01   9.0000e-04   9.4320e-05   2.4605e+01   2.5786e+00
   6.7908e-01   1.3523e+01   0.0000e+00   8.5273e-04   2.2607e+01   8.8560e-04   9.2160e-05   2.3478e+01   2.4432e+00
   6.8401e-01   1.3528e+01   0.0000e+00   6.3634e-04   1.6355e+01   8.1360e-04   8.4960e-05   2.0911e+01   2.1836e+00
   6.8791e-01   1.3532e+01   0.0000e+00   6.1028e-04   1.5311e+01   8.3520e-04   8.7120e-05   2.0954e+01   2.1857e+00
   6.9180e-01   1.3536e+01   0.0000e+00   5.9375e-04   1.4543e+01   7.9920e-04   8.3520e-05   1.9576e+01   2.0458e+00
   6.9797e-01   1.3542e+01   0.0000e+00   5.8195e-04   1.3729e+01   7.9200e-04   8.2800e-05   1.8685e+01   1.9534e+00
   7.0291e-01   1.3547e+01   0.0000e+00   5.8485e-04   1.3395e+01   7.6320e-04   7.9920e-05   1.7479e+01   1.8304e+00
   7.0776e-01   1.3552e+01   0.0000e+00   5.9939e-04   1.3339e+01   7.2720e-04   7.6320e-05   1.6183e+01   1.6984e+00
   7.1279e-01   1.3557e+01   0.0000e+00   6.2832e-04   1.3576e+01   6.8112e-04   7.1136e-05   1.4716e+01   1.5370e+00
   7.1763e-01   1.3562e+01   0.0000e+00   6.6989e-04   1.4072e+01   6.3144e-04   6.5952e-05   1.3265e+01   1.3855e+00
   7.2219e-01   1.3566e+01   0.0000e+00   7.1823e-04   1.4698e+01   6.1776e-04   6.4512e-05   1.2642e+01   1.3202e+00
   7.2684e-01   1.3571e+01   0.0000e+00   7.6717e-04   1.5290e+01   5.7456e-04   5.9976e-05   1.1451e+01   1.1953e+00
   7.3169e-01   1.3576e+01   0.0000e+00   7.9904e-04   1.5497e+01   5.9616e-04   6.2208e-05   1.1562e+01   1.2065e+00
   7.3700e-01   1.3581e+01   0.0000e+00   7.8831e-04   1.4844e+01   6.6024e-04   6.8904e-05   1.2432e+01   1.2974e+00
   7.4232e-01   1.3586e+01   0.0000e+00   7.2811e-04   1.3315e+01   9.8640e-04   1.0296e-04   1.8039e+01   1.8829e+00
   7.4745e-01   1.3591e+01   0.0000e+00   6.5154e-04   1.1588e+01   7.1496e-04   7.4880e-05   1.2715e+01   1.3317e+00
   7.5201e-01   1.3596e+01   0.0000e+00   5.9334e-04   1.0297e+01   4.6872e-04   4.8960e-05   8.1343e+00   8.4966e-01
   7.5733e-01   1.3601e+01   0.0000e+00   5.4928e-04   9.2665e+00   4.2120e-04   4.3992e-05   7.1057e+00   7.4215e-01
   7.6245e-01   1.3606e+01   0.0000e+00   5.2895e-04   8.6859e+00   4.3272e-04   4.5144e-05   7.1058e+00   7.4132e-01


   2.1367e-01   1.3058e+01   0.0000e+00   7.5098e-06   2.4598e+02   7.5320e-06   1.0834e-07   2.4671e+02   3.5485e+00
   2.1367e-01   1.3058e+01   3.5000e+01   7.0282e-06   2.3021e+02   7.2844e-06   8.7701e-08   2.3860e+02   2.8726e+00
   2.1367e-01   1.3058e+01   5.3000e+01   6.5760e-06   2.1539e+02   6.5002e-06   1.0421e-07   2.1291e+02   3.4134e+00
   2.1367e-01   1.3058e+01   6.1000e+01   6.3898e-06   2.0930e+02   6.3248e-06   7.4185e-08   2.0717e+02   2.4299e+00
   2.1367e-01   1.3058e+01   6.5000e+01   6.3072e-06   2.0659e+02   6.2113e-06   8.7701e-08   2.0345e+02   2.8726e+00
   2.1367e-01   1.3058e+01   7.5000e+01   6.1438e-06   2.0124e+02   5.9327e-06   8.0892e-08   1.9432e+02   2.6496e+00
   2.1367e-01   1.3058e+01   9.0000e+01   6.0457e-06   1.9803e+02   5.9534e-06   9.4408e-08   1.9500e+02   3.0923e+00
   2.1367e-01   1.3058e+01   1.0500e+02   6.1438e-06   2.0124e+02   6.0462e-06   8.0892e-08   1.9804e+02   2.6496e+00
   2.1367e-01   1.3058e+01   1.1500e+02   6.3072e-06   2.0659e+02   6.2010e-06   9.1003e-08   2.0311e+02   2.9808e+00
   2.1367e-01   1.3058e+01   1.2600e+02   6.5515e-06   2.1459e+02   6.7169e-06   6.4074e-08   2.2001e+02   2.0987e+00
   2.1367e-01   1.3058e+01   1.4000e+02   6.9049e-06   2.2617e+02   7.1606e-06   1.0122e-07   2.3454e+02   3.3154e+00


   4.5962e-01   1.3304e+01   0.0000e+00   2.8872e-03   5.0573e+02   2.8983e-03   2.0164e-05   5.0767e+02   3.5320e+00
   4.5962e-01   1.3304e+01   3.0000e+01   2.8861e-03   5.0555e+02   2.9111e-03   1.6139e-05   5.0992e+02   2.8271e+00
   4.5962e-01   1.3304e+01   6.0000e+01   2.8841e-03   5.0520e+02   2.8940e-03   1.8152e-05   5.0692e+02   3.1795e+00
   4.5962e-01   1.3304e+01   9.0000e+01   2.8831e-03   5.0502e+02   2.9239e-03   1.5112e-05   5.1217e+02   2.6471e+00


   3.2306e-01   1.3167e+01   3.0000e+01   4.9439e-03   7.2485e+03   4.9612e-03   6.0239e-05   7.2738e+03   8.8319e+01
   3.2306e-01   1.3167e+01   6.0000e+01   4.9444e-03   7.2493e+03   4.9122e-03   6.2247e-05   7.2020e+03   9.1263e+01
   3.2306e-01   1.3167e+01   7.5000e+01   4.9446e-03   7.2496e+03   4.8569e-03   5.9211e-05   7.1208e+03   8.6812e+01
   3.2306e-01   1.3167e+01   9.0000e+01   4.9447e-03   7.2497e+03   4.9122e-03   7.6303e-05   7.2020e+03   1.1187e+02
   3.2306e-01   1.3167e+01   1.2000e+02   4.9444e-03   7.2493e+03   4.9514e-03   7.7283e-05   7.2594e+03   1.1331e+02
   3.2306e-01   1.3167e+01   1.5000e+02   4.9439e-03   7.2485e+03   5.0003e-03   6.5235e-05   7.3312e+03   9.5644e+01


   7.2361e-02   1.2916e+01   0.0000e+00   9.3484e-13   7.8693e+00   1.0250e-12   5.9760e-13   8.6282e+00   5.0305e+00
   8.9645e-02   1.2934e+01   0.0000e+00   1.4157e-11   5.5046e+00   1.2020e-11   2.4710e-12   4.6739e+00   9.6083e-01
   9.3823e-02   1.2938e+01   0.0000e+00   2.4484e-11   5.1742e+00   1.9330e-11   1.9620e-12   4.0850e+00   4.1463e-01
   1.0816e-01   1.2952e+01   0.0000e+00   1.2843e-10   4.4409e+00   9.7500e-11   9.3000e-12   3.3715e+00   3.2158e-01
   1.1718e-01   1.2961e+01   0.0000e+00   3.1772e-10   4.2066e+00   2.9750e-10   2.5250e-11   3.9389e+00   3.3431e-01
   1.1756e-01   1.2962e+01   0.0000e+00   3.2946e-10   4.1998e+00   3.1850e-10   2.8390e-11   4.0601e+00   3.6190e-01
   1.2677e-01   1.2971e+01   0.0000e+00   7.6364e-10   4.0984e+00   8.7390e-10   8.8440e-11   4.6901e+00   4.7465e-01
   1.3618e-01   1.2980e+01   0.0000e+00   1.6858e-09   4.1135e+00   1.7750e-09   1.6300e-10   4.3312e+00   3.9774e-01
   1.4548e-01   1.2989e+01   0.0000e+00   3.5070e-09   4.2432e+00   4.9590e-09   5.0190e-10   6.0000e+00   6.0725e-01
   1.5555e-01   1.3000e+01   0.0000e+00   7.4189e-09   4.5269e+00   9.0870e-09   9.1090e-10   5.5448e+00   5.5582e-01
   1.6466e-01   1.3009e+01   0.0000e+00   1.4258e-08   4.9535e+00   2.0180e-08   1.5580e-09   7.0109e+00   5.4128e-01
   1.7454e-01   1.3019e+01   0.0000e+00   2.8734e-08   5.7135e+00   3.7390e-08   2.9430e-09   7.4347e+00   5.8520e-01
   1.8385e-01   1.3028e+01   0.0000e+00   5.7342e-08   7.0364e+00   7.8400e-08   6.1520e-09   9.6203e+00   7.5490e-01
   1.9429e-01   1.3038e+01   0.0000e+00   1.4707e-07   1.0962e+01   1.8980e-07   1.4540e-08   1.4147e+01   1.0838e+00
   1.9448e-01   1.3038e+01   0.0000e+00   1.5016e-07   1.1096e+01   1.8090e-07   1.4110e-08   1.3367e+01   1.0426e+00
   2.5099e-01   1.3095e+01   0.0000e+00   3.3779e-06   3.0254e+01   3.1660e-06   2.4290e-07   2.8356e+01   2.1755e+00
   2.5241e-01   1.3096e+01   0.0000e+00   3.6335e-06   3.1159e+01   3.3760e-06   2.5290e-07   2.8950e+01   2.1687e+00
   2.6153e-01   1.3106e+01   0.0000e+00   6.0115e-06   3.9375e+01   5.7700e-06   4.2740e-07   3.7793e+01   2.7994e+00
   2.7036e-01   1.3114e+01   0.0000e+00   1.0339e-05   5.2878e+01   1.0520e-05   7.7990e-07   5.3806e+01   3.9889e+00
   2.8261e-01   1.3127e+01   0.0000e+00   2.4251e-05   8.9810e+01   2.1210e-05   1.5690e-06   7.8548e+01   5.8106e+00
   3.0084e-01   1.3145e+01   0.0000e+00   1.2640e-04   3.0091e+02   1.5050e-04   1.1140e-05   3.5829e+02   2.6521e+01
   3.0103e-01   1.3145e+01   0.0000e+00   1.2914e-04   3.0610e+02   1.2830e-04   9.7180e-06   3.0410e+02   2.3034e+01


