segment_key_#, file_name, low_angle_bound, high_angle_bound, aframe, low_energy_bound, high_energy_bound, eframe, norm, shift
Lab,0.0000e+00,1.0000e+01,Lab,1.0000e+00,0
Lab,0.0000e+00,1.0000e+01,Lab,1.0000e+00,0
3,data/Spyrou_pag_tot_1.dat,0.0000e+00,1.8000e+02,Lab,0.0000e+00,1.0000e+01,Lab,1.2131e+00,0
Lab,2.5600e-01,1.0000e+01,Lab,1.0000e+00,0
Lab,2.5600e-01,1.0000e+01,Lab,1.0000e+00,0
6,data/Spyrou_pag_tot_2.dat,0.0000e+00,1.8000e+02,Lab,2.5600e-01,1.0000e+01,Lab,1.5906e+00,0
CM,4.8400e-01,4.8400e-01,CM,1.0000e+00,0
CM,4.8400e-01,4.8400e-01,CM,1.0000e+00,0
15,data/Devons_pag_ang_dists.dat,0.0000e+00,1.8000e+02,CM,4.8400e-01,4.8400e-01,CM,3.9023e-03,0
CM,5.9400e-01,5.9400e-01,CM,1.0000e+00,0
CM,5.9400e-01,5.9400e-01,CM,1.0000e+00,0
18,data/Devons_pag_ang_dists.dat,0.0000e+00,1.8000e+02,CM,5.9400e-01,5.9400e-01,CM,7.7355e-04,0
CM,6.6800e-01,6.6800e-01,CM,1.0000e+00,0
CM,6.6800e-01,6.6800e-01,CM,1.0000e+00,0
21,data/Devons_pag_ang_dists.dat,0.0000e+00,1.8000e+02,CM,6.6800e-01,6.6800e-01,CM,4.4110e-03,0
CM,0.0000e+00,9.2000e-01,CM,1.0000e+00,0
CM,0.0000e+00,9.2000e-01,CM,1.0000e+00,0
24,data/LWthesis_pa2.dat,4.5000e+01,4.5000e+01,CM,0.0000e+00,8.0000e-01,CM,1.5634e+00,0
25,data/LWthesis_pa3.dat,4.5000e+01,4.5000e+01,CM,0.0000e+00,8.0000e-01,CM,2.8022e+00,0
26,data/LWthesis_pa4.dat,4.5000e+01,4.5000e+01,CM,0.0000e+00,8.0000e-01,CM,2.2346e+00,0
27,data/Hammer_pa2_setA3.dat,0.0000e+00,1.8000e+02,CM,0.0000e+00,6.9000e-01,CM,1.4201e+00,0
Lab,2.0000e-01,9.0000e-01,Lab,7.2000e-03,0
Lab,2.0000e-01,9.0000e-01,Lab,2.0000e-03,0
Lab,0.0000e+00,1.0000e+01,Lab,7.2000e-03,0
Lab,0.0000e+00,1.0000e+01,Lab,7.2000e-03,0
42,data/Dieumegard_pa0.dat,9.0000e+01,9.0000e+01,Lab,7.0000e-01,8.7000e-01,Lab,3.6228e+00,0
43,data/Dieumegard_pa0.dat,1.5000e+02,1.5000e+02,Lab,7.1000e-01,8.6000e-01,Lab,3.0944e+00,0
44,data/Dieumegard_pa0.dat,1.6500e+02,1.6500e+02,Lab,7.0000e-01,8.6000e-01,Lab,2.6202e+00,0
45,data/LWthesis_pa0.dat,9.0000e+01,9.0000e+01,Lab,0.0000e+00,8.7000e-01,Lab,4.3691e+00,0
46,data/LWthesis_pa0.dat,1.3500e+02,1.3500e+02,Lab,0.0000e+00,8.5800e-01,Lab,5.8599e+00,0
47,data/Lombardo_pa0.dat,1.4000e+02,1.4000e+02,Lab,0.0000e+00,1.0000e+01,Lab,2.9433e+00,0
48,data/Lombardo_pa0.dat,1.5500e+02,1.5500e+02,Lab,0.0000e+00,8.6000e-01,Lab,2.9183e+00,0
55,data/Lombardo_pa0_CM_ang_dists.dat,0.0000e+00,1.8000e+02,CM,3.2700e-01,3.2700e-01,CM,1.1888e+00,0
56,data/McLean_pa0_CM_ang_dists.dat,0.0000e+00,1.8000e+02,CM,3.3000e-01,3.3000e-01,CM,1.5665e-06,0
57,data/Breuer_pa0_CM_ang_dists.dat,0.0000e+00,1.8000e+02,CM,3.3000e-01,3.3000e-01,CM,1.2341e-06,0
58,data/LWthesis_pa0_CM_ang_dists.dat,0.0000e+00,1.8000e+02,CM,3.5000e-01,3.5000e-01,CM,1.5564e-06,0
59,data/McLean_pa0_CM_ang_dists.dat,0.0000e+00,1.8000e+02,CM,3.7500e-01,3.7500e-01,CM,3.9605e-06,0
60,data/Lombardo_pa0_CM_ang_dists.dat,0.0000e+00,1.8000e+02,CM,3.8700e-01,3.8700e-01,CM,2.3429e+00,0
61,data/Breuer_pa0_CM_ang_dists.dat,0.0000e+00,1.8000e+02,CM,3.9500e-01,3.9500e-01,CM,4.1107e-06,0
62,data/McLean_pa0_CM_ang_dists.dat,0.0000e+00,1.8000e+02,CM,4.3500e-01,4.3500e-01,CM,9.9599e-06,0
63,data/Breuer_pa0_CM_ang_dists.dat,0.0000e+00,1.8000e+02,CM,4.3500e-01,4.3500e-01,CM,6.8694e-06,0
64,data/LWthesis_pa0_CM_ang_dists.dat,0.0000e+00,1.8000e+02,CM,4.5000e-01,4.5000e-01,CM,2.8584e-06,0
65,data/Breuer_pa0_CM_ang_dists.dat,0.0000e+00,1.8000e+02,CM,4.8500e-01,4.8500e-01,CM,1.1444e-05,0
66,data/Lombardo_pa0_CM_ang_dists.dat,0.0000e+00,1.8000e+02,CM,4.8600e-01,4.8600e-01,CM,2.4760e+00,0
67,data/LWthesis_pa0_CM_ang_dists.dat,0.0000e+00,1.8000e+02,CM,5.5000e-01,5.5000e-01,CM,1.1191e-05,0
68,data/Breuer_pa0_CM_ang_dists.dat,0.0000e+00,1.8000e+02,CM,5.5000e-01,5.5000e-01,CM,2.1660e-05,0
69,data/Breuer_pa0_CM_ang_dists.dat,0.0000e+00,1.8000e+02,CM,6.0000e-01,6.0000e-01,CM,5.8507e-05,0
70,data/Lombardo_pa0_CM_ang_dists.dat,0.0000e+00,1.8000e+02,CM,6.1600e-01,6.1600e-01,CM,2.6459e+00,0
71,data/Breuer_pa0_CM_ang_dists.dat,0.0000e+00,1.8000e+02,CM,6.4000e-01,6.4000e-01,CM,1.1707e-04,0
72,data/Lombardo_pa0_CM_ang_dists.dat,0.0000e+00,1.8000e+02,CM,6.4800e-01,6.4800e-01,CM,2.5616e+00,0
73,data/LWthesis_pa0_CM_ang_dists.dat,0.0000e+00,1.8000e+02,CM,6.5000e-01,6.5000e-01,CM,3.5989e-05,0
74,data/Breuer_pa0_CM_ang_dists.dat,0.0000e+00,1.8000e+02,CM,6.7600e-01,6.7600e-01,CM,1.3829e-04,0
75,data/Breuer_pa0_CM_ang_dists.dat,0.0000e+00,1.8000e+02,CM,7.2000e-01,7.2000e-01,CM,1.1655e-03,0
76,data/Isoya_pa0_ang_dists.dat,0.0000e+00,1.8000e+02,CM,7.2900e-01,7.2900e-01,CM,2.1440e-04,0
77,data/Lombardo_pa0_CM_ang_dists.dat,0.0000e+00,1.8000e+02,CM,7.4900e-01,7.4900e-01,CM,2.7228e+00,0
78,data/Isoya_pa0_ang_dists.dat,0.0000e+00,1.8000e+02,CM,7.8400e-01,7.8400e-01,CM,2.4935e-04,0
79,data/Isoya_pa0_ang_dists.dat,0.0000e+00,1.8000e+02,CM,8.3100e-01,8.3100e-01,CM,2.1963e-04,0
80,data/Caracciolo_pa0_ang_dists.dat,0.0000e+00,1.8000e+02,CM,8.3500e-01,8.3500e-01,CM,2.5177e+00,0
81,data/Caracciolo_pa0_ang_dists.dat,0.0000e+00,1.8000e+02,CM,8.4500e-01,8.4500e-01,CM,2.1560e+00,0
82,data/Caracciolo_pa0_ang_dists.dat,0.0000e+00,1.8000e+02,CM,8.5500e-01,8.5500e-01,CM,2.0000e+00,0
83,data/Isoya_pa0_ang_dists.dat,0.0000e+00,1.8000e+02,CM,8.6400e-01,8.6400e-01,CM,2.3542e-04,0
84,data/Caracciolo_pa0_ang_dists.dat,0.0000e+00,1.8000e+02,CM,8.6500e-01,8.6500e-01,CM,2.2332e+00,0
85,data/Isoya_pa0.dat,9.0000e+01,9.0000e+01,Lab,0.0000e+00,8.6000e-01,Lab,1.3281e+00,0
86,data/Dieumegard_pa0_inset.dat,9.0000e+01,9.0000e+01,Lab,0.0000e+00,8.6000e-01,Lab,3.4816e+00,0
Lab,0.0000e+00,8.6800e-01,Lab,5.0000e-01,0
Lab,0.0000e+00,1.0000e+01,Lab,1.0000e+00,0
CM,0.0000e+00,9.2000e-01,CM,1.0000e+00,0
CM,0.0000e+00,9.2000e-01,CM,1.0000e+00,0
CM,0.0000e+00,9.2000e-01,CM,1.0000e+00,0
92,data/Leszthelyi_pag2.dat,0.0000e+00,1.8000e+02,CM,2.2500e-01,2.2500e-01,CM,1.0318e-08,0
93,data/Caracciolo_pa1_ang_dists.dat,0.0000e+00,1.8000e+02,CM,8.3500e-01,8.3500e-01,CM,1.1375e+00,0
94,data/Caracciolo_pa1_ang_dists.dat,0.0000e+00,1.8000e+02,CM,8.4500e-01,8.4500e-01,CM,9.2818e-01,0
95,data/Caracciolo_pa1_ang_dists.dat,0.0000e+00,1.8000e+02,CM,8.5500e-01,8.5500e-01,CM,1.1083e+00,0
96,data/Caracciolo_pa1_ang_dists.dat,0.0000e+00,1.8000e+02,CM,8.6500e-01,8.6500e-01,CM,1.4873e+00,0
130,data/Berkes_6.13.dat,0.0000e+00,1.8000e+02,CM,4.8400e-01,4.8400e-01,CM,4.2810e-06,0
131,data/Berkes_7.12.dat,0.0000e+00,1.8000e+02,CM,4.8400e-01,4.8400e-01,CM,1.1300e-06,0
132,data/Croft_6.13.dat,1.0000e+00,1.8000e+02,CM,3.4020e-01,3.4020e-01,CM,4.8975e-03,0
133,data/Croft_7.12.dat,0.0000e+00,1.8000e+02,CM,3.4020e-01,3.4020e-01,CM,1.4141e-04,0
134,data/Indelicato_pa0_ang_dists.dat,0.0000e+00,1.8000e+02,CM,1.1900e-01,1.1900e-01,CM,4.2430e-10,0
135,data/Indelicato_pa0_ang_dists.dat,0.0000e+00,1.8000e+02,CM,2.6400e-01,2.6400e-01,CM,5.6906e-05,0
136,data/Indelicato_pa0_ang_dists.dat,0.0000e+00,1.8000e+02,CM,3.9800e-01,3.9800e-01,CM,2.1000e-02,0
137,data/Indelicato_pa0_ang_dists.dat,0.0000e+00,1.8000e+02,CM,7.7700e-01,7.7700e-01,CM,2.4334e+01,0
138,data/Indelicato_pa0_ang_dists.dat,0.0000e+00,1.8000e+02,CM,8.3600e-01,8.3600e-01,CM,1.3839e+03,0
Lab,0.0000e+00,1.0000e+01,Lab,1.0000e+00,0
Lab,0.0000e+00,1.0000e+01,Lab,1.0000e+00,0
Lab,0.0000e+00,1.0000e+01,Lab,1.0000e+00,0
Lab,0.0000e+00,1.0000e+01,Lab,1.0000e+00,0
143,data/China_pa0_target_ang_dists.dat,0.0000e+00,1.8000e+02,CM,1.4930e-01,1.4930e-01,CM,7.1684e-01,0
144,data/China_pa0_target_ang_dists.dat,0.0000e+00,1.8000e+02,CM,1.5910e-01,1.5910e-01,CM,1.1181e+00,0
145,data/China_pa0_target_ang_dists.dat,0.0000e+00,1.8000e+02,CM,1.6370e-01,1.6370e-01,CM,1.0049e+00,0
146,data/China_pa0_target_ang_dists.dat,0.0000e+00,1.8000e+02,CM,1.6760e-01,1.6760e-01,CM,1.8053e+00,0
147,data/China_pa0_target_ang_dists.dat,0.0000e+00,1.8000e+02,CM,1.8770e-01,1.8770e-01,CM,1.1986e+00,0
148,data/China_pa0_target_ang_dists.dat,0.0000e+00,1.8000e+02,CM,2.0580e-01,2.0580e-01,CM,1.5281e+00,0
150,data/China_pa0_target_ang_dists.dat,0.0000e+00,1.8000e+02,CM,2.4950e-01,2.4950e-01,CM,1.5894e+00,0
